{"numFailedTestSuites":12,"numFailedTests":13,"numPassedTestSuites":155,"numPassedTests":381,"numPendingTestSuites":1,"numPendingTests":1,"numRuntimeErrorTestSuites":1,"numTodoTests":0,"numTotalTestSuites":168,"numTotalTests":395,"openHandles":[],"snapshot":{"added":0,"didUpdate":false,"failure":false,"filesAdded":0,"filesRemoved":0,"filesRemovedList":[],"filesUnmatched":0,"filesUpdated":0,"matched":1,"total":1,"unchecked":0,"uncheckedKeysByFile":[],"unmatched":0,"updated":0},"startTime":1775085732405,"success":false,"testResults":[{"assertionResults":[],"coverage":{},"endTime":1775085756617,"message":"  \u001b[1m● \u001b[22mTest suite failed to run\n\n    Cannot find module '@playwright/test' from '__tests__/e2e/job-post.test.ts'\n\n    \u001b[0m\u001b[31m\u001b[1m>\u001b[22m\u001b[39m\u001b[90m 1 |\u001b[39m \u001b[36mimport\u001b[39m { test\u001b[33m,\u001b[39m expect } \u001b[36mfrom\u001b[39m \u001b[32m'@playwright/test'\u001b[39m\u001b[33m;\u001b[39m\n     \u001b[90m   |\u001b[39m \u001b[31m\u001b[1m^\u001b[22m\u001b[39m\n     \u001b[90m 2 |\u001b[39m\n     \u001b[90m 3 |\u001b[39m test\u001b[33m.\u001b[39mdescribe(\u001b[32m'Job Post E2E Test'\u001b[39m\u001b[33m,\u001b[39m () \u001b[33m=>\u001b[39m {\n     \u001b[90m 4 |\u001b[39m   test(\u001b[32m'should allow a user to post a job successfully'\u001b[39m\u001b[33m,\u001b[39m \u001b[36masync\u001b[39m ({ page }) \u001b[33m=>\u001b[39m {\u001b[0m\n\n      \u001b[2mat Resolver._throwModNotFoundError (\u001b[22mnode_modules/jest-expo/node_modules/jest-resolve/build/resolver.js\u001b[2m:427:11)\u001b[22m\n      \u001b[2mat Object.require (\u001b[22m\u001b[0m\u001b[36m__tests__/e2e/job-post.test.ts\u001b[39m\u001b[0m\u001b[2m:1:1)\u001b[22m\n","name":"D:\\MyProjectsUAI\\weejobs\\__tests__\\e2e\\job-post.test.ts","startTime":1775085756617,"status":"failed","summary":""},{"assertionResults":[{"ancestorTitles":["TradieProfileScreen render"],"duration":307,"failureDetails":[],"failureMessages":[],"fullName":"TradieProfileScreen render renders profile header and user name","invocations":1,"location":null,"numPassingAsserts":2,"retryReasons":[],"status":"passed","title":"renders profile header and user name"}],"endTime":1775085740271,"message":"","name":"D:\\MyProjectsUAI\\weejobs\\__tests__\\tradie.profile.render.test.tsx","startTime":1775085734585,"status":"passed","summary":""},{"assertionResults":[{"ancestorTitles":["LoginScreen sign-up validation"],"duration":728,"failureDetails":[],"failureMessages":[],"fullName":"LoginScreen sign-up validation shows error when name is missing","invocations":1,"location":null,"numPassingAsserts":1,"retryReasons":[],"status":"passed","title":"shows error when name is missing"},{"ancestorTitles":["LoginScreen sign-up validation"],"duration":109,"failureDetails":[],"failureMessages":[],"fullName":"LoginScreen sign-up validation shows error when email is missing on signup","invocations":1,"location":null,"numPassingAsserts":1,"retryReasons":[],"status":"passed","title":"shows error when email is missing on signup"},{"ancestorTitles":["LoginScreen sign-up validation"],"duration":40,"failureDetails":[],"failureMessages":[],"fullName":"LoginScreen sign-up validation shows error for invalid email format on signup","invocations":1,"location":null,"numPassingAsserts":1,"retryReasons":[],"status":"passed","title":"shows error for invalid email format on signup"},{"ancestorTitles":["LoginScreen sign-up validation"],"duration":126,"failureDetails":[],"failureMessages":[],"fullName":"LoginScreen sign-up validation shows error when password missing on signup","invocations":1,"location":null,"numPassingAsserts":1,"retryReasons":[],"status":"passed","title":"shows error when password missing on signup"},{"ancestorTitles":["LoginScreen sign-up validation"],"duration":121,"failureDetails":[],"failureMessages":[],"fullName":"LoginScreen sign-up validation shows password length and mismatch errors","invocations":1,"location":null,"numPassingAsserts":2,"retryReasons":[],"status":"passed","title":"shows password length and mismatch errors"},{"ancestorTitles":["LoginScreen sign-up validation"],"duration":132,"failureDetails":[],"failureMessages":[],"fullName":"LoginScreen sign-up validation successful signup navigates to tradie route","invocations":1,"location":null,"numPassingAsserts":1,"retryReasons":[],"status":"passed","title":"successful signup navigates to tradie route"}],"endTime":1775085740643,"message":"","name":"D:\\MyProjectsUAI\\weejobs\\__tests__\\onboarding.signup.validation.test.tsx","startTime":1775085734755,"status":"passed","summary":""},{"assertionResults":[{"ancestorTitles":["Smoke: LoginScreen"],"duration":183,"failureDetails":[],"failureMessages":[],"fullName":"Smoke: LoginScreen signs in and navigates to customer route","invocations":1,"location":null,"numPassingAsserts":1,"retryReasons":[],"status":"passed","title":"signs in and navigates to customer route"}],"endTime":1775085740918,"message":"","name":"D:\\MyProjectsUAI\\weejobs\\__tests__\\smoke.login.test.tsx","startTime":1775085734745,"status":"passed","summary":""},{"assertionResults":[{"ancestorTitles":["JobTrackingScreen render"],"duration":805,"failureDetails":[],"failureMessages":[],"fullName":"JobTrackingScreen render renders header, map preview and ETA for on_the_way","invocations":1,"location":null,"numPassingAsserts":3,"retryReasons":[],"status":"passed","title":"renders header, map preview and ETA for on_the_way"}],"endTime":1775085741114,"message":"","name":"D:\\MyProjectsUAI\\weejobs\\__tests__\\job.tracking.render.test.tsx","startTime":1775085734737,"status":"passed","summary":""},{"assertionResults":[{"ancestorTitles":["app/index module load"],"duration":1874,"failureDetails":[{}],"failureMessages":["TypeError: Super expression must either be null or a function\n    at _inherits (D:\\MyProjectsUAI\\weejobs\\node_modules\\@babel\\runtime\\helpers\\inherits.js:3:51)\n    at D:\\MyProjectsUAI\\weejobs\\node_modules\\expo-file-system\\src\\FileSystem.ts:93:4\n    at Object.<anonymous> (D:\\MyProjectsUAI\\weejobs\\node_modules\\expo-file-system\\src\\FileSystem.ts:136:4)\n    at Runtime._execModule (D:\\MyProjectsUAI\\weejobs\\node_modules\\jest-expo\\node_modules\\jest-runtime\\build\\index.js:1439:24)\n    at Runtime._loadModule (D:\\MyProjectsUAI\\weejobs\\node_modules\\jest-expo\\node_modules\\jest-runtime\\build\\index.js:1022:12)\n    at Runtime.requireModule (D:\\MyProjectsUAI\\weejobs\\node_modules\\jest-expo\\node_modules\\jest-runtime\\build\\index.js:882:12)\n    at Runtime.requireModuleOrMock (D:\\MyProjectsUAI\\weejobs\\node_modules\\jest-expo\\node_modules\\jest-runtime\\build\\index.js:1048:21)\n    at Object.require (D:\\MyProjectsUAI\\weejobs\\node_modules\\expo-file-system\\src\\index.ts:1:1)\n    at Runtime._execModule (D:\\MyProjectsUAI\\weejobs\\node_modules\\jest-expo\\node_modules\\jest-runtime\\build\\index.js:1439:24)\n    at Runtime._loadModule (D:\\MyProjectsUAI\\weejobs\\node_modules\\jest-expo\\node_modules\\jest-runtime\\build\\index.js:1022:12)\n    at Runtime.requireModule (D:\\MyProjectsUAI\\weejobs\\node_modules\\jest-expo\\node_modules\\jest-runtime\\build\\index.js:882:12)\n    at Runtime.requireModuleOrMock (D:\\MyProjectsUAI\\weejobs\\node_modules\\jest-expo\\node_modules\\jest-runtime\\build\\index.js:1048:21)\n    at Object.require (D:\\MyProjectsUAI\\weejobs\\app\\index.tsx:33:16)\n    at Runtime._execModule (D:\\MyProjectsUAI\\weejobs\\node_modules\\jest-expo\\node_modules\\jest-runtime\\build\\index.js:1439:24)\n    at Runtime._loadModule (D:\\MyProjectsUAI\\weejobs\\node_modules\\jest-expo\\node_modules\\jest-runtime\\build\\index.js:1022:12)\n    at Runtime.requireModule (D:\\MyProjectsUAI\\weejobs\\node_modules\\jest-expo\\node_modules\\jest-runtime\\build\\index.js:882:12)\n    at Runtime.requireModuleOrMock (D:\\MyProjectsUAI\\weejobs\\node_modules\\jest-expo\\node_modules\\jest-runtime\\build\\index.js:1048:21)\n    at Object.require (D:\\MyProjectsUAI\\weejobs\\__tests__\\app.index.load.test.tsx:8:17)\n    at Promise.then.completed (D:\\MyProjectsUAI\\weejobs\\node_modules\\jest-expo\\node_modules\\jest-circus\\build\\utils.js:298:28)\n    at new Promise (<anonymous>)\n    at callAsyncCircusFn (D:\\MyProjectsUAI\\weejobs\\node_modules\\jest-expo\\node_modules\\jest-circus\\build\\utils.js:231:10)\n    at _callCircusTest (D:\\MyProjectsUAI\\weejobs\\node_modules\\jest-expo\\node_modules\\jest-circus\\build\\run.js:316:40)\n    at processTicksAndRejections (node:internal/process/task_queues:104:5)\n    at _runTest (D:\\MyProjectsUAI\\weejobs\\node_modules\\jest-expo\\node_modules\\jest-circus\\build\\run.js:252:3)\n    at _runTestsForDescribeBlock (D:\\MyProjectsUAI\\weejobs\\node_modules\\jest-expo\\node_modules\\jest-circus\\build\\run.js:126:9)\n    at _runTestsForDescribeBlock (D:\\MyProjectsUAI\\weejobs\\node_modules\\jest-expo\\node_modules\\jest-circus\\build\\run.js:121:9)\n    at run (D:\\MyProjectsUAI\\weejobs\\node_modules\\jest-expo\\node_modules\\jest-circus\\build\\run.js:71:3)\n    at runAndTransformResultsToJestFormat (D:\\MyProjectsUAI\\weejobs\\node_modules\\jest-expo\\node_modules\\jest-circus\\build\\legacy-code-todo-rewrite\\jestAdapterInit.js:122:21)\n    at jestAdapter (D:\\MyProjectsUAI\\weejobs\\node_modules\\jest-expo\\node_modules\\jest-circus\\build\\legacy-code-todo-rewrite\\jestAdapter.js:79:19)\n    at runTestInternal (D:\\MyProjectsUAI\\weejobs\\node_modules\\jest-expo\\node_modules\\jest-runner\\build\\runTest.js:367:16)\n    at runTest (D:\\MyProjectsUAI\\weejobs\\node_modules\\jest-expo\\node_modules\\jest-runner\\build\\runTest.js:444:34)\n    at Object.worker (D:\\MyProjectsUAI\\weejobs\\node_modules\\jest-expo\\node_modules\\jest-runner\\build\\testWorker.js:106:12)"],"fullName":"app/index module load requires without throwing","invocations":1,"location":null,"numPassingAsserts":0,"retryReasons":[],"status":"failed","title":"requires without throwing"}],"endTime":1775085741556,"message":"\u001b[1m\u001b[31m  \u001b[1m● \u001b[22m\u001b[1mapp/index module load › requires without throwing\u001b[39m\u001b[22m\n\n    TypeError: Super expression must either be null or a function\n\u001b[2m\u001b[22m\n\u001b[2m    \u001b[0m \u001b[90m 31 |\u001b[39m   console\u001b[33m.\u001b[39mlog(\u001b[32m'[app] expo-file-system/legacy not available, falling back to expo-file-system'\u001b[39m)\u001b[33m;\u001b[39m\u001b[22m\n\u001b[2m     \u001b[90m 32 |\u001b[39m   \u001b[90m// eslint-disable-next-line global-require\u001b[39m\u001b[22m\n\u001b[2m    \u001b[31m\u001b[1m>\u001b[22m\u001b[2m\u001b[39m\u001b[90m 33 |\u001b[39m   \u001b[33mFileSystem\u001b[39m \u001b[33m=\u001b[39m require(\u001b[32m'expo-file-system'\u001b[39m)\u001b[33m;\u001b[39m\u001b[22m\n\u001b[2m     \u001b[90m    |\u001b[39m                \u001b[31m\u001b[1m^\u001b[22m\u001b[2m\u001b[39m\u001b[22m\n\u001b[2m     \u001b[90m 34 |\u001b[39m }\u001b[22m\n\u001b[2m     \u001b[90m 35 |\u001b[39m \u001b[90m// Very early, hard-to-strip markers: use console.error and attempt a quick write\u001b[39m\u001b[22m\n\u001b[2m     \u001b[90m 36 |\u001b[39m \u001b[36mtry\u001b[39m {\u001b[0m\u001b[22m\n\u001b[2m\u001b[22m\n\u001b[2m      \u001b[2mat _inherits (\u001b[22m\u001b[2mnode_modules/@babel/runtime/helpers/inherits.js\u001b[2m:3:51)\u001b[22m\u001b[2m\u001b[22m\n\u001b[2m      \u001b[2mat \u001b[22m\u001b[2mnode_modules/expo-file-system/src/FileSystem.ts\u001b[2m:93:4\u001b[22m\u001b[2m\u001b[22m\n\u001b[2m      \u001b[2mat Object.<anonymous> (\u001b[22m\u001b[2mnode_modules/expo-file-system/src/FileSystem.ts\u001b[2m:136:4)\u001b[22m\u001b[2m\u001b[22m\n\u001b[2m      \u001b[2mat Object.require (\u001b[22m\u001b[2mnode_modules/expo-file-system/src/index.ts\u001b[2m:1:1)\u001b[22m\u001b[2m\u001b[22m\n\u001b[2m      \u001b[2mat Object.require (\u001b[22m\u001b[2mapp/index.tsx\u001b[2m:33:16)\u001b[22m\u001b[2m\u001b[22m\n\u001b[2m      \u001b[2mat Object.require (\u001b[22m\u001b[2m\u001b[0m\u001b[36m__tests__/app.index.load.test.tsx\u001b[39m\u001b[0m\u001b[2m:8:17)\u001b[22m\u001b[2m\u001b[22m\n","name":"D:\\MyProjectsUAI\\weejobs\\__tests__\\app.index.load.test.tsx","startTime":1775085734603,"status":"failed","summary":""},{"assertionResults":[{"ancestorTitles":["SplashScreen routing"],"duration":1697,"failureDetails":[{}],"failureMessages":["TypeError: Super expression must either be null or a function\n    at _inherits (D:\\MyProjectsUAI\\weejobs\\node_modules\\@babel\\runtime\\helpers\\inherits.js:3:51)\n    at D:\\MyProjectsUAI\\weejobs\\node_modules\\expo-file-system\\src\\FileSystem.ts:93:4\n    at Object.<anonymous> (D:\\MyProjectsUAI\\weejobs\\node_modules\\expo-file-system\\src\\FileSystem.ts:136:4)\n    at Runtime._execModule (D:\\MyProjectsUAI\\weejobs\\node_modules\\jest-expo\\node_modules\\jest-runtime\\build\\index.js:1439:24)\n    at Runtime._loadModule (D:\\MyProjectsUAI\\weejobs\\node_modules\\jest-expo\\node_modules\\jest-runtime\\build\\index.js:1022:12)\n    at Runtime.requireModule (D:\\MyProjectsUAI\\weejobs\\node_modules\\jest-expo\\node_modules\\jest-runtime\\build\\index.js:882:12)\n    at Runtime.requireModuleOrMock (D:\\MyProjectsUAI\\weejobs\\node_modules\\jest-expo\\node_modules\\jest-runtime\\build\\index.js:1048:21)\n    at Object.require (D:\\MyProjectsUAI\\weejobs\\node_modules\\expo-file-system\\src\\index.ts:1:1)\n    at Runtime._execModule (D:\\MyProjectsUAI\\weejobs\\node_modules\\jest-expo\\node_modules\\jest-runtime\\build\\index.js:1439:24)\n    at Runtime._loadModule (D:\\MyProjectsUAI\\weejobs\\node_modules\\jest-expo\\node_modules\\jest-runtime\\build\\index.js:1022:12)\n    at Runtime.requireModule (D:\\MyProjectsUAI\\weejobs\\node_modules\\jest-expo\\node_modules\\jest-runtime\\build\\index.js:882:12)\n    at Runtime.requireModuleOrMock (D:\\MyProjectsUAI\\weejobs\\node_modules\\jest-expo\\node_modules\\jest-runtime\\build\\index.js:1048:21)\n    at Object.require (D:\\MyProjectsUAI\\weejobs\\app\\index.tsx:33:16)\n    at Runtime._execModule (D:\\MyProjectsUAI\\weejobs\\node_modules\\jest-expo\\node_modules\\jest-runtime\\build\\index.js:1439:24)\n    at Runtime._loadModule (D:\\MyProjectsUAI\\weejobs\\node_modules\\jest-expo\\node_modules\\jest-runtime\\build\\index.js:1022:12)\n    at Runtime.requireModule (D:\\MyProjectsUAI\\weejobs\\node_modules\\jest-expo\\node_modules\\jest-runtime\\build\\index.js:882:12)\n    at Runtime.requireModuleOrMock (D:\\MyProjectsUAI\\weejobs\\node_modules\\jest-expo\\node_modules\\jest-runtime\\build\\index.js:1048:21)\n    at Object.require (D:\\MyProjectsUAI\\weejobs\\__tests__\\splash.test.tsx:21:22)\n    at Promise.then.completed (D:\\MyProjectsUAI\\weejobs\\node_modules\\jest-expo\\node_modules\\jest-circus\\build\\utils.js:298:28)\n    at new Promise (<anonymous>)\n    at callAsyncCircusFn (D:\\MyProjectsUAI\\weejobs\\node_modules\\jest-expo\\node_modules\\jest-circus\\build\\utils.js:231:10)\n    at _callCircusTest (D:\\MyProjectsUAI\\weejobs\\node_modules\\jest-expo\\node_modules\\jest-circus\\build\\run.js:316:40)\n    at processTicksAndRejections (node:internal/process/task_queues:104:5)\n    at _runTest (D:\\MyProjectsUAI\\weejobs\\node_modules\\jest-expo\\node_modules\\jest-circus\\build\\run.js:252:3)\n    at _runTestsForDescribeBlock (D:\\MyProjectsUAI\\weejobs\\node_modules\\jest-expo\\node_modules\\jest-circus\\build\\run.js:126:9)\n    at _runTestsForDescribeBlock (D:\\MyProjectsUAI\\weejobs\\node_modules\\jest-expo\\node_modules\\jest-circus\\build\\run.js:121:9)\n    at run (D:\\MyProjectsUAI\\weejobs\\node_modules\\jest-expo\\node_modules\\jest-circus\\build\\run.js:71:3)\n    at runAndTransformResultsToJestFormat (D:\\MyProjectsUAI\\weejobs\\node_modules\\jest-expo\\node_modules\\jest-circus\\build\\legacy-code-todo-rewrite\\jestAdapterInit.js:122:21)\n    at jestAdapter (D:\\MyProjectsUAI\\weejobs\\node_modules\\jest-expo\\node_modules\\jest-circus\\build\\legacy-code-todo-rewrite\\jestAdapter.js:79:19)\n    at runTestInternal (D:\\MyProjectsUAI\\weejobs\\node_modules\\jest-expo\\node_modules\\jest-runner\\build\\runTest.js:367:16)\n    at runTest (D:\\MyProjectsUAI\\weejobs\\node_modules\\jest-expo\\node_modules\\jest-runner\\build\\runTest.js:444:34)\n    at Object.worker (D:\\MyProjectsUAI\\weejobs\\node_modules\\jest-expo\\node_modules\\jest-runner\\build\\testWorker.js:106:12)"],"fullName":"SplashScreen routing routes to onboarding when no user","invocations":1,"location":null,"numPassingAsserts":0,"retryReasons":[],"status":"failed","title":"routes to onboarding when no user"},{"ancestorTitles":["SplashScreen routing"],"duration":62,"failureDetails":[{}],"failureMessages":["TypeError: Super expression must either be null or a function\n    at _inherits (D:\\MyProjectsUAI\\weejobs\\node_modules\\@babel\\runtime\\helpers\\inherits.js:3:51)\n    at D:\\MyProjectsUAI\\weejobs\\node_modules\\expo-file-system\\src\\FileSystem.ts:93:4\n    at Object.<anonymous> (D:\\MyProjectsUAI\\weejobs\\node_modules\\expo-file-system\\src\\FileSystem.ts:136:4)\n    at Runtime._execModule (D:\\MyProjectsUAI\\weejobs\\node_modules\\jest-expo\\node_modules\\jest-runtime\\build\\index.js:1439:24)\n    at Runtime._loadModule (D:\\MyProjectsUAI\\weejobs\\node_modules\\jest-expo\\node_modules\\jest-runtime\\build\\index.js:1022:12)\n    at Runtime.requireModule (D:\\MyProjectsUAI\\weejobs\\node_modules\\jest-expo\\node_modules\\jest-runtime\\build\\index.js:882:12)\n    at Runtime.requireModuleOrMock (D:\\MyProjectsUAI\\weejobs\\node_modules\\jest-expo\\node_modules\\jest-runtime\\build\\index.js:1048:21)\n    at Object.require (D:\\MyProjectsUAI\\weejobs\\node_modules\\expo-file-system\\src\\index.ts:1:1)\n    at Runtime._execModule (D:\\MyProjectsUAI\\weejobs\\node_modules\\jest-expo\\node_modules\\jest-runtime\\build\\index.js:1439:24)\n    at Runtime._loadModule (D:\\MyProjectsUAI\\weejobs\\node_modules\\jest-expo\\node_modules\\jest-runtime\\build\\index.js:1022:12)\n    at Runtime.requireModule (D:\\MyProjectsUAI\\weejobs\\node_modules\\jest-expo\\node_modules\\jest-runtime\\build\\index.js:882:12)\n    at Runtime.requireModuleOrMock (D:\\MyProjectsUAI\\weejobs\\node_modules\\jest-expo\\node_modules\\jest-runtime\\build\\index.js:1048:21)\n    at Object.require (D:\\MyProjectsUAI\\weejobs\\app\\index.tsx:33:16)\n    at Runtime._execModule (D:\\MyProjectsUAI\\weejobs\\node_modules\\jest-expo\\node_modules\\jest-runtime\\build\\index.js:1439:24)\n    at Runtime._loadModule (D:\\MyProjectsUAI\\weejobs\\node_modules\\jest-expo\\node_modules\\jest-runtime\\build\\index.js:1022:12)\n    at Runtime.requireModule (D:\\MyProjectsUAI\\weejobs\\node_modules\\jest-expo\\node_modules\\jest-runtime\\build\\index.js:882:12)\n    at Runtime.requireModuleOrMock (D:\\MyProjectsUAI\\weejobs\\node_modules\\jest-expo\\node_modules\\jest-runtime\\build\\index.js:1048:21)\n    at Object.require (D:\\MyProjectsUAI\\weejobs\\__tests__\\splash.test.tsx:29:20)\n    at Promise.then.completed (D:\\MyProjectsUAI\\weejobs\\node_modules\\jest-expo\\node_modules\\jest-circus\\build\\utils.js:298:28)\n    at new Promise (<anonymous>)\n    at callAsyncCircusFn (D:\\MyProjectsUAI\\weejobs\\node_modules\\jest-expo\\node_modules\\jest-circus\\build\\utils.js:231:10)\n    at _callCircusTest (D:\\MyProjectsUAI\\weejobs\\node_modules\\jest-expo\\node_modules\\jest-circus\\build\\run.js:316:40)\n    at processTicksAndRejections (node:internal/process/task_queues:104:5)\n    at _runTest (D:\\MyProjectsUAI\\weejobs\\node_modules\\jest-expo\\node_modules\\jest-circus\\build\\run.js:252:3)\n    at _runTestsForDescribeBlock (D:\\MyProjectsUAI\\weejobs\\node_modules\\jest-expo\\node_modules\\jest-circus\\build\\run.js:126:9)\n    at _runTestsForDescribeBlock (D:\\MyProjectsUAI\\weejobs\\node_modules\\jest-expo\\node_modules\\jest-circus\\build\\run.js:121:9)\n    at run (D:\\MyProjectsUAI\\weejobs\\node_modules\\jest-expo\\node_modules\\jest-circus\\build\\run.js:71:3)\n    at runAndTransformResultsToJestFormat (D:\\MyProjectsUAI\\weejobs\\node_modules\\jest-expo\\node_modules\\jest-circus\\build\\legacy-code-todo-rewrite\\jestAdapterInit.js:122:21)\n    at jestAdapter (D:\\MyProjectsUAI\\weejobs\\node_modules\\jest-expo\\node_modules\\jest-circus\\build\\legacy-code-todo-rewrite\\jestAdapter.js:79:19)\n    at runTestInternal (D:\\MyProjectsUAI\\weejobs\\node_modules\\jest-expo\\node_modules\\jest-runner\\build\\runTest.js:367:16)\n    at runTest (D:\\MyProjectsUAI\\weejobs\\node_modules\\jest-expo\\node_modules\\jest-runner\\build\\runTest.js:444:34)\n    at Object.worker (D:\\MyProjectsUAI\\weejobs\\node_modules\\jest-expo\\node_modules\\jest-runner\\build\\testWorker.js:106:12)"],"fullName":"SplashScreen routing routes to customer when user.role===customer","invocations":1,"location":null,"numPassingAsserts":0,"retryReasons":[],"status":"failed","title":"routes to customer when user.role===customer"}],"endTime":1775085741681,"message":"\u001b[1m\u001b[31m  \u001b[1m● \u001b[22m\u001b[1mSplashScreen routing › routes to onboarding when no user\u001b[39m\u001b[22m\n\n    TypeError: Super expression must either be null or a function\n\u001b[2m\u001b[22m\n\u001b[2m    \u001b[0m \u001b[90m 31 |\u001b[39m   console\u001b[33m.\u001b[39mlog(\u001b[32m'[app] expo-file-system/legacy not available, falling back to expo-file-system'\u001b[39m)\u001b[33m;\u001b[39m\u001b[22m\n\u001b[2m     \u001b[90m 32 |\u001b[39m   \u001b[90m// eslint-disable-next-line global-require\u001b[39m\u001b[22m\n\u001b[2m    \u001b[31m\u001b[1m>\u001b[22m\u001b[2m\u001b[39m\u001b[90m 33 |\u001b[39m   \u001b[33mFileSystem\u001b[39m \u001b[33m=\u001b[39m require(\u001b[32m'expo-file-system'\u001b[39m)\u001b[33m;\u001b[39m\u001b[22m\n\u001b[2m     \u001b[90m    |\u001b[39m                \u001b[31m\u001b[1m^\u001b[22m\u001b[2m\u001b[39m\u001b[22m\n\u001b[2m     \u001b[90m 34 |\u001b[39m }\u001b[22m\n\u001b[2m     \u001b[90m 35 |\u001b[39m \u001b[90m// Very early, hard-to-strip markers: use console.error and attempt a quick write\u001b[39m\u001b[22m\n\u001b[2m     \u001b[90m 36 |\u001b[39m \u001b[36mtry\u001b[39m {\u001b[0m\u001b[22m\n\u001b[2m\u001b[22m\n\u001b[2m      \u001b[2mat _inherits (\u001b[22m\u001b[2mnode_modules/@babel/runtime/helpers/inherits.js\u001b[2m:3:51)\u001b[22m\u001b[2m\u001b[22m\n\u001b[2m      \u001b[2mat \u001b[22m\u001b[2mnode_modules/expo-file-system/src/FileSystem.ts\u001b[2m:93:4\u001b[22m\u001b[2m\u001b[22m\n\u001b[2m      \u001b[2mat Object.<anonymous> (\u001b[22m\u001b[2mnode_modules/expo-file-system/src/FileSystem.ts\u001b[2m:136:4)\u001b[22m\u001b[2m\u001b[22m\n\u001b[2m      \u001b[2mat Object.require (\u001b[22m\u001b[2mnode_modules/expo-file-system/src/index.ts\u001b[2m:1:1)\u001b[22m\u001b[2m\u001b[22m\n\u001b[2m      \u001b[2mat Object.require (\u001b[22m\u001b[2mapp/index.tsx\u001b[2m:33:16)\u001b[22m\u001b[2m\u001b[22m\n\u001b[2m      \u001b[2mat Object.require (\u001b[22m\u001b[2m\u001b[0m\u001b[36m__tests__/splash.test.tsx\u001b[39m\u001b[0m\u001b[2m:21:22)\u001b[22m\u001b[2m\u001b[22m\n\n\u001b[1m\u001b[31m  \u001b[1m● \u001b[22m\u001b[1mSplashScreen routing › routes to customer when user.role===customer\u001b[39m\u001b[22m\n\n    TypeError: Super expression must either be null or a function\n\u001b[2m\u001b[22m\n\u001b[2m    \u001b[0m \u001b[90m 31 |\u001b[39m   console\u001b[33m.\u001b[39mlog(\u001b[32m'[app] expo-file-system/legacy not available, falling back to expo-file-system'\u001b[39m)\u001b[33m;\u001b[39m\u001b[22m\n\u001b[2m     \u001b[90m 32 |\u001b[39m   \u001b[90m// eslint-disable-next-line global-require\u001b[39m\u001b[22m\n\u001b[2m    \u001b[31m\u001b[1m>\u001b[22m\u001b[2m\u001b[39m\u001b[90m 33 |\u001b[39m   \u001b[33mFileSystem\u001b[39m \u001b[33m=\u001b[39m require(\u001b[32m'expo-file-system'\u001b[39m)\u001b[33m;\u001b[39m\u001b[22m\n\u001b[2m     \u001b[90m    |\u001b[39m                \u001b[31m\u001b[1m^\u001b[22m\u001b[2m\u001b[39m\u001b[22m\n\u001b[2m     \u001b[90m 34 |\u001b[39m }\u001b[22m\n\u001b[2m     \u001b[90m 35 |\u001b[39m \u001b[90m// Very early, hard-to-strip markers: use console.error and attempt a quick write\u001b[39m\u001b[22m\n\u001b[2m     \u001b[90m 36 |\u001b[39m \u001b[36mtry\u001b[39m {\u001b[0m\u001b[22m\n\u001b[2m\u001b[22m\n\u001b[2m      \u001b[2mat _inherits (\u001b[22m\u001b[2mnode_modules/@babel/runtime/helpers/inherits.js\u001b[2m:3:51)\u001b[22m\u001b[2m\u001b[22m\n\u001b[2m      \u001b[2mat \u001b[22m\u001b[2mnode_modules/expo-file-system/src/FileSystem.ts\u001b[2m:93:4\u001b[22m\u001b[2m\u001b[22m\n\u001b[2m      \u001b[2mat Object.<anonymous> (\u001b[22m\u001b[2mnode_modules/expo-file-system/src/FileSystem.ts\u001b[2m:136:4)\u001b[22m\u001b[2m\u001b[22m\n\u001b[2m      \u001b[2mat Object.require (\u001b[22m\u001b[2mnode_modules/expo-file-system/src/index.ts\u001b[2m:1:1)\u001b[22m\u001b[2m\u001b[22m\n\u001b[2m      \u001b[2mat Object.require (\u001b[22m\u001b[2mapp/index.tsx\u001b[2m:33:16)\u001b[22m\u001b[2m\u001b[22m\n\u001b[2m      \u001b[2mat Object.require (\u001b[22m\u001b[2m\u001b[0m\u001b[36m__tests__/splash.test.tsx\u001b[39m\u001b[0m\u001b[2m:29:20)\u001b[22m\u001b[2m\u001b[22m\n","name":"D:\\MyProjectsUAI\\weejobs\\__tests__\\splash.test.tsx","startTime":1775085734578,"status":"failed","summary":""},{"assertionResults":[{"ancestorTitles":["SplashScreen navigation"],"duration":1796,"failureDetails":[{}],"failureMessages":["TypeError: Super expression must either be null or a function\n    at _inherits (D:\\MyProjectsUAI\\weejobs\\node_modules\\@babel\\runtime\\helpers\\inherits.js:3:51)\n    at D:\\MyProjectsUAI\\weejobs\\node_modules\\expo-file-system\\src\\FileSystem.ts:93:4\n    at Object.<anonymous> (D:\\MyProjectsUAI\\weejobs\\node_modules\\expo-file-system\\src\\FileSystem.ts:136:4)\n    at Runtime._execModule (D:\\MyProjectsUAI\\weejobs\\node_modules\\jest-expo\\node_modules\\jest-runtime\\build\\index.js:1439:24)\n    at Runtime._loadModule (D:\\MyProjectsUAI\\weejobs\\node_modules\\jest-expo\\node_modules\\jest-runtime\\build\\index.js:1022:12)\n    at Runtime.requireModule (D:\\MyProjectsUAI\\weejobs\\node_modules\\jest-expo\\node_modules\\jest-runtime\\build\\index.js:882:12)\n    at Runtime.requireModuleOrMock (D:\\MyProjectsUAI\\weejobs\\node_modules\\jest-expo\\node_modules\\jest-runtime\\build\\index.js:1048:21)\n    at Object.require (D:\\MyProjectsUAI\\weejobs\\node_modules\\expo-file-system\\src\\index.ts:1:1)\n    at Runtime._execModule (D:\\MyProjectsUAI\\weejobs\\node_modules\\jest-expo\\node_modules\\jest-runtime\\build\\index.js:1439:24)\n    at Runtime._loadModule (D:\\MyProjectsUAI\\weejobs\\node_modules\\jest-expo\\node_modules\\jest-runtime\\build\\index.js:1022:12)\n    at Runtime.requireModule (D:\\MyProjectsUAI\\weejobs\\node_modules\\jest-expo\\node_modules\\jest-runtime\\build\\index.js:882:12)\n    at Runtime.requireModuleOrMock (D:\\MyProjectsUAI\\weejobs\\node_modules\\jest-expo\\node_modules\\jest-runtime\\build\\index.js:1048:21)\n    at Object.require (D:\\MyProjectsUAI\\weejobs\\app\\index.tsx:33:16)\n    at Runtime._execModule (D:\\MyProjectsUAI\\weejobs\\node_modules\\jest-expo\\node_modules\\jest-runtime\\build\\index.js:1439:24)\n    at Runtime._loadModule (D:\\MyProjectsUAI\\weejobs\\node_modules\\jest-expo\\node_modules\\jest-runtime\\build\\index.js:1022:12)\n    at Runtime.requireModule (D:\\MyProjectsUAI\\weejobs\\node_modules\\jest-expo\\node_modules\\jest-runtime\\build\\index.js:882:12)\n    at Runtime.requireModuleOrMock (D:\\MyProjectsUAI\\weejobs\\node_modules\\jest-expo\\node_modules\\jest-runtime\\build\\index.js:1048:21)\n    at Object.require (D:\\MyProjectsUAI\\weejobs\\__tests__\\app.index.test.tsx:20:20)\n    at Promise.then.completed (D:\\MyProjectsUAI\\weejobs\\node_modules\\jest-expo\\node_modules\\jest-circus\\build\\utils.js:298:28)\n    at new Promise (<anonymous>)\n    at callAsyncCircusFn (D:\\MyProjectsUAI\\weejobs\\node_modules\\jest-expo\\node_modules\\jest-circus\\build\\utils.js:231:10)\n    at _callCircusTest (D:\\MyProjectsUAI\\weejobs\\node_modules\\jest-expo\\node_modules\\jest-circus\\build\\run.js:316:40)\n    at processTicksAndRejections (node:internal/process/task_queues:104:5)\n    at _runTest (D:\\MyProjectsUAI\\weejobs\\node_modules\\jest-expo\\node_modules\\jest-circus\\build\\run.js:252:3)\n    at _runTestsForDescribeBlock (D:\\MyProjectsUAI\\weejobs\\node_modules\\jest-expo\\node_modules\\jest-circus\\build\\run.js:126:9)\n    at _runTestsForDescribeBlock (D:\\MyProjectsUAI\\weejobs\\node_modules\\jest-expo\\node_modules\\jest-circus\\build\\run.js:121:9)\n    at run (D:\\MyProjectsUAI\\weejobs\\node_modules\\jest-expo\\node_modules\\jest-circus\\build\\run.js:71:3)\n    at runAndTransformResultsToJestFormat (D:\\MyProjectsUAI\\weejobs\\node_modules\\jest-expo\\node_modules\\jest-circus\\build\\legacy-code-todo-rewrite\\jestAdapterInit.js:122:21)\n    at jestAdapter (D:\\MyProjectsUAI\\weejobs\\node_modules\\jest-expo\\node_modules\\jest-circus\\build\\legacy-code-todo-rewrite\\jestAdapter.js:79:19)\n    at runTestInternal (D:\\MyProjectsUAI\\weejobs\\node_modules\\jest-expo\\node_modules\\jest-runner\\build\\runTest.js:367:16)\n    at runTest (D:\\MyProjectsUAI\\weejobs\\node_modules\\jest-expo\\node_modules\\jest-runner\\build\\runTest.js:444:34)\n    at Object.worker (D:\\MyProjectsUAI\\weejobs\\node_modules\\jest-expo\\node_modules\\jest-runner\\build\\testWorker.js:106:12)"],"fullName":"SplashScreen navigation module loads for customer user","invocations":1,"location":null,"numPassingAsserts":0,"retryReasons":[],"status":"failed","title":"module loads for customer user"},{"ancestorTitles":["SplashScreen navigation"],"duration":65,"failureDetails":[{}],"failureMessages":["TypeError: Super expression must either be null or a function\n    at _inherits (D:\\MyProjectsUAI\\weejobs\\node_modules\\@babel\\runtime\\helpers\\inherits.js:3:51)\n    at D:\\MyProjectsUAI\\weejobs\\node_modules\\expo-file-system\\src\\FileSystem.ts:93:4\n    at Object.<anonymous> (D:\\MyProjectsUAI\\weejobs\\node_modules\\expo-file-system\\src\\FileSystem.ts:136:4)\n    at Runtime._execModule (D:\\MyProjectsUAI\\weejobs\\node_modules\\jest-expo\\node_modules\\jest-runtime\\build\\index.js:1439:24)\n    at Runtime._loadModule (D:\\MyProjectsUAI\\weejobs\\node_modules\\jest-expo\\node_modules\\jest-runtime\\build\\index.js:1022:12)\n    at Runtime.requireModule (D:\\MyProjectsUAI\\weejobs\\node_modules\\jest-expo\\node_modules\\jest-runtime\\build\\index.js:882:12)\n    at Runtime.requireModuleOrMock (D:\\MyProjectsUAI\\weejobs\\node_modules\\jest-expo\\node_modules\\jest-runtime\\build\\index.js:1048:21)\n    at Object.require (D:\\MyProjectsUAI\\weejobs\\node_modules\\expo-file-system\\src\\index.ts:1:1)\n    at Runtime._execModule (D:\\MyProjectsUAI\\weejobs\\node_modules\\jest-expo\\node_modules\\jest-runtime\\build\\index.js:1439:24)\n    at Runtime._loadModule (D:\\MyProjectsUAI\\weejobs\\node_modules\\jest-expo\\node_modules\\jest-runtime\\build\\index.js:1022:12)\n    at Runtime.requireModule (D:\\MyProjectsUAI\\weejobs\\node_modules\\jest-expo\\node_modules\\jest-runtime\\build\\index.js:882:12)\n    at Runtime.requireModuleOrMock (D:\\MyProjectsUAI\\weejobs\\node_modules\\jest-expo\\node_modules\\jest-runtime\\build\\index.js:1048:21)\n    at Object.require (D:\\MyProjectsUAI\\weejobs\\app\\index.tsx:33:16)\n    at Runtime._execModule (D:\\MyProjectsUAI\\weejobs\\node_modules\\jest-expo\\node_modules\\jest-runtime\\build\\index.js:1439:24)\n    at Runtime._loadModule (D:\\MyProjectsUAI\\weejobs\\node_modules\\jest-expo\\node_modules\\jest-runtime\\build\\index.js:1022:12)\n    at Runtime.requireModule (D:\\MyProjectsUAI\\weejobs\\node_modules\\jest-expo\\node_modules\\jest-runtime\\build\\index.js:882:12)\n    at Runtime.requireModuleOrMock (D:\\MyProjectsUAI\\weejobs\\node_modules\\jest-expo\\node_modules\\jest-runtime\\build\\index.js:1048:21)\n    at Object.require (D:\\MyProjectsUAI\\weejobs\\__tests__\\app.index.test.tsx:33:20)\n    at Promise.then.completed (D:\\MyProjectsUAI\\weejobs\\node_modules\\jest-expo\\node_modules\\jest-circus\\build\\utils.js:298:28)\n    at new Promise (<anonymous>)\n    at callAsyncCircusFn (D:\\MyProjectsUAI\\weejobs\\node_modules\\jest-expo\\node_modules\\jest-circus\\build\\utils.js:231:10)\n    at _callCircusTest (D:\\MyProjectsUAI\\weejobs\\node_modules\\jest-expo\\node_modules\\jest-circus\\build\\run.js:316:40)\n    at processTicksAndRejections (node:internal/process/task_queues:104:5)\n    at _runTest (D:\\MyProjectsUAI\\weejobs\\node_modules\\jest-expo\\node_modules\\jest-circus\\build\\run.js:252:3)\n    at _runTestsForDescribeBlock (D:\\MyProjectsUAI\\weejobs\\node_modules\\jest-expo\\node_modules\\jest-circus\\build\\run.js:126:9)\n    at _runTestsForDescribeBlock (D:\\MyProjectsUAI\\weejobs\\node_modules\\jest-expo\\node_modules\\jest-circus\\build\\run.js:121:9)\n    at run (D:\\MyProjectsUAI\\weejobs\\node_modules\\jest-expo\\node_modules\\jest-circus\\build\\run.js:71:3)\n    at runAndTransformResultsToJestFormat (D:\\MyProjectsUAI\\weejobs\\node_modules\\jest-expo\\node_modules\\jest-circus\\build\\legacy-code-todo-rewrite\\jestAdapterInit.js:122:21)\n    at jestAdapter (D:\\MyProjectsUAI\\weejobs\\node_modules\\jest-expo\\node_modules\\jest-circus\\build\\legacy-code-todo-rewrite\\jestAdapter.js:79:19)\n    at runTestInternal (D:\\MyProjectsUAI\\weejobs\\node_modules\\jest-expo\\node_modules\\jest-runner\\build\\runTest.js:367:16)\n    at runTest (D:\\MyProjectsUAI\\weejobs\\node_modules\\jest-expo\\node_modules\\jest-runner\\build\\runTest.js:444:34)\n    at Object.worker (D:\\MyProjectsUAI\\weejobs\\node_modules\\jest-expo\\node_modules\\jest-runner\\build\\testWorker.js:106:12)"],"fullName":"SplashScreen navigation module loads for no user","invocations":1,"location":null,"numPassingAsserts":0,"retryReasons":[],"status":"failed","title":"module loads for no user"}],"endTime":1775085741694,"message":"\u001b[1m\u001b[31m  \u001b[1m● \u001b[22m\u001b[1mSplashScreen navigation › module loads for customer user\u001b[39m\u001b[22m\n\n    TypeError: Super expression must either be null or a function\n\u001b[2m\u001b[22m\n\u001b[2m    \u001b[0m \u001b[90m 31 |\u001b[39m   console\u001b[33m.\u001b[39mlog(\u001b[32m'[app] expo-file-system/legacy not available, falling back to expo-file-system'\u001b[39m)\u001b[33m;\u001b[39m\u001b[22m\n\u001b[2m     \u001b[90m 32 |\u001b[39m   \u001b[90m// eslint-disable-next-line global-require\u001b[39m\u001b[22m\n\u001b[2m    \u001b[31m\u001b[1m>\u001b[22m\u001b[2m\u001b[39m\u001b[90m 33 |\u001b[39m   \u001b[33mFileSystem\u001b[39m \u001b[33m=\u001b[39m require(\u001b[32m'expo-file-system'\u001b[39m)\u001b[33m;\u001b[39m\u001b[22m\n\u001b[2m     \u001b[90m    |\u001b[39m                \u001b[31m\u001b[1m^\u001b[22m\u001b[2m\u001b[39m\u001b[22m\n\u001b[2m     \u001b[90m 34 |\u001b[39m }\u001b[22m\n\u001b[2m     \u001b[90m 35 |\u001b[39m \u001b[90m// Very early, hard-to-strip markers: use console.error and attempt a quick write\u001b[39m\u001b[22m\n\u001b[2m     \u001b[90m 36 |\u001b[39m \u001b[36mtry\u001b[39m {\u001b[0m\u001b[22m\n\u001b[2m\u001b[22m\n\u001b[2m      \u001b[2mat _inherits (\u001b[22m\u001b[2mnode_modules/@babel/runtime/helpers/inherits.js\u001b[2m:3:51)\u001b[22m\u001b[2m\u001b[22m\n\u001b[2m      \u001b[2mat \u001b[22m\u001b[2mnode_modules/expo-file-system/src/FileSystem.ts\u001b[2m:93:4\u001b[22m\u001b[2m\u001b[22m\n\u001b[2m      \u001b[2mat Object.<anonymous> (\u001b[22m\u001b[2mnode_modules/expo-file-system/src/FileSystem.ts\u001b[2m:136:4)\u001b[22m\u001b[2m\u001b[22m\n\u001b[2m      \u001b[2mat Object.require (\u001b[22m\u001b[2mnode_modules/expo-file-system/src/index.ts\u001b[2m:1:1)\u001b[22m\u001b[2m\u001b[22m\n\u001b[2m      \u001b[2mat Object.require (\u001b[22m\u001b[2mapp/index.tsx\u001b[2m:33:16)\u001b[22m\u001b[2m\u001b[22m\n\u001b[2m      \u001b[2mat Object.require (\u001b[22m\u001b[2m\u001b[0m\u001b[36m__tests__/app.index.test.tsx\u001b[39m\u001b[0m\u001b[2m:20:20)\u001b[22m\u001b[2m\u001b[22m\n\n\u001b[1m\u001b[31m  \u001b[1m● \u001b[22m\u001b[1mSplashScreen navigation › module loads for no user\u001b[39m\u001b[22m\n\n    TypeError: Super expression must either be null or a function\n\u001b[2m\u001b[22m\n\u001b[2m    \u001b[0m \u001b[90m 31 |\u001b[39m   console\u001b[33m.\u001b[39mlog(\u001b[32m'[app] expo-file-system/legacy not available, falling back to expo-file-system'\u001b[39m)\u001b[33m;\u001b[39m\u001b[22m\n\u001b[2m     \u001b[90m 32 |\u001b[39m   \u001b[90m// eslint-disable-next-line global-require\u001b[39m\u001b[22m\n\u001b[2m    \u001b[31m\u001b[1m>\u001b[22m\u001b[2m\u001b[39m\u001b[90m 33 |\u001b[39m   \u001b[33mFileSystem\u001b[39m \u001b[33m=\u001b[39m require(\u001b[32m'expo-file-system'\u001b[39m)\u001b[33m;\u001b[39m\u001b[22m\n\u001b[2m     \u001b[90m    |\u001b[39m                \u001b[31m\u001b[1m^\u001b[22m\u001b[2m\u001b[39m\u001b[22m\n\u001b[2m     \u001b[90m 34 |\u001b[39m }\u001b[22m\n\u001b[2m     \u001b[90m 35 |\u001b[39m \u001b[90m// Very early, hard-to-strip markers: use console.error and attempt a quick write\u001b[39m\u001b[22m\n\u001b[2m     \u001b[90m 36 |\u001b[39m \u001b[36mtry\u001b[39m {\u001b[0m\u001b[22m\n\u001b[2m\u001b[22m\n\u001b[2m      \u001b[2mat _inherits (\u001b[22m\u001b[2mnode_modules/@babel/runtime/helpers/inherits.js\u001b[2m:3:51)\u001b[22m\u001b[2m\u001b[22m\n\u001b[2m      \u001b[2mat \u001b[22m\u001b[2mnode_modules/expo-file-system/src/FileSystem.ts\u001b[2m:93:4\u001b[22m\u001b[2m\u001b[22m\n\u001b[2m      \u001b[2mat Object.<anonymous> (\u001b[22m\u001b[2mnode_modules/expo-file-system/src/FileSystem.ts\u001b[2m:136:4)\u001b[22m\u001b[2m\u001b[22m\n\u001b[2m      \u001b[2mat Object.require (\u001b[22m\u001b[2mnode_modules/expo-file-system/src/index.ts\u001b[2m:1:1)\u001b[22m\u001b[2m\u001b[22m\n\u001b[2m      \u001b[2mat Object.require (\u001b[22m\u001b[2mapp/index.tsx\u001b[2m:33:16)\u001b[22m\u001b[2m\u001b[22m\n\u001b[2m      \u001b[2mat Object.require (\u001b[22m\u001b[2m\u001b[0m\u001b[36m__tests__/app.index.test.tsx\u001b[39m\u001b[0m\u001b[2m:33:20)\u001b[22m\u001b[2m\u001b[22m\n","name":"D:\\MyProjectsUAI\\weejobs\\__tests__\\app.index.test.tsx","startTime":1775085734607,"status":"failed","summary":""},{"assertionResults":[{"ancestorTitles":["SplashScreen (app/index)"],"duration":1104,"failureDetails":[{}],"failureMessages":["TypeError: Super expression must either be null or a function\n    at _inherits (D:\\MyProjectsUAI\\weejobs\\node_modules\\@babel\\runtime\\helpers\\inherits.js:3:51)\n    at D:\\MyProjectsUAI\\weejobs\\node_modules\\expo-file-system\\src\\FileSystem.ts:93:4\n    at Object.<anonymous> (D:\\MyProjectsUAI\\weejobs\\node_modules\\expo-file-system\\src\\FileSystem.ts:136:4)\n    at Runtime._execModule (D:\\MyProjectsUAI\\weejobs\\node_modules\\jest-expo\\node_modules\\jest-runtime\\build\\index.js:1439:24)\n    at Runtime._loadModule (D:\\MyProjectsUAI\\weejobs\\node_modules\\jest-expo\\node_modules\\jest-runtime\\build\\index.js:1022:12)\n    at Runtime.requireModule (D:\\MyProjectsUAI\\weejobs\\node_modules\\jest-expo\\node_modules\\jest-runtime\\build\\index.js:882:12)\n    at Runtime.requireModuleOrMock (D:\\MyProjectsUAI\\weejobs\\node_modules\\jest-expo\\node_modules\\jest-runtime\\build\\index.js:1048:21)\n    at Object.require (D:\\MyProjectsUAI\\weejobs\\node_modules\\expo-file-system\\src\\index.ts:1:1)\n    at Runtime._execModule (D:\\MyProjectsUAI\\weejobs\\node_modules\\jest-expo\\node_modules\\jest-runtime\\build\\index.js:1439:24)\n    at Runtime._loadModule (D:\\MyProjectsUAI\\weejobs\\node_modules\\jest-expo\\node_modules\\jest-runtime\\build\\index.js:1022:12)\n    at Runtime.requireModule (D:\\MyProjectsUAI\\weejobs\\node_modules\\jest-expo\\node_modules\\jest-runtime\\build\\index.js:882:12)\n    at Runtime.requireModuleOrMock (D:\\MyProjectsUAI\\weejobs\\node_modules\\jest-expo\\node_modules\\jest-runtime\\build\\index.js:1048:21)\n    at Object.require (D:\\MyProjectsUAI\\weejobs\\app\\index.tsx:33:16)\n    at Runtime._execModule (D:\\MyProjectsUAI\\weejobs\\node_modules\\jest-expo\\node_modules\\jest-runtime\\build\\index.js:1439:24)\n    at Runtime._loadModule (D:\\MyProjectsUAI\\weejobs\\node_modules\\jest-expo\\node_modules\\jest-runtime\\build\\index.js:1022:12)\n    at Runtime.requireModule (D:\\MyProjectsUAI\\weejobs\\node_modules\\jest-expo\\node_modules\\jest-runtime\\build\\index.js:882:12)\n    at Runtime.requireModuleOrMock (D:\\MyProjectsUAI\\weejobs\\node_modules\\jest-expo\\node_modules\\jest-runtime\\build\\index.js:1048:21)\n    at Object.require (D:\\MyProjectsUAI\\weejobs\\__tests__\\app.index.smoke.test.tsx:17:20)\n    at Promise.then.completed (D:\\MyProjectsUAI\\weejobs\\node_modules\\jest-expo\\node_modules\\jest-circus\\build\\utils.js:298:28)\n    at new Promise (<anonymous>)\n    at callAsyncCircusFn (D:\\MyProjectsUAI\\weejobs\\node_modules\\jest-expo\\node_modules\\jest-circus\\build\\utils.js:231:10)\n    at _callCircusTest (D:\\MyProjectsUAI\\weejobs\\node_modules\\jest-expo\\node_modules\\jest-circus\\build\\run.js:316:40)\n    at processTicksAndRejections (node:internal/process/task_queues:104:5)\n    at _runTest (D:\\MyProjectsUAI\\weejobs\\node_modules\\jest-expo\\node_modules\\jest-circus\\build\\run.js:252:3)\n    at _runTestsForDescribeBlock (D:\\MyProjectsUAI\\weejobs\\node_modules\\jest-expo\\node_modules\\jest-circus\\build\\run.js:126:9)\n    at _runTestsForDescribeBlock (D:\\MyProjectsUAI\\weejobs\\node_modules\\jest-expo\\node_modules\\jest-circus\\build\\run.js:121:9)\n    at run (D:\\MyProjectsUAI\\weejobs\\node_modules\\jest-expo\\node_modules\\jest-circus\\build\\run.js:71:3)\n    at runAndTransformResultsToJestFormat (D:\\MyProjectsUAI\\weejobs\\node_modules\\jest-expo\\node_modules\\jest-circus\\build\\legacy-code-todo-rewrite\\jestAdapterInit.js:122:21)\n    at jestAdapter (D:\\MyProjectsUAI\\weejobs\\node_modules\\jest-expo\\node_modules\\jest-circus\\build\\legacy-code-todo-rewrite\\jestAdapter.js:79:19)\n    at runTestInternal (D:\\MyProjectsUAI\\weejobs\\node_modules\\jest-expo\\node_modules\\jest-runner\\build\\runTest.js:367:16)\n    at runTest (D:\\MyProjectsUAI\\weejobs\\node_modules\\jest-expo\\node_modules\\jest-runner\\build\\runTest.js:444:34)\n    at Object.worker (D:\\MyProjectsUAI\\weejobs\\node_modules\\jest-expo\\node_modules\\jest-runner\\build\\testWorker.js:106:12)"],"fullName":"SplashScreen (app/index) renders splash elements without triggering navigation","invocations":1,"location":null,"numPassingAsserts":0,"retryReasons":[],"status":"failed","title":"renders splash elements without triggering navigation"}],"endTime":1775085741720,"message":"\u001b[1m\u001b[31m  \u001b[1m● \u001b[22m\u001b[1mSplashScreen (app/index) › renders splash elements without triggering navigation\u001b[39m\u001b[22m\n\n    TypeError: Super expression must either be null or a function\n\u001b[2m\u001b[22m\n\u001b[2m    \u001b[0m \u001b[90m 31 |\u001b[39m   console\u001b[33m.\u001b[39mlog(\u001b[32m'[app] expo-file-system/legacy not available, falling back to expo-file-system'\u001b[39m)\u001b[33m;\u001b[39m\u001b[22m\n\u001b[2m     \u001b[90m 32 |\u001b[39m   \u001b[90m// eslint-disable-next-line global-require\u001b[39m\u001b[22m\n\u001b[2m    \u001b[31m\u001b[1m>\u001b[22m\u001b[2m\u001b[39m\u001b[90m 33 |\u001b[39m   \u001b[33mFileSystem\u001b[39m \u001b[33m=\u001b[39m require(\u001b[32m'expo-file-system'\u001b[39m)\u001b[33m;\u001b[39m\u001b[22m\n\u001b[2m     \u001b[90m    |\u001b[39m                \u001b[31m\u001b[1m^\u001b[22m\u001b[2m\u001b[39m\u001b[22m\n\u001b[2m     \u001b[90m 34 |\u001b[39m }\u001b[22m\n\u001b[2m     \u001b[90m 35 |\u001b[39m \u001b[90m// Very early, hard-to-strip markers: use console.error and attempt a quick write\u001b[39m\u001b[22m\n\u001b[2m     \u001b[90m 36 |\u001b[39m \u001b[36mtry\u001b[39m {\u001b[0m\u001b[22m\n\u001b[2m\u001b[22m\n\u001b[2m      \u001b[2mat _inherits (\u001b[22m\u001b[2mnode_modules/@babel/runtime/helpers/inherits.js\u001b[2m:3:51)\u001b[22m\u001b[2m\u001b[22m\n\u001b[2m      \u001b[2mat \u001b[22m\u001b[2mnode_modules/expo-file-system/src/FileSystem.ts\u001b[2m:93:4\u001b[22m\u001b[2m\u001b[22m\n\u001b[2m      \u001b[2mat Object.<anonymous> (\u001b[22m\u001b[2mnode_modules/expo-file-system/src/FileSystem.ts\u001b[2m:136:4)\u001b[22m\u001b[2m\u001b[22m\n\u001b[2m      \u001b[2mat Object.require (\u001b[22m\u001b[2mnode_modules/expo-file-system/src/index.ts\u001b[2m:1:1)\u001b[22m\u001b[2m\u001b[22m\n\u001b[2m      \u001b[2mat Object.require (\u001b[22m\u001b[2mapp/index.tsx\u001b[2m:33:16)\u001b[22m\u001b[2m\u001b[22m\n\u001b[2m      \u001b[2mat Object.require (\u001b[22m\u001b[2m\u001b[0m\u001b[36m__tests__/app.index.smoke.test.tsx\u001b[39m\u001b[0m\u001b[2m:17:20)\u001b[22m\u001b[2m\u001b[22m\n","name":"D:\\MyProjectsUAI\\weejobs\\__tests__\\app.index.smoke.test.tsx","startTime":1775085734719,"status":"failed","summary":""},{"assertionResults":[{"ancestorTitles":["ThemeProvider/useTheme"],"duration":89,"failureDetails":[],"failureMessages":[],"fullName":"ThemeProvider/useTheme initializes from AsyncStorage (light)","invocations":1,"location":null,"numPassingAsserts":2,"retryReasons":[],"status":"passed","title":"initializes from AsyncStorage (light)"},{"ancestorTitles":["ThemeProvider/useTheme"],"duration":105,"failureDetails":[],"failureMessages":[],"fullName":"ThemeProvider/useTheme toggle switches mode and persists","invocations":1,"location":null,"numPassingAsserts":3,"retryReasons":[],"status":"passed","title":"toggle switches mode and persists"},{"ancestorTitles":["context/ThemeContext module load"],"duration":15,"failureDetails":[],"failureMessages":[],"fullName":"context/ThemeContext module load requires without throwing and exports useTheme","invocations":1,"location":null,"numPassingAsserts":2,"retryReasons":[],"status":"passed","title":"requires without throwing and exports useTheme"}],"endTime":1775085741765,"message":"","name":"D:\\MyProjectsUAI\\weejobs\\__tests__\\context.theme.test.tsx","startTime":1775085740934,"status":"passed","summary":""},{"assertionResults":[{"ancestorTitles":["AuthContext"],"duration":165,"failureDetails":[],"failureMessages":[],"fullName":"AuthContext successful login stores user and returns success","invocations":1,"location":null,"numPassingAsserts":3,"retryReasons":[],"status":"passed","title":"successful login stores user and returns success"},{"ancestorTitles":["AuthContext"],"duration":120,"failureDetails":[],"failureMessages":[],"fullName":"AuthContext login for unconfirmed user returns needsVerification","invocations":1,"location":null,"numPassingAsserts":3,"retryReasons":[],"status":"passed","title":"login for unconfirmed user returns needsVerification"}],"endTime":1775085741991,"message":"","name":"D:\\MyProjectsUAI\\weejobs\\__tests__\\authContext.test.tsx","startTime":1775085741143,"status":"passed","summary":""},{"assertionResults":[{"ancestorTitles":["PostJobScreen — API error handling"],"duration":209,"failureDetails":[],"failureMessages":[],"fullName":"PostJobScreen — API error handling shows error alert when supabase.insert returns an error","invocations":1,"location":null,"numPassingAsserts":1,"retryReasons":[],"status":"passed","title":"shows error alert when supabase.insert returns an error"}],"endTime":1775085742716,"message":"","name":"D:\\MyProjectsUAI\\weejobs\\__tests__\\post-job.error.test.tsx","startTime":1775085741755,"status":"passed","summary":""},{"assertionResults":[{"ancestorTitles":["AdminUsersScreen"],"duration":314,"failureDetails":[],"failureMessages":[],"fullName":"AdminUsersScreen promotes a user to admin and logs an audit entry","invocations":1,"location":null,"numPassingAsserts":3,"retryReasons":[],"status":"passed","title":"promotes a user to admin and logs an audit entry"}],"endTime":1775085743396,"message":"","name":"D:\\MyProjectsUAI\\weejobs\\__tests__\\admin.users.test.tsx","startTime":1775085741732,"status":"passed","summary":""},{"assertionResults":[{"ancestorTitles":["LeadUnlockModal reporting flow"],"duration":58,"failureDetails":[],"failureMessages":[],"fullName":"LeadUnlockModal reporting flow opens report UI, selects a reason, and submits report","invocations":1,"location":null,"numPassingAsserts":1,"retryReasons":[],"status":"passed","title":"opens report UI, selects a reason, and submits report"}],"endTime":1775085743453,"message":"","name":"D:\\MyProjectsUAI\\weejobs\\__tests__\\leadunlockmodal.report.test.tsx","startTime":1775085742749,"status":"passed","summary":""},{"assertionResults":[{"ancestorTitles":["LoginScreen flows"],"duration":79,"failureDetails":[],"failureMessages":[],"fullName":"LoginScreen flows shows correct tagline for customer role","invocations":1,"location":null,"numPassingAsserts":1,"retryReasons":[],"status":"passed","title":"shows correct tagline for customer role"},{"ancestorTitles":["LoginScreen flows"],"duration":86,"failureDetails":[],"failureMessages":[],"fullName":"LoginScreen flows shows validation error when email missing on sign in","invocations":1,"location":null,"numPassingAsserts":1,"retryReasons":[],"status":"passed","title":"shows validation error when email missing on sign in"},{"ancestorTitles":["LoginScreen flows"],"duration":210,"failureDetails":[],"failureMessages":[],"fullName":"LoginScreen flows displays rate-limit retry message from login result","invocations":1,"location":null,"numPassingAsserts":1,"retryReasons":[],"status":"passed","title":"displays rate-limit retry message from login result"},{"ancestorTitles":["LoginScreen flows"],"duration":158,"failureDetails":[],"failureMessages":[],"fullName":"LoginScreen flows successful sign in navigates to customer route","invocations":1,"location":null,"numPassingAsserts":1,"retryReasons":[],"status":"passed","title":"successful sign in navigates to customer route"}],"endTime":1775085743506,"message":"","name":"D:\\MyProjectsUAI\\weejobs\\__tests__\\onboarding.login.test.tsx","startTime":1775085741710,"status":"passed","summary":""},{"assertionResults":[{"ancestorTitles":["Messages navigation"],"duration":121,"failureDetails":[],"failureMessages":[],"fullName":"Messages navigation navigates to chat when conversation pressed","invocations":1,"location":null,"numPassingAsserts":2,"retryReasons":[],"status":"passed","title":"navigates to chat when conversation pressed"}],"endTime":1775085744338,"message":"","name":"D:\\MyProjectsUAI\\weejobs\\__tests__\\messages.navigation.test.tsx","startTime":1775085743535,"status":"passed","summary":""},{"assertionResults":[{"ancestorTitles":["page smoke: render selected app pages"],"duration":705,"failureDetails":[],"failureMessages":[],"fullName":"page smoke: render selected app pages renders ../app/public-profile","invocations":1,"location":null,"numPassingAsserts":1,"retryReasons":[],"status":"passed","title":"renders ../app/public-profile"},{"ancestorTitles":["page smoke: render selected app pages"],"duration":47,"failureDetails":[],"failureMessages":[],"fullName":"page smoke: render selected app pages renders ../app/admin/index","invocations":1,"location":null,"numPassingAsserts":1,"retryReasons":[],"status":"passed","title":"renders ../app/admin/index"},{"ancestorTitles":["page smoke: render selected app pages"],"duration":1291,"failureDetails":[],"failureMessages":[],"fullName":"page smoke: render selected app pages renders ../app/customer/post-job","invocations":1,"location":null,"numPassingAsserts":1,"retryReasons":[],"status":"passed","title":"renders ../app/customer/post-job"},{"ancestorTitles":["page smoke: render selected app pages"],"duration":103,"failureDetails":[],"failureMessages":[],"fullName":"page smoke: render selected app pages renders ../app/onboarding/login","invocations":1,"location":null,"numPassingAsserts":1,"retryReasons":[],"status":"passed","title":"renders ../app/onboarding/login"},{"ancestorTitles":["page smoke: render selected app pages"],"duration":69,"failureDetails":[],"failureMessages":[],"fullName":"page smoke: render selected app pages renders ../app/onboarding/signup","invocations":1,"location":null,"numPassingAsserts":1,"retryReasons":[],"status":"passed","title":"renders ../app/onboarding/signup"},{"ancestorTitles":["page smoke: render selected app pages"],"duration":589,"failureDetails":[],"failureMessages":[],"fullName":"page smoke: render selected app pages renders ../app/tradie/index","invocations":1,"location":null,"numPassingAsserts":1,"retryReasons":[],"status":"passed","title":"renders ../app/tradie/index"},{"ancestorTitles":["page smoke: render selected app pages"],"duration":231,"failureDetails":[{}],"failureMessages":["TypeError: Super expression must either be null or a function\n    at _inherits (D:\\MyProjectsUAI\\weejobs\\node_modules\\@babel\\runtime\\helpers\\inherits.js:3:51)\n    at D:\\MyProjectsUAI\\weejobs\\node_modules\\expo-file-system\\src\\FileSystem.ts:93:4\n    at Object.<anonymous> (D:\\MyProjectsUAI\\weejobs\\node_modules\\expo-file-system\\src\\FileSystem.ts:136:4)\n    at Runtime._execModule (D:\\MyProjectsUAI\\weejobs\\node_modules\\jest-expo\\node_modules\\jest-runtime\\build\\index.js:1439:24)\n    at Runtime._loadModule (D:\\MyProjectsUAI\\weejobs\\node_modules\\jest-expo\\node_modules\\jest-runtime\\build\\index.js:1022:12)\n    at Runtime.requireModule (D:\\MyProjectsUAI\\weejobs\\node_modules\\jest-expo\\node_modules\\jest-runtime\\build\\index.js:882:12)\n    at Runtime.requireModuleOrMock (D:\\MyProjectsUAI\\weejobs\\node_modules\\jest-expo\\node_modules\\jest-runtime\\build\\index.js:1048:21)\n    at Object.require (D:\\MyProjectsUAI\\weejobs\\node_modules\\expo-file-system\\src\\index.ts:1:1)\n    at Runtime._execModule (D:\\MyProjectsUAI\\weejobs\\node_modules\\jest-expo\\node_modules\\jest-runtime\\build\\index.js:1439:24)\n    at Runtime._loadModule (D:\\MyProjectsUAI\\weejobs\\node_modules\\jest-expo\\node_modules\\jest-runtime\\build\\index.js:1022:12)\n    at Runtime.requireModule (D:\\MyProjectsUAI\\weejobs\\node_modules\\jest-expo\\node_modules\\jest-runtime\\build\\index.js:882:12)\n    at Runtime.requireModuleOrMock (D:\\MyProjectsUAI\\weejobs\\node_modules\\jest-expo\\node_modules\\jest-runtime\\build\\index.js:1048:21)\n    at Object.require (D:\\MyProjectsUAI\\weejobs\\app\\index.tsx:33:16)\n    at Runtime._execModule (D:\\MyProjectsUAI\\weejobs\\node_modules\\jest-expo\\node_modules\\jest-runtime\\build\\index.js:1439:24)\n    at Runtime._loadModule (D:\\MyProjectsUAI\\weejobs\\node_modules\\jest-expo\\node_modules\\jest-runtime\\build\\index.js:1022:12)\n    at Runtime.requireModule (D:\\MyProjectsUAI\\weejobs\\node_modules\\jest-expo\\node_modules\\jest-runtime\\build\\index.js:882:12)\n    at Runtime.requireModuleOrMock (D:\\MyProjectsUAI\\weejobs\\node_modules\\jest-expo\\node_modules\\jest-runtime\\build\\index.js:1048:21)\n    at Object.require (D:\\MyProjectsUAI\\weejobs\\__tests__\\page-smoke.test.tsx:58:19)\n    at Generator.next (<anonymous>)\n    at asyncGeneratorStep (D:\\MyProjectsUAI\\weejobs\\node_modules\\@babel\\runtime\\helpers\\asyncToGenerator.js:3:17)\n    at _next (D:\\MyProjectsUAI\\weejobs\\node_modules\\@babel\\runtime\\helpers\\asyncToGenerator.js:17:9)\n    at D:\\MyProjectsUAI\\weejobs\\node_modules\\@babel\\runtime\\helpers\\asyncToGenerator.js:22:7\n    at new Promise (<anonymous>)\n    at Object.<anonymous> (D:\\MyProjectsUAI\\weejobs\\node_modules\\@babel\\runtime\\helpers\\asyncToGenerator.js:14:12)\n    at Promise.then.completed (D:\\MyProjectsUAI\\weejobs\\node_modules\\jest-expo\\node_modules\\jest-circus\\build\\utils.js:298:28)\n    at new Promise (<anonymous>)\n    at callAsyncCircusFn (D:\\MyProjectsUAI\\weejobs\\node_modules\\jest-expo\\node_modules\\jest-circus\\build\\utils.js:231:10)\n    at _callCircusTest (D:\\MyProjectsUAI\\weejobs\\node_modules\\jest-expo\\node_modules\\jest-circus\\build\\run.js:316:40)\n    at _runTest (D:\\MyProjectsUAI\\weejobs\\node_modules\\jest-expo\\node_modules\\jest-circus\\build\\run.js:252:3)\n    at _runTestsForDescribeBlock (D:\\MyProjectsUAI\\weejobs\\node_modules\\jest-expo\\node_modules\\jest-circus\\build\\run.js:126:9)\n    at _runTestsForDescribeBlock (D:\\MyProjectsUAI\\weejobs\\node_modules\\jest-expo\\node_modules\\jest-circus\\build\\run.js:121:9)\n    at run (D:\\MyProjectsUAI\\weejobs\\node_modules\\jest-expo\\node_modules\\jest-circus\\build\\run.js:71:3)\n    at runAndTransformResultsToJestFormat (D:\\MyProjectsUAI\\weejobs\\node_modules\\jest-expo\\node_modules\\jest-circus\\build\\legacy-code-todo-rewrite\\jestAdapterInit.js:122:21)\n    at jestAdapter (D:\\MyProjectsUAI\\weejobs\\node_modules\\jest-expo\\node_modules\\jest-circus\\build\\legacy-code-todo-rewrite\\jestAdapter.js:79:19)\n    at runTestInternal (D:\\MyProjectsUAI\\weejobs\\node_modules\\jest-expo\\node_modules\\jest-runner\\build\\runTest.js:367:16)\n    at runTest (D:\\MyProjectsUAI\\weejobs\\node_modules\\jest-expo\\node_modules\\jest-runner\\build\\runTest.js:444:34)\n    at Object.worker (D:\\MyProjectsUAI\\weejobs\\node_modules\\jest-expo\\node_modules\\jest-runner\\build\\testWorker.js:106:12)"],"fullName":"page smoke: render selected app pages renders ../app/index","invocations":1,"location":null,"numPassingAsserts":0,"retryReasons":[],"status":"failed","title":"renders ../app/index"},{"ancestorTitles":["page smoke: render selected app pages"],"duration":426,"failureDetails":[],"failureMessages":[],"fullName":"page smoke: render selected app pages renders ../app/job/pay-final","invocations":1,"location":null,"numPassingAsserts":1,"retryReasons":[],"status":"passed","title":"renders ../app/job/pay-final"},{"ancestorTitles":["page smoke: render selected app pages"],"duration":32,"failureDetails":[],"failureMessages":[],"fullName":"page smoke: render selected app pages renders ../app/customer/jobs","invocations":1,"location":null,"numPassingAsserts":1,"retryReasons":[],"status":"passed","title":"renders ../app/customer/jobs"},{"ancestorTitles":["page smoke: render selected app pages"],"duration":230,"failureDetails":[],"failureMessages":[],"fullName":"page smoke: render selected app pages renders ../app/tradie/home","invocations":1,"location":null,"numPassingAsserts":1,"retryReasons":[],"status":"passed","title":"renders ../app/tradie/home"}],"endTime":1775085744483,"message":"\u001b[1m\u001b[31m  \u001b[1m● \u001b[22m\u001b[1mpage smoke: render selected app pages › renders ../app/index\u001b[39m\u001b[22m\n\n    TypeError: Super expression must either be null or a function\n\u001b[2m\u001b[22m\n\u001b[2m    \u001b[0m \u001b[90m 31 |\u001b[39m   console\u001b[33m.\u001b[39mlog(\u001b[32m'[app] expo-file-system/legacy not available, falling back to expo-file-system'\u001b[39m)\u001b[33m;\u001b[39m\u001b[22m\n\u001b[2m     \u001b[90m 32 |\u001b[39m   \u001b[90m// eslint-disable-next-line global-require\u001b[39m\u001b[22m\n\u001b[2m    \u001b[31m\u001b[1m>\u001b[22m\u001b[2m\u001b[39m\u001b[90m 33 |\u001b[39m   \u001b[33mFileSystem\u001b[39m \u001b[33m=\u001b[39m require(\u001b[32m'expo-file-system'\u001b[39m)\u001b[33m;\u001b[39m\u001b[22m\n\u001b[2m     \u001b[90m    |\u001b[39m                \u001b[31m\u001b[1m^\u001b[22m\u001b[2m\u001b[39m\u001b[22m\n\u001b[2m     \u001b[90m 34 |\u001b[39m }\u001b[22m\n\u001b[2m     \u001b[90m 35 |\u001b[39m \u001b[90m// Very early, hard-to-strip markers: use console.error and attempt a quick write\u001b[39m\u001b[22m\n\u001b[2m     \u001b[90m 36 |\u001b[39m \u001b[36mtry\u001b[39m {\u001b[0m\u001b[22m\n\u001b[2m\u001b[22m\n\u001b[2m      \u001b[2mat _inherits (\u001b[22m\u001b[2mnode_modules/@babel/runtime/helpers/inherits.js\u001b[2m:3:51)\u001b[22m\u001b[2m\u001b[22m\n\u001b[2m      \u001b[2mat \u001b[22m\u001b[2mnode_modules/expo-file-system/src/FileSystem.ts\u001b[2m:93:4\u001b[22m\u001b[2m\u001b[22m\n\u001b[2m      \u001b[2mat Object.<anonymous> (\u001b[22m\u001b[2mnode_modules/expo-file-system/src/FileSystem.ts\u001b[2m:136:4)\u001b[22m\u001b[2m\u001b[22m\n\u001b[2m      \u001b[2mat Object.require (\u001b[22m\u001b[2mnode_modules/expo-file-system/src/index.ts\u001b[2m:1:1)\u001b[22m\u001b[2m\u001b[22m\n\u001b[2m      \u001b[2mat Object.require (\u001b[22m\u001b[2mapp/index.tsx\u001b[2m:33:16)\u001b[22m\u001b[2m\u001b[22m\n\u001b[2m      \u001b[2mat Object.require (\u001b[22m\u001b[2m\u001b[0m\u001b[36m__tests__/page-smoke.test.tsx\u001b[39m\u001b[0m\u001b[2m:58:19)\u001b[22m\u001b[2m\u001b[22m\n\u001b[2m      \u001b[2mat asyncGeneratorStep (\u001b[22m\u001b[2mnode_modules/@babel/runtime/helpers/asyncToGenerator.js\u001b[2m:3:17)\u001b[22m\u001b[2m\u001b[22m\n\u001b[2m      \u001b[2mat _next (\u001b[22m\u001b[2mnode_modules/@babel/runtime/helpers/asyncToGenerator.js\u001b[2m:17:9)\u001b[22m\u001b[2m\u001b[22m\n\u001b[2m      \u001b[2mat \u001b[22m\u001b[2mnode_modules/@babel/runtime/helpers/asyncToGenerator.js\u001b[2m:22:7\u001b[22m\u001b[2m\u001b[22m\n\u001b[2m      \u001b[2mat Object.<anonymous> (\u001b[22m\u001b[2mnode_modules/@babel/runtime/helpers/asyncToGenerator.js\u001b[2m:14:12)\u001b[22m\u001b[2m\u001b[22m\n","name":"D:\\MyProjectsUAI\\weejobs\\__tests__\\page-smoke.test.tsx","startTime":1775085734708,"status":"failed","summary":""},{"assertionResults":[{"ancestorTitles":[],"duration":94,"failureDetails":[],"failureMessages":[],"fullName":"AuthContext.login falls back to TEST_USERS when supabase fails","invocations":1,"location":null,"numPassingAsserts":4,"retryReasons":[],"status":"passed","title":"AuthContext.login falls back to TEST_USERS when supabase fails"}],"endTime":1775085744912,"message":"","name":"D:\\MyProjectsUAI\\weejobs\\__tests__\\auth.test.tsx","startTime":1775085744351,"status":"passed","summary":""},{"assertionResults":[{"ancestorTitles":["PostJob submit flow"],"duration":119,"failureDetails":[],"failureMessages":[],"fullName":"PostJob submit flow submits a valid job and navigates to customer jobs","invocations":1,"location":null,"numPassingAsserts":2,"retryReasons":[],"status":"passed","title":"submits a valid job and navigates to customer jobs"}],"endTime":1775085745087,"message":"","name":"D:\\MyProjectsUAI\\weejobs\\__tests__\\post-job.submit.test.tsx","startTime":1775085743480,"status":"passed","summary":""},{"assertionResults":[{"ancestorTitles":["CustomerJobsScreen render"],"duration":2919,"failureDetails":[],"failureMessages":[],"fullName":"CustomerJobsScreen render renders job and shows interest banner when counts > 0","invocations":1,"location":null,"numPassingAsserts":3,"retryReasons":[],"status":"passed","title":"renders job and shows interest banner when counts > 0"}],"endTime":1775085745121,"message":"","name":"D:\\MyProjectsUAI\\weejobs\\__tests__\\customer.jobs.render.test.tsx","startTime":1775085741783,"status":"passed","summary":""},{"assertionResults":[{"ancestorTitles":["ChatScreen render"],"duration":2636,"failureDetails":[],"failureMessages":[],"fullName":"ChatScreen render renders header and seeded messages","invocations":1,"location":null,"numPassingAsserts":3,"retryReasons":[],"status":"passed","title":"renders header and seeded messages"}],"endTime":1775085745161,"message":"","name":"D:\\MyProjectsUAI\\weejobs\\__tests__\\chat.jobid.render.test.tsx","startTime":1775085742008,"status":"passed","summary":""},{"assertionResults":[{"ancestorTitles":["EditJobScreen load flow"],"duration":1325,"failureDetails":[],"failureMessages":[],"fullName":"EditJobScreen load flow renders and pre-fills job fields from supabase","invocations":1,"location":null,"numPassingAsserts":2,"retryReasons":[],"status":"passed","title":"renders and pre-fills job fields from supabase"}],"endTime":1775085745169,"message":"","name":"D:\\MyProjectsUAI\\weejobs\\__tests__\\customer.edit-job.load.test.tsx","startTime":1775085743448,"status":"passed","summary":""},{"assertionResults":[{"ancestorTitles":["module-load-more (require-only)"],"duration":5486,"failureDetails":[{}],"failureMessages":["TypeError: Super expression must either be null or a function\n    at _inherits (D:\\MyProjectsUAI\\weejobs\\node_modules\\@babel\\runtime\\helpers\\inherits.js:3:51)\n    at D:\\MyProjectsUAI\\weejobs\\node_modules\\expo-file-system\\src\\FileSystem.ts:93:4\n    at Object.<anonymous> (D:\\MyProjectsUAI\\weejobs\\node_modules\\expo-file-system\\src\\FileSystem.ts:136:4)\n    at Runtime._execModule (D:\\MyProjectsUAI\\weejobs\\node_modules\\jest-expo\\node_modules\\jest-runtime\\build\\index.js:1439:24)\n    at Runtime._loadModule (D:\\MyProjectsUAI\\weejobs\\node_modules\\jest-expo\\node_modules\\jest-runtime\\build\\index.js:1022:12)\n    at Runtime.requireModule (D:\\MyProjectsUAI\\weejobs\\node_modules\\jest-expo\\node_modules\\jest-runtime\\build\\index.js:882:12)\n    at Runtime.requireModuleOrMock (D:\\MyProjectsUAI\\weejobs\\node_modules\\jest-expo\\node_modules\\jest-runtime\\build\\index.js:1048:21)\n    at Object.require (D:\\MyProjectsUAI\\weejobs\\node_modules\\expo-file-system\\src\\index.ts:1:1)\n    at Runtime._execModule (D:\\MyProjectsUAI\\weejobs\\node_modules\\jest-expo\\node_modules\\jest-runtime\\build\\index.js:1439:24)\n    at Runtime._loadModule (D:\\MyProjectsUAI\\weejobs\\node_modules\\jest-expo\\node_modules\\jest-runtime\\build\\index.js:1022:12)\n    at Runtime.requireModule (D:\\MyProjectsUAI\\weejobs\\node_modules\\jest-expo\\node_modules\\jest-runtime\\build\\index.js:882:12)\n    at Runtime.requireModuleOrMock (D:\\MyProjectsUAI\\weejobs\\node_modules\\jest-expo\\node_modules\\jest-runtime\\build\\index.js:1048:21)\n    at Object.require (D:\\MyProjectsUAI\\weejobs\\app\\index.tsx:33:16)\n    at Runtime._execModule (D:\\MyProjectsUAI\\weejobs\\node_modules\\jest-expo\\node_modules\\jest-runtime\\build\\index.js:1439:24)\n    at Runtime._loadModule (D:\\MyProjectsUAI\\weejobs\\node_modules\\jest-expo\\node_modules\\jest-runtime\\build\\index.js:1022:12)\n    at Runtime.requireModule (D:\\MyProjectsUAI\\weejobs\\node_modules\\jest-expo\\node_modules\\jest-runtime\\build\\index.js:882:12)\n    at Runtime.requireModuleOrMock (D:\\MyProjectsUAI\\weejobs\\node_modules\\jest-expo\\node_modules\\jest-runtime\\build\\index.js:1048:21)\n    at require (D:\\MyProjectsUAI\\weejobs\\__tests__\\module-load-more.test.ts:56:21)\n    at Array.forEach (<anonymous>)\n    at Object.forEach (D:\\MyProjectsUAI\\weejobs\\__tests__\\module-load-more.test.ts:53:13)\n    at Promise.then.completed (D:\\MyProjectsUAI\\weejobs\\node_modules\\jest-expo\\node_modules\\jest-circus\\build\\utils.js:298:28)\n    at new Promise (<anonymous>)\n    at callAsyncCircusFn (D:\\MyProjectsUAI\\weejobs\\node_modules\\jest-expo\\node_modules\\jest-circus\\build\\utils.js:231:10)\n    at _callCircusTest (D:\\MyProjectsUAI\\weejobs\\node_modules\\jest-expo\\node_modules\\jest-circus\\build\\run.js:316:40)\n    at processTicksAndRejections (node:internal/process/task_queues:104:5)\n    at _runTest (D:\\MyProjectsUAI\\weejobs\\node_modules\\jest-expo\\node_modules\\jest-circus\\build\\run.js:252:3)\n    at _runTestsForDescribeBlock (D:\\MyProjectsUAI\\weejobs\\node_modules\\jest-expo\\node_modules\\jest-circus\\build\\run.js:126:9)\n    at _runTestsForDescribeBlock (D:\\MyProjectsUAI\\weejobs\\node_modules\\jest-expo\\node_modules\\jest-circus\\build\\run.js:121:9)\n    at run (D:\\MyProjectsUAI\\weejobs\\node_modules\\jest-expo\\node_modules\\jest-circus\\build\\run.js:71:3)\n    at runAndTransformResultsToJestFormat (D:\\MyProjectsUAI\\weejobs\\node_modules\\jest-expo\\node_modules\\jest-circus\\build\\legacy-code-todo-rewrite\\jestAdapterInit.js:122:21)\n    at jestAdapter (D:\\MyProjectsUAI\\weejobs\\node_modules\\jest-expo\\node_modules\\jest-circus\\build\\legacy-code-todo-rewrite\\jestAdapter.js:79:19)\n    at runTestInternal (D:\\MyProjectsUAI\\weejobs\\node_modules\\jest-expo\\node_modules\\jest-runner\\build\\runTest.js:367:16)\n    at runTest (D:\\MyProjectsUAI\\weejobs\\node_modules\\jest-expo\\node_modules\\jest-runner\\build\\runTest.js:444:34)\n    at Object.worker (D:\\MyProjectsUAI\\weejobs\\node_modules\\jest-expo\\node_modules\\jest-runner\\build\\testWorker.js:106:12)"],"fullName":"module-load-more (require-only) requires additional app pages, hooks and libs without throwing","invocations":1,"location":null,"numPassingAsserts":0,"retryReasons":[],"status":"failed","title":"requires additional app pages, hooks and libs without throwing"}],"endTime":1775085745181,"message":"\u001b[1m\u001b[31m  \u001b[1m● \u001b[22m\u001b[1mmodule-load-more (require-only) › requires additional app pages, hooks and libs without throwing\u001b[39m\u001b[22m\n\n    TypeError: Super expression must either be null or a function\n\u001b[2m\u001b[22m\n\u001b[2m    \u001b[0m \u001b[90m 31 |\u001b[39m   console\u001b[33m.\u001b[39mlog(\u001b[32m'[app] expo-file-system/legacy not available, falling back to expo-file-system'\u001b[39m)\u001b[33m;\u001b[39m\u001b[22m\n\u001b[2m     \u001b[90m 32 |\u001b[39m   \u001b[90m// eslint-disable-next-line global-require\u001b[39m\u001b[22m\n\u001b[2m    \u001b[31m\u001b[1m>\u001b[22m\u001b[2m\u001b[39m\u001b[90m 33 |\u001b[39m   \u001b[33mFileSystem\u001b[39m \u001b[33m=\u001b[39m require(\u001b[32m'expo-file-system'\u001b[39m)\u001b[33m;\u001b[39m\u001b[22m\n\u001b[2m     \u001b[90m    |\u001b[39m                \u001b[31m\u001b[1m^\u001b[22m\u001b[2m\u001b[39m\u001b[22m\n\u001b[2m     \u001b[90m 34 |\u001b[39m }\u001b[22m\n\u001b[2m     \u001b[90m 35 |\u001b[39m \u001b[90m// Very early, hard-to-strip markers: use console.error and attempt a quick write\u001b[39m\u001b[22m\n\u001b[2m     \u001b[90m 36 |\u001b[39m \u001b[36mtry\u001b[39m {\u001b[0m\u001b[22m\n\u001b[2m\u001b[22m\n\u001b[2m      \u001b[2mat _inherits (\u001b[22m\u001b[2mnode_modules/@babel/runtime/helpers/inherits.js\u001b[2m:3:51)\u001b[22m\u001b[2m\u001b[22m\n\u001b[2m      \u001b[2mat \u001b[22m\u001b[2mnode_modules/expo-file-system/src/FileSystem.ts\u001b[2m:93:4\u001b[22m\u001b[2m\u001b[22m\n\u001b[2m      \u001b[2mat Object.<anonymous> (\u001b[22m\u001b[2mnode_modules/expo-file-system/src/FileSystem.ts\u001b[2m:136:4)\u001b[22m\u001b[2m\u001b[22m\n\u001b[2m      \u001b[2mat Object.require (\u001b[22m\u001b[2mnode_modules/expo-file-system/src/index.ts\u001b[2m:1:1)\u001b[22m\u001b[2m\u001b[22m\n\u001b[2m      \u001b[2mat Object.require (\u001b[22m\u001b[2mapp/index.tsx\u001b[2m:33:16)\u001b[22m\u001b[2m\u001b[22m\n\u001b[2m      \u001b[2mat require (\u001b[22m\u001b[2m\u001b[0m\u001b[36m__tests__/module-load-more.test.ts\u001b[39m\u001b[0m\u001b[2m:56:21)\u001b[22m\u001b[2m\u001b[22m\n\u001b[2m          at Array.forEach (<anonymous>)\u001b[22m\n\u001b[2m      \u001b[2mat Object.forEach (\u001b[22m\u001b[2m\u001b[0m\u001b[36m__tests__/module-load-more.test.ts\u001b[39m\u001b[0m\u001b[2m:53:13)\u001b[22m\u001b[2m\u001b[22m\n","name":"D:\\MyProjectsUAI\\weejobs\\__tests__\\module-load-more.test.ts","startTime":1775085734689,"status":"failed","summary":""},{"assertionResults":[{"ancestorTitles":["TradieProfileScreen"],"duration":6069,"failureDetails":[{"message":"thrown: \"Exceeded timeout of 5000 ms for a test.\nAdd a timeout value to this test to increase the timeout, if this is a long-running test. See https://jestjs.io/docs/api#testname-fn-timeout.\""}],"failureMessages":["Error: thrown: \"Exceeded timeout of 5000 ms for a test.\nAdd a timeout value to this test to increase the timeout, if this is a long-running test. See https://jestjs.io/docs/api#testname-fn-timeout.\"\n    at it (D:\\MyProjectsUAI\\weejobs\\__tests__\\tradie.profile.test.tsx:33:3)\n    at _dispatchDescribe (D:\\MyProjectsUAI\\weejobs\\node_modules\\jest-expo\\node_modules\\jest-circus\\build\\index.js:91:26)\n    at describe (D:\\MyProjectsUAI\\weejobs\\node_modules\\jest-expo\\node_modules\\jest-circus\\build\\index.js:55:5)\n    at Object.describe (D:\\MyProjectsUAI\\weejobs\\__tests__\\tradie.profile.test.tsx:32:1)\n    at Runtime._execModule (D:\\MyProjectsUAI\\weejobs\\node_modules\\jest-expo\\node_modules\\jest-runtime\\build\\index.js:1439:24)\n    at Runtime._loadModule (D:\\MyProjectsUAI\\weejobs\\node_modules\\jest-expo\\node_modules\\jest-runtime\\build\\index.js:1022:12)\n    at Runtime.requireModule (D:\\MyProjectsUAI\\weejobs\\node_modules\\jest-expo\\node_modules\\jest-runtime\\build\\index.js:882:12)\n    at jestAdapter (D:\\MyProjectsUAI\\weejobs\\node_modules\\jest-expo\\node_modules\\jest-circus\\build\\legacy-code-todo-rewrite\\jestAdapter.js:77:13)\n    at processTicksAndRejections (node:internal/process/task_queues:104:5)\n    at runTestInternal (D:\\MyProjectsUAI\\weejobs\\node_modules\\jest-expo\\node_modules\\jest-runner\\build\\runTest.js:367:16)\n    at runTest (D:\\MyProjectsUAI\\weejobs\\node_modules\\jest-expo\\node_modules\\jest-runner\\build\\runTest.js:444:34)\n    at Object.worker (D:\\MyProjectsUAI\\weejobs\\node_modules\\jest-expo\\node_modules\\jest-runner\\build\\testWorker.js:106:12)"],"fullName":"TradieProfileScreen renders basic profile info and allows toggling areas","invocations":1,"location":null,"numPassingAsserts":3,"retryReasons":[],"status":"failed","title":"renders basic profile info and allows toggling areas"}],"endTime":1775085745190,"message":"\u001b[1m\u001b[31m  \u001b[1m● \u001b[22m\u001b[1mTradieProfileScreen › renders basic profile info and allows toggling areas\u001b[39m\u001b[22m\n\n    thrown: \"Exceeded timeout of 5000 ms for a test.\n    Add a timeout value to this test to increase the timeout, if this is a long-running test. See https://jestjs.io/docs/api#testname-fn-timeout.\"\n\u001b[2m\u001b[22m\n\u001b[2m    \u001b[0m \u001b[90m 31 |\u001b[39m\u001b[22m\n\u001b[2m     \u001b[90m 32 |\u001b[39m describe(\u001b[32m'TradieProfileScreen'\u001b[39m\u001b[33m,\u001b[39m () \u001b[33m=>\u001b[39m {\u001b[22m\n\u001b[2m    \u001b[31m\u001b[1m>\u001b[22m\u001b[2m\u001b[39m\u001b[90m 33 |\u001b[39m   it(\u001b[32m'renders basic profile info and allows toggling areas'\u001b[39m\u001b[33m,\u001b[39m \u001b[36masync\u001b[39m () \u001b[33m=>\u001b[39m {\u001b[22m\n\u001b[2m     \u001b[90m    |\u001b[39m   \u001b[31m\u001b[1m^\u001b[22m\u001b[2m\u001b[39m\u001b[22m\n\u001b[2m     \u001b[90m 34 |\u001b[39m     \u001b[36mconst\u001b[39m \u001b[33mScreen\u001b[39m \u001b[33m=\u001b[39m require(\u001b[32m'../app/tradie/profile'\u001b[39m)\u001b[33m.\u001b[39m\u001b[36mdefault\u001b[39m\u001b[33m;\u001b[39m\u001b[22m\n\u001b[2m     \u001b[90m 35 |\u001b[39m       \u001b[36mconst\u001b[39m { getByText\u001b[33m,\u001b[39m getByPlaceholderText\u001b[33m,\u001b[39m getAllByText } \u001b[33m=\u001b[39m render(\u001b[33m<\u001b[39m\u001b[33mScreen\u001b[39m \u001b[33m/\u001b[39m\u001b[33m>\u001b[39m)\u001b[33m;\u001b[39m\u001b[22m\n\u001b[2m     \u001b[90m 36 |\u001b[39m\u001b[0m\u001b[22m\n\u001b[2m\u001b[22m\n\u001b[2m      \u001b[2mat it (\u001b[22m\u001b[2m\u001b[0m\u001b[36m__tests__/tradie.profile.test.tsx\u001b[39m\u001b[0m\u001b[2m:33:3)\u001b[22m\u001b[2m\u001b[22m\n\u001b[2m      \u001b[2mat Object.describe (\u001b[22m\u001b[2m\u001b[0m\u001b[36m__tests__/tradie.profile.test.tsx\u001b[39m\u001b[0m\u001b[2m:32:1)\u001b[22m\u001b[2m\u001b[22m\n","name":"D:\\MyProjectsUAI\\weejobs\\__tests__\\tradie.profile.test.tsx","startTime":1775085734620,"status":"failed","summary":""},{"assertionResults":[{"ancestorTitles":[],"duration":136,"failureDetails":[],"failureMessages":[],"fullName":"signup requires verification when user is unconfirmed","invocations":1,"location":null,"numPassingAsserts":2,"retryReasons":[],"status":"passed","title":"signup requires verification when user is unconfirmed"},{"ancestorTitles":[],"duration":130,"failureDetails":[],"failureMessages":[],"fullName":"login returns user when confirmed","invocations":1,"location":null,"numPassingAsserts":3,"retryReasons":[],"status":"passed","title":"login returns user when confirmed"}],"endTime":1775085745226,"message":"","name":"D:\\MyProjectsUAI\\weejobs\\__tests__\\signup-login.e2e.test.tsx","startTime":1775085741626,"status":"passed","summary":""},{"assertionResults":[{"ancestorTitles":["Smoke harness - quick module load"],"duration":6240,"failureDetails":[{}],"failureMessages":["TypeError: Super expression must either be null or a function\n    at _inherits (D:\\MyProjectsUAI\\weejobs\\node_modules\\@babel\\runtime\\helpers\\inherits.js:3:51)\n    at D:\\MyProjectsUAI\\weejobs\\node_modules\\expo-file-system\\src\\FileSystem.ts:93:4\n    at Object.<anonymous> (D:\\MyProjectsUAI\\weejobs\\node_modules\\expo-file-system\\src\\FileSystem.ts:136:4)\n    at Runtime._execModule (D:\\MyProjectsUAI\\weejobs\\node_modules\\jest-expo\\node_modules\\jest-runtime\\build\\index.js:1439:24)\n    at Runtime._loadModule (D:\\MyProjectsUAI\\weejobs\\node_modules\\jest-expo\\node_modules\\jest-runtime\\build\\index.js:1022:12)\n    at Runtime.requireModule (D:\\MyProjectsUAI\\weejobs\\node_modules\\jest-expo\\node_modules\\jest-runtime\\build\\index.js:882:12)\n    at Runtime.requireModuleOrMock (D:\\MyProjectsUAI\\weejobs\\node_modules\\jest-expo\\node_modules\\jest-runtime\\build\\index.js:1048:21)\n    at Object.require (D:\\MyProjectsUAI\\weejobs\\node_modules\\expo-file-system\\src\\index.ts:1:1)\n    at Runtime._execModule (D:\\MyProjectsUAI\\weejobs\\node_modules\\jest-expo\\node_modules\\jest-runtime\\build\\index.js:1439:24)\n    at Runtime._loadModule (D:\\MyProjectsUAI\\weejobs\\node_modules\\jest-expo\\node_modules\\jest-runtime\\build\\index.js:1022:12)\n    at Runtime.requireModule (D:\\MyProjectsUAI\\weejobs\\node_modules\\jest-expo\\node_modules\\jest-runtime\\build\\index.js:882:12)\n    at Runtime.requireModuleOrMock (D:\\MyProjectsUAI\\weejobs\\node_modules\\jest-expo\\node_modules\\jest-runtime\\build\\index.js:1048:21)\n    at Object.require (D:\\MyProjectsUAI\\weejobs\\app\\index.tsx:33:16)\n    at Runtime._execModule (D:\\MyProjectsUAI\\weejobs\\node_modules\\jest-expo\\node_modules\\jest-runtime\\build\\index.js:1439:24)\n    at Runtime._loadModule (D:\\MyProjectsUAI\\weejobs\\node_modules\\jest-expo\\node_modules\\jest-runtime\\build\\index.js:1022:12)\n    at Runtime.requireModule (D:\\MyProjectsUAI\\weejobs\\node_modules\\jest-expo\\node_modules\\jest-runtime\\build\\index.js:882:12)\n    at Runtime.requireModuleOrMock (D:\\MyProjectsUAI\\weejobs\\node_modules\\jest-expo\\node_modules\\jest-runtime\\build\\index.js:1048:21)\n    at Object.require (D:\\MyProjectsUAI\\weejobs\\__tests__\\smoke.harness.test.ts:4:18)\n    at Promise.then.completed (D:\\MyProjectsUAI\\weejobs\\node_modules\\jest-expo\\node_modules\\jest-circus\\build\\utils.js:298:28)\n    at new Promise (<anonymous>)\n    at callAsyncCircusFn (D:\\MyProjectsUAI\\weejobs\\node_modules\\jest-expo\\node_modules\\jest-circus\\build\\utils.js:231:10)\n    at _callCircusTest (D:\\MyProjectsUAI\\weejobs\\node_modules\\jest-expo\\node_modules\\jest-circus\\build\\run.js:316:40)\n    at processTicksAndRejections (node:internal/process/task_queues:104:5)\n    at _runTest (D:\\MyProjectsUAI\\weejobs\\node_modules\\jest-expo\\node_modules\\jest-circus\\build\\run.js:252:3)\n    at _runTestsForDescribeBlock (D:\\MyProjectsUAI\\weejobs\\node_modules\\jest-expo\\node_modules\\jest-circus\\build\\run.js:126:9)\n    at _runTestsForDescribeBlock (D:\\MyProjectsUAI\\weejobs\\node_modules\\jest-expo\\node_modules\\jest-circus\\build\\run.js:121:9)\n    at run (D:\\MyProjectsUAI\\weejobs\\node_modules\\jest-expo\\node_modules\\jest-circus\\build\\run.js:71:3)\n    at runAndTransformResultsToJestFormat (D:\\MyProjectsUAI\\weejobs\\node_modules\\jest-expo\\node_modules\\jest-circus\\build\\legacy-code-todo-rewrite\\jestAdapterInit.js:122:21)\n    at jestAdapter (D:\\MyProjectsUAI\\weejobs\\node_modules\\jest-expo\\node_modules\\jest-circus\\build\\legacy-code-todo-rewrite\\jestAdapter.js:79:19)\n    at runTestInternal (D:\\MyProjectsUAI\\weejobs\\node_modules\\jest-expo\\node_modules\\jest-runner\\build\\runTest.js:367:16)\n    at runTest (D:\\MyProjectsUAI\\weejobs\\node_modules\\jest-expo\\no
[...]
job.tsx default export when possible","invocations":1,"location":null,"numPassingAsserts":1,"retryReasons":[],"status":"passed","title":"render ..\\app\\customer\\post-job.tsx default export when possible"},{"ancestorTitles":["module-render: attempt to render default exports"],"duration":250,"failureDetails":[],"failureMessages":[],"fullName":"module-render: attempt to render default exports render ..\\app\\customer\\profile.tsx default export when possible","invocations":1,"location":null,"numPassingAsserts":1,"retryReasons":[],"status":"passed","title":"render ..\\app\\customer\\profile.tsx default export when possible"},{"ancestorTitles":["module-render: attempt to render default exports"],"duration":223,"failureDetails":[],"failureMessages":[],"fullName":"module-render: attempt to render default exports render ..\\app\\customer\\_layout.tsx default export when possible","invocations":1,"location":null,"numPassingAsserts":1,"retryReasons":[],"status":"passed","title":"render ..\\app\\customer\\_layout.tsx default export when possible"},{"ancestorTitles":["module-render: attempt to render default exports"],"duration":216,"failureDetails":[],"failureMessages":[],"fullName":"module-render: attempt to render default exports render ..\\app\\index.tsx default export when possible","invocations":1,"location":null,"numPassingAsserts":1,"retryReasons":[],"status":"passed","title":"render ..\\app\\index.tsx default export when possible"},{"ancestorTitles":["module-render: attempt to render default exports"],"duration":331,"failureDetails":[],"failureMessages":[],"fullName":"module-render: attempt to render default exports render ..\\app\\job\\approve-quote.tsx default export when possible","invocations":1,"location":null,"numPassingAsserts":1,"retryReasons":[],"status":"passed","title":"render ..\\app\\job\\approve-quote.tsx default export when possible"},{"ancestorTitles":["module-render: attempt to render default exports"],"duration":271,"failureDetails":[],"failureMessages":[],"fullName":"module-render: attempt to render default exports render ..\\app\\job\\choose-tradesman.tsx default export when possible","invocations":1,"location":null,"numPassingAsserts":1,"retryReasons":[],"status":"passed","title":"render ..\\app\\job\\choose-tradesman.tsx default export when possible"},{"ancestorTitles":["module-render: attempt to render default exports"],"duration":267,"failureDetails":[],"failureMessages":[],"fullName":"module-render: attempt to render default exports render ..\\app\\job\\pay-deposit.tsx default export when possible","invocations":1,"location":null,"numPassingAsserts":1,"retryReasons":[],"status":"passed","title":"render ..\\app\\job\\pay-deposit.tsx default export when possible"},{"ancestorTitles":["module-render: attempt to render default exports"],"duration":15,"failureDetails":[],"failureMessages":[],"fullName":"module-render: attempt to render default exports render ..\\app\\job\\pay-final.tsx default export when possible","invocations":1,"location":null,"numPassingAsserts":1,"retryReasons":[],"status":"passed","title":"render ..\\app\\job\\pay-final.tsx default export when possible"},{"ancestorTitles":["module-render: attempt to render default exports"],"duration":103,"failureDetails":[],"failureMessages":[],"fullName":"module-render: attempt to render default exports render ..\\app\\job\\receipt.tsx default export when possible","invocations":1,"location":null,"numPassingAsserts":1,"retryReasons":[],"status":"passed","title":"render ..\\app\\job\\receipt.tsx default export when possible"},{"ancestorTitles":["module-render: attempt to render default exports"],"duration":173,"failureDetails":[],"failureMessages":[],"fullName":"module-render: attempt to render default exports render ..\\app\\job\\review.tsx default export when possible","invocations":1,"location":null,"numPassingAsserts":1,"retryReasons":[],"status":"passed","title":"render ..\\app\\job\\review.tsx default export when possible"},{"ancestorTitles":["module-render: attempt to render default exports"],"duration":377,"failureDetails":[],"failureMessages":[],"fullName":"module-render: attempt to render default exports render ..\\app\\job\\send-quote.tsx default export when possible","invocations":1,"location":null,"numPassingAsserts":1,"retryReasons":[],"status":"passed","title":"render ..\\app\\job\\send-quote.tsx default export when possible"},{"ancestorTitles":["module-render: attempt to render default exports"],"duration":41,"failureDetails":[],"failureMessages":[],"fullName":"module-render: attempt to render default exports render ..\\app\\job\\tracking.tsx default export when possible","invocations":1,"location":null,"numPassingAsserts":1,"retryReasons":[],"status":"passed","title":"render ..\\app\\job\\tracking.tsx default export when possible"},{"ancestorTitles":["module-render: attempt to render default exports"],"duration":52,"failureDetails":[],"failureMessages":[],"fullName":"module-render: attempt to render default exports render ..\\app\\job\\_layout.tsx default export when possible","invocations":1,"location":null,"numPassingAsserts":1,"retryReasons":[],"status":"passed","title":"render ..\\app\\job\\_layout.tsx default export when possible"},{"ancestorTitles":["module-render: attempt to render default exports"],"duration":107,"failureDetails":[],"failureMessages":[],"fullName":"module-render: attempt to render default exports render ..\\app\\onboarding\\checklist.tsx default export when possible","invocations":1,"location":null,"numPassingAsserts":1,"retryReasons":[],"status":"passed","title":"render ..\\app\\onboarding\\checklist.tsx default export when possible"},{"ancestorTitles":["module-render: attempt to render default exports"],"duration":108,"failureDetails":[],"failureMessages":[],"fullName":"module-render: attempt to render default exports render ..\\app\\onboarding\\forgot-username.tsx default export when possible","invocations":1,"location":null,"numPassingAsserts":1,"retryReasons":[],"status":"passed","title":"render ..\\app\\onboarding\\forgot-username.tsx default export when possible"},{"ancestorTitles":["module-render: attempt to render default exports"],"duration":214,"failureDetails":[],"failureMessages":[],"fullName":"module-render: attempt to render default exports render ..\\app\\onboarding\\intro.tsx default export when possible","invocations":1,"location":null,"numPassingAsserts":1,"retryReasons":[],"status":"passed","title":"render ..\\app\\onboarding\\intro.tsx default export when possible"},{"ancestorTitles":["module-render: attempt to render default exports"],"duration":42,"failureDetails":[],"failureMessages":[],"fullName":"module-render: attempt to render default exports render ..\\app\\onboarding\\login.tsx default export when possible","invocations":1,"location":null,"numPassingAsserts":1,"retryReasons":[],"status":"passed","title":"render ..\\app\\onboarding\\login.tsx default export when possible"},{"ancestorTitles":["module-render: attempt to render default exports"],"duration":127,"failureDetails":[],"failureMessages":[],"fullName":"module-render: attempt to render default exports render ..\\app\\onboarding\\reset-password.tsx default export when possible","invocations":1,"location":null,"numPassingAsserts":1,"retryReasons":[],"status":"passed","title":"render ..\\app\\onboarding\\reset-password.tsx default export when possible"},{"ancestorTitles":["module-render: attempt to render default exports"],"duration":75,"failureDetails":[],"failureMessages":[],"fullName":"module-render: attempt to render default exports render ..\\app\\onboarding\\role-select.tsx default export when possible","invocations":1,"location":null,"numPassingAsserts":1,"retryReasons":[],"status":"passed","title":"render ..\\app\\onboarding\\role-select.tsx default export when possible"},{"ancestorTitles":["module-render: attempt to render default exports"],"duration":74,"failureDetails":[],"failureMessages":[],"fullName":"module-render: attempt to render default exports render ..\\app\\onboarding\\signup.tsx default export when possible","invocations":1,"location":null,"numPassingAsserts":1,"retryReasons":[],"status":"passed","title":"render ..\\app\\onboarding\\signup.tsx default export when possible"},{"ancestorTitles":["module-render: attempt to render default exports"],"duration":32,"failureDetails":[],"failureMessages":[],"fullName":"module-render: attempt to render default exports render ..\\app\\public-profile.tsx default export when possible","invocations":1,"location":null,"numPassingAsserts":1,"retryReasons":[],"status":"passed","title":"render ..\\app\\public-profile.tsx default export when possible"},{"ancestorTitles":["module-render: attempt to render default exports"],"duration":256,"failureDetails":[],"failureMessages":[],"fullName":"module-render: attempt to render default exports render ..\\app\\settings.tsx default export when possible","invocations":1,"location":null,"numPassingAsserts":1,"retryReasons":[],"status":"passed","title":"render ..\\app\\settings.tsx default export when possible"},{"ancestorTitles":["module-render: attempt to render default exports"],"duration":347,"failureDetails":[],"failureMessages":[],"fullName":"module-render: attempt to render default exports render ..\\app\\tradie\\current-jobs.tsx default export when possible","invocations":1,"location":null,"numPassingAsserts":1,"retryReasons":[],"status":"passed","title":"render ..\\app\\tradie\\current-jobs.tsx default export when possible"},{"ancestorTitles":["module-render: attempt to render default exports"],"duration":134,"failureDetails":[],"failureMessages":[],"fullName":"module-render: attempt to render default exports render ..\\app\\tradie\\dashboard.tsx default export when possible","invocations":1,"location":null,"numPassingAsserts":1,"retryReasons":[],"status":"passed","title":"render ..\\app\\tradie\\dashboard.tsx default export when possible"},{"ancestorTitles":["module-render: attempt to render default exports"],"duration":460,"failureDetails":[],"failureMessages":[],"fullName":"module-render: attempt to render default exports render ..\\app\\tradie\\earnings.tsx default export when possible","invocations":1,"location":null,"numPassingAsserts":1,"retryReasons":[],"status":"passed","title":"render ..\\app\\tradie\\earnings.tsx default export when possible"},{"ancestorTitles":["module-render: attempt to render default exports"],"duration":53,"failureDetails":[],"failureMessages":[],"fullName":"module-render: attempt to render default exports render ..\\app\\tradie\\home.tsx default export when possible","invocations":1,"location":null,"numPassingAsserts":1,"retryReasons":[],"status":"passed","title":"render ..\\app\\tradie\\home.tsx default export when possible"},{"ancestorTitles":["module-render: attempt to render default exports"],"duration":40,"failureDetails":[],"failureMessages":[],"fullName":"module-render: attempt to render default exports render ..\\app\\tradie\\index.tsx default export when possible","invocations":1,"location":null,"numPassingAsserts":1,"retryReasons":[],"status":"passed","title":"render ..\\app\\tradie\\index.tsx default export when possible"},{"ancestorTitles":["module-render: attempt to render default exports"],"duration":323,"failureDetails":[],"failureMessages":[],"fullName":"module-render: attempt to render default exports render ..\\app\\tradie\\messages.tsx default export when possible","invocations":1,"location":null,"numPassingAsserts":1,"retryReasons":[],"status":"passed","title":"render ..\\app\\tradie\\messages.tsx default export when possible"},{"ancestorTitles":["module-render: attempt to render default exports"],"duration":203,"failureDetails":[],"failureMessages":[],"fullName":"module-render: attempt to render default exports render ..\\app\\tradie\\payout.tsx default export when possible","invocations":1,"location":null,"numPassingAsserts":1,"retryReasons":[],"status":"passed","title":"render ..\\app\\tradie\\payout.tsx default export when possible"},{"ancestorTitles":["module-render: attempt to render default exports"],"duration":31,"failureDetails":[],"failureMessages":[],"fullName":"module-render: attempt to render default exports render ..\\app\\tradie\\pricing.tsx default export when possible","invocations":1,"location":null,"numPassingAsserts":1,"retryReasons":[],"status":"passed","title":"render ..\\app\\tradie\\pricing.tsx default export when possible"},{"ancestorTitles":["module-render: attempt to render default exports"],"duration":38,"failureDetails":[],"failureMessages":[],"fullName":"module-render: attempt to render default exports render ..\\app\\tradie\\profile.tsx default export when possible","invocations":1,"location":null,"numPassingAsserts":1,"retryReasons":[],"status":"passed","title":"render ..\\app\\tradie\\profile.tsx default export when possible"},{"ancestorTitles":["module-render: attempt to render default exports"],"duration":210,"failureDetails":[],"failureMessages":[],"fullName":"module-render: attempt to render default exports render ..\\app\\tradie\\review-customer.tsx default export when possible","invocations":1,"location":null,"numPassingAsserts":1,"retryReasons":[],"status":"passed","title":"render ..\\app\\tradie\\review-customer.tsx default export when possible"},{"ancestorTitles":["module-render: attempt to render default exports"],"duration":369,"failureDetails":[],"failureMessages":[],"fullName":"module-render: attempt to render default exports render ..\\app\\tradie\\weebucks.tsx default export when possible","invocations":1,"location":null,"numPassingAsserts":1,"retryReasons":[],"status":"passed","title":"render ..\\app\\tradie\\weebucks.tsx default export when possible"},{"ancestorTitles":["module-render: attempt to render default exports"],"duration":14,"failureDetails":[],"failureMessages":[],"fullName":"module-render: attempt to render default exports render ..\\app\\tradie\\_layout.tsx default export when possible","invocations":1,"location":null,"numPassingAsserts":1,"retryReasons":[],"status":"passed","title":"render ..\\app\\tradie\\_layout.tsx default export when possible"},{"ancestorTitles":["module-render: attempt to render default exports"],"duration":62,"failureDetails":[],"failureMessages":[],"fullName":"module-render: attempt to render default exports render ..\\app\\_layout.tsx default export when possible","invocations":1,"location":null,"numPassingAsserts":1,"retryReasons":[],"status":"passed","title":"render ..\\app\\_layout.tsx default export when possible"}],"endTime":1775085748892,"message":"","name":"D:\\MyProjectsUAI\\weejobs\\__tests__\\module-render-all.test.ts","startTime":1775085734739,"status":"passed","summary":""},{"assertionResults":[{"ancestorTitles":["supabase client"],"duration":1,"failureDetails":[],"failureMessages":[],"fullName":"supabase client exports a supabase client with query methods","invocations":1,"location":null,"numPassingAsserts":2,"retryReasons":[],"status":"passed","title":"exports a supabase client with query methods"}],"endTime":1775085748898,"message":"","name":"D:\\MyProjectsUAI\\weejobs\\__tests__\\supabase.test.ts","startTime":1775085748745,"status":"passed","summary":""},{"assertionResults":[{"ancestorTitles":["analytics.track"],"duration":2,"failureDetails":[],"failureMessages":[],"fullName":"analytics.track logs to console when ANALYTICS_ENDPOINT not set","invocations":1,"location":null,"numPassingAsserts":1,"retryReasons":[],"status":"passed","title":"logs to console when ANALYTICS_ENDPOINT not set"},{"ancestorTitles":["analytics.track"],"duration":1,"failureDetails":[],"failureMessages":[],"fullName":"analytics.track calls fetch when ANALYTICS_ENDPOINT set","invocations":1,"location":null,"numPassingAsserts":1,"retryReasons":[],"status":"passed","title":"calls fetch when ANALYTICS_ENDPOINT set"}],"endTime":1775085748908,"message":"","name":"D:\\MyProjectsUAI\\weejobs\\__tests__\\analytics.test.ts","startTime":1775085748725,"status":"passed","summary":""},{"assertionResults":[{"ancestorTitles":["design tokens export"],"duration":1,"failureDetails":[],"failureMessages":[],"fullName":"design tokens export exports Colors, Spacing and BorderRadius","invocations":1,"location":null,"numPassingAsserts":4,"retryReasons":[],"status":"passed","title":"exports Colors, Spacing and BorderRadius"},{"ancestorTitles":["design tokens export"],"duration":0,"failureDetails":[],"failureMessages":[],"fullName":"design tokens export Colors contain expected keys","invocations":1,"location":null,"numPassingAsserts":2,"retryReasons":[],"status":"passed","title":"Colors contain expected keys"}],"endTime":1775085748914,"message":"","name":"D:\\MyProjectsUAI\\weejobs\\__tests__\\design-tokens.export.test.ts","startTime":1775085748707,"status":"passed","summary":""},{"assertionResults":[{"ancestorTitles":[],"duration":15,"failureDetails":[],"failureMessages":[],"fullName":"CustomerHome renders and navigates to post-job","invocations":1,"location":null,"numPassingAsserts":1,"retryReasons":[],"status":"passed","title":"CustomerHome renders and navigates to post-job"}],"endTime":1775085748919,"message":"","name":"D:\\MyProjectsUAI\\weejobs\\__tests__\\customer.home.test.tsx","startTime":1775085748645,"status":"passed","summary":""},{"assertionResults":[{"ancestorTitles":["module-load-app-all"],"duration":9467,"failureDetails":[],"failureMessages":[],"fullName":"module-load-app-all require all app files safely","invocations":1,"location":null,"numPassingAsserts":1,"retryReasons":[],"status":"passed","title":"require all app files safely"}],"endTime":1775085748926,"message":"","name":"D:\\MyProjectsUAI\\weejobs\\__tests__\\module-load-app-all.test.ts","startTime":1775085734766,"status":"passed","summary":""},{"assertionResults":[{"ancestorTitles":["theme constants"],"duration":0,"failureDetails":[],"failureMessages":[],"fullName":"theme constants setThemeMode switches Colors values to light","invocations":1,"location":null,"numPassingAsserts":2,"retryReasons":[],"status":"passed","title":"setThemeMode switches Colors values to light"},{"ancestorTitles":["theme constants"],"duration":1,"failureDetails":[],"failureMessages":[],"fullName":"theme constants setThemeMode switches Colors values to dark","invocations":1,"location":null,"numPassingAsserts":2,"retryReasons":[],"status":"passed","title":"setThemeMode switches Colors values to dark"}],"endTime":1775085748928,"message":"","name":"D:\\MyProjectsUAI\\weejobs\\__tests__\\constants.theme.test.ts","startTime":1775085748809,"status":"passed","summary":""},{"assertionResults":[{"ancestorTitles":["theme utilities"],"duration":1,"failureDetails":[],"failureMessages":[],"fullName":"theme utilities Colors is mutable and reflects light mode","invocations":1,"location":null,"numPassingAsserts":1,"retryReasons":[],"status":"passed","title":"Colors is mutable and reflects light mode"},{"ancestorTitles":["theme utilities"],"duration":1,"failureDetails":[],"failureMessages":[],"fullName":"theme utilities Typography contains heading and body styles","invocations":1,"location":null,"numPassingAsserts":3,"retryReasons":[],"status":"passed","title":"Typography contains heading and body styles"}],"endTime":1775085748934,"message":"","name":"D:\\MyProjectsUAI\\weejobs\\__tests__\\theme.test.ts","startTime":1775085748777,"status":"passed","summary":""},{"assertionResults":[{"ancestorTitles":["require-all directories (require-only)"],"duration":16646,"failureDetails":[],"failureMessages":[],"fullName":"require-all directories (require-only) requires .ts/.tsx files under app, components, hooks, lib without throwing","invocations":1,"location":null,"numPassingAsserts":1,"retryReasons":[],"status":"passed","title":"requires .ts/.tsx files under app, components, hooks, lib without throwing"}],"endTime":1775085755897,"message":"","name":"D:\\MyProjectsUAI\\weejobs\\__tests__\\require_all_dirs.test.ts","startTime":1775085734723,"status":"passed","summary":""}],"wasInterrupted":false}
