{"total": {"lines":{"total":1418,"covered":115,"skipped":0,"pct":8.11},"statements":{"total":1538,"covered":115,"skipped":0,"pct":7.47},"functions":{"total":257,"covered":3,"skipped":0,"pct":1.16},"branches":{"total":1320,"covered":52,"skipped":0,"pct":3.93},"branchesTrue":{"total":0,"covered":0,"skipped":0,"pct":100}}
,"D:\\MyProjectsUAI\\weejobs\\app\\public-profile.tsx": {"lines":{"total":54,"covered":5,"skipped":0,"pct":9.25},"functions":{"total":13,"covered":0,"skipped":0,"pct":0},"statements":{"total":56,"covered":5,"skipped":0,"pct":8.92},"branches":{"total":73,"covered":0,"skipped":0,"pct":0}}
,"D:\\MyProjectsUAI\\weejobs\\app\\admin\\_layout.tsx": {"lines":{"total":15,"covered":0,"skipped":0,"pct":0},"functions":{"total":6,"covered":0,"skipped":0,"pct":0},"statements":{"total":18,"covered":0,"skipped":0,"pct":0},"branches":{"total":10,"covered":0,"skipped":0,"pct":0}}
,"D:\\MyProjectsUAI\\weejobs\\app\\admin\\jobs.helpers.ts": {"lines":{"total":2,"covered":2,"skipped":0,"pct":100},"functions":{"total":0,"covered":0,"skipped":0,"pct":100},"statements":{"total":2,"covered":2,"skipped":0,"pct":100},"branches":{"total":0,"covered":0,"skipped":0,"pct":100}}
,"D:\\MyProjectsUAI\\weejobs\\app\\chat\\[jobId].tsx": {"lines":{"total":84,"covered":4,"skipped":0,"pct":4.76},"functions":{"total":16,"covered":0,"skipped":0,"pct":0},"statements":{"total":93,"covered":4,"skipped":0,"pct":4.3},"branches":{"total":68,"covered":1,"skipped":0,"pct":1.47}}
,"D:\\MyProjectsUAI\\weejobs\\app\\customer\\jobs.helpers.ts": {"lines":{"total":11,"covered":2,"skipped":0,"pct":18.18},"functions":{"total":2,"covered":0,"skipped":0,"pct":0},"statements":{"total":11,"covered":2,"skipped":0,"pct":18.18},"branches":{"total":18,"covered":0,"skipped":0,"pct":0}}
,"D:\\MyProjectsUAI\\weejobs\\app\\customer\\messages.tsx": {"lines":{"total":38,"covered":1,"skipped":0,"pct":2.63},"functions":{"total":8,"covered":0,"skipped":0,"pct":0},"statements":{"total":42,"covered":1,"skipped":0,"pct":2.38},"branches":{"total":26,"covered":0,"skipped":0,"pct":0}}
,"D:\\MyProjectsUAI\\weejobs\\app\\customer\\post-job.tsx": {"lines":{"total":115,"covered":1,"skipped":0,"pct":0.86},"functions":{"total":29,"covered":0,"skipped":0,"pct":0},"statements":{"total":141,"covered":1,"skipped":0,"pct":0.7},"branches":{"total":154,"covered":0,"skipped":0,"pct":0}}
,"D:\\MyProjectsUAI\\weejobs\\app\\onboarding\\login.tsx": {"lines":{"total":144,"covered":1,"skipped":0,"pct":0.69},"functions":{"total":29,"covered":0,"skipped":0,"pct":0},"statements":{"total":151,"covered":1,"skipped":0,"pct":0.66},"branches":{"total":108,"covered":0,"skipped":0,"pct":0}}
,"D:\\MyProjectsUAI\\weejobs\\app\\tradie\\pricing.tsx": {"lines":{"total":10,"covered":1,"skipped":0,"pct":10},"functions":{"total":5,"covered":0,"skipped":0,"pct":0},"statements":{"total":10,"covered":1,"skipped":0,"pct":10},"branches":{"total":0,"covered":0,"skipped":0,"pct":100}}
,"D:\\MyProjectsUAI\\weejobs\\components\\Collapsible.tsx": {"lines":{"total":5,"covered":1,"skipped":0,"pct":20},"functions":{"total":3,"covered":0,"skipped":0,"pct":0},"statements":{"total":6,"covered":1,"skipped":0,"pct":16.66},"branches":{"total":8,"covered":0,"skipped":0,"pct":0}}
,"D:\\MyProjectsUAI\\weejobs\\components\\ExternalLink.tsx": {"lines":{"total":4,"covered":0,"skipped":0,"pct":0},"functions":{"total":2,"covered":0,"skipped":0,"pct":0},"statements":{"total":4,"covered":0,"skipped":0,"pct":0},"branches":{"total":2,"covered":0,"skipped":0,"pct":0}}
,"D:\\MyProjectsUAI\\weejobs\\components\\HelloWave.tsx": {"lines":{"total":6,"covered":1,"skipped":0,"pct":16.66},"functions":{"total":3,"covered":0,"skipped":0,"pct":0},"statements":{"total":7,"covered":1,"skipped":0,"pct":14.28},"branches":{"total":0,"covered":0,"skipped":0,"pct":100}}
,"D:\\MyProjectsUAI\\weejobs\\components\\JobStatusTimeline.tsx": {"lines":{"total":14,"covered":3,"skipped":0,"pct":21.42},"functions":{"total":3,"covered":0,"skipped":0,"pct":0},"statements":{"total":15,"covered":3,"skipped":0,"pct":20},"branches":{"total":26,"covered":0,"skipped":0,"pct":0}}
,"D:\\MyProjectsUAI\\weejobs\\components\\LeadUnlockModal.tsx": {"lines":{"total":27,"covered":2,"skipped":0,"pct":7.4},"functions":{"total":7,"covered":0,"skipped":0,"pct":0},"statements":{"total":31,"covered":2,"skipped":0,"pct":6.45},"branches":{"total":43,"covered":0,"skipped":0,"pct":0}}
,"D:\\MyProjectsUAI\\weejobs\\components\\PasswordStrength.tsx": {"lines":{"total":13,"covered":1,"skipped":0,"pct":7.69},"functions":{"total":3,"covered":0,"skipped":0,"pct":0},"statements":{"total":19,"covered":1,"skipped":0,"pct":5.26},"branches":{"total":26,"covered":0,"skipped":0,"pct":0}}
,"D:\\MyProjectsUAI\\weejobs\\components\\PricingCard.tsx": {"lines":{"total":7,"covered":2,"skipped":0,"pct":28.57},"functions":{"total":3,"covered":0,"skipped":0,"pct":0},"statements":{"total":7,"covered":2,"skipped":0,"pct":28.57},"branches":{"total":24,"covered":0,"skipped":0,"pct":0}}
,"D:\\MyProjectsUAI\\weejobs\\components\\StripeCheckoutStub.tsx": {"lines":{"total":9,"covered":1,"skipped":0,"pct":11.11},"functions":{"total":3,"covered":0,"skipped":0,"pct":0},"statements":{"total":10,"covered":1,"skipped":0,"pct":10},"branches":{"total":4,"covered":0,"skipped":0,"pct":0}}
,"D:\\MyProjectsUAI\\weejobs\\components\\ThemedText.tsx": {"lines":{"total":3,"covered":1,"skipped":0,"pct":33.33},"functions":{"total":1,"covered":0,"skipped":0,"pct":0},"statements":{"total":3,"covered":1,"skipped":0,"pct":33.33},"branches":{"total":11,"covered":0,"skipped":0,"pct":0}}
,"D:\\MyProjectsUAI\\weejobs\\components\\ThemedView.tsx": {"lines":{"total":2,"covered":0,"skipped":0,"pct":0},"functions":{"total":1,"covered":0,"skipped":0,"pct":0},"statements":{"total":2,"covered":0,"skipped":0,"pct":0},"branches":{"total":0,"covered":0,"skipped":0,"pct":100}}
,"D:\\MyProjectsUAI\\weejobs\\components\\TopBar.tsx": {"lines":{"total":10,"covered":2,"skipped":0,"pct":20},"functions":{"total":3,"covered":0,"skipped":0,"pct":0},"statements":{"total":10,"covered":2,"skipped":0,"pct":20},"branches":{"total":2,"covered":0,"skipped":0,"pct":0}}
,"D:\\MyProjectsUAI\\weejobs\\components\\VerifiedProBadge.tsx": {"lines":{"total":5,"covered":1,"skipped":0,"pct":20},"functions":{"total":1,"covered":0,"skipped":0,"pct":0},"statements":{"total":5,"covered":1,"skipped":0,"pct":20},"branches":{"total":4,"covered":0,"skipped":0,"pct":0}}
,"D:\\MyProjectsUAI\\weejobs\\components\\icons\\Icon.tsx": {"lines":{"total":1,"covered":0,"skipped":0,"pct":0},"functions":{"total":1,"covered":0,"skipped":0,"pct":0},"statements":{"total":1,"covered":0,"skipped":0,"pct":0},"branches":{"total":4,"covered":0,"skipped":0,"pct":0}}
,"D:\\MyProjectsUAI\\weejobs\\components\\icons\\SpriteIcon.tsx": {"lines":{"total":1,"covered":0,"skipped":0,"pct":0},"functions":{"total":1,"covered":0,"skipped":0,"pct":0},"statements":{"total":1,"covered":0,"skipped":0,"pct":0},"branches":{"total":3,"covered":0,"skipped":0,"pct":0}}
,"D:\\MyProjectsUAI\\weejobs\\components\\ui\\IconSymbol.ios.tsx": {"lines":{"total":1,"covered":0,"skipped":0,"pct":0},"functions":{"total":1,"covered":0,"skipped":0,"pct":0},"statements":{"total":1,"covered":0,"skipped":0,"pct":0},"branches":{"total":2,"covered":0,"skipped":0,"pct":0}}
,"D:\\MyProjectsUAI\\weejobs\\components\\ui\\TabBarBackground.tsx": {"lines":{"total":1,"covered":0,"skipped":0,"pct":0},"functions":{"total":1,"covered":0,"skipped":0,"pct":0},"statements":{"total":1,"covered":0,"skipped":0,"pct":0},"branches":{"total":0,"covered":0,"skipped":0,"pct":100}}
,"D:\\MyProjectsUAI\\weejobs\\constants\\Colors.ts": {"lines":{"total":3,"covered":3,"skipped":0,"pct":100},"functions":{"total":0,"covered":0,"skipped":0,"pct":100},"statements":{"total":3,"covered":3,"skipped":0,"pct":100},"branches":{"total":0,"covered":0,"skipped":0,"pct":100}}
,"D:\\MyProjectsUAI\\weejobs\\constants\\data.ts": {"lines":{"total":6,"covered":6,"skipped":0,"pct":100},"functions":{"total":0,"covered":0,"skipped":0,"pct":100},"statements":{"total":6,"covered":6,"skipped":0,"pct":100},"branches":{"total":0,"covered":0,"skipped":0,"pct":100}}
,"D:\\MyProjectsUAI\\weejobs\\constants\\design-tokens.ts": {"lines":{"total":3,"covered":3,"skipped":0,"pct":100},"functions":{"total":0,"covered":0,"skipped":0,"pct":100},"statements":{"total":3,"covered":3,"skipped":0,"pct":100},"branches":{"total":0,"covered":0,"skipped":0,"pct":100}}
,"D:\\MyProjectsUAI\\weejobs\\constants\\theme.ts": {"lines":{"total":9,"covered":6,"skipped":0,"pct":66.66},"functions":{"total":2,"covered":0,"skipped":0,"pct":0},"statements":{"total":9,"covered":6,"skipped":0,"pct":66.66},"branches":{"total":2,"covered":0,"skipped":0,"pct":0}}
,"D:\\MyProjectsUAI\\weejobs\\context\\AuthContext.tsx": {"lines":{"total":209,"covered":3,"skipped":0,"pct":1.43},"functions":{"total":17,"covered":0,"skipped":0,"pct":0},"statements":{"total":212,"covered":3,"skipped":0,"pct":1.41},"branches":{"total":189,"covered":0,"skipped":0,"pct":0}}
,"D:\\MyProjectsUAI\\weejobs\\context\\JobsContext.tsx": {"lines":{"total":287,"covered":2,"skipped":0,"pct":0.69},"functions":{"total":31,"covered":0,"skipped":0,"pct":0},"statements":{"total":317,"covered":2,"skipped":0,"pct":0.63},"branches":{"total":221,"covered":0,"skipped":0,"pct":0}}
,"D:\\MyProjectsUAI\\weejobs\\context\\ThemeContext.tsx": {"lines":{"total":21,"covered":1,"skipped":0,"pct":4.76},"functions":{"total":5,"covered":0,"skipped":0,"pct":0},"statements":{"total":22,"covered":1,"skipped":0,"pct":4.54},"branches":{"total":8,"covered":0,"skipped":0,"pct":0}}
,"D:\\MyProjectsUAI\\weejobs\\hooks\\useColorScheme.web.ts": {"lines":{"total":16,"covered":0,"skipped":0,"pct":0},"functions":{"total":5,"covered":0,"skipped":0,"pct":0},"statements":{"total":21,"covered":0,"skipped":0,"pct":0},"branches":{"total":19,"covered":0,"skipped":0,"pct":0}}
,"D:\\MyProjectsUAI\\weejobs\\hooks\\useThemeColor.ts": {"lines":{"total":5,"covered":0,"skipped":0,"pct":0},"functions":{"total":1,"covered":0,"skipped":0,"pct":0},"statements":{"total":5,"covered":0,"skipped":0,"pct":0},"branches":{"total":4,"covered":0,"skipped":0,"pct":0}}
,"D:\\MyProjectsUAI\\weejobs\\lib\\analytics.ts": {"lines":{"total":6,"covered":0,"skipped":0,"pct":0},"functions":{"total":2,"covered":0,"skipped":0,"pct":0},"statements":{"total":6,"covered":0,"skipped":0,"pct":0},"branches":{"total":7,"covered":0,"skipped":0,"pct":0}}
,"D:\\MyProjectsUAI\\weejobs\\lib\\error.ts": {"lines":{"total":16,"covered":0,"skipped":0,"pct":0},"functions":{"total":1,"covered":0,"skipped":0,"pct":0},"statements":{"total":17,"covered":0,"skipped":0,"pct":0},"branches":{"total":32,"covered":0,"skipped":0,"pct":0}}
,"D:\\MyProjectsUAI\\weejobs\\lib\\sentry.ts": {"lines":{"total":9,"covered":5,"skipped":0,"pct":55.55},"functions":{"total":8,"covered":0,"skipped":0,"pct":0},"statements":{"total":9,"covered":5,"skipped":0,"pct":55.55},"branches":{"total":15,"covered":7,"skipped":0,"pct":46.66}}
,"D:\\MyProjectsUAI\\weejobs\\lib\\supabase.ts": {"lines":{"total":91,"covered":28,"skipped":0,"pct":30.76},"functions":{"total":30,"covered":3,"skipped":0,"pct":10},"statements":{"total":97,"covered":28,"skipped":0,"pct":28.86},"branches":{"total":70,"covered":21,"skipped":0,"pct":30}}
,"D:\\MyProjectsUAI\\weejobs\\scripts\\optimize-assets.js": {"lines":{"total":35,"covered":4,"skipped":0,"pct":11.42},"functions":{"total":4,"covered":0,"skipped":0,"pct":0},"statements":{"total":40,"covered":4,"skipped":0,"pct":10},"branches":{"total":20,"covered":1,"skipped":0,"pct":5}}
,"D:\\MyProjectsUAI\\weejobs\\scripts\\stripe-webhook.js": {"lines":{"total":120,"covered":22,"skipped":0,"pct":18.33},"functions":{"total":6,"covered":0,"skipped":0,"pct":0},"statements":{"total":124,"covered":22,"skipped":0,"pct":17.74},"branches":{"total":117,"covered":22,"skipped":0,"pct":18.8}}
}
