{
  "D:\\MyProjectsUAI\\weejobs\\app\\onboarding\\checklist.tsx": {
    "path": "D:\\MyProjectsUAI\\weejobs\\app\\onboarding\\checklist.tsx",
    "statementMap": {
      "0": {
        "start": { "line": 5, "column": 20 },
        "end": { "line": 5, "column": 50 }
      },
      "1": {
        "start": { "line": 7, "column": 14 },
        "end": { "line": 12, "column": 1 }
      },
      "2": {
        "start": { "line": 15, "column": 36 },
        "end": { "line": 15, "column": 73 }
      },
      "3": {
        "start": { "line": 16, "column": 30 },
        "end": { "line": 16, "column": 45 }
      },
      "4": {
        "start": { "line": 18, "column": 2 },
        "end": { "line": 29, "column": 9 }
      },
      "5": {
        "start": { "line": 19, "column": 4 },
        "end": { "line": 28, "column": 9 }
      },
      "6": {
        "start": { "line": 20, "column": 6 },
        "end": { "line": 27, "column": 7 }
      },
      "7": {
        "start": { "line": 21, "column": 20 },
        "end": { "line": 21, "column": 59 }
      },
      "8": {
        "start": { "line": 22, "column": 8 },
        "end": { "line": 22, "column": 47 }
      },
      "9": {
        "start": { "line": 22, "column": 17 },
        "end": { "line": 22, "column": 47 }
      },
      "10": {
        "start": { "line": 26, "column": 8 },
        "end": { "line": 26, "column": 24 }
      },
      "11": {
        "start": { "line": 31, "column": 17 },
        "end": { "line": 39, "column": 3 }
      },
      "12": {
        "start": { "line": 32, "column": 17 },
        "end": { "line": 32, "column": 53 }
      },
      "13": {
        "start": { "line": 33, "column": 4 },
        "end": { "line": 33, "column": 23 }
      },
      "14": {
        "start": { "line": 34, "column": 4 },
        "end": { "line": 38, "column": 5 }
      },
      "15": {
        "start": { "line": 35, "column": 6 },
        "end": { "line": 35, "column": 68 }
      },
      "16": {
        "start": { "line": 41, "column": 18 },
        "end": { "line": 48, "column": 3 }
      },
      "17": {
        "start": { "line": 42, "column": 42 },
        "end": { "line": 42, "column": 44 }
      },
      "18": {
        "start": { "line": 43, "column": 4 },
        "end": { "line": 43, "column": 46 }
      },
      "19": {
        "start": { "line": 43, "column": 26 },
        "end": { "line": 43, "column": 43 }
      },
      "20": {
        "start": { "line": 44, "column": 4 },
        "end": { "line": 44, "column": 23 }
      },
      "21": {
        "start": { "line": 45, "column": 4 },
        "end": { "line": 47, "column": 18 }
      },
      "22": {
        "start": { "line": 46, "column": 6 },
        "end": { "line": 46, "column": 68 }
      },
      "23": {
        "start": { "line": 50, "column": 16 },
        "end": { "line": 55, "column": 3 }
      },
      "24": {
        "start": { "line": 51, "column": 4 },
        "end": { "line": 51, "column": 21 }
      },
      "25": {
        "start": { "line": 52, "column": 4 },
        "end": { "line": 54, "column": 18 }
      },
      "26": {
        "start": { "line": 53, "column": 6 },
        "end": { "line": 53, "column": 49 }
      },
      "27": {
        "start": { "line": 57, "column": 2 },
        "end": { "line": 82, "column": 4 }
      },
      "28": {
        "start": { "line": 61, "column": 21 },
        "end": { "line": 61, "column": 39 }
      },
      "29": {
        "start": { "line": 62, "column": 8 },
        "end": { "line": 70, "column": 10 }
      },
      "30": {
        "start": { "line": 63, "column": 74 },
        "end": { "line": 63, "column": 87 }
      },
      "31": {
        "start": { "line": 85, "column": 15 },
        "end": { "line": 100, "column": 2 }
      }
    },
    "fnMap": {
      "0": {
        "name": "OnboardingChecklist",
        "decl": {
          "start": { "line": 14, "column": 24 },
          "end": { "line": 14, "column": 43 }
        },
        "loc": {
          "start": { "line": 14, "column": 46 },
          "end": { "line": 83, "column": 1 }
        },
        "line": 14
      },
      "1": {
        "name": "(anonymous_1)",
        "decl": {
          "start": { "line": 18, "column": 12 },
          "end": { "line": 18, "column": 13 }
        },
        "loc": {
          "start": { "line": 18, "column": 18 },
          "end": { "line": 29, "column": 3 }
        },
        "line": 18
      },
      "2": {
        "name": "(anonymous_2)",
        "decl": {
          "start": { "line": 19, "column": 5 },
          "end": { "line": 19, "column": 6 }
        },
        "loc": {
          "start": { "line": 19, "column": 17 },
          "end": { "line": 28, "column": 5 }
        },
        "line": 19
      },
      "3": {
        "name": "(anonymous_3)",
        "decl": {
          "start": { "line": 31, "column": 17 },
          "end": { "line": 31, "column": 18 }
        },
        "loc": {
          "start": { "line": 31, "column": 39 },
          "end": { "line": 39, "column": 3 }
        },
        "line": 31
      },
      "4": {
        "name": "(anonymous_4)",
        "decl": {
          "start": { "line": 41, "column": 18 },
          "end": { "line": 41, "column": 19 }
        },
        "loc": {
          "start": { "line": 41, "column": 30 },
          "end": { "line": 48, "column": 3 }
        },
        "line": 41
      },
      "5": {
        "name": "(anonymous_5)",
        "decl": {
          "start": { "line": 43, "column": 18 },
          "end": { "line": 43, "column": 19 }
        },
        "loc": {
          "start": { "line": 43, "column": 26 },
          "end": { "line": 43, "column": 43 }
        },
        "line": 43
      },
      "6": {
        "name": "(anonymous_6)",
        "decl": {
          "start": { "line": 50, "column": 16 },
          "end": { "line": 50, "column": 17 }
        },
        "loc": {
          "start": { "line": 50, "column": 28 },
          "end": { "line": 55, "column": 3 }
        },
        "line": 50
      },
      "7": {
        "name": "(anonymous_7)",
        "decl": {
          "start": { "line": 60, "column": 17 },
          "end": { "line": 60, "column": 18 }
        },
        "loc": {
          "start": { "line": 60, "column": 25 },
          "end": { "line": 71, "column": 7 }
        },
        "line": 60
      },
      "8": {
        "name": "(anonymous_8)",
        "decl": {
          "start": { "line": 63, "column": 68 },
          "end": { "line": 63, "column": 69 }
        },
        "loc": {
          "start": { "line": 63, "column": 74 },
          "end": { "line": 63, "column": 87 }
        },
        "line": 63
      }
    },
    "branchMap": {
      "0": {
        "loc": {
          "start": { "line": 22, "column": 8 },
          "end": { "line": 22, "column": 47 }
        },
        "type": "if",
        "locations": [
          {
            "start": { "line": 22, "column": 8 },
            "end": { "line": 22, "column": 47 }
          },
          { "start": {}, "end": {} }
        ],
        "line": 22
      },
      "1": {
        "loc": {
          "start": { "line": 64, "column": 43 },
          "end": { "line": 64, "column": 70 }
        },
        "type": "binary-expr",
        "locations": [
          {
            "start": { "line": 64, "column": 43 },
            "end": { "line": 64, "column": 47 }
          },
          {
            "start": { "line": 64, "column": 51 },
            "end": { "line": 64, "column": 70 }
          }
        ],
        "line": 64
      },
      "2": {
        "loc": {
          "start": { "line": 66, "column": 42 },
          "end": { "line": 66, "column": 66 }
        },
        "type": "binary-expr",
        "locations": [
          {
            "start": { "line": 66, "column": 42 },
            "end": { "line": 66, "column": 46 }
          },
          {
            "start": { "line": 66, "column": 50 },
            "end": { "line": 66, "column": 66 }
          }
        ],
        "line": 66
      }
    },
    "s": {
      "0": 1,
      "1": 1,
      "2": 3,
      "3": 3,
      "4": 3,
      "5": 1,
      "6": 1,
      "7": 1,
      "8": 1,
      "9": 0,
      "10": 1,
      "11": 3,
      "12": 1,
      "13": 1,
      "14": 1,
      "15": 1,
      "16": 3,
      "17": 0,
      "18": 0,
      "19": 0,
      "20": 0,
      "21": 0,
      "22": 0,
      "23": 3,
      "24": 0,
      "25": 0,
      "26": 0,
      "27": 3,
      "28": 12,
      "29": 12,
      "30": 1,
      "31": 1
    },
    "f": {
      "0": 3,
      "1": 1,
      "2": 1,
      "3": 1,
      "4": 0,
      "5": 0,
      "6": 0,
      "7": 12,
      "8": 1
    },
    "b": { "0": [0, 1], "1": [12, 1], "2": [12, 1] },
    "_coverageSchema": "1a1c01bbd47fc00a2c39e90264f33305004495a9",
    "hash": "5aa7456bc86307856dead8efd422d0df3437ea4c"
  },
  "D:\\MyProjectsUAI\\weejobs\\components\\PasswordStrength.tsx": {
    "path": "D:\\MyProjectsUAI\\weejobs\\components\\PasswordStrength.tsx",
    "statementMap": {
      "0": {
        "start": { "line": 6, "column": 14 },
        "end": { "line": 6, "column": 15 }
      },
      "1": {
        "start": { "line": 7, "column": 2 },
        "end": { "line": 7, "column": 24 }
      },
      "2": {
        "start": { "line": 7, "column": 11 },
        "end": { "line": 7, "column": 24 }
      },
      "3": {
        "start": { "line": 8, "column": 2 },
        "end": { "line": 8, "column": 33 }
      },
      "4": {
        "start": { "line": 8, "column": 22 },
        "end": { "line": 8, "column": 33 }
      },
      "5": {
        "start": { "line": 9, "column": 2 },
        "end": { "line": 9, "column": 55 }
      },
      "6": {
        "start": { "line": 9, "column": 44 },
        "end": { "line": 9, "column": 55 }
      },
      "7": {
        "start": { "line": 10, "column": 2 },
        "end": { "line": 10, "column": 32 }
      },
      "8": {
        "start": { "line": 10, "column": 21 },
        "end": { "line": 10, "column": 32 }
      },
      "9": {
        "start": { "line": 11, "column": 2 },
        "end": { "line": 11, "column": 42 }
      },
      "10": {
        "start": { "line": 11, "column": 31 },
        "end": { "line": 11, "column": 42 }
      },
      "11": {
        "start": { "line": 12, "column": 2 },
        "end": { "line": 12, "column": 15 }
      },
      "12": {
        "start": { "line": 16, "column": 16 },
        "end": { "line": 16, "column": 66 }
      },
      "13": {
        "start": { "line": 16, "column": 30 },
        "end": { "line": 16, "column": 53 }
      },
      "14": {
        "start": { "line": 17, "column": 18 },
        "end": { "line": 17, "column": 35 }
      },
      "15": {
        "start": { "line": 18, "column": 16 },
        "end": { "line": 18, "column": 92 }
      },
      "16": {
        "start": { "line": 19, "column": 19 },
        "end": { "line": 19, "column": 105 }
      },
      "17": {
        "start": { "line": 21, "column": 2 },
        "end": { "line": 29, "column": 4 }
      },
      "18": {
        "start": { "line": 32, "column": 15 },
        "end": { "line": 38, "column": 2 }
      }
    },
    "fnMap": {
      "0": {
        "name": "scorePassword",
        "decl": {
          "start": { "line": 5, "column": 9 },
          "end": { "line": 5, "column": 22 }
        },
        "loc": {
          "start": { "line": 5, "column": 35 },
          "end": { "line": 13, "column": 1 }
        },
        "line": 5
      },
      "1": {
        "name": "PasswordStrength",
        "decl": {
          "start": { "line": 15, "column": 24 },
          "end": { "line": 15, "column": 40 }
        },
        "loc": {
          "start": { "line": 15, "column": 73 },
          "end": { "line": 30, "column": 1 }
        },
        "line": 15
      },
      "2": {
        "name": "(anonymous_2)",
        "decl": {
          "start": { "line": 16, "column": 24 },
          "end": { "line": 16, "column": 25 }
        },
        "loc": {
          "start": { "line": 16, "column": 30 },
          "end": { "line": 16, "column": 53 }
        },
        "line": 16
      }
    },
    "branchMap": {
      "0": {
        "loc": {
          "start": { "line": 7, "column": 2 },
          "end": { "line": 7, "column": 24 }
        },
        "type": "if",
        "locations": [
          {
            "start": { "line": 7, "column": 2 },
            "end": { "line": 7, "column": 24 }
          },
          { "start": {}, "end": {} }
        ],
        "line": 7
      },
      "1": {
        "loc": {
          "start": { "line": 8, "column": 2 },
          "end": { "line": 8, "column": 33 }
        },
        "type": "if",
        "locations": [
          {
            "start": { "line": 8, "column": 2 },
            "end": { "line": 8, "column": 33 }
          },
          { "start": {}, "end": {} }
        ],
        "line": 8
      },
      "2": {
        "loc": {
          "start": { "line": 9, "column": 2 },
          "end": { "line": 9, "column": 55 }
        },
        "type": "if",
        "locations": [
          {
            "start": { "line": 9, "column": 2 },
            "end": { "line": 9, "column": 55 }
          },
          { "start": {}, "end": {} }
        ],
        "line": 9
      },
      "3": {
        "loc": {
          "start": { "line": 9, "column": 6 },
          "end": { "line": 9, "column": 42 }
        },
        "type": "binary-expr",
        "locations": [
          {
            "start": { "line": 9, "column": 6 },
            "end": { "line": 9, "column": 22 }
          },
          {
            "start": { "line": 9, "column": 26 },
            "end": { "line": 9, "column": 42 }
          }
        ],
        "line": 9
      },
      "4": {
        "loc": {
          "start": { "line": 10, "column": 2 },
          "end": { "line": 10, "column": 32 }
        },
        "type": "if",
        "locations": [
          {
            "start": { "line": 10, "column": 2 },
            "end": { "line": 10, "column": 32 }
          },
          { "start": {}, "end": {} }
        ],
        "line": 10
      },
      "5": {
        "loc": {
          "start": { "line": 11, "column": 2 },
          "end": { "line": 11, "column": 42 }
        },
        "type": "if",
        "locations": [
          {
            "start": { "line": 11, "column": 2 },
            "end": { "line": 11, "column": 42 }
          },
          { "start": {}, "end": {} }
        ],
        "line": 11
      },
      "6": {
        "loc": {
          "start": { "line": 18, "column": 16 },
          "end": { "line": 18, "column": 92 }
        },
        "type": "cond-expr",
        "locations": [
          {
            "start": { "line": 18, "column": 29 },
            "end": { "line": 18, "column": 35 }
          },
          {
            "start": { "line": 18, "column": 38 },
            "end": { "line": 18, "column": 92 }
          }
        ],
        "line": 18
      },
      "7": {
        "loc": {
          "start": { "line": 18, "column": 38 },
          "end": { "line": 18, "column": 92 }
        },
        "type": "cond-expr",
        "locations": [
          {
            "start": { "line": 18, "column": 52 },
            "end": { "line": 18, "column": 58 }
          },
          {
            "start": { "line": 18, "column": 61 },
            "end": { "line": 18, "column": 92 }
          }
        ],
        "line": 18
      },
      "8": {
        "loc": {
          "start": { "line": 18, "column": 61 },
          "end": { "line": 18, "column": 92 }
        },
        "type": "cond-expr",
        "locations": [
          {
            "start": { "line": 18, "column": 75 },
            "end": { "line": 18, "column": 81 }
          },
          {
            "start": { "line": 18, "column": 84 },
            "end": { "line": 18, "column": 92 }
          }
        ],
        "line": 18
      },
      "9": {
        "loc": {
          "start": { "line": 19, "column": 19 },
          "end": { "line": 19, "column": 105 }
        },
        "type": "cond-expr",
        "locations": [
          {
            "start": { "line": 19, "column": 32 },
            "end": { "line": 19, "column": 41 }
          },
          {
            "start": { "line": 19, "column": 44 },
            "end": { "line": 19, "column": 105 }
          }
        ],
        "line": 19
      },
      "10": {
        "loc": {
          "start": { "line": 19, "column": 44 },
          "end": { "line": 19, "column": 105 }
        },
        "type": "cond-expr",
        "locations": [
          {
            "start": { "line": 19, "column": 58 },
            "end": { "line": 19, "column": 67 }
          },
          {
            "start": { "line": 19, "column": 70 },
            "end": { "line": 19, "column": 105 }
          }
        ],
        "line": 19
      },
      "11": {
        "loc": {
          "start": { "line": 19, "column": 70 },
          "end": { "line": 19, "column": 105 }
        },
        "type": "cond-expr",
        "locations": [
          {
            "start": { "line": 19, "column": 84 },
            "end": { "line": 19, "column": 93 }
          },
          {
            "start": { "line": 19, "column": 96 },
            "end": { "line": 19, "column": 105 }
          }
        ],
        "line": 19
      },
      "12": {
        "loc": {
          "start": { "line": 27, "column": 41 },
          "end": { "line": 27, "column": 99 }
        },
        "type": "cond-expr",
        "locations": [
          {
            "start": { "line": 27, "column": 52 },
            "end": { "line": 27, "column": 94 }
          },
          {
            "start": { "line": 27, "column": 97 },
            "end": { "line": 27, "column": 99 }
          }
        ],
        "line": 27
      }
    },
    "s": {
      "0": 3,
      "1": 3,
      "2": 1,
      "3": 2,
      "4": 2,
      "5": 2,
      "6": 1,
      "7": 2,
      "8": 2,
      "9": 2,
      "10": 1,
      "11": 2,
      "12": 3,
      "13": 3,
      "14": 3,
      "15": 3,
      "16": 3,
      "17": 3,
      "18": 1
    },
    "f": { "0": 3, "1": 3, "2": 3 },
    "b": {
      "0": [1, 2],
      "1": [2, 0],
      "2": [1, 1],
      "3": [2, 1],
      "4": [2, 0],
      "5": [1, 1],
      "6": [1, 2],
      "7": [1, 1],
      "8": [0, 1],
      "9": [1, 2],
      "10": [1, 1],
      "11": [0, 1],
      "12": [2, 1]
    },
    "_coverageSchema": "1a1c01bbd47fc00a2c39e90264f33305004495a9",
    "hash": "1e99afc901c0f6ae274b733423dfffadb98e0482"
  },
  "D:\\MyProjectsUAI\\weejobs\\constants\\data.ts": {
    "path": "D:\\MyProjectsUAI\\weejobs\\constants\\data.ts",
    "statementMap": {
      "0": {
        "start": { "line": 1, "column": 21 },
        "end": { "line": 13, "column": 1 }
      },
      "1": {
        "start": { "line": 15, "column": 30 },
        "end": { "line": 29, "column": 1 }
      },
      "2": {
        "start": { "line": 31, "column": 30 },
        "end": { "line": 37, "column": 1 }
      },
      "3": {
        "start": { "line": 39, "column": 37 },
        "end": { "line": 44, "column": 1 }
      },
      "4": {
        "start": { "line": 46, "column": 54 },
        "end": { "line": 60, "column": 1 }
      },
      "5": {
        "start": { "line": 62, "column": 26 },
        "end": { "line": 93, "column": 1 }
      }
    },
    "fnMap": {},
    "branchMap": {},
    "s": { "0": 5, "1": 5, "2": 5, "3": 5, "4": 5, "5": 5 },
    "f": {},
    "b": {},
    "_coverageSchema": "1a1c01bbd47fc00a2c39e90264f33305004495a9",
    "hash": "7b143848ae7dfbcdd8695033e3b9cf4e2241869f"
  },
  "D:\\MyProjectsUAI\\weejobs\\constants\\theme.ts": {
    "path": "D:\\MyProjectsUAI\\weejobs\\constants\\theme.ts",
    "statementMap": {
      "0": {
        "start": { "line": 1, "column": 27 },
        "end": { "line": 14, "column": 1 }
      },
      "1": {
        "start": { "line": 16, "column": 26 },
        "end": { "line": 29, "column": 1 }
      },
      "2": {
        "start": { "line": 32, "column": 27 },
        "end": { "line": 32, "column": 44 }
      },
      "3": {
        "start": { "line": 35, "column": 17 },
        "end": { "line": 35, "column": 60 }
      },
      "4": {
        "start": { "line": 36, "column": 2 },
        "end": { "line": 40, "column": 5 }
      },
      "5": {
        "start": { "line": 38, "column": 4 },
        "end": { "line": 39, "column": 16 }
      },
      "6": {
        "start": { "line": 43, "column": 26 },
        "end": { "line": 54, "column": 1 }
      },
      "7": {
        "start": { "line": 56, "column": 23 },
        "end": { "line": 63, "column": 1 }
      },
      "8": {
        "start": { "line": 65, "column": 28 },
        "end": { "line": 71, "column": 1 }
      }
    },
    "fnMap": {
      "0": {
        "name": "setThemeMode",
        "decl": {
          "start": { "line": 34, "column": 16 },
          "end": { "line": 34, "column": 28 }
        },
        "loc": {
          "start": { "line": 34, "column": 53 },
          "end": { "line": 41, "column": 1 }
        },
        "line": 34
      },
      "1": {
        "name": "(anonymous_1)",
        "decl": {
          "start": { "line": 36, "column": 30 },
          "end": { "line": 36, "column": 31 }
        },
        "loc": {
          "start": { "line": 36, "column": 37 },
          "end": { "line": 40, "column": 3 }
        },
        "line": 36
      }
    },
    "branchMap": {
      "0": {
        "loc": {
          "start": { "line": 35, "column": 17 },
          "end": { "line": 35, "column": 60 }
        },
        "type": "cond-expr",
        "locations": [
          {
            "start": { "line": 35, "column": 36 },
            "end": { "line": 35, "column": 47 }
          },
          {
            "start": { "line": 35, "column": 50 },
            "end": { "line": 35, "column": 60 }
          }
        ],
        "line": 35
      }
    },
    "s": {
      "0": 1,
      "1": 1,
      "2": 1,
      "3": 0,
      "4": 0,
      "5": 0,
      "6": 1,
      "7": 1,
      "8": 1
    },
    "f": { "0": 0, "1": 0 },
    "b": { "0": [0, 0] },
    "_coverageSchema": "1a1c01bbd47fc00a2c39e90264f33305004495a9",
    "hash": "3d9a80ed39d0d667b3df7b56d69c944f3c5e7ff4"
  },
  "D:\\MyProjectsUAI\\weejobs\\context\\AuthContext.tsx": {
    "path": "D:\\MyProjectsUAI\\weejobs\\context\\AuthContext.tsx",
    "statementMap": {
      "0": {
        "start": { "line": 27, "column": 20 },
        "end": { "line": 27, "column": 73 }
      },
      "1": {
        "start": { "line": 29, "column": 26 },
        "end": { "line": 30, "column": 43 }
      },
      "2": {
        "start": { "line": 30, "column": 2 },
        "end": { "line": 30, "column": 43 }
      },
      "3": {
        "start": { "line": 32, "column": 28 },
        "end": { "line": 55, "column": 1 }
      },
      "4": {
        "start": { "line": 33, "column": 15 },
        "end": { "line": 33, "column": 57 }
      },
      "5": {
        "start": { "line": 34, "column": 2 },
        "end": { "line": 54, "column": 12 }
      },
      "6": {
        "start": { "line": 58, "column": 26 },
        "end": { "line": 58, "column": 53 }
      },
      "7": {
        "start": { "line": 59, "column": 36 },
        "end": { "line": 59, "column": 50 }
      },
      "8": {
        "start": { "line": 60, "column": 57 },
        "end": { "line": 60, "column": 72 }
      },
      "9": {
        "start": { "line": 62, "column": 2 },
        "end": { "line": 64, "column": 9 }
      },
      "10": {
        "start": { "line": 63, "column": 4 },
        "end": { "line": 63, "column": 21 }
      },
      "11": {
        "start": { "line": 66, "column": 25 },
        "end": { "line": 88, "column": 3 }
      },
      "12": {
        "start": { "line": 67, "column": 4 },
        "end": { "line": 87, "column": 5 }
      },
      "13": {
        "start": { "line": 68, "column": 6 },
        "end": { "line": 71, "column": 7 }
      },
      "14": {
        "start": { "line": 69, "column": 8 },
        "end": { "line": 69, "column": 28 }
      },
      "15": {
        "start": { "line": 70, "column": 8 },
        "end": { "line": 70, "column": 15 }
      },
      "16": {
        "start": { "line": 73, "column": 38 },
        "end": { "line": 76, "column": 8 }
      },
      "17": {
        "start": { "line": 78, "column": 6 },
        "end": { "line": 81, "column": 7 }
      },
      "18": {
        "start": { "line": 79, "column": 27 },
        "end": { "line": 79, "column": 94 }
      },
      "19": {
        "start": { "line": 80, "column": 8 },
        "end": { "line": 80, "column": 49 }
      },
      "20": {
        "start": { "line": 82, "column": 6 },
        "end": { "line": 82, "column": 54 }
      },
      "21": {
        "start": { "line": 84, "column": 6 },
        "end": { "line": 84, "column": 50 }
      },
      "22": {
        "start": { "line": 86, "column": 6 },
        "end": { "line": 86, "column": 26 }
      },
      "23": {
        "start": { "line": 90, "column": 16 },
        "end": { "line": 180, "column": 3 }
      },
      "24": {
        "start": { "line": 91, "column": 4 },
        "end": { "line": 179, "column": 5 }
      },
      "25": {
        "start": { "line": 92, "column": 51 },
        "end": { "line": 95, "column": 8 }
      },
      "26": {
        "start": { "line": 97, "column": 28 },
        "end": { "line": 97, "column": 68 }
      },
      "27": {
        "start": { "line": 98, "column": 21 },
        "end": { "line": 98, "column": 48 }
      },
      "28": {
        "start": { "line": 100, "column": 6 },
        "end": { "line": 130, "column": 7 }
      },
      "29": {
        "start": { "line": 101, "column": 8 },
        "end": { "line": 104, "column": 9 }
      },
      "30": {
        "start": { "line": 102, "column": 10 },
        "end": { "line": 102, "column": 63 }
      },
      "31": {
        "start": { "line": 103, "column": 10 },
        "end": { "line": 103, "column": 115 }
      },
      "32": {
        "start": { "line": 106, "column": 8 },
        "end": { "line": 109, "column": 9 }
      },
      "33": {
        "start": { "line": 107, "column": 10 },
        "end": { "line": 107, "column": 85 }
      },
      "34": {
        "start": { "line": 108, "column": 10 },
        "end": { "line": 108, "column": 73 }
      },
      "35": {
        "start": { "line": 111, "column": 8 },
        "end": { "line": 114, "column": 9 }
      },
      "36": {
        "start": { "line": 112, "column": 10 },
        "end": { "line": 112, "column": 59 }
      },
      "37": {
        "start": { "line": 113, "column": 10 },
        "end": { "line": 113, "column": 89 }
      },
      "38": {
        "start": { "line": 117, "column": 29 },
        "end": { "line": 119, "column": 9 }
      },
      "39": {
        "start": { "line": 118, "column": 17 },
        "end": { "line": 118, "column": 61 }
      },
      "40": {
        "start": { "line": 121, "column": 8 },
        "end": { "line": 127, "column": 9 }
      },
      "41": {
        "start": { "line": 122, "column": 33 },
        "end": { "line": 122, "column": 111 }
      },
      "42": {
        "start": { "line": 123, "column": 10 },
        "end": { "line": 123, "column": 85 }
      },
      "43": {
        "start": { "line": 124, "column": 10 },
        "end": { "line": 124, "column": 34 }
      },
      "44": {
        "start": { "line": 125, "column": 10 },
        "end": { "line": 125, "column": 94 }
      },
      "45": {
        "start": { "line": 126, "column": 10 },
        "end": { "line": 126, "column": 57 }
      },
      "46": {
        "start": { "line": 129, "column": 8 },
        "end": { "line": 129, "column": 104 }
      },
      "47": {
        "start": { "line": 132, "column": 6 },
        "end": { "line": 136, "column": 7 }
      },
      "48": {
        "start": { "line": 133, "column": 8 },
        "end": { "line": 133, "column": 38 }
      },
      "49": {
        "start": { "line": 134, "column": 8 },
        "end": { "line": 134, "column": 61 }
      },
      "50": {
        "start": { "line": 135, "column": 8 },
        "end": { "line": 135, "column": 113 }
      },
      "51": {
        "start": { "line": 138, "column": 30 },
        "end": { "line": 142, "column": 17 }
      },
      "52": {
        "start": { "line": 144, "column": 6 },
        "end": { "line": 147, "column": 7 }
      },
      "53": {
        "start": { "line": 145, "column": 8 },
        "end": { "line": 145, "column": 38 }
      },
      "54": {
        "start": { "line": 146, "column": 8 },
        "end": { "line": 146, "column": 110 }
      },
      "55": {
        "start": { "line": 149, "column": 29 },
        "end": { "line": 149, "column": 62 }
      },
      "56": {
        "start": { "line": 150, "column": 6 },
        "end": { "line": 150, "column": 81 }
      },
      "57": {
        "start": { "line": 151, "column": 6 },
        "end": { "line": 151, "column": 30 }
      },
      "58": {
        "start": { "line": 152, "column": 6 },
        "end": { "line": 152, "column": 90 }
      },
      "59": {
        "start": { "line": 153, "column": 6 },
        "end": { "line": 153, "column": 53 }
      },
      "60": {
        "start": { "line": 155, "column": 27 },
        "end": { "line": 157, "column": 7 }
      },
      "61": {
        "start": { "line": 156, "column": 15 },
        "end": { "line": 156, "column": 59 }
      },
      "62": {
        "start": { "line": 158, "column": 6 },
        "end": { "line": 163, "column": 7 }
      },
      "63": {
        "start": { "line": 159, "column": 31 },
        "end": { "line": 159, "column": 109 }
      },
      "64": {
        "start": { "line": 160, "column": 8 },
        "end": { "line": 160, "column": 83 }
      },
      "65": {
        "start": { "line": 161, "column": 8 },
        "end": { "line": 161, "column": 32 }
      },
      "66": {
        "start": { "line": 162, "column": 8 },
        "end": { "line": 162, "column": 55 }
      },
      "67": {
        "start": { "line": 165, "column": 21 },
        "end": { "line": 165, "column": 42 }
      },
      "68": {
        "start": { "line": 166, "column": 6 },
        "end": { "line": 169, "column": 7 }
      },
      "69": {
        "start": { "line": 167, "column": 8 },
        "end": { "line": 167, "column": 57 }
      },
      "70": {
        "start": { "line": 168, "column": 8 },
        "end": { "line": 168, "column": 124 }
      },
      "71": {
        "start": { "line": 171, "column": 21 },
        "end": { "line": 171, "column": 73 }
      },
      "72": {
        "start": { "line": 172, "column": 6 },
        "end": { "line": 175, "column": 7 }
      },
      "73": {
        "start": { "line": 173, "column": 8 },
        "end": { "line": 173, "column": 91 }
      },
      "74": {
        "start": { "line": 174, "column": 8 },
        "end": { "line": 174, "column": 96 }
      },
      "75": {
        "start": { "line": 177, "column": 6 },
        "end": { "line": 177, "column": 89 }
      },
      "76": {
        "start": { "line": 178, "column": 6 },
        "end": { "line": 178, "column": 123 }
      },
      "77": {
        "start": { "line": 182, "column": 17 },
        "end": { "line": 252, "column": 3 }
      },
      "78": {
        "start": { "line": 188, "column": 27 },
        "end": { "line": 188, "column": 50 }
      },
      "79": {
        "start": { "line": 190, "column": 4 },
        "end": { "line": 251, "column": 5 }
      },
      "80": {
        "start": { "line": 191, "column": 55 },
        "end": { "line": 194, "column": 8 }
      },
      "81": {
        "start": { "line": 196, "column": 6 },
        "end": { "line": 211, "column": 7 }
      },
      "82": {
        "start": { "line": 197, "column": 24 },
        "end": { "line": 197, "column": 65 }
      },
      "83": {
        "start": { "line": 199, "column": 10 },
        "end": { "line": 202, "column": 11 }
      },
      "84": {
        "start": { "line": 200, "column": 12 },
        "end": { "line": 200, "column": 87 }
      },
      "85": {
        "start": { "line": 201, "column": 12 },
        "end": { "line": 201, "column": 91 }
      },
      "86": {
        "start": { "line": 204, "column": 10 },
        "end": { "line": 207, "column": 11 }
      },
      "87": {
        "start": { "line": 205, "column": 12 },
        "end": { "line": 205, "column": 82 }
      },
      "88": {
        "start": { "line": 206, "column": 12 },
        "end": { "line": 206, "column": 100 }
      },
      "89": {
        "start": { "line": 209, "column": 10 },
        "end": { "line": 209, "column": 118 }
      },
      "90": {
        "start": { "line": 210, "column": 10 },
        "end": { "line": 210, "column": 105 }
      },
      "91": {
        "start": { "line": 214, "column": 6 },
        "end": { "line": 217, "column": 7 }
      },
      "92": {
        "start": { "line": 215, "column": 8 },
        "end": { "line": 215, "column": 67 }
      },
      "93": {
        "start": { "line": 216, "column": 8 },
        "end": { "line": 216, "column": 58 }
      },
      "94": {
        "start": { "line": 220, "column": 38 },
        "end": { "line": 227, "column": 10 }
      },
      "95": {
        "start": { "line": 229, "column": 6 },
        "end": { "line": 233, "column": 7 }
      },
      "96": {
        "start": { "line": 230, "column": 8 },
        "end": { "line": 230, "column": 78 }
      },
      "97": {
        "start": { "line": 231, "column": 8 },
        "end": { "line": 231, "column": 38 }
      },
      "98": {
        "start": { "line": 232, "column": 8 },
        "end": { "line": 232, "column": 126 }
      },
      "99": {
        "start": { "line": 235, "column": 22 },
        "end": { "line": 242, "column": 8 }
      },
      "100": {
        "start": { "line": 244, "column": 6 },
        "end": { "line": 244, "column": 74 }
      },
      "101": {
        "start": { "line": 245, "column": 6 },
        "end": { "line": 245, "column": 23 }
      },
      "102": {
        "start": { "line": 246, "column": 6 },
        "end": { "line": 246, "column": 86 }
      },
      "103": {
        "start": { "line": 247, "column": 6 },
        "end": { "line": 247, "column": 46 }
      },
      "104": {
        "start": { "line": 249, "column": 6 },
        "end": { "line": 249, "column": 83 }
      },
      "105": {
        "start": { "line": 250, "column": 6 },
        "end": { "line": 250, "column": 101 }
      },
      "106": {
        "start": { "line": 254, "column": 17 },
        "end": { "line": 257, "column": 3 }
      },
      "107": {
        "start": { "line": 255, "column": 4 },
        "end": { "line": 255, "column": 50 }
      },
      "108": {
        "start": { "line": 256, "column": 4 },
        "end": { "line": 256, "column": 18 }
      },
      "109": {
        "start": { "line": 259, "column": 31 },
        "end": { "line": 262, "column": 3 }
      },
      "110": {
        "start": { "line": 260, "column": 4 },
        "end": { "line": 260, "column": 70 }
      },
      "111": {
        "start": { "line": 261, "column": 4 },
        "end": { "line": 261, "column": 37 }
      },
      "112": {
        "start": { "line": 264, "column": 22 },
        "end": { "line": 281, "column": 3 }
      },
      "113": {
        "start": { "line": 265, "column": 4 },
        "end": { "line": 265, "column": 26 }
      },
      "114": {
        "start": { "line": 265, "column": 19 },
        "end": { "line": 265, "column": 26 }
      },
      "115": {
        "start": { "line": 266, "column": 4 },
        "end": { "line": 280, "column": 5 }
      },
      "116": {
        "start": { "line": 267, "column": 30 },
        "end": { "line": 271, "column": 17 }
      },
      "117": {
        "start": { "line": 273, "column": 6 },
        "end": { "line": 277, "column": 7 }
      },
      "118": {
        "start": { "line": 274, "column": 31 },
        "end": { "line": 274, "column": 64 }
      },
      "119": {
        "start": { "line": 275, "column": 8 },
        "end": { "line": 275, "column": 83 }
      },
      "120": {
        "start": { "line": 276, "column": 8 },
        "end": { "line": 276, "column": 32 }
      },
      "121": {
        "start": { "line": 279, "column": 6 },
        "end": { "line": 279, "column": 53 }
      },
      "122": {
        "start": { "line": 283, "column": 28 },
        "end": { "line": 298, "column": 3 }
      },
      "123": {
        "start": { "line": 284, "column": 4 },
        "end": { "line": 297, "column": 5 }
      },
      "124": {
        "start": { "line": 286, "column": 17 },
        "end": { "line": 286, "column": 130 }
      },
      "125": {
        "start": { "line": 287, "column": 6 },
        "end": { "line": 291, "column": 7 }
      },
      "126": {
        "start": { "line": 288, "column": 26 },
        "end": { "line": 288, "column": 41 }
      },
      "127": {
        "start": { "line": 289, "column": 8 },
        "end": { "line": 289, "column": 100 }
      },
      "128": {
        "start": { "line": 289, "column": 19 },
        "end": { "line": 289, "column": 100 }
      },
      "129": {
        "start": { "line": 290, "column": 8 },
        "end": { "line": 290, "column": 33 }
      },
      "130": {
        "start": { "line": 294, "column": 6 },
        "end": { "line": 294, "column": 95 }
      },
      "131": {
        "start": { "line": 296, "column": 6 },
        "end": { "line": 296, "column": 86 }
      },
      "132": {
        "start": { "line": 300, "column": 29 },
        "end": { "line": 324, "column": 3 }
      },
      "133": {
        "start": { "line": 301, "column": 4 },
        "end": { "line": 323, "column": 5 }
      },
      "134": {
        "start": { "line": 304, "column": 22 },
        "end": { "line": 304, "column": 106 }
      },
      "135": {
        "start": { "line": 305, "column": 6 },
        "end": { "line": 307, "column": 7 }
      },
      "136": {
        "start": { "line": 306, "column": 8 },
        "end": { "line": 306, "column": 135 }
      },
      "137": {
        "start": { "line": 309, "column": 18 },
        "end": { "line": 313, "column": 8 }
      },
      "138": {
        "start": { "line": 315, "column": 6 },
        "end": { "line": 318, "column": 7 }
      },
      "139": {
        "start": { "line": 316, "column": 21 },
        "end": { "line": 316, "column": 55 }
      },
      "140": {
        "start": { "line": 316, "column": 51 },
        "end": { "line": 316, "column": 53 }
      },
      "141": {
        "start": { "line": 317, "column": 8 },
        "end": { "line": 317, "column": 98 }
      },
      "142": {
        "start": { "line": 320, "column": 6 },
        "end": { "line": 320, "column": 31 }
      },
      "143": {
        "start": { "line": 322, "column": 6 },
        "end": { "line": 322, "column": 97 }
      },
      "144": {
        "start": { "line": 326, "column": 2 },
        "end": { "line": 342, "column": 4 }
      },
      "145": {
        "start": { "line": 346, "column": 18 },
        "end": { "line": 346, "column": 41 }
      },
      "146": {
        "start": { "line": 347, "column": 2 },
        "end": { "line": 349, "column": 3 }
      },
      "147": {
        "start": { "line": 348, "column": 4 },
        "end": { "line": 348, "column": 67 }
      },
      "148": {
        "start": { "line": 350, "column": 2 },
        "end": { "line": 350, "column": 17 }
      }
    },
    "fnMap": {
      "0": {
        "name": "(anonymous_0)",
        "decl": {
          "start": { "line": 29, "column": 26 },
          "end": { "line": 29, "column": 27 }
        },
        "loc": {
          "start": { "line": 30, "column": 2 },
          "end": { "line": 30, "column": 43 }
        },
        "line": 30
      },
      "1": {
        "name": "(anonymous_1)",
        "decl": {
          "start": { "line": 32, "column": 28 },
          "end": { "line": 32, "column": 29 }
        },
        "loc": {
          "start": { "line": 32, "column": 96 },
          "end": { "line": 55, "column": 1 }
        },
        "line": 32
      },
      "2": {
        "name": "AuthProvider",
        "decl": {
          "start": { "line": 57, "column": 16 },
          "end": { "line": 57, "column": 28 }
        },
        "loc": {
          "start": { "line": 57, "column": 68 },
          "end": { "line": 343, "column": 1 }
        },
        "line": 57
      },
      "3": {
        "name": "(anonymous_3)",
        "decl": {
          "start": { "line": 62, "column": 12 },
          "end": { "line": 62, "column": 13 }
        },
        "loc": {
          "start": { "line": 62, "column": 18 },
          "end": { "line": 64, "column": 3 }
        },
        "line": 62
      },
      "4": {
        "name": "(anonymous_4)",
        "decl": {
          "start": { "line": 66, "column": 25 },
          "end": { "line": 66, "column": 26 }
        },
        "loc": {
          "start": { "line": 66, "column": 37 },
          "end": { "line": 88, "column": 3 }
        },
        "line": 66
      },
      "5": {
        "name": "(anonymous_5)",
        "decl": {
          "start": { "line": 90, "column": 16 },
          "end": { "line": 90, "column": 17 }
        },
        "loc": {
          "start": { "line": 90, "column": 148 },
          "end": { "line": 180, "column": 3 }
        },
        "line": 90
      },
      "6": {
        "name": "(anonymous_6)",
        "decl": {
          "start": { "line": 118, "column": 10 },
          "end": { "line": 118, "column": 11 }
        },
        "loc": {
          "start": { "line": 118, "column": 17 },
          "end": { "line": 118, "column": 61 }
        },
        "line": 118
      },
      "7": {
        "name": "(anonymous_7)",
        "decl": {
          "start": { "line": 156, "column": 8 },
          "end": { "line": 156, "column": 9 }
        },
        "loc": {
          "start": { "line": 156, "column": 15 },
          "end": { "line": 156, "column": 59 }
        },
        "line": 156
      },
      "8": {
        "name": "(anonymous_8)",
        "decl": {
          "start": { "line": 182, "column": 17 },
          "end": { "line": 182, "column": 18 }
        },
        "loc": {
          "start": { "line": 187, "column": 96 },
          "end": { "line": 252, "column": 3 }
        },
        "line": 187
      },
      "9": {
        "name": "(anonymous_9)",
        "decl": {
          "start": { "line": 254, "column": 17 },
          "end": { "line": 254, "column": 18 }
        },
        "loc": {
          "start": { "line": 254, "column": 29 },
          "end": { "line": 257, "column": 3 }
        },
        "line": 254
      },
      "10": {
        "name": "(anonymous_10)",
        "decl": {
          "start": { "line": 259, "column": 31 },
          "end": { "line": 259, "column": 32 }
        },
        "loc": {
          "start": { "line": 259, "column": 57 },
          "end": { "line": 262, "column": 3 }
        },
        "line": 259
      },
      "11": {
        "name": "(anonymous_11)",
        "decl": {
          "start": { "line": 264, "column": 22 },
          "end": { "line": 264, "column": 23 }
        },
        "loc": {
          "start": { "line": 264, "column": 34 },
          "end": { "line": 281, "column": 3 }
        },
        "line": 264
      },
      "12": {
        "name": "(anonymous_12)",
        "decl": {
          "start": { "line": 283, "column": 28 },
          "end": { "line": 283, "column": 29 }
        },
        "loc": {
          "start": { "line": 283, "column": 100 },
          "end": { "line": 298, "column": 3 }
        },
        "line": 283
      },
      "13": {
        "name": "(anonymous_13)",
        "decl": {
          "start": { "line": 300, "column": 29 },
          "end": { "line": 300, "column": 30 }
        },
        "loc": {
          "start": { "line": 300, "column": 101 },
          "end": { "line": 324, "column": 3 }
        },
        "line": 300
      },
      "14": {
        "name": "(anonymous_14)",
        "decl": {
          "start": { "line": 316, "column": 44 },
          "end": { "line": 316, "column": 45 }
        },
        "loc": {
          "start": { "line": 316, "column": 51 },
          "end": { "line": 316, "column": 53 }
        },
        "line": 316
      },
      "15": {
        "name": "useAuth",
        "decl": {
          "start": { "line": 345, "column": 16 },
          "end": { "line": 345, "column": 23 }
        },
        "loc": {
          "start": { "line": 345, "column": 26 },
          "end": { "line": 351, "column": 1 }
        },
        "line": 345
      }
    },
    "branchMap": {
      "0": {
        "loc": {
          "start": { "line": 30, "column": 2 },
          "end": { "line": 30, "column": 43 }
        },
        "type": "cond-expr",
        "locations": [
          {
            "start": { "line": 30, "column": 22 },
            "end": { "line": 30, "column": 36 }
          },
          {
            "start": { "line": 30, "column": 39 },
            "end": { "line": 30, "column": 43 }
          }
        ],
        "line": 30
      },
      "1": {
        "loc": {
          "start": { "line": 33, "column": 33 },
          "end": { "line": 33, "column": 56 }
        },
        "type": "binary-expr",
        "locations": [
          {
            "start": { "line": 33, "column": 33 },
            "end": { "line": 33, "column": 42 }
          },
          {
            "start": { "line": 33, "column": 46 },
            "end": { "line": 33, "column": 56 }
          }
        ],
        "line": 33
      },
      "2": {
        "loc": {
          "start": { "line": 35, "column": 8 },
          "end": { "line": 35, "column": 21 }
        },
        "type": "binary-expr",
        "locations": [
          {
            "start": { "line": 35, "column": 8 },
            "end": { "line": 35, "column": 15 }
          },
          {
            "start": { "line": 35, "column": 19 },
            "end": { "line": 35, "column": 21 }
          }
        ],
        "line": 35
      },
      "3": {
        "loc": {
          "start": { "line": 36, "column": 11 },
          "end": { "line": 36, "column": 27 }
        },
        "type": "binary-expr",
        "locations": [
          {
            "start": { "line": 36, "column": 11 },
            "end": { "line": 36, "column": 21 }
          },
          {
            "start": { "line": 36, "column": 25 },
            "end": { "line": 36, "column": 27 }
          }
        ],
        "line": 36
      },
      "4": {
        "loc": {
          "start": { "line": 37, "column": 10 },
          "end": { "line": 37, "column": 25 }
        },
        "type": "binary-expr",
        "locations": [
          {
            "start": { "line": 37, "column": 10 },
            "end": { "line": 37, "column": 19 }
          },
          {
            "start": { "line": 37, "column": 23 },
            "end": { "line": 37, "column": 25 }
          }
        ],
        "line": 37
      },
      "5": {
        "loc": {
          "start": { "line": 52, "column": 16 },
          "end": { "line": 52, "column": 59 }
        },
        "type": "binary-expr",
        "locations": [
          {
            "start": { "line": 52, "column": 16 },
            "end": { "line": 52, "column": 31 }
          },
          {
            "start": { "line": 52, "column": 35 },
            "end": { "line": 52, "column": 59 }
          }
        ],
        "line": 52
      },
      "6": {
        "loc": {
          "start": { "line": 53, "column": 16 },
          "end": { "line": 53, "column": 59 }
        },
        "type": "binary-expr",
        "locations": [
          {
            "start": { "line": 53, "column": 16 },
            "end": { "line": 53, "column": 31 }
          },
          {
            "start": { "line": 53, "column": 35 },
            "end": { "line": 53, "column": 59 }
          }
        ],
        "line": 53
      },
      "7": {
        "loc": {
          "start": { "line": 68, "column": 6 },
          "end": { "line": 71, "column": 7 }
        },
        "type": "if",
        "locations": [
          {
            "start": { "line": 68, "column": 6 },
            "end": { "line": 71, "column": 7 }
          },
          { "start": {}, "end": {} }
        ],
        "line": 68
      },
      "8": {
        "loc": {
          "start": { "line": 78, "column": 6 },
          "end": { "line": 81, "column": 7 }
        },
        "type": "if",
        "locations": [
          {
            "start": { "line": 78, "column": 6 },
            "end": { "line": 81, "column": 7 }
          },
          { "start": {}, "end": {} }
        ],
        "line": 78
      },
      "9": {
        "loc": {
          "start": { "line": 97, "column": 29 },
          "end": { "line": 97, "column": 53 }
        },
        "type": "binary-expr",
        "locations": [
          {
            "start": { "line": 97, "column": 29 },
            "end": { "line": 97, "column": 47 }
          },
          {
            "start": { "line": 97, "column": 51 },
            "end": { "line": 97, "column": 53 }
          }
        ],
        "line": 97
      },
      "10": {
        "loc": {
          "start": { "line": 100, "column": 6 },
          "end": { "line": 130, "column": 7 }
        },
        "type": "if",
        "locations": [
          {
            "start": { "line": 100, "column": 6 },
            "end": { "line": 130, "column": 7 }
          },
          { "start": {}, "end": {} }
        ],
        "line": 100
      },
      "11": {
        "loc": {
          "start": { "line": 100, "column": 10 },
          "end": { "line": 100, "column": 38 }
        },
        "type": "binary-expr",
        "locations": [
          {
            "start": { "line": 100, "column": 10 },
            "end": { "line": 100, "column": 19 }
          },
          {
            "start": { "line": 100, "column": 23 },
            "end": { "line": 100, "column": 38 }
          }
        ],
        "line": 100
      },
      "12": {
        "loc": {
          "start": { "line": 101, "column": 8 },
          "end": { "line": 104, "column": 9 }
        },
        "type": "if",
        "locations": [
          {
            "start": { "line": 101, "column": 8 },
            "end": { "line": 104, "column": 9 }
          },
          { "start": {}, "end": {} }
        ],
        "line": 101
      },
      "13": {
        "loc": {
          "start": { "line": 101, "column": 12 },
          "end": { "line": 101, "column": 130 }
        },
        "type": "binary-expr",
        "locations": [
          {
            "start": { "line": 101, "column": 12 },
            "end": { "line": 101, "column": 45 }
          },
          {
            "start": { "line": 101, "column": 49 },
            "end": { "line": 101, "column": 87 }
          },
          {
            "start": { "line": 101, "column": 91 },
            "end": { "line": 101, "column": 130 }
          }
        ],
        "line": 101
      },
      "14": {
        "loc": {
          "start": { "line": 106, "column": 8 },
          "end": { "line": 109, "column": 9 }
        },
        "type": "if",
        "locations": [
          {
            "start": { "line": 106, "column": 8 },
            "end": { "line": 109, "column": 9 }
          },
          { "start": {}, "end": {} }
        ],
        "line": 106
      },
      "15": {
        "loc": {
          "start": { "line": 106, "column": 12 },
          "end": { "line": 106, "column": 137 }
        },
        "type": "binary-expr",
        "locations": [
          {
            "start": { "line": 106, "column": 12 },
            "end": { "line": 106, "column": 45 }
          },
          {
            "start": { "line": 106, "column": 49 },
            "end": { "line": 106, "column": 88 }
          },
          {
            "start": { "line": 106, "column": 92 },
            "end": { "line": 106, "column": 137 }
          }
        ],
        "line": 106
      },
      "16": {
        "loc": {
          "start": { "line": 111, "column": 8 },
          "end": { "line": 114, "column": 9 }
        },
        "type": "if",
        "locations": [
          {
            "start": { "line": 111, "column": 8 },
            "end": { "line": 114, "column": 9 }
          },
          { "start": {}, "end": {} }
        ],
        "line": 111
      },
      "17": {
        "loc": {
          "start": { "line": 111, "column": 12 },
          "end": { "line": 111, "column": 133 }
        },
        "type": "binary-expr",
        "locations": [
          {
            "start": { "line": 111, "column": 12 },
            "end": { "line": 111, "column": 46 }
          },
          {
            "start": { "line": 111, "column": 50 },
            "end": { "line": 111, "column": 86 }
          },
          {
            "start": { "line": 111, "column": 90 },
            "end": { "line": 111, "column": 133 }
          }
        ],
        "line": 111
      },
      "18": {
        "loc": {
          "start": { "line": 118, "column": 17 },
          "end": { "line": 118, "column": 61 }
        },
        "type": "binary-expr",
        "locations": [
          {
            "start": { "line": 118, "column": 17 },
            "end": { "line": 118, "column": 34 }
          },
          {
            "start": { "line": 118, "column": 38 },
            "end": { "line": 118, "column": 61 }
          }
        ],
        "line": 118
      },
      "19": {
        "loc": {
          "start": { "line": 121, "column": 8 },
          "end": { "line": 127, "column": 9 }
        },
        "type": "if",
        "locations": [
          {
            "start": { "line": 121, "column": 8 },
            "end": { "line": 127, "column": 9 }
          },
          { "start": {}, "end": {} }
        ],
        "line": 121
      },
      "20": {
        "loc": {
          "start": { "line": 129, "column": 40 },
          "end": { "line": 129, "column": 101 }
        },
        "type": "binary-expr",
        "locations": [
          {
            "start": { "line": 129, "column": 40 },
            "end": { "line": 129, "column": 58 }
          },
          {
            "start": { "line": 129, "column": 62 },
            "end": { "line": 129, "column": 101 }
          }
        ],
        "line": 129
      },
      "21": {
        "loc": {
          "start": { "line": 132, "column": 6 },
          "end": { "line": 136, "column": 7 }
        },
        "type": "if",
        "locations": [
          {
            "start": { "line": 132, "column": 6 },
            "end": { "line": 136, "column": 7 }
          },
          { "start": {}, "end": {} }
        ],
        "line": 132
      },
      "22": {
        "loc": {
          "start": { "line": 144, "column": 6 },
          "end": { "line": 147, "column": 7 }
        },
        "type": "if",
        "locations": [
          {
            "start": { "line": 144, "column": 6 },
            "end": { "line": 147, "column": 7 }
          },
          { "start": {}, "end": {} }
        ],
        "line": 144
      },
      "23": {
        "loc": {
          "start": { "line": 144, "column": 10 },
          "end": { "line": 144, "column": 24 }
        },
        "type": "binary-expr",
        "locations": [
          {
            "start": { "line": 144, "column": 10 },
            "end": { "line": 144, "column": 15 }
          },
          {
            "start": { "line": 144, "column": 19 },
            "end": { "line": 144, "column": 24 }
          }
        ],
        "line": 144
      },
      "24": {
        "loc": {
          "start": { "line": 156, "column": 15 },
          "end": { "line": 156, "column": 59 }
        },
        "type": "binary-expr",
        "locations": [
          {
            "start": { "line": 156, "column": 15 },
            "end": { "line": 156, "column": 32 }
          },
          {
            "start": { "line": 156, "column": 36 },
            "end": { "line": 156, "column": 59 }
          }
        ],
        "line": 156
      },
      "25": {
        "loc": {
          "start": { "line": 158, "column": 6 },
          "end": { "line": 163, "column": 7 }
        },
        "type": "if",
        "locations": [
          {
            "start": { "line": 158, "column": 6 },
            "end": { "line": 163, "column": 7 }
          },
          { "start": {}, "end": {} }
        ],
        "line": 158
      },
      "26": {
        "loc": {
          "start": { "line": 166, "column": 6 },
          "end": { "line": 169, "column": 7 }
        },
        "type": "if",
        "locations": [
          {
            "start": { "line": 166, "column": 6 },
            "end": { "line": 169, "column": 7 }
          },
          { "start": {}, "end": {} }
        ],
        "line": 166
      },
      "27": {
        "loc": {
          "start": { "line": 168, "column": 89 },
          "end": { "line": 168, "column": 121 }
        },
        "type": "binary-expr",
        "locations": [
          {
            "start": { "line": 168, "column": 89 },
            "end": { "line": 168, "column": 113 }
          },
          {
            "start": { "line": 168, "column": 117 },
            "end": { "line": 168, "column": 121 }
          }
        ],
        "line": 168
      },
      "28": {
        "loc": {
          "start": { "line": 171, "column": 22 },
          "end": { "line": 171, "column": 58 }
        },
        "type": "binary-expr",
        "locations": [
          {
            "start": { "line": 171, "column": 22 },
            "end": { "line": 171, "column": 34 }
          },
          {
            "start": { "line": 171, "column": 38 },
            "end": { "line": 171, "column": 52 }
          },
          {
            "start": { "line": 171, "column": 56 },
            "end": { "line": 171, "column": 58 }
          }
        ],
        "line": 171
      },
      "29": {
        "loc": {
          "start": { "line": 172, "column": 6 },
          "end": { "line": 175, "column": 7 }
        },
        "type": "if",
        "locations": [
          {
            "start": { "line": 172, "column": 6 },
            "end": { "line": 175, "column": 7 }
          },
          { "start": {}, "end": {} }
        ],
        "line": 172
      },
      "30": {
        "loc": {
          "start": { "line": 172, "column": 10 },
          "end": { "line": 172, "column": 64 }
        },
        "type": "binary-expr",
        "locations": [
          {
            "start": { "line": 172, "column": 10 },
            "end": { "line": 172, "column": 36 }
          },
          {
            "start": { "line": 172, "column": 40 },
            "end": { "line": 172, "column": 64 }
          }
        ],
        "line": 172
      },
      "31": {
        "loc": {
          "start": { "line": 173, "column": 57 },
          "end": { "line": 173, "column": 87 }
        },
        "type": "binary-expr",
        "locations": [
          {
            "start": { "line": 173, "column": 57 },
            "end": { "line": 173, "column": 69 }
          },
          {
            "start": { "line": 173, "column": 73 },
            "end": { "line": 173, "column": 87 }
          }
        ],
        "line": 173
      },
      "32": {
        "loc": {
          "start": { "line": 177, "column": 55 },
          "end": { "line": 177, "column": 85 }
        },
        "type": "binary-expr",
        "locations": [
          {
            "start": { "line": 177, "column": 55 },
            "end": { "line": 177, "column": 67 }
          },
          {
            "start": { "line": 177, "column": 71 },
            "end": { "line": 177, "column": 85 }
          }
        ],
        "line": 177
      },
      "33": {
        "loc": {
          "start": { "line": 178, "column": 38 },
          "end": { "line": 178, "column": 120 }
        },
        "type": "binary-expr",
        "locations": [
          {
            "start": { "line": 178, "column": 38 },
            "end": { "line": 178, "column": 50 }
          },
          {
            "start": { "line": 178, "column": 54 },
            "end": { "line": 178, "column": 68 }
          },
          {
            "start": { "line": 178, "column": 72 },
            "end": { "line": 178, "column": 120 }
          }
        ],
        "line": 178
      },
      "34": {
        "loc": {
          "start": { "line": 196, "column": 6 },
          "end": { "line": 211, "column": 7 }
        },
        "type": "if",
        "locations": [
          {
            "start": { "line": 196, "column": 6 },
            "end": { "line": 211, "column": 7 }
          },
          { "start": {}, "end": {} }
        ],
        "line": 196
      },
      "35": {
        "loc": {
          "start": { "line": 196, "column": 10 },
          "end": { "line": 196, "column": 41 }
        },
        "type": "binary-expr",
        "locations": [
          {
            "start": { "line": 196, "column": 10 },
            "end": { "line": 196, "column": 21 }
          },
          {
            "start": { "line": 196, "column": 25 },
            "end": { "line": 196, "column": 41 }
          }
        ],
        "line": 196
      },
      "36": {
        "loc": {
          "start": { "line": 197, "column": 24 },
          "end": { "line": 197, "column": 65 }
        },
        "type": "binary-expr",
        "locations": [
          {
            "start": { "line": 197, "column": 24 },
            "end": { "line": 197, "column": 59 }
          },
          {
            "start": { "line": 197, "column": 63 },
            "end": { "line": 197, "column": 65 }
          }
        ],
        "line": 197
      },
      "37": {
        "loc": {
          "start": { "line": 199, "column": 10 },
          "end": { "line": 202, "column": 11 }
        },
        "type": "if",
        "locations": [
          {
            "start": { "line": 199, "column": 10 },
            "end": { "line": 202, "column": 11 }
          },
          { "start": {}, "end": {} }
        ],
        "line": 199
      },
      "38": {
        "loc": {
          "start": { "line": 199, "column": 14 },
          "end": { "line": 199, "column": 99 }
        },
        "type": "binary-expr",
        "locations": [
          {
            "start": { "line": 199, "column": 14 },
            "end": { "line": 199, "column": 52 }
          },
          {
            "start": { "line": 199, "column": 56 },
            "end": { "line": 199, "column": 99 }
          }
        ],
        "line": 199
      },
      "39": {
        "loc": {
          "start": { "line": 204, "column": 10 },
          "end": { "line": 207, "column": 11 }
        },
        "type": "if",
        "locations": [
          {
            "start": { "line": 204, "column": 10 },
            "end": { "line": 207, "column": 11 }
          },
          { "start": {}, "end": {} }
        ],
        "line": 204
      },
      "40": {
        "loc": {
          "start": { "line": 214, "column": 6 },
          "end": { "line": 217, "column": 7 }
        },
        "type": "if",
        "locations": [
          {
            "start": { "line": 214, "column": 6 },
            "end": { "line": 217, "column": 7 }
          },
          { "start": {}, "end": {} }
        ],
        "line": 214
      },
      "41": {
        "loc": {
          "start": { "line": 229, "column": 6 },
          "end": { "line": 233, "column": 7 }
        },
        "type": "if",
        "locations": [
          {
            "start": { "line": 229, "column": 6 },
            "end": { "line": 233, "column": 7 }
          },
          { "start": {}, "end": {} }
        ],
        "line": 229
      },
      "42": {
        "loc": {
          "start": { "line": 265, "column": 4 },
          "end": { "line": 265, "column": 26 }
        },
        "type": "if",
        "locations": [
          {
            "start": { "line": 265, "column": 4 },
            "end": { "line": 265, "column": 26 }
          },
          { "start": {}, "end": {} }
        ],
        "line": 265
      },
      "43": {
        "loc": {
          "start": { "line": 273, "column": 6 },
          "end": { "line": 277, "column": 7 }
        },
        "type": "if",
        "locations": [
          {
            "start": { "line": 273, "column": 6 },
            "end": { "line": 277, "column": 7 }
          },
          { "start": {}, "end": {} }
        ],
        "line": 273
      },
      "44": {
        "loc": {
          "start": { "line": 273, "column": 10 },
          "end": { "line": 273, "column": 24 }
        },
        "type": "binary-expr",
        "locations": [
          {
            "start": { "line": 273, "column": 10 },
            "end": { "line": 273, "column": 16 }
          },
          {
            "start": { "line": 273, "column": 20 },
            "end": { "line": 273, "column": 24 }
          }
        ],
        "line": 273
      },
      "45": {
        "loc": {
          "start": { "line": 286, "column": 17 },
          "end": { "line": 286, "column": 130 }
        },
        "type": "binary-expr",
        "locations": [
          {
            "start": { "line": 286, "column": 17 },
            "end": { "line": 286, "column": 61 }
          },
          {
            "start": { "line": 286, "column": 65 },
            "end": { "line": 286, "column": 130 }
          }
        ],
        "line": 286
      },
      "46": {
        "loc": {
          "start": { "line": 287, "column": 6 },
          "end": { "line": 291, "column": 7 }
        },
        "type": "if",
        "locations": [
          {
            "start": { "line": 287, "column": 6 },
            "end": { "line": 291, "column": 7 }
          },
          { "start": {}, "end": {} }
        ],
        "line": 287
      },
      "47": {
        "loc": {
          "start": { "line": 289, "column": 8 },
          "end": { "line": 289, "column": 100 }
        },
        "type": "if",
        "locations": [
          {
            "start": { "line": 289, "column": 8 },
            "end": { "line": 289, "column": 100 }
          },
          { "start": {}, "end": {} }
        ],
        "line": 289
      },
      "48": {
        "loc": {
          "start": { "line": 289, "column": 51 },
          "end": { "line": 289, "column": 97 }
        },
        "type": "binary-expr",
        "locations": [
          {
            "start": { "line": 289, "column": 51 },
            "end": { "line": 289, "column": 64 }
          },
          {
            "start": { "line": 289, "column": 68 },
            "end": { "line": 289, "column": 97 }
          }
        ],
        "line": 289
      },
      "49": {
        "loc": {
          "start": { "line": 296, "column": 38 },
          "end": { "line": 296, "column": 83 }
        },
        "type": "binary-expr",
        "locations": [
          {
            "start": { "line": 296, "column": 38 },
            "end": { "line": 296, "column": 50 }
          },
          {
            "start": { "line": 296, "column": 54 },
            "end": { "line": 296, "column": 83 }
          }
        ],
        "line": 296
      },
      "50": {
        "loc": {
          "start": { "line": 304, "column": 22 },
          "end": { "line": 304, "column": 106 }
        },
        "type": "binary-expr",
        "locations": [
          {
            "start": { "line": 304, "column": 23 },
            "end": { "line": 304, "column": 53 }
          },
          {
            "start": { "line": 304, "column": 57 },
            "end": { "line": 304, "column": 99 }
          },
          {
            "start": { "line": 304, "column": 104 },
            "end": { "line": 304, "column": 106 }
          }
        ],
        "line": 304
      },
      "51": {
        "loc": {
          "start": { "line": 305, "column": 6 },
          "end": { "line": 307, "column": 7 }
        },
        "type": "if",
        "locations": [
          {
            "start": { "line": 305, "column": 6 },
            "end": { "line": 307, "column": 7 }
          },
          { "start": {}, "end": {} }
        ],
        "line": 305
      },
      "52": {
        "loc": {
          "start": { "line": 315, "column": 6 },
          "end": { "line": 318, "column": 7 }
        },
        "type": "if",
        "locations": [
          {
            "start": { "line": 315, "column": 6 },
            "end": { "line": 318, "column": 7 }
          },
          { "start": {}, "end": {} }
        ],
        "line": 315
      },
      "53": {
        "loc": {
          "start": { "line": 317, "column": 40 },
          "end": { "line": 317, "column": 95 }
        },
        "type": "binary-expr",
        "locations": [
          {
            "start": { "line": 317, "column": 40 },
            "end": { "line": 317, "column": 51 }
          },
          {
            "start": { "line": 317, "column": 55 },
            "end": { "line": 317, "column": 95 }
          }
        ],
        "line": 317
      },
      "54": {
        "loc": {
          "start": { "line": 322, "column": 38 },
          "end": { "line": 322, "column": 94 }
        },
        "type": "binary-expr",
        "locations": [
          {
            "start": { "line": 322, "column": 38 },
            "end": { "line": 322, "column": 50 }
          },
          {
            "start": { "line": 322, "column": 54 },
            "end": { "line": 322, "column": 94 }
          }
        ],
        "line": 322
      },
      "55": {
        "loc": {
          "start": { "line": 347, "column": 2 },
          "end": { "line": 349, "column": 3 }
        },
        "type": "if",
        "locations": [
          {
            "start": { "line": 347, "column": 2 },
            "end": { "line": 349, "column": 3 }
          },
          { "start": {}, "end": {} }
        ],
        "line": 347
      }
    },
    "s": {
      "0": 3,
      "1": 3,
      "2": 4,
      "3": 3,
      "4": 3,
      "5": 3,
      "6": 10,
      "7": 10,
      "8": 10,
      "9": 10,
      "10": 5,
      "11": 10,
      "12": 5,
      "13": 5,
      "14": 0,
      "15": 0,
      "16": 5,
      "17": 5,
      "18": 0,
      "19": 0,
      "20": 5,
      "21": 0,
      "22": 5,
      "23": 10,
      "24": 4,
      "25": 4,
      "26": 3,
      "27": 3,
      "28": 3,
      "29": 1,
      "30": 1,
      "31": 1,
      "32": 0,
      "33": 0,
      "34": 0,
      "35": 0,
      "36": 0,
      "37": 0,
      "38": 0,
      "39": 0,
      "40": 0,
      "41": 0,
      "42": 0,
      "43": 0,
      "44": 0,
      "45": 0,
      "46": 0,
      "47": 2,
      "48": 0,
      "49": 0,
      "50": 0,
      "51": 2,
      "52": 2,
      "53": 0,
      "54": 0,
      "55": 2,
      "56": 2,
      "57": 2,
      "58": 2,
      "59": 2,
      "60": 1,
      "61": 1,
      "62": 1,
      "63": 1,
      "64": 1,
      "65": 1,
      "66": 1,
      "67": 0,
      "68": 0,
      "69": 0,
      "70": 0,
      "71": 0,
      "72": 0,
      "73": 0,
      "74": 0,
      "75": 0,
      "76": 0,
      "77": 10,
      "78": 1,
      "79": 1,
      "80": 1,
      "81": 1,
      "82": 0,
      "83": 0,
      "84": 0,
      "85": 0,
      "86": 0,
      "87": 0,
      "88": 0,
      "89": 0,
      "90": 0,
      "91": 1,
      "92": 1,
      "93": 1,
      "94": 0,
      "95": 0,
      "96": 0,
      "97": 0,
      "98": 0,
      "99": 0,
      "100": 0,
      "101": 0,
      "102": 0,
      "103": 0,
      "104": 0,
      "105": 0,
      "106": 10,
      "107": 0,
      "108": 0,
      "109": 10,
      "110": 0,
      "111": 0,
      "112": 10,
      "113": 0,
      "114": 0,
      "115": 0,
      "116": 0,
      "117": 0,
      "118": 0,
      "119": 0,
      "120": 0,
      "121": 0,
      "122": 10,
      "123": 0,
      "124": 0,
      "125": 0,
      "126": 0,
      "127": 0,
      "128": 0,
      "129": 0,
      "130": 0,
      "131": 0,
      "132": 10,
      "133": 0,
      "134": 0,
      "135": 0,
      "136": 0,
      "137": 0,
      "138": 0,
      "139": 0,
      "140": 0,
      "141": 0,
      "142": 0,
      "143": 0,
      "144": 10,
      "145": 10,
      "146": 10,
      "147": 0,
      "148": 10
    },
    "f": {
      "0": 4,
      "1": 3,
      "2": 10,
      "3": 5,
      "4": 5,
      "5": 4,
      "6": 0,
      "7": 1,
      "8": 1,
      "9": 0,
      "10": 0,
      "11": 0,
      "12": 0,
      "13": 0,
      "14": 0,
      "15": 10
    },
    "b": {
      "0": [0, 4],
      "1": [3, 1],
      "2": [3, 0],
      "3": [3, 0],
      "4": [3, 0],
      "5": [3, 2],
      "6": [3, 2],
      "7": [0, 5],
      "8": [0, 5],
      "9": [3, 2],
      "10": [1, 2],
      "11": [3, 2],
      "12": [1, 0],
      "13": [1, 0, 0],
      "14": [0, 0],
      "15": [0, 0, 0],
      "16": [0, 0],
      "17": [0, 0, 0],
      "18": [0, 0],
      "19": [0, 0],
      "20": [0, 0],
      "21": [0, 2],
      "22": [0, 2],
      "23": [2, 2],
      "24": [1, 1],
      "25": [1, 0],
      "26": [0, 0],
      "27": [0, 0],
      "28": [0, 0, 0],
      "29": [0, 0],
      "30": [0, 0],
      "31": [0, 0],
      "32": [0, 0],
      "33": [0, 0, 0],
      "34": [0, 1],
      "35": [1, 1],
      "36": [0, 0],
      "37": [0, 0],
      "38": [0, 0],
      "39": [0, 0],
      "40": [1, 0],
      "41": [0, 0],
      "42": [0, 0],
      "43": [0, 0],
      "44": [0, 0],
      "45": [0, 0],
      "46": [0, 0],
      "47": [0, 0],
      "48": [0, 0],
      "49": [0, 0],
      "50": [0, 0, 0],
      "51": [0, 0],
      "52": [0, 0],
      "53": [0, 0],
      "54": [0, 0],
      "55": [0, 10]
    },
    "_coverageSchema": "1a1c01bbd47fc00a2c39e90264f33305004495a9",
    "hash": "a1bb9665e90ee37bcf6355e2712f642d7f2c7cec"
  },
  "D:\\MyProjectsUAI\\weejobs\\lib\\analytics.ts": {
    "path": "D:\\MyProjectsUAI\\weejobs\\lib\\analytics.ts",
    "statementMap": {
      "0": {
        "start": { "line": 7, "column": 29 },
        "end": { "line": 7, "column": 111 }
      },
      "1": {
        "start": { "line": 8, "column": 16 },
        "end": { "line": 8, "column": 54 }
      },
      "2": {
        "start": { "line": 9, "column": 2 },
        "end": { "line": 24, "column": 3 }
      },
      "3": {
        "start": { "line": 10, "column": 4 },
        "end": { "line": 21, "column": 5 }
      },
      "4": {
        "start": { "line": 12, "column": 6 },
        "end": { "line": 16, "column": 25 }
      },
      "5": {
        "start": { "line": 20, "column": 6 },
        "end": { "line": 20, "column": 63 }
      }
    },
    "fnMap": {
      "0": {
        "name": "track",
        "decl": {
          "start": { "line": 6, "column": 22 },
          "end": { "line": 6, "column": 27 }
        },
        "loc": {
          "start": { "line": 6, "column": 76 },
          "end": { "line": 25, "column": 1 }
        },
        "line": 6
      },
      "1": {
        "name": "(anonymous_1)",
        "decl": {
          "start": { "line": 16, "column": 15 },
          "end": { "line": 16, "column": 16 }
        },
        "loc": {
          "start": { "line": 16, "column": 21 },
          "end": { "line": 16, "column": 23 }
        },
        "line": 16
      }
    },
    "branchMap": {
      "0": {
        "loc": {
          "start": { "line": 7, "column": 29 },
          "end": { "line": 7, "column": 111 }
        },
        "type": "binary-expr",
        "locations": [
          {
            "start": { "line": 7, "column": 30 },
            "end": { "line": 7, "column": 60 }
          },
          {
            "start": { "line": 7, "column": 64 },
            "end": { "line": 7, "column": 104 }
          },
          {
            "start": { "line": 7, "column": 109 },
            "end": { "line": 7, "column": 111 }
          }
        ],
        "line": 7
      },
      "1": {
        "loc": {
          "start": { "line": 8, "column": 36 },
          "end": { "line": 8, "column": 52 }
        },
        "type": "binary-expr",
        "locations": [
          {
            "start": { "line": 8, "column": 36 },
            "end": { "line": 8, "column": 46 }
          },
          {
            "start": { "line": 8, "column": 50 },
            "end": { "line": 8, "column": 52 }
          }
        ],
        "line": 8
      },
      "2": {
        "loc": {
          "start": { "line": 10, "column": 4 },
          "end": { "line": 21, "column": 5 }
        },
        "type": "if",
        "locations": [
          {
            "start": { "line": 10, "column": 4 },
            "end": { "line": 21, "column": 5 }
          },
          {
            "start": { "line": 17, "column": 11 },
            "end": { "line": 21, "column": 5 }
          }
        ],
        "line": 10
      }
    },
    "s": { "0": 6, "1": 6, "2": 6, "3": 6, "4": 1, "5": 5 },
    "f": { "0": 6, "1": 0 },
    "b": { "0": [6, 6, 5], "1": [6, 0], "2": [1, 5] },
    "_coverageSchema": "1a1c01bbd47fc00a2c39e90264f33305004495a9",
    "hash": "ab12bb606d5096a7f16ed20fb6afb5fa5b49d1dd"
  },
  "D:\\MyProjectsUAI\\weejobs\\lib\\error.ts": {
    "path": "D:\\MyProjectsUAI\\weejobs\\lib\\error.ts",
    "statementMap": {
      "0": {
        "start": { "line": 8, "column": 2 },
        "end": { "line": 8, "column": 48 }
      },
      "1": {
        "start": { "line": 8, "column": 12 },
        "end": { "line": 8, "column": 48 }
      },
      "2": {
        "start": { "line": 11, "column": 2 },
        "end": { "line": 20, "column": 3 }
      },
      "3": {
        "start": { "line": 12, "column": 19 },
        "end": { "line": 12, "column": 29 }
      },
      "4": {
        "start": { "line": 13, "column": 4 },
        "end": { "line": 17, "column": 5 }
      },
      "5": {
        "start": { "line": 14, "column": 17 },
        "end": { "line": 14, "column": 111 }
      },
      "6": {
        "start": { "line": 15, "column": 32 },
        "end": { "line": 15, "column": 76 }
      },
      "7": {
        "start": { "line": 16, "column": 6 },
        "end": { "line": 16, "column": 111 }
      },
      "8": {
        "start": { "line": 18, "column": 16 },
        "end": { "line": 18, "column": 63 }
      },
      "9": {
        "start": { "line": 19, "column": 4 },
        "end": { "line": 19, "column": 36 }
      },
      "10": {
        "start": { "line": 23, "column": 2 },
        "end": { "line": 30, "column": 3 }
      },
      "11": {
        "start": { "line": 24, "column": 20 },
        "end": { "line": 24, "column": 78 }
      },
      "12": {
        "start": { "line": 25, "column": 18 },
        "end": { "line": 25, "column": 39 }
      },
      "13": {
        "start": { "line": 26, "column": 4 },
        "end": { "line": 28, "column": 5 }
      },
      "14": {
        "start": { "line": 27, "column": 6 },
        "end": { "line": 27, "column": 117 }
      },
      "15": {
        "start": { "line": 29, "column": 4 },
        "end": { "line": 29, "column": 23 }
      },
      "16": {
        "start": { "line": 33, "column": 2 },
        "end": { "line": 33, "column": 34 }
      }
    },
    "fnMap": {
      "0": {
        "name": "parseServerError",
        "decl": {
          "start": { "line": 7, "column": 16 },
          "end": { "line": 7, "column": 32 }
        },
        "loc": {
          "start": { "line": 7, "column": 56 },
          "end": { "line": 34, "column": 1 }
        },
        "line": 7
      }
    },
    "branchMap": {
      "0": {
        "loc": {
          "start": { "line": 8, "column": 2 },
          "end": { "line": 8, "column": 48 }
        },
        "type": "if",
        "locations": [
          {
            "start": { "line": 8, "column": 2 },
[...]
          },
          {
            "start": { "line": 43, "column": 16 },
            "end": { "line": 43, "column": 31 }
          }
        ],
        "line": 43
      },
      "19": {
        "loc": {
          "start": { "line": 51, "column": 2 },
          "end": { "line": 62, "column": 3 }
        },
        "type": "if",
        "locations": [
          {
            "start": { "line": 51, "column": 2 },
            "end": { "line": 62, "column": 3 }
          },
          {
            "start": { "line": 55, "column": 9 },
            "end": { "line": 62, "column": 3 }
          }
        ],
        "line": 51
      },
      "20": {
        "loc": {
          "start": { "line": 55, "column": 9 },
          "end": { "line": 62, "column": 3 }
        },
        "type": "if",
        "locations": [
          {
            "start": { "line": 55, "column": 9 },
            "end": { "line": 62, "column": 3 }
          },
          { "start": {}, "end": {} }
        ],
        "line": 55
      },
      "21": {
        "loc": {
          "start": { "line": 59, "column": 4 },
          "end": { "line": 61, "column": 5 }
        },
        "type": "if",
        "locations": [
          {
            "start": { "line": 59, "column": 4 },
            "end": { "line": 61, "column": 5 }
          },
          { "start": {}, "end": {} }
        ],
        "line": 59
      },
      "22": {
        "loc": {
          "start": { "line": 65, "column": 2 },
          "end": { "line": 67, "column": 3 }
        },
        "type": "if",
        "locations": [
          {
            "start": { "line": 65, "column": 2 },
            "end": { "line": 67, "column": 3 }
          },
          { "start": {}, "end": {} }
        ],
        "line": 65
      },
      "23": {
        "loc": {
          "start": { "line": 71, "column": 39 },
          "end": { "line": 71, "column": 64 }
        },
        "type": "default-arg",
        "locations": [
          {
            "start": { "line": 71, "column": 56 },
            "end": { "line": 71, "column": 64 }
          }
        ],
        "line": 71
      },
      "24": {
        "loc": {
          "start": { "line": 72, "column": 2 },
          "end": { "line": 74, "column": 3 }
        },
        "type": "if",
        "locations": [
          {
            "start": { "line": 72, "column": 2 },
            "end": { "line": 74, "column": 3 }
          },
          { "start": {}, "end": {} }
        ],
        "line": 72
      },
      "25": {
        "loc": {
          "start": { "line": 77, "column": 20 },
          "end": { "line": 77, "column": 62 }
        },
        "type": "binary-expr",
        "locations": [
          {
            "start": { "line": 77, "column": 20 },
            "end": { "line": 77, "column": 49 }
          },
          {
            "start": { "line": 77, "column": 53 },
            "end": { "line": 77, "column": 62 }
          }
        ],
        "line": 77
      },
      "26": {
        "loc": {
          "start": { "line": 79, "column": 2 },
          "end": { "line": 83, "column": 3 }
        },
        "type": "if",
        "locations": [
          {
            "start": { "line": 79, "column": 2 },
            "end": { "line": 83, "column": 3 }
          },
          { "start": {}, "end": {} }
        ],
        "line": 79
      },
      "27": {
        "loc": {
          "start": { "line": 79, "column": 6 },
          "end": { "line": 79, "column": 47 }
        },
        "type": "binary-expr",
        "locations": [
          {
            "start": { "line": 79, "column": 6 },
            "end": { "line": 79, "column": 12 }
          },
          {
            "start": { "line": 79, "column": 16 },
            "end": { "line": 79, "column": 37 }
          },
          {
            "start": { "line": 79, "column": 41 },
            "end": { "line": 79, "column": 47 }
          }
        ],
        "line": 79
      },
      "28": {
        "loc": {
          "start": { "line": 82, "column": 18 },
          "end": { "line": 82, "column": 69 }
        },
        "type": "binary-expr",
        "locations": [
          {
            "start": { "line": 82, "column": 18 },
            "end": { "line": 82, "column": 54 }
          },
          {
            "start": { "line": 82, "column": 58 },
            "end": { "line": 82, "column": 69 }
          }
        ],
        "line": 82
      },
      "29": {
        "loc": {
          "start": { "line": 85, "column": 2 },
          "end": { "line": 87, "column": 3 }
        },
        "type": "if",
        "locations": [
          {
            "start": { "line": 85, "column": 2 },
            "end": { "line": 87, "column": 3 }
          },
          { "start": {}, "end": {} }
        ],
        "line": 85
      },
      "30": {
        "loc": {
          "start": { "line": 95, "column": 2 },
          "end": { "line": 97, "column": 3 }
        },
        "type": "if",
        "locations": [
          {
            "start": { "line": 95, "column": 2 },
            "end": { "line": 97, "column": 3 }
          },
          { "start": {}, "end": {} }
        ],
        "line": 95
      },
      "31": {
        "loc": {
          "start": { "line": 102, "column": 2 },
          "end": { "line": 104, "column": 3 }
        },
        "type": "if",
        "locations": [
          {
            "start": { "line": 102, "column": 2 },
            "end": { "line": 104, "column": 3 }
          },
          { "start": {}, "end": {} }
        ],
        "line": 102
      },
      "32": {
        "loc": {
          "start": { "line": 102, "column": 6 },
          "end": { "line": 102, "column": 27 }
        },
        "type": "binary-expr",
        "locations": [
          {
            "start": { "line": 102, "column": 6 },
            "end": { "line": 102, "column": 12 }
          },
          {
            "start": { "line": 102, "column": 16 },
            "end": { "line": 102, "column": 27 }
          }
        ],
        "line": 102
      },
      "33": {
        "loc": {
          "start": { "line": 106, "column": 2 },
          "end": { "line": 181, "column": 3 }
        },
        "type": "switch",
        "locations": [
          {
            "start": { "line": 107, "column": 4 },
            "end": { "line": 114, "column": 5 }
          },
          {
            "start": { "line": 116, "column": 4 },
            "end": { "line": 135, "column": 5 }
          },
          {
            "start": { "line": 137, "column": 4 },
            "end": { "line": 140, "column": 5 }
          },
          {
            "start": { "line": 142, "column": 4 },
            "end": { "line": 158, "column": 5 }
          },
          {
            "start": { "line": 160, "column": 4 },
            "end": { "line": 176, "column": 5 }
          },
          {
            "start": { "line": 178, "column": 4 },
            "end": { "line": 180, "column": 18 }
          }
        ],
        "line": 106
      },
      "34": {
        "loc": {
          "start": { "line": 109, "column": 6 },
          "end": { "line": 112, "column": 7 }
        },
        "type": "if",
        "locations": [
          {
            "start": { "line": 109, "column": 6 },
            "end": { "line": 112, "column": 7 }
          },
          { "start": {}, "end": {} }
        ],
        "line": 109
      },
      "35": {
        "loc": {
          "start": { "line": 109, "column": 10 },
          "end": { "line": 109, "column": 59 }
        },
        "type": "binary-expr",
        "locations": [
          {
            "start": { "line": 109, "column": 10 },
            "end": { "line": 109, "column": 24 }
          },
          {
            "start": { "line": 109, "column": 28 },
            "end": { "line": 109, "column": 59 }
          }
        ],
        "line": 109
      },
      "36": {
        "loc": {
          "start": { "line": 113, "column": 57 },
          "end": { "line": 113, "column": 83 }
        },
        "type": "binary-expr",
        "locations": [
          {
            "start": { "line": 113, "column": 57 },
            "end": { "line": 113, "column": 71 }
          },
          {
            "start": { "line": 113, "column": 75 },
            "end": { "line": 113, "column": 83 }
          }
        ],
        "line": 113
      },
      "37": {
        "loc": {
          "start": { "line": 118, "column": 6 },
          "end": { "line": 121, "column": 7 }
        },
        "type": "if",
        "locations": [
          {
            "start": { "line": 118, "column": 6 },
            "end": { "line": 121, "column": 7 }
          },
          { "start": {}, "end": {} }
        ],
        "line": 118
      },
      "38": {
        "loc": {
          "start": { "line": 118, "column": 10 },
          "end": { "line": 118, "column": 78 }
        },
        "type": "binary-expr",
        "locations": [
          {
            "start": { "line": 118, "column": 10 },
            "end": { "line": 118, "column": 24 }
          },
          {
            "start": { "line": 118, "column": 28 },
            "end": { "line": 118, "column": 59 }
          },
          {
            "start": { "line": 118, "column": 63 },
            "end": { "line": 118, "column": 78 }
          }
        ],
        "line": 118
      },
      "39": {
        "loc": {
          "start": { "line": 127, "column": 28 },
          "end": { "line": 127, "column": 77 }
        },
        "type": "binary-expr",
        "locations": [
          {
            "start": { "line": 127, "column": 28 },
            "end": { "line": 127, "column": 69 }
          },
          {
            "start": { "line": 127, "column": 73 },
            "end": { "line": 127, "column": 77 }
          }
        ],
        "line": 127
      },
      "40": {
        "loc": {
          "start": { "line": 131, "column": 6 },
          "end": { "line": 133, "column": 7 }
        },
        "type": "if",
        "locations": [
          {
            "start": { "line": 131, "column": 6 },
            "end": { "line": 133, "column": 7 }
          },
          { "start": {}, "end": {} }
        ],
        "line": 131
      },
      "41": {
        "loc": {
          "start": { "line": 139, "column": 43 },
          "end": { "line": 139, "column": 69 }
        },
        "type": "binary-expr",
        "locations": [
          {
            "start": { "line": 139, "column": 43 },
            "end": { "line": 139, "column": 57 }
          },
          {
            "start": { "line": 139, "column": 61 },
            "end": { "line": 139, "column": 69 }
          }
        ],
        "line": 139
      },
      "42": {
        "loc": {
          "start": { "line": 144, "column": 6 },
          "end": { "line": 147, "column": 7 }
        },
        "type": "if",
        "locations": [
          {
            "start": { "line": 144, "column": 6 },
            "end": { "line": 147, "column": 7 }
          },
          { "start": {}, "end": {} }
        ],
        "line": 144
      },
      "43": {
        "loc": {
          "start": { "line": 144, "column": 10 },
          "end": { "line": 144, "column": 78 }
        },
        "type": "binary-expr",
        "locations": [
          {
            "start": { "line": 144, "column": 10 },
            "end": { "line": 144, "column": 24 }
          },
          {
            "start": { "line": 144, "column": 28 },
            "end": { "line": 144, "column": 59 }
          },
          {
            "start": { "line": 144, "column": 63 },
            "end": { "line": 144, "column": 78 }
          }
        ],
        "line": 144
      },
      "44": {
        "loc": {
          "start": { "line": 156, "column": 6 },
          "end": { "line": 156, "column": 29 }
        },
        "type": "if",
        "locations": [
          {
            "start": { "line": 156, "column": 6 },
            "end": { "line": 156, "column": 29 }
          },
          { "start": {}, "end": {} }
        ],
        "line": 156
      },
      "45": {
        "loc": {
          "start": { "line": 162, "column": 6 },
          "end": { "line": 165, "column": 7 }
        },
        "type": "if",
        "locations": [
          {
            "start": { "line": 162, "column": 6 },
            "end": { "line": 165, "column": 7 }
          },
          { "start": {}, "end": {} }
        ],
        "line": 162
      },
      "46": {
        "loc": {
          "start": { "line": 162, "column": 10 },
          "end": { "line": 162, "column": 66 }
        },
        "type": "binary-expr",
        "locations": [
          {
            "start": { "line": 162, "column": 10 },
            "end": { "line": 162, "column": 18 }
          },
          {
            "start": { "line": 162, "column": 22 },
            "end": { "line": 162, "column": 47 }
          },
          {
            "start": { "line": 162, "column": 51 },
            "end": { "line": 162, "column": 66 }
          }
        ],
        "line": 162
      },
      "47": {
        "loc": {
          "start": { "line": 170, "column": 28 },
          "end": { "line": 170, "column": 94 }
        },
        "type": "cond-expr",
        "locations": [
          {
            "start": { "line": 170, "column": 45 },
            "end": { "line": 170, "column": 61 }
          },
          {
            "start": { "line": 170, "column": 64 },
            "end": { "line": 170, "column": 94 }
          }
        ],
        "line": 170
      },
      "48": {
        "loc": {
          "start": { "line": 170, "column": 64 },
          "end": { "line": 170, "column": 94 }
        },
        "type": "binary-expr",
        "locations": [
          {
            "start": { "line": 170, "column": 64 },
            "end": { "line": 170, "column": 86 }
          },
          {
            "start": { "line": 170, "column": 90 },
            "end": { "line": 170, "column": 94 }
          }
        ],
        "line": 170
      },
      "49": {
        "loc": {
          "start": { "line": 174, "column": 6 },
          "end": { "line": 174, "column": 29 }
        },
        "type": "if",
        "locations": [
          {
            "start": { "line": 174, "column": 6 },
            "end": { "line": 174, "column": 29 }
          },
          { "start": {}, "end": {} }
        ],
        "line": 174
      },
      "50": {
        "loc": {
          "start": { "line": 184, "column": 0 },
          "end": { "line": 221, "column": 1 }
        },
        "type": "if",
        "locations": [
          {
            "start": { "line": 184, "column": 0 },
            "end": { "line": 221, "column": 1 }
          },
          { "start": {}, "end": {} }
        ],
        "line": 184
      },
      "51": {
        "loc": {
          "start": { "line": 184, "column": 4 },
          "end": { "line": 184, "column": 18 }
        },
        "type": "binary-expr",
        "locations": [
          {
            "start": { "line": 184, "column": 4 },
            "end": { "line": 184, "column": 7 }
          },
          {
            "start": { "line": 184, "column": 11 },
            "end": { "line": 184, "column": 18 }
          }
        ],
        "line": 184
      },
      "52": {
        "loc": {
          "start": { "line": 189, "column": 4 },
          "end": { "line": 205, "column": 3 }
        },
        "type": "if",
        "locations": [
          {
            "start": { "line": 189, "column": 4 },
            "end": { "line": 205, "column": 3 }
          },
          { "start": {}, "end": {} }
        ],
        "line": 189
      },
      "53": {
        "loc": {
          "start": { "line": 189, "column": 8 },
          "end": { "line": 189, "column": 39 }
        },
        "type": "binary-expr",
        "locations": [
          {
            "start": { "line": 189, "column": 8 },
            "end": { "line": 189, "column": 14 }
          },
          {
            "start": { "line": 189, "column": 18 },
            "end": { "line": 189, "column": 32 }
          },
          {
            "start": { "line": 189, "column": 36 },
            "end": { "line": 189, "column": 39 }
          }
        ],
        "line": 189
      },
      "54": {
        "loc": {
          "start": { "line": 210, "column": 48 },
          "end": { "line": 210, "column": 65 }
        },
        "type": "binary-expr",
        "locations": [
          {
            "start": { "line": 210, "column": 48 },
            "end": { "line": 210, "column": 57 }
          },
          {
            "start": { "line": 210, "column": 61 },
            "end": { "line": 210, "column": 65 }
          }
        ],
        "line": 210
      }
    },
    "s": {
      "0": 1,
      "1": 1,
      "2": 1,
      "3": 1,
      "4": 1,
      "5": 0,
      "6": 1,
      "7": 1,
      "8": 1,
      "9": 1,
      "10": 1,
      "11": 1,
      "12": 1,
      "13": 1,
      "14": 1,
      "15": 1,
      "16": 1,
      "17": 1,
      "18": 1,
      "19": 1,
      "20": 1,
      "21": 1,
      "22": 1,
      "23": 1,
      "24": 0,
      "25": 1,
      "26": 1,
      "27": 0,
      "28": 0,
      "29": 0,
      "30": 1,
      "31": 1,
      "32": 1,
      "33": 1,
      "34": 1,
      "35": 1,
      "36": 1,
      "37": 1,
      "38": 0,
      "39": 1,
      "40": 1,
      "41": 1,
      "42": 0,
      "43": 1,
      "44": 1,
      "45": 1,
      "46": 0,
      "47": 0,
      "48": 0,
      "49": 1,
      "50": 0,
      "51": 1,
      "52": 1,
      "53": 1,
      "54": 0,
      "55": 1,
      "56": 6,
      "57": 0,
      "58": 6,
      "59": 1,
      "60": 1,
      "61": 0,
      "62": 0,
      "63": 1,
      "64": 1,
      "65": 1,
      "66": 0,
      "67": 0,
      "68": 1,
      "69": 1,
      "70": 1,
      "71": 1,
      "72": 0,
      "73": 1,
      "74": 1,
      "75": 1,
      "76": 1,
      "77": 1,
      "78": 0,
      "79": 0,
      "80": 1,
      "81": 1,
      "82": 1,
      "83": 1,
      "84": 0,
      "85": 1,
      "86": 1,
      "87": 1,
      "88": 0,
      "89": 0,
      "90": 1,
      "91": 1,
      "92": 1,
      "93": 1,
      "94": 0,
      "95": 1,
      "96": 1,
      "97": 1,
      "98": 1,
      "99": 0,
      "100": 0,
      "101": 0,
      "102": 0,
      "103": 0,
      "104": 0,
      "105": 0,
      "106": 0,
      "107": 0,
      "108": 0,
      "109": 0,
      "110": 0,
      "111": 0,
      "112": 0,
      "113": 0,
      "114": 0,
      "115": 0,
      "116": 0,
      "117": 0,
      "118": 0,
      "119": 0,
      "120": 0,
      "121": 0,
      "122": 0,
      "123": 1
    },
    "f": { "0": 1, "1": 1, "2": 6, "3": 0, "4": 0, "5": 0 },
    "b": {
      "0": [1, 0],
      "1": [1, 1],
      "2": [1, 1],
      "3": [1, 1],
      "4": [1, 1],
      "5": [1, 1],
      "6": [1, 0],
      "7": [1, 0],
      "8": [1, 0],
      "9": [0, 1],
      "10": [1, 1],
      "11": [0, 1],
      "12": [1, 0],
      "13": [0, 1],
      "14": [0],
      "15": [1, 0],
      "16": [1, 0],
      "17": [0, 1],
      "18": [1, 1],
      "19": [0, 1],
      "20": [1, 0],
      "21": [1, 0],
      "22": [0, 1],
      "23": [0],
      "24": [0, 1],
      "25": [1, 1],
      "26": [0, 1],
      "27": [1, 0, 0],
      "28": [0, 0],
      "29": [0, 1],
      "30": [0, 1],
      "31": [0, 6],
      "32": [6, 6],
      "33": [1, 1, 1, 1, 1, 1],
      "34": [0, 1],
      "35": [1, 1],
      "36": [1, 0],
      "37": [0, 1],
      "38": [1, 1, 1],
      "39": [1, 0],
      "40": [0, 1],
      "41": [1, 0],
      "42": [0, 1],
      "43": [1, 1, 1],
      "44": [0, 1],
      "45": [0, 1],
      "46": [1, 1, 1],
      "47": [1, 0],
      "48": [0, 0],
      "49": [0, 1],
      "50": [0, 1],
      "51": [1, 0],
      "52": [0, 0],
      "53": [0, 0, 0],
      "54": [0, 0]
    },
    "_coverageSchema": "1a1c01bbd47fc00a2c39e90264f33305004495a9",
    "hash": "57a4857857c08857580f0610494b1eabb8f37695"
  }
}
