TN:
SF:app\onboarding\checklist.tsx
FN:14,OnboardingChecklist
FN:18,(anonymous_1)
FN:19,(anonymous_2)
FN:31,(anonymous_3)
FN:41,(anonymous_4)
FN:43,(anonymous_5)
FN:50,(anonymous_6)
FN:60,(anonymous_7)
FN:63,(anonymous_8)
FNF:9
FNH:6
FNDA:3,OnboardingChecklist
FNDA:1,(anonymous_1)
FNDA:1,(anonymous_2)
FNDA:1,(anonymous_3)
FNDA:0,(anonymous_4)
FNDA:0,(anonymous_5)
FNDA:0,(anonymous_6)
FNDA:12,(anonymous_7)
FNDA:1,(anonymous_8)
DA:5,1
DA:7,1
DA:15,3
DA:16,3
DA:18,3
DA:19,1
DA:20,1
DA:21,1
DA:22,1
DA:26,1
DA:31,3
DA:32,1
DA:33,1
DA:34,1
DA:35,1
DA:41,3
DA:42,0
DA:43,0
DA:44,0
DA:45,0
DA:46,0
DA:50,3
DA:51,0
DA:52,0
DA:53,0
DA:57,3
DA:61,12
DA:62,12
DA:63,1
DA:85,1
LF:30
LH:22
BRDA:22,0,0,0
BRDA:22,0,1,1
BRDA:64,1,0,12
BRDA:64,1,1,1
BRDA:66,2,0,12
BRDA:66,2,1,1
BRF:6
BRH:5
end_of_record
TN:
SF:components\PasswordStrength.tsx
FN:5,scorePassword
FN:15,PasswordStrength
FN:16,(anonymous_2)
FNF:3
FNH:3
FNDA:3,scorePassword
FNDA:3,PasswordStrength
FNDA:3,(anonymous_2)
DA:6,3
DA:7,3
DA:8,2
DA:9,2
DA:10,2
DA:11,2
DA:12,2
DA:16,3
DA:17,3
DA:18,3
DA:19,3
DA:21,3
DA:32,1
LF:13
LH:13
BRDA:7,0,0,1
BRDA:7,0,1,2
BRDA:8,1,0,2
BRDA:8,1,1,0
BRDA:9,2,0,1
BRDA:9,2,1,1
BRDA:9,3,0,2
BRDA:9,3,1,1
BRDA:10,4,0,2
BRDA:10,4,1,0
BRDA:11,5,0,1
BRDA:11,5,1,1
BRDA:18,6,0,1
BRDA:18,6,1,2
BRDA:18,7,0,1
BRDA:18,7,1,1
BRDA:18,8,0,0
BRDA:18,8,1,1
BRDA:19,9,0,1
BRDA:19,9,1,2
BRDA:19,10,0,1
BRDA:19,10,1,1
BRDA:19,11,0,0
BRDA:19,11,1,1
BRDA:27,12,0,2
BRDA:27,12,1,1
BRF:26
BRH:22
end_of_record
TN:
SF:constants\data.ts
FNF:0
FNH:0
DA:1,5
DA:15,5
DA:31,5
DA:39,5
DA:46,5
DA:62,5
LF:6
LH:6
BRF:0
BRH:0
end_of_record
TN:
SF:constants\theme.ts
FN:34,setThemeMode
FN:36,(anonymous_1)
FNF:2
FNH:0
FNDA:0,setThemeMode
FNDA:0,(anonymous_1)
DA:1,1
DA:16,1
DA:32,1
DA:35,0
DA:36,0
DA:38,0
DA:43,1
DA:56,1
DA:65,1
LF:9
LH:6
BRDA:35,0,0,0
BRDA:35,0,1,0
BRF:2
BRH:0
end_of_record
TN:
SF:context\AuthContext.tsx
FN:29,(anonymous_0)
FN:32,(anonymous_1)
FN:57,AuthProvider
FN:62,(anonymous_3)
FN:66,(anonymous_4)
FN:90,(anonymous_5)
FN:118,(anonymous_6)
FN:156,(anonymous_7)
FN:182,(anonymous_8)
FN:254,(anonymous_9)
FN:259,(anonymous_10)
FN:264,(anonymous_11)
FN:283,(anonymous_12)
FN:300,(anonymous_13)
FN:316,(anonymous_14)
FN:345,useAuth
FNF:16
FNH:9
FNDA:4,(anonymous_0)
FNDA:3,(anonymous_1)
FNDA:10,AuthProvider
FNDA:5,(anonymous_3)
FNDA:5,(anonymous_4)
FNDA:4,(anonymous_5)
FNDA:0,(anonymous_6)
FNDA:1,(anonymous_7)
FNDA:1,(anonymous_8)
FNDA:0,(anonymous_9)
FNDA:0,(anonymous_10)
FNDA:0,(anonymous_11)
FNDA:0,(anonymous_12)
FNDA:0,(anonymous_13)
FNDA:0,(anonymous_14)
FNDA:10,useAuth
DA:27,3
DA:29,3
DA:30,4
DA:32,3
DA:33,3
DA:34,3
DA:58,10
DA:59,10
DA:60,10
DA:62,10
DA:63,5
DA:66,10
DA:67,5
DA:68,5
DA:69,0
DA:70,0
DA:73,5
DA:78,5
DA:79,0
DA:80,0
DA:82,5
DA:84,0
DA:86,5
DA:90,10
DA:91,4
DA:92,4
DA:97,3
DA:98,3
DA:100,3
DA:101,1
DA:102,1
DA:103,1
DA:106,0
DA:107,0
DA:108,0
DA:111,0
DA:112,0
DA:113,0
DA:117,0
DA:118,0
DA:121,0
DA:122,0
DA:123,0
DA:124,0
DA:125,0
DA:126,0
DA:129,0
DA:132,2
DA:133,0
DA:134,0
DA:135,0
DA:138,2
DA:144,2
DA:145,0
DA:146,0
DA:149,2
DA:150,2
DA:151,2
DA:152,2
DA:153,2
DA:155,1
DA:156,1
DA:158,1
DA:159,1
DA:160,1
DA:161,1
DA:162,1
DA:165,0
DA:166,0
DA:167,0
DA:168,0
DA:171,0
DA:172,0
DA:173,0
DA:174,0
DA:177,0
DA:178,0
DA:182,10
DA:188,1
DA:190,1
DA:191,1
DA:196,1
DA:197,0
DA:199,0
DA:200,0
DA:201,0
DA:204,0
DA:205,0
DA:206,0
DA:209,0
DA:210,0
DA:214,1
DA:215,1
DA:216,1
DA:220,0
DA:229,0
DA:230,0
DA:231,0
DA:232,0
DA:235,0
DA:244,0
DA:245,0
DA:246,0
DA:247,0
DA:249,0
DA:250,0
DA:254,10
DA:255,0
DA:256,0
DA:259,10
DA:260,0
DA:261,0
DA:264,10
DA:265,0
DA:266,0
DA:267,0
DA:273,0
DA:274,0
DA:275,0
DA:276,0
DA:279,0
DA:283,10
DA:284,0
DA:286,0
DA:287,0
DA:288,0
DA:289,0
DA:290,0
DA:294,0
DA:296,0
DA:300,10
DA:301,0
DA:304,0
DA:305,0
DA:306,0
DA:309,0
DA:315,0
DA:316,0
DA:317,0
DA:320,0
DA:322,0
DA:326,10
DA:346,10
DA:347,10
DA:348,0
DA:350,10
LF:146
LH:59
BRDA:30,0,0,0
BRDA:30,0,1,4
BRDA:33,1,0,3
BRDA:33,1,1,1
BRDA:35,2,0,3
BRDA:35,2,1,0
BRDA:36,3,0,3
BRDA:36,3,1,0
BRDA:37,4,0,3
BRDA:37,4,1,0
BRDA:52,5,0,3
BRDA:52,5,1,2
BRDA:53,6,0,3
BRDA:53,6,1,2
BRDA:68,7,0,0
BRDA:68,7,1,5
BRDA:78,8,0,0
BRDA:78,8,1,5
BRDA:97,9,0,3
BRDA:97,9,1,2
BRDA:100,10,0,1
BRDA:100,10,1,2
BRDA:100,11,0,3
BRDA:100,11,1,2
BRDA:101,12,0,1
BRDA:101,12,1,0
BRDA:101,13,0,1
BRDA:101,13,1,0
BRDA:101,13,2,0
BRDA:106,14,0,0
BRDA:106,14,1,0
BRDA:106,15,0,0
BRDA:106,15,1,0
BRDA:106,15,2,0
BRDA:111,16,0,0
BRDA:111,16,1,0
BRDA:111,17,0,0
BRDA:111,17,1,0
BRDA:111,17,2,0
BRDA:118,18,0,0
BRDA:118,18,1,0
BRDA:121,19,0,0
BRDA:121,19,1,0
BRDA:129,20,0,0
BRDA:129,20,1,0
BRDA:132,21,0,0
BRDA:132,21,1,2
BRDA:144,22,0,0
BRDA:144,22,1,2
BRDA:144,23,0,2
BRDA:144,23,1,2
BRDA:156,24,0,1
BRDA:156,24,1,1
BRDA:158,25,0,1
BRDA:158,25,1,0
BRDA:166,26,0,0
BRDA:166,26,1,0
BRDA:168,27,0,0
BRDA:168,27,1,0
BRDA:171,28,0,0
BRDA:171,28,1,0
BRDA:171,28,2,0
BRDA:172,29,0,0
BRDA:172,29,1,0
BRDA:172,30,0,0
BRDA:172,30,1,0
BRDA:173,31,0,0
BRDA:173,31,1,0
BRDA:177,32,0,0
BRDA:177,32,1,0
BRDA:178,33,0,0
BRDA:178,33,1,0
BRDA:178,33,2,0
BRDA:196,34,0,0
BRDA:196,34,1,1
BRDA:196,35,0,1
BRDA:196,35,1,1
BRDA:197,36,0,0
BRDA:197,36,1,0
BRDA:199,37,0,0
BRDA:199,37,1,0
BRDA:199,38,0,0
BRDA:199,38,1,0
BRDA:204,39,0,0
BRDA:204,39,1,0
BRDA:214,40,0,1
BRDA:214,40,1,0
BRDA:229,41,0,0
BRDA:229,41,1,0
BRDA:265,42,0,0
BRDA:265,42,1,0
BRDA:273,43,0,0
BRDA:273,43,1,0
BRDA:273,44,0,0
BRDA:273,44,1,0
BRDA:286,45,0,0
BRDA:286,45,1,0
BRDA:287,46,0,0
BRDA:287,46,1,0
BRDA:289,47,0,0
BRDA:289,47,1,0
BRDA:289,48,0,0
BRDA:289,48,1,0
BRDA:296,49,0,0
BRDA:296,49,1,0
BRDA:304,50,0,0
BRDA:304,50,1,0
BRDA:304,50,2,0
BRDA:305,51,0,0
BRDA:305,51,1,0
BRDA:315,52,0,0
BRDA:315,52,1,0
BRDA:317,53,0,0
BRDA:317,53,1,0
BRDA:322,54,0,0
BRDA:322,54,1,0
BRDA:347,55,0,0
BRDA:347,55,1,10
BRF:118
BRH:32
end_of_record
TN:
SF:lib\analytics.ts
FN:6,track
FN:16,(anonymous_1)
FNF:2
FNH:1
FNDA:6,track
FNDA:0,(anonymous_1)
DA:7,6
DA:8,6
DA:9,6
DA:10,6
DA:12,1
DA:20,5
LF:6
LH:6
BRDA:7,0,0,6
BRDA:7,0,1,6
BRDA:7,0,2,5
BRDA:8,1,0,6
BRDA:8,1,1,0
BRDA:10,2,0,1
BRDA:10,2,1,5
BRF:7
BRH:6
end_of_record
TN:
SF:lib\error.ts
FN:7,parseServerError
FNF:1
FNH:1
FNDA:8,parseServerError
DA:8,8
DA:11,4
DA:12,1
DA:13,1
DA:14,1
DA:15,1
DA:16,1
DA:18,0
DA:19,0
DA:23,3
DA:24,3
DA:25,3
DA:26,3
DA:27,1
DA:29,2
DA:33,0
LF:16
LH:13
BRDA:8,0,0,4
BRDA:8,0,1,4
BRDA:11,1,0,1
BRDA:11,1,1,3
BRDA:11,2,0,4
BRDA:11,2,1,4
BRDA:13,3,0,1
BRDA:13,3,1,0
BRDA:14,4,0,1
BRDA:14,4,1,1
BRDA:14,5,0,1
BRDA:14,5,1,0
BRDA:15,6,0,1
BRDA:15,6,1,0
BRDA:15,7,0,1
BRDA:15,7,1,0
BRDA:18,8,0,0
BRDA:18,8,1,0
BRDA:18,8,2,0
BRDA:23,9,0,3
BRDA:23,9,1,0
BRDA:23,10,0,3
BRDA:23,10,1,3
BRDA:23,10,2,3
BRDA:24,11,0,3
BRDA:24,11,1,0
BRDA:24,11,2,0
BRDA:26,12,0,1
BRDA:26,12,1,2
BRDA:26,13,0,3
BRDA:26,13,1,3
BRDA:26,13,2,2
BRF:32
BRH:22
end_of_record
TN:
SF:lib\supabase.ts
FNF:0
FNH:0
DA:4,1
DA:5,1
DA:7,1
DA:9,1
DA:10,1
DA:11,1
DA:12,1
DA:18,1
DA:19,0
DA:22,1
LF:10
LH:9
BRDA:9,0,0,1
BRDA:9,0,1,0
BRDA:10,1,0,1
BRDA:10,1,1,0
BRDA:10,2,0,1
BRDA:10,2,1,1
BRDA:11,3,0,1
BRDA:11,3,1,1
BRDA:12,4,0,1
BRDA:12,4,1,1
BRDA:18,5,0,0
BRDA:18,5,1,1
BRDA:18,6,0,1
BRDA:18,6,1,0
BRDA:18,6,2,0
BRF:15
BRH:10
end_of_record
TN:
SF:scripts\stripe-webhook.js
FN:39,(anonymous_0)
FN:71,(anonymous_1)
FN:101,processStripeEvent
FN:185,(anonymous_3)
FN:218,(anonymous_4)
FN:220,(anonymous_5)
FNF:6
FNH:3
FNDA:1,(anonymous_0)
FNDA:1,(anonymous_1)
FNDA:6,processStripeEvent
FNDA:0,(anonymous_3)
FNDA:0,(anonymous_4)
FNDA:0,(anonymous_5)
DA:9,1
DA:10,1
DA:12,1
DA:15,1
DA:16,1
DA:18,0
DA:21,1
DA:22,1
DA:23,1
DA:24,1
DA:25,1
DA:26,1
DA:28,1
DA:29,1
DA:31,1
DA:32,1
DA:35,1
DA:36,1
DA:37,1
DA:39,1
DA:40,1
DA:41,1
DA:42,1
DA:43,1
DA:44,0
DA:47,1
DA:51,1
DA:52,0
DA:53,0
DA:54,0
DA:55,1
DA:56,1
DA:57,1
DA:58,1
DA:59,1
DA:60,1
DA:64,1
DA:65,1
DA:66,0
DA:68,1
DA:71,1
DA:72,1
DA:73,0
DA:76,1
DA:77,1
DA:79,1
DA:80,0
DA:81,0
DA:82,0
DA:85,1
DA:86,0
DA:89,1
DA:94,1
DA:95,1
DA:96,0
DA:98,1
DA:102,6
DA:103,0
DA:106,6
DA:108,1
DA:109,1
DA:110,0
DA:111,0
DA:113,1
DA:117,1
DA:118,1
DA:119,0
DA:120,0
DA:123,1
DA:124,1
DA:130,1
DA:131,1
DA:132,0
DA:134,1
DA:138,1
DA:139,1
DA:143,1
DA:144,1
DA:145,0
DA:146,0
DA:149,1
DA:150,1
DA:155,1
DA:156,1
DA:157,1
DA:161,1
DA:162,1
DA:163,0
DA:164,0
DA:167,1
DA:168,1
DA:173,1
DA:174,1
DA:175,1
DA:179,1
DA:180,1
DA:184,1
DA:185,0
DA:186,0
DA:187,0
DA:189,0
DA:191,0
DA:192,0
DA:194,0
DA:195,0
DA:197,0
DA:198,0
DA:199,0
DA:200,0
DA:202,0
DA:203,0
DA:208,0
DA:209,0
DA:210,0
DA:211,0
DA:213,0
DA:214,0
DA:218,0
DA:220,0
DA:223,1
LF:120
LH:76
BRDA:21,0,0,1
BRDA:21,0,1,0
BRDA:21,1,0,1
BRDA:21,1,1,1
BRDA:22,2,0,1
BRDA:22,2,1,1
BRDA:23,3,0,1
BRDA:23,3,1,1
BRDA:24,4,0,1
BRDA:24,4,1,1
BRDA:26,5,0,1
BRDA:26,5,1,1
BRDA:28,6,0,1
BRDA:28,6,1,0
BRDA:31,7,0,1
BRDA:31,7,1,0
BRDA:31,8,0,1
BRDA:31,8,1,0
BRDA:35,9,0,0
BRDA:35,9,1,1
BRDA:35,10,0,1
BRDA:35,10,1,1
BRDA:36,11,0,0
BRDA:36,11,1,1
BRDA:36,12,0,1
BRDA:36,12,1,0
BRDA:37,13,0,0
BRDA:37,13,1,1
BRDA:39,14,0,0
BRDA:40,15,0,1
BRDA:40,15,1,0
BRDA:42,16,0,1
BRDA:42,16,1,0
BRDA:43,17,0,0
BRDA:43,17,1,1
BRDA:43,18,0,1
BRDA:43,18,1,1
BRDA:51,19,0,0
BRDA:51,19,1,1
BRDA:55,20,0,1
BRDA:55,20,1,0
BRDA:59,21,0,1
BRDA:59,21,1,0
BRDA:65,22,0,0
BRDA:65,22,1,1
BRDA:71,23,0,0
BRDA:72,24,0,0
BRDA:72,24,1,1
BRDA:77,25,0,1
BRDA:77,25,1,1
BRDA:79,26,0,0
BRDA:79,26,1,1
BRDA:79,27,0,1
BRDA:79,27,1,0
BRDA:79,27,2,0
BRDA:82,28,0,0
BRDA:82,28,1,0
BRDA:85,29,0,0
BRDA:85,29,1,1
BRDA:95,30,0,0
BRDA:95,30,1,1
BRDA:102,31,0,0
BRDA:102,31,1,6
BRDA:102,32,0,6
BRDA:102,32,1,6
BRDA:106,33,0,1
BRDA:106,33,1,1
BRDA:106,33,2,1
BRDA:106,33,3,1
BRDA:106,33,4,1
BRDA:106,33,5,1
BRDA:109,34,0,0
BRDA:109,34,1,1
BRDA:109,35,0,1
BRDA:109,35,1,1
BRDA:113,36,0,1
BRDA:113,36,1,0
BRDA:118,37,0,0
BRDA:118,37,1,1
BRDA:118,38,0,1
BRDA:118,38,1,1
BRDA:118,38,2,1
BRDA:127,39,0,1
BRDA:127,39,1,0
BRDA:131,40,0,0
BRDA:131,40,1,1
BRDA:139,41,0,1
BRDA:139,41,1,0
BRDA:144,42,0,0
BRDA:144,42,1,1
BRDA:144,43,0,1
BRDA:144,43,1,1
BRDA:144,43,2,1
BRDA:156,44,0,0
BRDA:156,44,1,1
BRDA:162,45,0,0
BRDA:162,45,1,1
BRDA:162,46,0,1
BRDA:162,46,1,1
BRDA:162,46,2,1
BRDA:170,47,0,1
BRDA:170,47,1,0
BRDA:170,48,0,0
BRDA:170,48,1,0
BRDA:174,49,0,0
BRDA:174,49,1,1
BRDA:184,50,0,0
BRDA:184,50,1,1
BRDA:184,51,0,1
BRDA:184,51,1,0
BRDA:189,52,0,0
BRDA:189,52,1,0
BRDA:189,53,0,0
BRDA:189,53,1,0
BRDA:189,53,2,0
BRDA:210,54,0,0
BRDA:210,54,1,0
BRF:117
BRH:69
end_of_record
