{"D:\\MyProjectsUAI\\weejobs\\app\\+not-found.tsx": {"path":"D:\\MyProjectsUAI\\weejobs\\app\\+not-found.tsx","statementMap":{"0":{"start":{"line":8,"column":2},"end":{"line":18,"column":4}},"1":{"start":{"line":21,"column":15},"end":{"line":32,"column":2}}},"fnMap":{"0":{"name":"NotFoundScreen","decl":{"start":{"line":7,"column":24},"end":{"line":7,"column":38}},"loc":{"start":{"line":7,"column":41},"end":{"line":19,"column":1}},"line":7}},"branchMap":{},"s":{"0":3,"1":5},"f":{"0":3},"b":{},"_coverageSchema":"1a1c01bbd47fc00a2c39e90264f33305004495a9","hash":"f9be7114858d2f1c7b67a7b1ed2a3a89f1116153"}
,"D:\\MyProjectsUAI\\weejobs\\app\\_layout.tsx": {"path":"D:\\MyProjectsUAI\\weejobs\\app\\_layout.tsx","statementMap":{"0":{"start":{"line":11,"column":0},"end":{"line":11,"column":72}},"1":{"start":{"line":11,"column":40},"end":{"line":11,"column":72}},"2":{"start":{"line":12,"column":0},"end":{"line":12,"column":52}},"3":{"start":{"line":13,"column":0},"end":{"line":13,"column":53}},"4":{"start":{"line":15,"column":0},"end":{"line":15,"column":82}},"5":{"start":{"line":15,"column":45},"end":{"line":15,"column":82}},"6":{"start":{"line":16,"column":0},"end":{"line":16,"column":57}},"7":{"start":{"line":17,"column":0},"end":{"line":17,"column":58}},"8":{"start":{"line":20,"column":19},"end":{"line":22,"column":4}},"9":{"start":{"line":24,"column":25},"end":{"line":24,"column":77}},"10":{"start":{"line":26,"column":2},"end":{"line":39,"column":3}},"11":{"start":{"line":27,"column":4},"end":{"line":38,"column":6}},"12":{"start":{"line":41,"column":2},"end":{"line":58,"column":4}}},"fnMap":{"0":{"name":"RootLayout","decl":{"start":{"line":19,"column":24},"end":{"line":19,"column":34}},"loc":{"start":{"line":19,"column":37},"end":{"line":59,"column":1}},"line":19}},"branchMap":{"0":{"loc":{"start":{"line":11,"column":0},"end":{"line":11,"column":72}},"type":"if","locations":[{"start":{"line":11,"column":0},"end":{"line":11,"column":72}},{"start":{},"end":{}}],"line":11},"1":{"loc":{"start":{"line":15,"column":0},"end":{"line":15,"column":82}},"type":"if","locations":[{"start":{"line":15,"column":0},"end":{"line":15,"column":82}},{"start":{},"end":{}}],"line":15},"2":{"loc":{"start":{"line":24,"column":25},"end":{"line":24,"column":77}},"type":"binary-expr","locations":[{"start":{"line":24,"column":25},"end":{"line":24,"column":71}},{"start":{"line":24,"column":75},"end":{"line":24,"column":77}}],"line":24},"3":{"loc":{"start":{"line":26,"column":2},"end":{"line":39,"column":3}},"type":"if","locations":[{"start":{"line":26,"column":2},"end":{"line":39,"column":3}},{"start":{},"end":{}}],"line":26}},"s":{"0":7,"1":2,"2":7,"3":7,"4":7,"5":2,"6":7,"7":7,"8":3,"9":3,"10":0,"11":0,"12":0},"f":{"0":3},"b":{"0":[2,5],"1":[2,5],"2":[3,0],"3":[0,0]},"_coverageSchema":"1a1c01bbd47fc00a2c39e90264f33305004495a9","hash":"ed7fb2ffff97b5632911ba14e35ab364d6bb7ab0"}
,"D:\\MyProjectsUAI\\weejobs\\app\\index.tsx": {"path":"D:\\MyProjectsUAI\\weejobs\\app\\index.tsx","statementMap":{"0":{"start":{"line":13,"column":26},"end":{"line":13,"column":50}},"1":{"start":{"line":16,"column":49},"end":{"line":16,"column":58}},"2":{"start":{"line":18,"column":2},"end":{"line":36,"column":43}},"3":{"start":{"line":19,"column":4},"end":{"line":19,"column":26}},"4":{"start":{"line":19,"column":19},"end":{"line":19,"column":26}},"5":{"start":{"line":21,"column":18},"end":{"line":33,"column":12}},"6":{"start":{"line":22,"column":6},"end":{"line":32,"column":7}},"7":{"start":{"line":23,"column":8},"end":{"line":29,"column":9}},"8":{"start":{"line":24,"column":10},"end":{"line":24,"column":38}},"9":{"start":{"line":25,"column":15},"end":{"line":29,"column":9}},"10":{"start":{"line":26,"column":10},"end":{"line":26,"column":41}},"11":{"start":{"line":27,"column":15},"end":{"line":29,"column":9}},"12":{"start":{"line":28,"column":10},"end":{"line":28,"column":35}},"13":{"start":{"line":31,"column":8},"end":{"line":31,"column":44}},"14":{"start":{"line":35,"column":4},"end":{"line":35,"column":37}},"15":{"start":{"line":35,"column":17},"end":{"line":35,"column":36}},"16":{"start":{"line":38,"column":2},"end":{"line":62,"column":4}},"17":{"start":{"line":65,"column":15},"end":{"line":96,"column":2}}},"fnMap":{"0":{"name":"SplashScreen","decl":{"start":{"line":15,"column":24},"end":{"line":15,"column":36}},"loc":{"start":{"line":15,"column":39},"end":{"line":63,"column":1}},"line":15},"1":{"name":"(anonymous_1)","decl":{"start":{"line":18,"column":12},"end":{"line":18,"column":13}},"loc":{"start":{"line":18,"column":18},"end":{"line":36,"column":3}},"line":18},"2":{"name":"(anonymous_2)","decl":{"start":{"line":21,"column":29},"end":{"line":21,"column":30}},"loc":{"start":{"line":21,"column":35},"end":{"line":33,"column":5}},"line":21},"3":{"name":"(anonymous_3)","decl":{"start":{"line":35,"column":11},"end":{"line":35,"column":12}},"loc":{"start":{"line":35,"column":17},"end":{"line":35,"column":36}},"line":35}},"branchMap":{"0":{"loc":{"start":{"line":19,"column":4},"end":{"line":19,"column":26}},"type":"if","locations":[{"start":{"line":19,"column":4},"end":{"line":19,"column":26}},{"start":{},"end":{}}],"line":19},"1":{"loc":{"start":{"line":22,"column":6},"end":{"line":32,"column":7}},"type":"if","locations":[{"start":{"line":22,"column":6},"end":{"line":32,"column":7}},{"start":{"line":30,"column":13},"end":{"line":32,"column":7}}],"line":22},"2":{"loc":{"start":{"line":23,"column":8},"end":{"line":29,"column":9}},"type":"if","locations":[{"start":{"line":23,"column":8},"end":{"line":29,"column":9}},{"start":{"line":25,"column":15},"end":{"line":29,"column":9}}],"line":23},"3":{"loc":{"start":{"line":25,"column":15},"end":{"line":29,"column":9}},"type":"if","locations":[{"start":{"line":25,"column":15},"end":{"line":29,"column":9}},{"start":{"line":27,"column":15},"end":{"line":29,"column":9}}],"line":25},"4":{"loc":{"start":{"line":27,"column":15},"end":{"line":29,"column":9}},"type":"if","locations":[{"start":{"line":27,"column":15},"end":{"line":29,"column":9}},{"start":{},"end":{}}],"line":27}},"s":{"0":16,"1":3,"2":3,"3":3,"4":1,"5":2,"6":0,"7":0,"8":0,"9":0,"10":0,"11":0,"12":0,"13":0,"14":2,"15":2,"16":3,"17":16},"f":{"0":3,"1":3,"2":0,"3":2},"b":{"0":[1,2],"1":[0,0],"2":[0,0],"3":[0,0],"4":[0,0]},"_coverageSchema":"1a1c01bbd47fc00a2c39e90264f33305004495a9","hash":"f354848b6c528ff5cd3a5e9db15aae4759b2b721"}
,"D:\\MyProjectsUAI\\weejobs\\app\\public-profile.tsx": {"path":"D:\\MyProjectsUAI\\weejobs\\app\\public-profile.tsx","statementMap":{"0":{"start":{"line":20,"column":18},"end":{"line":20,"column":42}},"1":{"start":{"line":21,"column":23},"end":{"line":21,"column":64}},"2":{"start":{"line":25,"column":27},"end":{"line":44,"column":1}},"3":{"start":{"line":46,"column":31},"end":{"line":80,"column":1}},"4":{"start":{"line":85,"column":15},"end":{"line":85,"column":33}},"5":{"start":{"line":86,"column":15},"end":{"line":86,"column":32}},"6":{"start":{"line":87,"column":2},"end":{"line":98,"column":4}},"7":{"start":{"line":90,"column":8},"end":{"line":95,"column":10}},"8":{"start":{"line":102,"column":2},"end":{"line":102,"column":108}},"9":{"start":{"line":106,"column":2},"end":{"line":106,"column":91}},"10":{"start":{"line":112,"column":30},"end":{"line":112,"column":90}},"11":{"start":{"line":113,"column":17},"end":{"line":113,"column":28}},"12":{"start":{"line":114,"column":17},"end":{"line":114,"column":36}},"13":{"start":{"line":115,"column":30},"end":{"line":115,"column":39}},"14":{"start":{"line":117,"column":32},"end":{"line":117,"column":59}},"15":{"start":{"line":118,"column":32},"end":{"line":118,"column":54}},"16":{"start":{"line":119,"column":36},"end":{"line":119,"column":50}},"17":{"start":{"line":120,"column":40},"end":{"line":120,"column":55}},"18":{"start":{"line":122,"column":2},"end":{"line":159,"column":17}},"19":{"start":{"line":123,"column":24},"end":{"line":156,"column":5}},"20":{"start":{"line":124,"column":6},"end":{"line":124,"column":25}},"21":{"start":{"line":125,"column":6},"end":{"line":155,"column":7}},"22":{"start":{"line":126,"column":47},"end":{"line":137,"column":10}},"23":{"start":{"line":139,"column":8},"end":{"line":143,"column":9}},"24":{"start":{"line":140,"column":10},"end":{"line":140,"column":49}},"25":{"start":{"line":142,"column":10},"end":{"line":142,"column":56}},"26":{"start":{"line":145,"column":8},"end":{"line":149,"column":9}},"27":{"start":{"line":146,"column":10},"end":{"line":146,"column":53}},"28":{"start":{"line":148,"column":10},"end":{"line":148,"column":35}},"29":{"start":{"line":151,"column":8},"end":{"line":151,"column":54}},"30":{"start":{"line":152,"column":8},"end":{"line":152,"column":33}},"31":{"start":{"line":154,"column":8},"end":{"line":154,"column":28}},"32":{"start":{"line":158,"column":4},"end":{"line":158,"column":18}},"33":{"start":{"line":161,"column":30},"end":{"line":172,"column":3}},"34":{"start":{"line":162,"column":4},"end":{"line":162,"column":36}},"35":{"start":{"line":162,"column":29},"end":{"line":162,"column":36}},"36":{"start":{"line":163,"column":4},"end":{"line":163,"column":25}},"37":{"start":{"line":164,"column":4},"end":{"line":171,"column":5}},"38":{"start":{"line":165,"column":6},"end":{"line":165,"column":54}},"39":{"start":{"line":166,"column":6},"end":{"line":166,"column":81}},"40":{"start":{"line":168,"column":6},"end":{"line":168,"column":57}},"41":{"start":{"line":170,"column":6},"end":{"line":170,"column":28}},"42":{"start":{"line":174,"column":2},"end":{"line":180,"column":3}},"43":{"start":{"line":175,"column":4},"end":{"line":179,"column":6}},"44":{"start":{"line":182,"column":2},"end":{"line":182,"column":28}},"45":{"start":{"line":182,"column":16},"end":{"line":182,"column":28}},"46":{"start":{"line":184,"column":17},"end":{"line":184,"column":44}},"47":{"start":{"line":185,"column":22},"end":{"line":185,"column":48}},"48":{"start":{"line":186,"column":26},"end":{"line":186,"column":56}},"49":{"start":{"line":188,"column":2},"end":{"line":406,"column":4}},"50":{"start":{"line":192,"column":41},"end":{"line":192,"column":54}},"51":{"start":{"line":282,"column":16},"end":{"line":284,"column":23}},"52":{"start":{"line":296,"column":16},"end":{"line":299,"column":23}},"53":{"start":{"line":339,"column":16},"end":{"line":341,"column":23}},"54":{"start":{"line":359,"column":14},"end":{"line":375,"column":21}},"55":{"start":{"line":411,"column":15},"end":{"line":767,"column":2}}},"fnMap":{"0":{"name":"StarDisplay","decl":{"start":{"line":84,"column":9},"end":{"line":84,"column":20}},"loc":{"start":{"line":84,"column":79},"end":{"line":99,"column":1}},"line":84},"1":{"name":"(anonymous_1)","decl":{"start":{"line":89,"column":25},"end":{"line":89,"column":26}},"loc":{"start":{"line":90,"column":8},"end":{"line":95,"column":10}},"line":90},"2":{"name":"formatDate","decl":{"start":{"line":101,"column":16},"end":{"line":101,"column":26}},"loc":{"start":{"line":101,"column":44},"end":{"line":103,"column":1}},"line":101},"3":{"name":"formatMemberSince","decl":{"start":{"line":105,"column":16},"end":{"line":105,"column":33}},"loc":{"start":{"line":105,"column":51},"end":{"line":107,"column":1}},"line":105},"4":{"name":"PublicProfileScreen","decl":{"start":{"line":111,"column":24},"end":{"line":111,"column":43}},"loc":{"start":{"line":111,"column":46},"end":{"line":407,"column":1}},"line":111},"5":{"name":"(anonymous_5)","decl":{"start":{"line":122,"column":12},"end":{"line":122,"column":13}},"loc":{"start":{"line":122,"column":18},"end":{"line":159,"column":3}},"line":122},"6":{"name":"(anonymous_6)","decl":{"start":{"line":123,"column":24},"end":{"line":123,"column":25}},"loc":{"start":{"line":123,"column":36},"end":{"line":156,"column":5}},"line":123},"7":{"name":"(anonymous_7)","decl":{"start":{"line":161,"column":30},"end":{"line":161,"column":31}},"loc":{"start":{"line":161,"column":42},"end":{"line":172,"column":3}},"line":161},"8":{"name":"(anonymous_8)","decl":{"start":{"line":192,"column":35},"end":{"line":192,"column":36}},"loc":{"start":{"line":192,"column":41},"end":{"line":192,"column":54}},"line":192},"9":{"name":"(anonymous_9)","decl":{"start":{"line":281,"column":44},"end":{"line":281,"column":45}},"loc":{"start":{"line":282,"column":16},"end":{"line":284,"column":23}},"line":282},"10":{"name":"(anonymous_10)","decl":{"start":{"line":295,"column":41},"end":{"line":295,"column":42}},"loc":{"start":{"line":296,"column":16},"end":{"line":299,"column":23}},"line":296},"11":{"name":"(anonymous_11)","decl":{"start":{"line":338,"column":35},"end":{"line":338,"column":36}},"loc":{"start":{"line":339,"column":16},"end":{"line":341,"column":23}},"line":339},"12":{"name":"(anonymous_12)","decl":{"start":{"line":358,"column":24},"end":{"line":358,"column":25}},"loc":{"start":{"line":359,"column":14},"end":{"line":375,"column":21}},"line":359}},"branchMap":{"0":{"loc":{"start":{"line":84,"column":31},"end":{"line":84,"column":40}},"type":"default-arg","locations":[{"start":{"line":84,"column":38},"end":{"line":84,"column":40}}],"line":84},"1":{"loc":{"start":{"line":92,"column":16},"end":{"line":92,"column":85}},"type":"cond-expr","locations":[{"start":{"line":92,"column":27},"end":{"line":92,"column":33}},{"start":{"line":92,"column":36},"end":{"line":92,"column":85}}],"line":92},"2":{"loc":{"start":{"line":92,"column":36},"end":{"line":92,"column":85}},"type":"cond-expr","locations":[{"start":{"line":92,"column":57},"end":{"line":92,"column":68}},{"start":{"line":92,"column":71},"end":{"line":92,"column":85}}],"line":92},"3":{"loc":{"start":{"line":92,"column":36},"end":{"line":92,"column":54}},"type":"binary-expr","locations":[{"start":{"line":92,"column":36},"end":{"line":92,"column":46}},{"start":{"line":92,"column":50},"end":{"line":92,"column":54}}],"line":92},"4":{"loc":{"start":{"line":139,"column":8},"end":{"line":143,"column":9}},"type":"if","locations":[{"start":{"line":139,"column":8},"end":{"line":143,"column":9}},{"start":{"line":141,"column":15},"end":{"line":143,"column":9}}],"line":139},"5":{"loc":{"start":{"line":145,"column":8},"end":{"line":149,"column":9}},"type":"if","locations":[{"start":{"line":145,"column":8},"end":{"line":149,"column":9}},{"start":{"line":147,"column":15},"end":{"line":149,"column":9}}],"line":145},"6":{"loc":{"start":{"line":145,"column":12},"end":{"line":145,"column":63}},"type":"binary-expr","locations":[{"start":{"line":145,"column":12},"end":{"line":145,"column":30}},{"start":{"line":145,"column":34},"end":{"line":145,"column":63}}],"line":145},"7":{"loc":{"start":{"line":162,"column":4},"end":{"line":162,"column":36}},"type":"if","locations":[{"start":{"line":162,"column":4},"end":{"line":162,"column":36}},{"start":{},"end":{}}],"line":162},"8":{"loc":{"start":{"line":162,"column":8},"end":{"line":162,"column":27}},"type":"binary-expr","locations":[{"start":{"line":162,"column":8},"end":{"line":162,"column":14}},{"start":{"line":162,"column":18},"end":{"line":162,"column":27}}],"line":162},"9":{"loc":{"start":{"line":174,"column":2},"end":{"line":180,"column":3}},"type":"if","locations":[{"start":{"line":174,"column":2},"end":{"line":180,"column":3}},{"start":{},"end":{}}],"line":174},"10":{"loc":{"start":{"line":182,"column":2},"end":{"line":182,"column":28}},"type":"if","locations":[{"start":{"line":182,"column":2},"end":{"line":182,"column":28}},{"start":{},"end":{}}],"line":182},"11":{"loc":{"start":{"line":184,"column":17},"end":{"line":184,"column":44}},"type":"binary-expr","locations":[{"start":{"line":184,"column":17},"end":{"line":184,"column":39}},{"start":{"line":184,"column":43},"end":{"line":184,"column":44}}],"line":184},"12":{"loc":{"start":{"line":185,"column":22},"end":{"line":185,"column":48}},"type":"binary-expr","locations":[{"start":{"line":185,"column":22},"end":{"line":185,"column":43}},{"start":{"line":185,"column":47},"end":{"line":185,"column":48}}],"line":185},"13":{"loc":{"start":{"line":186,"column":26},"end":{"line":186,"column":56}},"type":"binary-expr","locations":[{"start":{"line":186,"column":26},"end":{"line":186,"column":50}},{"start":{"line":186,"column":54},"end":{"line":186,"column":56}}],"line":186},"14":{"loc":{"start":{"line":201,"column":71},"end":{"line":201,"column":87}},"type":"cond-expr","locations":[{"start":{"line":201,"column":79},"end":{"line":201,"column":82}},{"start":{"line":201,"column":85},"end":{"line":201,"column":87}}],"line":201},"15":{"loc":{"start":{"line":215,"column":15},"end":{"line":215,"column":92}},"type":"binary-expr","locations":[{"start":{"line":215,"column":15},"end":{"line":215,"column":38}},{"start":{"line":215,"column":42},"end":{"line":215,"column":92}}],"line":215},"16":{"loc":{"start":{"line":222,"column":73},"end":{"line":222,"column":101}},"type":"cond-expr","locations":[{"start":{"line":222,"column":93},"end":{"line":222,"column":96}},{"start":{"line":222,"column":99},"end":{"line":222,"column":101}}],"line":222},"17":{"loc":{"start":{"line":229,"column":16},"end":{"line":229,"column":70}},"type":"binary-expr","locations":[{"start":{"line":229,"column":16},"end":{"line":229,"column":51}},{"start":{"line":229,"column":55},"end":{"line":229,"column":70}}],"line":229},"18":{"loc":{"start":{"line":233,"column":18},"end":{"line":233,"column":71}},"type":"binary-expr","locations":[{"start":{"line":233,"column":18},"end":{"line":233,"column":53}},{"start":{"line":233,"column":57},"end":{"line":233,"column":71}}],"line":233},"19":{"loc":{"start":{"line":235,"column":19},"end":{"line":235,"column":71}},"type":"cond-expr","locations":[{"start":{"line":235,"column":57},"end":{"line":235,"column":62}},{"start":{"line":235,"column":65},"end":{"line":235,"column":71}}],"line":235},"20":{"loc":{"start":{"line":238,"column":15},"end":{"line":243,"column":15}},"type":"binary-expr","locations":[{"start":{"line":238,"column":15},"end":{"line":238,"column":27}},{"start":{"line":239,"column":16},"end":{"line":242,"column":23}}],"line":238},"21":{"loc":{"start":{"line":250,"column":46},"end":{"line":250,"column":73}},"type":"binary-expr","locations":[{"start":{"line":250,"column":46},"end":{"line":250,"column":68}},{"start":{"line":250,"column":72},"end":{"line":250,"column":73}}],"line":250},"22":{"loc":{"start":{"line":267,"column":9},"end":{"line":274,"column":16}},"type":"cond-expr","locations":[{"start":{"line":268,"column":10},"end":{"line":273,"column":17}},{"start":{"line":274,"column":12},"end":{"line":274,"column":16}}],"line":267},"23":{"loc":{"start":{"line":277,"column":9},"end":{"line":288,"column":9}},"type":"binary-expr","locations":[{"start":{"line":277,"column":9},"end":{"line":277,"column":33}},{"start":{"line":277,"column":37},"end":{"line":277,"column":72}},{"start":{"line":278,"column":10},"end":{"line":287,"column":17}}],"line":277},"24":{"loc":{"start":{"line":291,"column":9},"end":{"line":303,"column":9}},"type":"binary-expr","locations":[{"start":{"line":291,"column":9},"end":{"line":291,"column":30}},{"start":{"line":291,"column":34},"end":{"line":291,"column":66}},{"start":{"line":292,"column":10},"end":{"line":302,"column":17}}],"line":291},"25":{"loc":{"start":{"line":312,"column":24},"end":{"line":312,"column":82}},"type":"cond-expr","locations":[{"start":{"line":312,"column":63},"end":{"line":312,"column":69}},{"start":{"line":312,"column":72},"end":{"line":312,"column":82}}],"line":312},"26":{"loc":{"start":{"line":319,"column":19},"end":{"line":319,"column":87}},"type":"cond-expr","locations":[{"start":{"line":319,"column":58},"end":{"line":319,"column":71}},{"start":{"line":319,"column":74},"end":{"line":319,"column":87}}],"line":319},"27":{"loc":{"start":{"line":322,"column":19},"end":{"line":326,"column":60}},"type":"cond-expr","locations":[{"start":{"line":323,"column":22},"end":{"line":325,"column":65}},{"start":{"line":326,"column":22},"end":{"line":326,"column":60}}],"line":322},"28":{"loc":{"start":{"line":323,"column":22},"end":{"line":325,"column":65}},"type":"cond-expr","locations":[{"start":{"line":324,"column":24},"end":{"line":324,"column":80}},{"start":{"line":325,"column":24},"end":{"line":325,"column":65}}],"line":323},"29":{"loc":{"start":{"line":336,"column":11},"end":{"line":349,"column":11}},"type":"cond-expr","locations":[{"start":{"line":337,"column":12},"end":{"line":343,"column":19}},{"start":{"line":345,"column":12},"end":{"line":348,"column":19}}],"line":336},"30":{"loc":{"start":{"line":357,"column":11},"end":{"line":382,"column":11}},"type":"cond-expr","locations":[{"start":{"line":358,"column":12},"end":{"line":376,"column":14}},{"start":{"line":378,"column":12},"end":{"line":381,"column":19}}],"line":357},"31":{"loc":{"start":{"line":366,"column":23},"end":{"line":366,"column":67}},"type":"binary-expr","locations":[{"start":{"line":366,"column":23},"end":{"line":366,"column":44}},{"start":{"line":366,"column":48},"end":{"line":366,"column":67}}],"line":366},"32":{"loc":{"start":{"line":372,"column":17},"end":{"line":374,"column":24}},"type":"cond-expr","locations":[{"start":{"line":373,"column":18},"end":{"line":373,"column":76}},{"start":{"line":374,"column":20},"end":{"line":374,"column":24}}],"line":372},"33":{"loc":{"start":{"line":387,"column":7},"end":{"line":404,"column":7}},"type":"binary-expr","locations":[{"start":{"line":387,"column":7},"end":{"line":387,"column":12}},{"start":{"line":388,"column":8},"end":{"line":403,"column":15}}],"line":387},"34":{"loc":{"start":{"line":390,"column":39},"end":{"line":390,"column":79}},"type":"binary-expr","locations":[{"start":{"line":390,"column":39},"end":{"line":390,"column":50}},{"start":{"line":390,"column":54},"end":{"line":390,"column":79}}],"line":390},"35":{"loc":{"start":{"line":394,"column":13},"end":{"line":401,"column":13}},"type":"cond-expr","locations":[{"start":{"line":395,"column":14},"end":{"line":395,"column":69}},{"start":{"line":397,"column":14},"end":{"line":400,"column":17}}],"line":394}},"s":{"0":11,"1":11,"2":11,"3":11,"4":4,"5":4,"6":4,"7":20,"8":5,"9":3,"10":5,"11":5,"12":5,"13":5,"14":5,"15":4,"16":4,"17":4,"18":4,"19":1,"20":1,"21":1,"22":1,"23":1,"24":0,"25":1,"26":1,"27":0,"28":1,"29":0,"30":0,"31":1,"32":1,"33":4,"34":0,"35":0,"36":0,"37":0,"38":0,"39":0,"40":0,"41":0,"42":4,"43":3,"44":1,"45":0,"46":1,"47":1,"48":1,"49":1,"50":0,"51":3,"52":5,"53":0,"54":3,"55":11},"f":{"0":4,"1":20,"2":5,"3":3,"4":5,"5":1,"6":1,"7":0,"8":0,"9":3,"10":5,"11":0,"12":3},"b":{"0":[0],"1":[18,2],"2":[1,1],"3":[2,2],"4":[0,1],"5":[0,1],"6":[1,1],"7":[0,0],"8":[0,0],"9":[3,1],"10":[0,1],"11":[1,0],"12":[1,0],"13":[1,0],"14":[0,1],"15":[1,1],"16":[1,0],"17":[1,1],"18":[1,1],"19":[1,0],"20":[1,1],"21":[1,0],"22":[1,0],"23":[1,1,1],"24":[1,1,1],"25":[0,1],"26":[0,1],"27":[0,1],"28":[0,0],"29":[0,1],"30":[1,0],"31":[3,0],"32":[3,0],"33":[1,0],"34":[0,0],"35":[0,0]},"_coverageSchema":"1a1c01bbd47fc00a2c39e90264f33305004495a9","hash":"63b5dc12f606f3604b96e1500f73583e1062f1ae"}
,"D:\\MyProjectsUAI\\weejobs\\app\\settings.tsx": {"path":"D:\\MyProjectsUAI\\weejobs\\app\\settings.tsx","statementMap":{"0":{"start":{"line":11,"column":17},"end":{"line":11,"column":36}},"1":{"start":{"line":12,"column":21},"end":{"line":12,"column":30}},"2":{"start":{"line":13,"column":27},"end":{"line":13,"column":37}},"3":{"start":{"line":14,"column":58},"end":{"line":14,"column":72}},"4":{"start":{"line":15,"column":50},"end":{"line":15,"column":64}},"5":{"start":{"line":16,"column":58},"end":{"line":16,"column":72}},"6":{"start":{"line":18,"column":23},"end":{"line":30,"column":3}},"7":{"start":{"line":19,"column":4},"end":{"line":29,"column":7}},"8":{"start":{"line":25,"column":10},"end":{"line":25,"column":25}},"9":{"start":{"line":26,"column":10},"end":{"line":26,"column":52}},"10":{"start":{"line":32,"column":2},"end":{"line":138,"column":4}},"11":{"start":{"line":35,"column":67},"end":{"line":35,"column":80}},"12":{"start":{"line":141,"column":15},"end":{"line":224,"column":2}}},"fnMap":{"0":{"name":"SettingsScreen","decl":{"start":{"line":10,"column":24},"end":{"line":10,"column":38}},"loc":{"start":{"line":10,"column":41},"end":{"line":139,"column":1}},"line":10},"1":{"name":"(anonymous_1)","decl":{"start":{"line":18,"column":23},"end":{"line":18,"column":24}},"loc":{"start":{"line":18,"column":29},"end":{"line":30,"column":3}},"line":18},"2":{"name":"(anonymous_2)","decl":{"start":{"line":24,"column":17},"end":{"line":24,"column":18}},"loc":{"start":{"line":24,"column":29},"end":{"line":27,"column":9}},"line":24},"3":{"name":"(anonymous_3)","decl":{"start":{"line":35,"column":61},"end":{"line":35,"column":62}},"loc":{"start":{"line":35,"column":67},"end":{"line":35,"column":80}},"line":35}},"branchMap":{},"s":{"0":3,"1":3,"2":2,"3":2,"4":2,"5":2,"6":2,"7":0,"8":0,"9":0,"10":2,"11":0,"12":7},"f":{"0":3,"1":0,"2":0,"3":0},"b":{},"_coverageSchema":"1a1c01bbd47fc00a2c39e90264f33305004495a9","hash":"b30d884d62bc3ed5573c1e40ec1a1869b5711332"}
,"D:\\MyProjectsUAI\\weejobs\\app\\admin\\_layout.tsx": {"path":"D:\\MyProjectsUAI\\weejobs\\app\\admin\\_layout.tsx","statementMap":{"0":{"start":{"line":8,"column":30},"end":{"line":8,"column":39}},"1":{"start":{"line":10,"column":2},"end":{"line":24,"column":24}},"2":{"start":{"line":11,"column":4},"end":{"line":11,"column":26}},"3":{"start":{"line":11,"column":19},"end":{"line":11,"column":26}},"4":{"start":{"line":13,"column":4},"end":{"line":16,"column":5}},"5":{"start":{"line":14,"column":6},"end":{"line":14,"column":42}},"6":{"start":{"line":15,"column":6},"end":{"line":15,"column":13}},"7":{"start":{"line":19,"column":4},"end":{"line":23,"column":5}},"8":{"start":{"line":20,"column":6},"end":{"line":22,"column":39}},"9":{"start":{"line":20,"column":36},"end":{"line":20,"column":64}},"10":{"start":{"line":21,"column":11},"end":{"line":22,"column":39}},"11":{"start":{"line":21,"column":45},"end":{"line":21,"column":76}},"12":{"start":{"line":22,"column":11},"end":{"line":22,"column":39}},"13":{"start":{"line":26,"column":2},"end":{"line":82,"column":4}},"14":{"start":{"line":50,"column":12},"end":{"line":50,"column":62}},"15":{"start":{"line":59,"column":12},"end":{"line":59,"column":67}},"16":{"start":{"line":68,"column":12},"end":{"line":68,"column":64}},"17":{"start":{"line":77,"column":12},"end":{"line":77,"column":66}}},"fnMap":{"0":{"name":"AdminLayout","decl":{"start":{"line":7,"column":24},"end":{"line":7,"column":35}},"loc":{"start":{"line":7,"column":38},"end":{"line":83,"column":1}},"line":7},"1":{"name":"(anonymous_1)","decl":{"start":{"line":10,"column":12},"end":{"line":10,"column":13}},"loc":{"start":{"line":10,"column":18},"end":{"line":24,"column":3}},"line":10},"2":{"name":"(anonymous_2)","decl":{"start":{"line":49,"column":22},"end":{"line":49,"column":23}},"loc":{"start":{"line":50,"column":12},"end":{"line":50,"column":62}},"line":50},"3":{"name":"(anonymous_3)","decl":{"start":{"line":58,"column":22},"end":{"line":58,"column":23}},"loc":{"start":{"line":59,"column":12},"end":{"line":59,"column":67}},"line":59},"4":{"name":"(anonymous_4)","decl":{"start":{"line":67,"column":22},"end":{"line":67,"column":23}},"loc":{"start":{"line":68,"column":12},"end":{"line":68,"column":64}},"line":68},"5":{"name":"(anonymous_5)","decl":{"start":{"line":76,"column":22},"end":{"line":76,"column":23}},"loc":{"start":{"line":77,"column":12},"end":{"line":77,"column":66}},"line":77}},"branchMap":{"0":{"loc":{"start":{"line":11,"column":4},"end":{"line":11,"column":26}},"type":"if","locations":[{"start":{"line":11,"column":4},"end":{"line":11,"column":26}},{"start":{},"end":{}}],"line":11},"1":{"loc":{"start":{"line":13,"column":4},"end":{"line":16,"column":5}},"type":"if","locations":[{"start":{"line":13,"column":4},"end":{"line":16,"column":5}},{"start":{},"end":{}}],"line":13},"2":{"loc":{"start":{"line":19,"column":4},"end":{"line":23,"column":5}},"type":"if","locations":[{"start":{"line":19,"column":4},"end":{"line":23,"column":5}},{"start":{},"end":{}}],"line":19},"3":{"loc":{"start":{"line":20,"column":6},"end":{"line":22,"column":39}},"type":"if","locations":[{"start":{"line":20,"column":6},"end":{"line":22,"column":39}},{"start":{"line":21,"column":11},"end":{"line":22,"column":39}}],"line":20},"4":{"loc":{"start":{"line":21,"column":11},"end":{"line":22,"column":39}},"type":"if","locations":[{"start":{"line":21,"column":11},"end":{"line":22,"column":39}},{"start":{"line":22,"column":11},"end":{"line":22,"column":39}}],"line":21}},"s":{"0":5,"1":4,"2":2,"3":0,"4":2,"5":0,"6":0,"7":2,"8":1,"9":1,"10":0,"11":0,"12":0,"13":4,"14":0,"15":0,"16":0,"17":0},"f":{"0":5,"1":2,"2":0,"3":0,"4":0,"5":0},"b":{"0":[0,2],"1":[0,2],"2":[1,1],"3":[1,0],"4":[0,0]},"_coverageSchema":"1a1c01bbd47fc00a2c39e90264f33305004495a9","hash":"a4a9bec921be72137c5898898f74a1ad215229ba"}
,"D:\\MyProjectsUAI\\weejobs\\app\\admin\\index.tsx": {"path":"D:\\MyProjectsUAI\\weejobs\\app\\admin\\index.tsx","statementMap":{"0":{"start":{"line":21,"column":17},"end":{"line":21,"column":36}},"1":{"start":{"line":22,"column":28},"end":{"line":22,"column":56}},"2":{"start":{"line":23,"column":36},"end":{"line":23,"column":50}},"3":{"start":{"line":24,"column":42},"end":{"line":24,"column":57}},"4":{"start":{"line":26,"column":21},"end":{"line":69,"column":8}},"5":{"start":{"line":27,"column":4},"end":{"line":68,"column":5}},"6":{"start":{"line":28,"column":34},"end":{"line":31,"column":8}},"7":{"start":{"line":33,"column":6},"end":{"line":39,"column":7}},"8":{"start":{"line":36,"column":23},"end":{"line":36,"column":50}},"9":{"start":{"line":37,"column":8},"end":{"line":37,"column":49}},"10":{"start":{"line":38,"column":8},"end":{"line":38,"column":28}},"11":{"start":{"line":40,"column":6},"end":{"line":46,"column":7}},"12":{"start":{"line":43,"column":23},"end":{"line":43,"column":50}},"13":{"start":{"line":44,"column":8},"end":{"line":44,"column":50}},"14":{"start":{"line":45,"column":8},"end":{"line":45,"column":29}},"15":{"start":{"line":48,"column":19},"end":{"line":48,"column":37}},"16":{"start":{"line":49,"column":20},"end":{"line":49,"column":39}},"17":{"start":{"line":51,"column":6},"end":{"line":59,"column":9}},"18":{"start":{"line":53,"column":35},"end":{"line":53,"column":54}},"19":{"start":{"line":54,"column":37},"end":{"line":54,"column":58}},"20":{"start":{"line":55,"column":40},"end":{"line":55,"column":64}},"21":{"start":{"line":57,"column":37},"end":{"line":57,"column":58}},"22":{"start":{"line":58,"column":35},"end":{"line":58,"column":60}},"23":{"start":{"line":62,"column":21},"end":{"line":62,"column":48}},"24":{"start":{"line":63,"column":6},"end":{"line":63,"column":39}},"25":{"start":{"line":64,"column":6},"end":{"line":64,"column":52}},"26":{"start":{"line":66,"column":6},"end":{"line":66,"column":26}},"27":{"start":{"line":67,"column":6},"end":{"line":67,"column":29}},"28":{"start":{"line":71,"column":2},"end":{"line":73,"column":19}},"29":{"start":{"line":72,"column":4},"end":{"line":72,"column":17}},"30":{"start":{"line":75,"column":20},"end":{"line":78,"column":3}},"31":{"start":{"line":76,"column":4},"end":{"line":76,"column":26}},"32":{"start":{"line":77,"column":4},"end":{"line":77,"column":17}},"33":{"start":{"line":80,"column":2},"end":{"line":86,"column":3}},"34":{"start":{"line":81,"column":4},"end":{"line":85,"column":6}},"35":{"start":{"line":88,"column":2},"end":{"line":159,"column":4}},"36":{"start":{"line":162,"column":15},"end":{"line":242,"column":2}}},"fnMap":{"0":{"name":"AdminDashboard","decl":{"start":{"line":20,"column":24},"end":{"line":20,"column":38}},"loc":{"start":{"line":20,"column":41},"end":{"line":160,"column":1}},"line":20},"1":{"name":"(anonymous_1)","decl":{"start":{"line":26,"column":33},"end":{"line":26,"column":34}},"loc":{"start":{"line":26,"column":45},"end":{"line":69,"column":3}},"line":26},"2":{"name":"(anonymous_2)","decl":{"start":{"line":53,"column":30},"end":{"line":53,"column":31}},"loc":{"start":{"line":53,"column":35},"end":{"line":53,"column":54}},"line":53},"3":{"name":"(anonymous_3)","decl":{"start":{"line":54,"column":32},"end":{"line":54,"column":33}},"loc":{"start":{"line":54,"column":37},"end":{"line":54,"column":58}},"line":54},"4":{"name":"(anonymous_4)","decl":{"start":{"line":55,"column":35},"end":{"line":55,"column":36}},"loc":{"start":{"line":55,"column":40},"end":{"line":55,"column":64}},"line":55},"5":{"name":"(anonymous_5)","decl":{"start":{"line":57,"column":32},"end":{"line":57,"column":33}},"loc":{"start":{"line":57,"column":37},"end":{"line":57,"column":58}},"line":57},"6":{"name":"(anonymous_6)","decl":{"start":{"line":58,"column":30},"end":{"line":58,"column":31}},"loc":{"start":{"line":58,"column":35},"end":{"line":58,"column":60}},"line":58},"7":{"name":"(anonymous_7)","decl":{"start":{"line":71,"column":12},"end":{"line":71,"column":13}},"loc":{"start":{"line":71,"column":18},"end":{"line":73,"column":3}},"line":71},"8":{"name":"(anonymous_8)","decl":{"start":{"line":75,"column":20},"end":{"line":75,"column":21}},"loc":{"start":{"line":75,"column":26},"end":{"line":78,"column":3}},"line":75}},"branchMap":{"0":{"loc":{"start":{"line":33,"column":6},"end":{"line":39,"column":7}},"type":"if","locations":[{"start":{"line":33,"column":6},"end":{"line":39,"column":7}},{"start":{},"end":{}}],"line":33},"1":{"loc":{"start":{"line":40,"column":6},"end":{"line":46,"column":7}},"type":"if","locations":[{"start":{"line":40,"column":6},"end":{"line":46,"column":7}},{"start":{},"end":{}}],"line":40},"2":{"loc":{"start":{"line":48,"column":19},"end":{"line":48,"column":37}},"type":"binary-expr","locations":[{"start":{"line":48,"column":19},"end":{"line":48,"column":31}},{"start":{"line":48,"column":35},"end":{"line":48,"column":37}}],"line":48},"3":{"loc":{"start":{"line":49,"column":20},"end":{"line":49,"column":39}},"type":"binary-expr","locations":[{"start":{"line":49,"column":20},"end":{"line":49,"column":33}},{"start":{"line":49,"column":37},"end":{"line":49,"column":39}}],"line":49},"4":{"loc":{"start":{"line":80,"column":2},"end":{"line":86,"column":3}},"type":"if","locations":[{"start":{"line":80,"column":2},"end":{"line":86,"column":3}},{"start":{},"end":{}}],"line":80},"5":{"loc":{"start":{"line":113,"column":43},"end":{"line":113,"column":64}},"type":"binary-expr","locations":[{"start":{"line":113,"column":43},"end":{"line":113,"column":59}},{"start":{"line":113,"column":63},"end":{"line":113,"column":64}}],"line":113},"6":{"loc":{"start":{"line":118,"column":43},"end":{"line":118,"column":63}},"type":"binary-expr","locations":[{"start":{"line":118,"column":43},"end":{"line":118,"column":58}},{"start":{"line":118,"column":62},"end":{"line":118,"column":63}}],"line":118},"7":{"loc":{"start":{"line":123,"column":43},"end":{"line":123,"column":65}},"type":"binary-expr","locations":[{"start":{"line":123,"column":43},"end":{"line":123,"column":60}},{"start":{"line":123,"column":64},"end":{"line":123,"column":65}}],"line":123},"8":{"loc":{"start":{"line":128,"column":43},"end":{"line":128,"column":68}},"type":"binary-expr","locations":[{"start":{"line":128,"column":43},"end":{"line":128,"column":63}},{"start":{"line":128,"column":67},"end":{"line":128,"column":68}}],"line":128},"9":{"loc":{"start":{"line":137,"column":43},"end":{"line":137,"column":65}},"type":"binary-expr","locations":[{"start":{"line":137,"column":43},"end":{"line":137,"column":60}},{"start":{"line":137,"column":64},"end":{"line":137,"column":65}}],"line":137},"10":{"loc":{"start":{"line":142,"column":43},"end":{"line":142,"column":64}},"type":"binary-expr","locations":[{"start":{"line":142,"column":43},"end":{"line":142,"column":59}},{"start":{"line":142,"column":63},"end":{"line":142,"column":64}}],"line":142},"11":{"loc":{"start":{"line":147,"column":43},"end":{"line":147,"column":62}},"type":"binary-expr","locations":[{"start":{"line":147,"column":43},"end":{"line":147,"column":57}},{"start":{"line":147,"column":61},"end":{"line":147,"column":62}}],"line":147}},"s":{"0":5,"1":5,"2":4,"3":4,"4":4,"5":1,"6":1,"7":1,"8":0,"9":0,"10":0,"11":1,"12":0,"13":0,"14":0,"15":1,"16":1,"17":1,"18":0,"19":0,"20":0,"21":0,"22":0,"23":0,"24":0,"25":0,"26":1,"27":1,"28":4,"29":1,"30":4,"31":0,"32":0,"33":4,"34":3,"35":1,"36":9},"f":{"0":5,"1":1,"2":0,"3":0,"4":0,"5":0,"6":0,"7":1,"8":0},"b":{"0":[0,1],"1":[0,1],"2":[1,0],"3":[1,0],"4":[3,1],"5":[1,1],"6":[1,1],"7":[1,1],"8":[1,1],"9":[1,1],"10":[1,1],"11":[1,1]},"_coverageSchema":"1a1c01bbd47fc00a2c39e90264f33305004495a9","hash":"4256ee4e4b9a681acd7f86bc04d297d9b57d788d"}
,"D:\\MyProjectsUAI\\weejobs\\app\\admin\\jobs.helpers.ts": {"path":"D:\\MyProjectsUAI\\weejobs\\app\\admin\\jobs.helpers.ts","statementMap":{"0":{"start":{"line":3,"column":53},"end":{"line":8,"column":1}},"1":{"start":{"line":10,"column":53},"end":{"line":15,"column":1}}},"fnMap":{},"branchMap":{},"s":{"0":9,"1":9},"f":{},"b":{},"_coverageSchema":"1a1c01bbd47fc00a2c39e90264f33305004495a9","hash":"cb40e950f6daae00c4d8e9655d9eaa2e3fffe8e2"}
,"D:\\MyProjectsUAI\\weejobs\\app\\admin\\jobs.tsx": {"path":"D:\\MyProjectsUAI\\weejobs\\app\\admin\\jobs.tsx","statementMap":{"0":{"start":{"line":10,"column":17},"end":{"line":10,"column":36}},"1":{"start":{"line":11,"column":26},"end":{"line":11,"column":45}},"2":{"start":{"line":12,"column":36},"end":{"line":12,"column":50}},"3":{"start":{"line":13,"column":42},"end":{"line":13,"column":57}},"4":{"start":{"line":15,"column":20},"end":{"line":30,"column":8}},"5":{"start":{"line":16,"column":4},"end":{"line":29,"column":5}},"6":{"start":{"line":17,"column":30},"end":{"line":20,"column":50}},"7":{"start":{"line":22,"column":6},"end":{"line":22,"column":29}},"8":{"start":{"line":22,"column":17},"end":{"line":22,"column":29}},"9":{"start":{"line":23,"column":6},"end":{"line":23,"column":26}},"10":{"start":{"line":25,"column":6},"end":{"line":25,"column":51}},"11":{"start":{"line":27,"column":6},"end":{"line":27,"column":26}},"12":{"start":{"line":28,"column":6},"end":{"line":28,"column":29}},"13":{"start":{"line":32,"column":2},"end":{"line":34,"column":18}},"14":{"start":{"line":33,"column":4},"end":{"line":33,"column":16}},"15":{"start":{"line":36,"column":20},"end":{"line":39,"column":3}},"16":{"start":{"line":37,"column":4},"end":{"line":37,"column":26}},"17":{"start":{"line":38,"column":4},"end":{"line":38,"column":16}},"18":{"start":{"line":41,"column":20},"end":{"line":73,"column":3}},"19":{"start":{"line":42,"column":4},"end":{"line":72,"column":11}},"20":{"start":{"line":75,"column":2},"end":{"line":81,"column":3}},"21":{"start":{"line":76,"column":4},"end":{"line":80,"column":6}},"22":{"start":{"line":83,"column":2},"end":{"line":109,"column":4}},"23":{"start":{"line":91,"column":32},"end":{"line":91,"column":39}},"24":{"start":{"line":112,"column":15},"end":{"line":195,"column":2}}},"fnMap":{"0":{"name":"AdminJobsScreen","decl":{"start":{"line":9,"column":24},"end":{"line":9,"column":39}},"loc":{"start":{"line":9,"column":42},"end":{"line":110,"column":1}},"line":9},"1":{"name":"(anonymous_1)","decl":{"start":{"line":15,"column":32},"end":{"line":15,"column":33}},"loc":{"start":{"line":15,"column":44},"end":{"line":30,"column":3}},"line":15},"2":{"name":"(anonymous_2)","decl":{"start":{"line":32,"column":12},"end":{"line":32,"column":13}},"loc":{"start":{"line":32,"column":18},"end":{"line":34,"column":3}},"line":32},"3":{"name":"(anonymous_3)","decl":{"start":{"line":36,"column":20},"end":{"line":36,"column":21}},"loc":{"start":{"line":36,"column":26},"end":{"line":39,"column":3}},"line":36},"4":{"name":"(anonymous_4)","decl":{"start":{"line":41,"column":20},"end":{"line":41,"column":21}},"loc":{"start":{"line":42,"column":4},"end":{"line":72,"column":11}},"line":42},"5":{"name":"(anonymous_5)","decl":{"start":{"line":91,"column":22},"end":{"line":91,"column":23}},"loc":{"start":{"line":91,"column":32},"end":{"line":91,"column":39}},"line":91}},"branchMap":{"0":{"loc":{"start":{"line":22,"column":6},"end":{"line":22,"column":29}},"type":"if","locations":[{"start":{"line":22,"column":6},"end":{"line":22,"column":29}},{"start":{},"end":{}}],"line":22},"1":{"loc":{"start":{"line":23,"column":14},"end":{"line":23,"column":24}},"type":"binary-expr","locations":[{"start":{"line":23,"column":14},"end":{"line":23,"column":18}},{"start":{"line":23,"column":22},"end":{"line":23,"column":24}}],"line":23},"2":{"loc":{"start":{"line":75,"column":2},"end":{"line":81,"column":3}},"type":"if","locations":[{"start":{"line":75,"column":2},"end":{"line":81,"column":3}},{"start":{},"end":{}}],"line":75}},"s":{"0":3,"1":3,"2":2,"3":2,"4":2,"5":0,"6":0,"7":0,"8":0,"9":0,"10":0,"11":0,"12":0,"13":2,"14":0,"15":2,"16":0,"17":0,"18":2,"19":0,"20":2,"21":2,"22":0,"23":0,"24":7},"f":{"0":3,"1":0,"2":0,"3":0,"4":0,"5":0},"b":{"0":[0,0],"1":[0,0],"2":[2,0]},"_coverageSchema":"1a1c01bbd47fc00a2c39e90264f33305004495a9","hash":"24c06a74d3d44ef22d188474bdcec664549e5a0b"}
,"D:\\MyProjectsUAI\\weejobs\\app\\admin\\settings.tsx": {"path":"D:\\MyProjectsUAI\\weejobs\\app\\admin\\settings.tsx","statementMap":{"0":{"start":{"line":9,"column":17},"end":{"line":9,"column":36}},"1":{"start":{"line":10,"column":27},"end":{"line":10,"column":36}},"2":{"start":{"line":12,"column":23},"end":{"line":24,"column":3}},"3":{"start":{"line":13,"column":4},"end":{"line":23,"column":7}},"4":{"start":{"line":19,"column":10},"end":{"line":19,"column":25}},"5":{"start":{"line":20,"column":10},"end":{"line":20,"column":52}},"6":{"start":{"line":26,"column":2},"end":{"line":76,"column":4}},"7":{"start":{"line":79,"column":15},"end":{"line":191,"column":2}}},"fnMap":{"0":{"name":"AdminSettingsScreen","decl":{"start":{"line":8,"column":24},"end":{"line":8,"column":43}},"loc":{"start":{"line":8,"column":46},"end":{"line":77,"column":1}},"line":8},"1":{"name":"(anonymous_1)","decl":{"start":{"line":12,"column":23},"end":{"line":12,"column":24}},"loc":{"start":{"line":12,"column":29},"end":{"line":24,"column":3}},"line":12},"2":{"name":"(anonymous_2)","decl":{"start":{"line":18,"column":17},"end":{"line":18,"column":18}},"loc":{"start":{"line":18,"column":29},"end":{"line":21,"column":9}},"line":18}},"branchMap":{},"s":{"0":1,"1":1,"2":1,"3":0,"4":0,"5":0,"6":1,"7":5},"f":{"0":1,"1":0,"2":0},"b":{},"_coverageSchema":"1a1c01bbd47fc00a2c39e90264f33305004495a9","hash":"5cbf7c62f812201670c9b0a52012e18afd06dab7"}
,"D:\\MyProjectsUAI\\weejobs\\app\\admin\\users.tsx": {"path":"D:\\MyProjectsUAI\\weejobs\\app\\admin\\users.tsx","statementMap":{"0":{"start":{"line":9,"column":44},"end":{"line":13,"column":1}},"1":{"start":{"line":15,"column":44},"end":{"line":19,"column":1}},"2":{"start":{"line":21,"column":19},"end":{"line":25,"column":1}},"3":{"start":{"line":28,"column":30},"end":{"line":28,"column":39}},"4":{"start":{"line":29,"column":17},"end":{"line":29,"column":36}},"5":{"start":{"line":30,"column":28},"end":{"line":30,"column":48}},"6":{"start":{"line":31,"column":36},"end":{"line":31,"column":50}},"7":{"start":{"line":32,"column":42},"end":{"line":32,"column":57}},"8":{"start":{"line":34,"column":21},"end":{"line":80,"column":8}},"9":{"start":{"line":35,"column":4},"end":{"line":79,"column":5}},"10":{"start":{"line":36,"column":21},"end":{"line":36,"column":77}},"11":{"start":{"line":39,"column":6},"end":{"line":39,"column":90}},"12":{"start":{"line":41,"column":6},"end":{"line":41,"column":88}},"13":{"start":{"line":43,"column":6},"end":{"line":43,"column":88}},"14":{"start":{"line":45,"column":6},"end":{"line":53,"column":7}},"15":{"start":{"line":48,"column":8},"end":{"line":48,"column":190}},"16":{"start":{"line":50,"column":8},"end":{"line":50,"column":148}},"17":{"start":{"line":55,"column":6},"end":{"line":63,"column":7}},"18":{"start":{"line":57,"column":20},"end":{"line":57,"column":78}},"19":{"start":{"line":59,"column":8},"end":{"line":59,"column":144}},"20":{"start":{"line":60,"column":8},"end":{"line":60,"column":22}},"21":{"start":{"line":62,"column":8},"end":{"line":62,"column":28}},"22":{"start":{"line":65,"column":6},"end":{"line":67,"column":7}},"23":{"start":{"line":66,"column":8},"end":{"line":66,"column":106}},"24":{"start":{"line":69,"column":6},"end":{"line":69,"column":118}},"25":{"start":{"line":70,"column":30},"end":{"line":70,"column":139}},"26":{"start":{"line":72,"column":6},"end":{"line":72,"column":29}},"27":{"start":{"line":72,"column":17},"end":{"line":72,"column":29}},"28":{"start":{"line":73,"column":6},"end":{"line":73,"column":27}},"29":{"start":{"line":75,"column":6},"end":{"line":75,"column":52}},"30":{"start":{"line":77,"column":6},"end":{"line":77,"column":26}},"31":{"start":{"line":78,"column":6},"end":{"line":78,"column":29}},"32":{"start":{"line":82,"column":2},"end":{"line":84,"column":19}},"33":{"start":{"line":83,"column":4},"end":{"line":83,"column":17}},"34":{"start":{"line":86,"column":20},"end":{"line":89,"column":3}},"35":{"start":{"line":87,"column":4},"end":{"line":87,"column":26}},"36":{"start":{"line":88,"column":4},"end":{"line":88,"column":17}},"37":{"start":{"line":91,"column":40},"end":{"line":91,"column":69}},"38":{"start":{"line":92,"column":42},"end":{"line":92,"column":71}},"39":{"start":{"line":94,"column":25},"end":{"line":135,"column":3}},"40":{"start":{"line":95,"column":4},"end":{"line":95,"column":27}},"41":{"start":{"line":95,"column":20},"end":{"line":95,"column":27}},"42":{"start":{"line":96,"column":4},"end":{"line":96,"column":34}},"43":{"start":{"line":97,"column":4},"end":{"line":97,"column":26}},"44":{"start":{"line":98,"column":4},"end":{"line":134,"column":5}},"45":{"start":{"line":100,"column":21},"end":{"line":100,"column":77}},"46":{"start":{"line":102,"column":6},"end":{"line":106,"column":7}},"47":{"start":{"line":103,"column":8},"end":{"line":103,"column":78}},"48":{"start":{"line":105,"column":8},"end":{"line":105,"column":29}},"49":{"start":{"line":107,"column":6},"end":{"line":107,"column":88}},"50":{"start":{"line":107,"column":21},"end":{"line":107,"column":88}},"51":{"start":{"line":108,"column":37},"end":{"line":108,"column":101}},"52":{"start":{"line":109,"column":6},"end":{"line":109,"column":41}},"53":{"start":{"line":109,"column":23},"end":{"line":109,"column":41}},"54":{"start":{"line":112,"column":22},"end":{"line":112,"column":78}},"55":{"start":{"line":114,"column":6},"end":{"line":118,"column":7}},"56":{"start":{"line":115,"column":8},"end":{"line":115,"column":88}},"57":{"start":{"line":117,"column":8},"end":{"line":117,"column":30}},"58":{"start":{"line":119,"column":6},"end":{"line":119,"column":85}},"59":{"start":{"line":119,"column":22},"end":{"line":119,"column":85}},"60":{"start":{"line":120,"column":6},"end":{"line":126,"column":9}},"61":{"start":{"line":129,"column":6},"end":{"line":129,"column":19}},"62":{"start":{"line":131,"column":6},"end":{"line":131,"column":73}},"63":{"start":{"line":133,"column":6},"end":{"line":133,"column":27}},"64":{"start":{"line":137,"column":21},"end":{"line":171,"column":3}},"65":{"start":{"line":138,"column":4},"end":{"line":170,"column":11}},"66":{"start":{"line":161,"column":27},"end":{"line":161,"column":47}},"67":{"start":{"line":173,"column":2},"end":{"line":179,"column":3}},"68":{"start":{"line":174,"column":4},"end":{"line":178,"column":6}},"69":{"start":{"line":181,"column":2},"end":{"line":210,"column":4}},"70":{"start":{"line":191,"column":32},"end":{"line":191,"column":39}},"71":{"start":{"line":213,"column":15},"end":{"line":312,"column":2}}},"fnMap":{"0":{"name":"AdminUsersScreen","decl":{"start":{"line":27,"column":24},"end":{"line":27,"column":40}},"loc":{"start":{"line":27,"column":43},"end":{"line":211,"column":1}},"line":27},"1":{"name":"(anonymous_1)","decl":{"start":{"line":34,"column":33},"end":{"line":34,"column":34}},"loc":{"start":{"line":34,"column":45},"end":{"line":80,"column":3}},"line":34},"2":{"name":"(anonymous_2)","decl":{"start":{"line":82,"column":12},"end":{"line":82,"column":13}},"loc":{"start":{"line":82,"column":18},"end":{"line":84,"column":3}},"line":82},"3":{"name":"(anonymous_3)","decl":{"start":{"line":86,"column":20},"end":{"line":86,"column":21}},"loc":{"start":{"line":86,"column":26},"end":{"line":89,"column":3}},"line":86},"4":{"name":"(anonymous_4)","decl":{"start":{"line":94,"column":25},"end":{"line":94,"column":26}},"loc":{"start":{"line":94,"column":53},"end":{"line":135,"column":3}},"line":94},"5":{"name":"(anonymous_5)","decl":{"start":{"line":137,"column":21},"end":{"line":137,"column":22}},"loc":{"start":{"line":138,"column":4},"end":{"line":170,"column":11}},"line":138},"6":{"name":"(anonymous_6)","decl":{"start":{"line":161,"column":21},"end":{"line":161,"column":22}},"loc":{"start":{"line":161,"column":27},"end":{"line":161,"column":47}},"line":161},"7":{"name":"(anonymous_7)","decl":{"start":{"line":191,"column":22},"end":{"line":191,"column":23}},"loc":{"start":{"line":191,"column":32},"end":{"line":191,"column":39}},"line":191}},"branchMap":{"0":{"loc":{"start":{"line":36,"column":21},"end":{"line":36,"column":77}},"type":"binary-expr","locations":[{"start":{"line":36,"column":21},"end":{"line":36,"column":54}},{"start":{"line":36,"column":58},"end":{"line":36,"column":77}}],"line":36},"1":{"loc":{"start":{"line":41,"column":51},"end":{"line":41,"column":86}},"type":"binary-expr","locations":[{"start":{"line":41,"column":51},"end":{"line":41,"column":57}},{"start":{"line":41,"column":61},"end":{"line":41,"column":86}}],"line":41},"2":{"loc":{"start":{"line":41,"column":73},"end":{"line":41,"column":85}},"type":"binary-expr","locations":[{"start":{"line":41,"column":73},"end":{"line":41,"column":79}},{"start":{"line":41,"column":83},"end":{"line":41,"column":85}}],"line":41},"3":{"loc":{"start":{"line":43,"column":58},"end":{"line":43,"column":86}},"type":"binary-expr","locations":[{"start":{"line":43,"column":58},"end":{"line":43,"column":64}},{"start":{"line":43,"column":68},"end":{"line":43,"column":86}}],"line":43},"4":{"loc":{"start":{"line":48,"column":87},"end":{"line":48,"column":188}},"type":"binary-expr","locations":[{"start":{"line":48,"column":87},"end":{"line":48,"column":93}},{"start":{"line":48,"column":97},"end":{"line":48,"column":130}},{"start":{"line":48,"column":134},"end":{"line":48,"column":188}}],"line":48},"5":{"loc":{"start":{"line":50,"column":62},"end":{"line":50,"column":146}},"type":"binary-expr","locations":[{"start":{"line":50,"column":62},"end":{"line":50,"column":68}},{"start":{"line":50,"column":72},"end":{"line":50,"column":83}},{"start":{"line":50,"column":87},"end":{"line":50,"column":107}},{"start":{"line":50,"column":111},"end":{"line":50,"column":146}}],"line":50},"6":{"loc":{"start":{"line":57,"column":20},"end":{"line":57,"column":78}},"type":"binary-expr","locations":[{"start":{"line":57,"column":20},"end":{"line":57,"column":26}},{"start":{"line":57,"column":30},"end":{"line":57,"column":41}},{"start":{"line":57,"column":45},"end":{"line":57,"column":78}}],"line":57},"7":{"loc":{"start":{"line":59,"column":104},"end":{"line":59,"column":142}},"type":"binary-expr","locations":[{"start":{"line":59,"column":104},"end":{"line":59,"column":107}},{"start":{"line":59,"column":111},"end":{"line":59,"column":142}}],"line":59},"8":{"loc":{"start":{"line":65,"column":6},"end":{"line":67,"column":7}},"type":"if","locations":[{"start":{"line":65,"column":6},"end":{"line":67,"column":7}},{"start":{},"end":{}}],"line":65},"9":{"loc":{"start":{"line":65,"column":10},"end":{"line":65,"column":97}},"type":"binary-expr","locations":[{"start":{"line":65,"column":10},"end":{"line":65,"column":18}},{"start":{"line":65,"column":22},"end":{"line":65,"column":55}},{"start":{"line":65,"column":59},"end":{"line":65,"column":97}}],"line":65},"10":{"loc":{"start":{"line":69,"column":79},"end":{"line":69,"column":116}},"type":"binary-expr","locations":[{"start":{"line":69,"column":79},"end":{"line":69,"column":86}},{"start":{"line":69,"column":90},"end":{"line":69,"column":116}}],"line":69},"11":{"loc":{"start":{"line":69,"column":102},"end":{"line":69,"column":115}},"type":"binary-expr","locations":[{"start":{"line":69,"column":102},"end":{"line":69,"column":109}},{"start":{"line":69,"column":113},"end":{"line":69,"column":115}}],"line":69},"12":{"loc":{"start":{"line":70,"column":30},"end":{"line":70,"column":139}},"type":"binary-expr","locations":[{"start":{"line":70,"column":30},"end":{"line":70,"column":110}},{"start":{"line":70,"column":114},"end":{"line":70,"column":139}}],"line":70},"13":{"loc":{"start":{"line":70,"column":37},"end":{"line":70,"column":109}},"type":"binary-expr","locations":[{"start":{"line":70,"column":37},"end":{"line":70,"column":44}},{"start":{"line":70,"column":48},"end":{"line":70,"column":109}}],"line":70},"14":{"loc":{"start":{"line":72,"column":6},"end":{"line":72,"column":29}},"type":"if","locations":[{"start":{"line":72,"column":6},"end":{"line":72,"column":29}},{"start":{},"end":{}}],"line":72},"15":{"loc":{"start":{"line":73,"column":15},"end":{"line":73,"column":25}},"type":"binary-expr","locations":[{"start":{"line":73,"column":15},"end":{"line":73,"column":19}},{"start":{"line":73,"column":23},"end":{"line":73,"column":25}}],"line":73},"16":{"loc":{"start":{"line":95,"column":4},"end":{"line":95,"column":27}},"type":"if","locations":[{"start":{"line":95,"column":4},"end":{"line":95,"column":27}},{"start":{},"end":{}}],"line":95},"17":{"loc":{"start":{"line":100,"column":21},"end":{"line":100,"column":77}},"type":"binary-expr","locations":[{"start":{"line":100,"column":21},"end":{"line":100,"column":54}},{"start":{"line":100,"column":58},"end":{"line":100,"column":77}}],"line":100},"18":{"loc":{"start":{"line":103,"column":19},"end":{"line":103,"column":77}},"type":"binary-expr","locations":[{"start":{"line":103,"column":19},"end":{"line":103,"column":25}},{"start":{"line":103,"column":29},"end":{"line":103,"column":40}},{"start":{"line":103,"column":44},"end":{"line":103,"column":77}}],"line":103},"19":{"loc":{"start":{"line":107,"column":6},"end":{"line":107,"column":88}},"type":"if","locations":[{"start":{"line":107,"column":6},"end":{"line":107,"column":88}},{"start":{},"end":{}}],"line":107},"20":{"loc":{"start":{"line":109,"column":6},"end":{"line":109,"column":41}},"type":"if","locations":[{"start":{"line":109,"column":6},"end":{"line":109,"column":41}},{"start":{},"end":{}}],"line":109},"21":{"loc":{"start":{"line":112,"column":22},"end":{"line":112,"column":78}},"type":"binary-expr","locations":[{"start":{"line":112,"column":22},"end":{"line":112,"column":55}},{"start":{"line":112,"column":59},"end":{"line":112,"column":78}}],"line":112},"22":{"loc":{"start":{"line":115,"column":20},"end":{"line":115,"column":87}},"type":"binary-expr","locations":[{"start":{"line":115,"column":20},"end":{"line":115,"column":27}},{"start":{"line":115,"column":31},"end":{"line":115,"column":43}},{"start":{"line":115,"column":47},"end":{"line":115,"column":87}}],"line":115},"23":{"loc":{"start":{"line":119,"column":6},"end":{"line":119,"column":85}},"type":"if","locations":[{"start":{"line":119,"column":6},"end":{"line":119,"column":85}},{"start":{},"end":{}}],"line":119},"24":{"loc":{"start":{"line":131,"column":52},"end":{"line":131,"column":70}},"type":"binary-expr","locations":[{"start":{"line":131,"column":52},"end":{"line":131,"column":63}},{"start":{"line":131,"column":67},"end":{"line":131,"column":70}}],"line":131},"25":{"loc":{"start":{"line":153,"column":11},"end":{"line":155,"column":11}},"type":"binary-expr","locations":[{"start":{"line":153,"column":11},"end":{"line":153,"column":20}},{"start":{"line":154,"column":12},"end":{"line":154,"column":60}}],"line":153},"26":{"loc":{"start":{"line":157,"column":9},"end":{"line":168,"column":9}},"type":"binary-expr","locations":[{"start":{"line":157,"column":9},"end":{"line":157,"column":30}},{"start":{"line":158,"column":10},"end":{"line":167,"column":29}}],"line":157},"27":{"loc":{"start":{"line":165,"column":15},"end":{"line":165,"column":76}},"type":"cond-expr","locations":[{"start":{"line":165,"column":41},"end":{"line":165,"column":55}},{"start":{"line":165,"column":58},"end":{"line":165,"column":76}}],"line":165},"28":{"loc":{"start":{"line":173,"column":2},"end":{"line":179,"column":3}},"type":"if","locations":[{"start":{"line":173,"column":2},"end":{"line":179,"column":3}},{"start":{},"end":{}}],"line":173},"29":{"loc":{"start":{"line":185,"column":7},"end":{"line":187,"column":7}},"type":"binary-expr","locations":[{"start":{"line":185,"column":7},"end":{"line":185,"column":19}},{"start":{"line":186,"column":8},"end":{"line":186,"column":84}}],"line":185}},"s":{"0":7,"1":7,"2":7,"3":7,"4":6,"5":6,"6":6,"7":6,"8":6,"9":2,"10":2,"11":2,"12":2,"13":2,"14":2,"15":2,"16":2,"17":2,"18":2,"19":2,"20":2,"21":0,"22":2,"23":0,"24":2,"25":2,"26":2,"27":0,"28":2,"29":0,"30":2,"31":2,"32":6,"33":1,"34":6,"35":0,"36":0,"37":6,"38":6,"39":6,"40":1,"41":0,"42":1,"43":1,"44":1,"45":1,"46":1,"47":1,"48":0,"49":1,"50":0,"51":1,"52":1,"53":0,"54":1,"55":1,"56":1,"57":0,"58":1,"59":0,"60":1,"61":1,"62":0,"63":1,"64":6,"65":3,"66":1,"67":6,"68":3,"69":3,"70":0,"71":7},"f":{"0":7,"1":2,"2":1,"3":0,"4":1,"5":3,"6":1,"7":0},"b":{"0":[2,2],"1":[2,2],"2":[2,0],"3":[2,2],"4":[2,2,0],"5":[2,2,2,2],"6":[2,2,2],"7":[2,2],"8":[0,2],"9":[2,0,0],"10":[2,2],"11":[2,0],"12":[2,0],"13":[2,2],"14":[0,2],"15":[2,0],"16":[0,1],"17":[1,1],"18":[1,1,1],"19":[0,1],"20":[0,1],"21":[1,1],"22":[1,1,1],"23":[0,1],"24":[0,0],"25":[3,3],"26":[3,1],"27":[0,1],"28":[3,3],"29":[3,0]},"_coverageSchema":"1a1c01bbd47fc00a2c39e90264f33305004495a9","hash":"acef091a89d408f6f2f2ba8464fa0b5f413a1f77"}
,"D:\\MyProjectsUAI\\weejobs\\app\\chat\\[jobId].tsx": {"path":"D:\\MyProjectsUAI\\weejobs\\app\\chat\\[jobId].tsx","statementMap":{"0":{"start":{"line":20,"column":26},"end":{"line":23,"column":1}},"1":{"start":{"line":21,"column":15},"end":{"line":21,"column":35}},"2":{"start":{"line":22,"column":2},"end":{"line":22,"column":77}},"3":{"start":{"line":25,"column":26},"end":{"line":38,"column":1}},"4":{"start":{"line":26,"column":15},"end":{"line":26,"column":35}},"5":{"start":{"line":27,"column":16},"end":{"line":27,"column":26}},"6":{"start":{"line":28,"column":20},"end":{"line":28,"column":35}},"7":{"start":{"line":29,"column":2},"end":{"line":29,"column":45}},"8":{"start":{"line":31,"column":2},"end":{"line":37,"column":3}},"9":{"start":{"line":32,"column":4},"end":{"line":32,"column":19}},"10":{"start":{"line":33,"column":9},"end":{"line":37,"column":3}},"11":{"start":{"line":34,"column":4},"end":{"line":34,"column":23}},"12":{"start":{"line":36,"column":4},"end":{"line":36,"column":37}},"13":{"start":{"line":41,"column":33},"end":{"line":46,"column":1}},"14":{"start":{"line":42,"column":2},"end":{"line":42,"column":38}},"15":{"start":{"line":42,"column":26},"end":{"line":42,"column":38}},"16":{"start":{"line":43,"column":22},"end":{"line":43,"column":76}},"17":{"start":{"line":44,"column":19},"end":{"line":44,"column":77}},"18":{"start":{"line":45,"column":2},"end":{"line":45,"column":34}},"19":{"start":{"line":49,"column":17},"end":{"line":49,"column":36}},"20":{"start":{"line":50,"column":64},"end":{"line":55,"column":6}},"21":{"start":{"line":56,"column":19},"end":{"line":56,"column":28}},"22":{"start":{"line":57,"column":34},"end":{"line":57,"column":57}},"23":{"start":{"line":58,"column":38},"end":{"line":58,"column":50}},"24":{"start":{"line":59,"column":36},"end":{"line":59,"column":50}},"25":{"start":{"line":60,"column":36},"end":{"line":60,"column":51}},"26":{"start":{"line":61,"column":24},"end":{"line":61,"column":50}},"27":{"start":{"line":62,"column":22},"end":{"line":62,"column":39}},"28":{"start":{"line":64,"column":2},"end":{"line":68,"column":23}},"29":{"start":{"line":65,"column":4},"end":{"line":67,"column":5}},"30":{"start":{"line":66,"column":6},"end":{"line":66,"column":70}},"31":{"start":{"line":66,"column":38},"end":{"line":66,"column":68}},"32":{"start":{"line":70,"column":24},"end":{"line":104,"column":19}},"33":{"start":{"line":71,"column":4},"end":{"line":71,"column":23}},"34":{"start":{"line":71,"column":16},"end":{"line":71,"column":23}},"35":{"start":{"line":73,"column":4},"end":{"line":103,"column":5}},"36":{"start":{"line":74,"column":32},"end":{"line":78,"column":17}},"37":{"start":{"line":80,"column":6},"end":{"line":80,"column":35}},"38":{"start":{"line":80,"column":19},"end":{"line":80,"column":35}},"39":{"start":{"line":82,"column":30},"end":{"line":86,"column":49}},"40":{"start":{"line":88,"column":6},"end":{"line":88,"column":29}},"41":{"start":{"line":88,"column":17},"end":{"line":88,"column":29}},"42":{"start":{"line":89,"column":6},"end":{"line":89,"column":30}},"43":{"start":{"line":91,"column":6},"end":{"line":98,"column":7}},"44":{"start":{"line":92,"column":8},"end":{"line":97,"column":29}},"45":{"start":{"line":100,"column":6},"end":{"line":100,"column":55}},"46":{"start":{"line":102,"column":6},"end":{"line":102,"column":26}},"47":{"start":{"line":106,"column":2},"end":{"line":111,"column":22}},"48":{"start":{"line":107,"column":4},"end":{"line":107,"column":20}},"49":{"start":{"line":109,"column":21},"end":{"line":109,"column":53}},"50":{"start":{"line":110,"column":4},"end":{"line":110,"column":41}},"51":{"start":{"line":110,"column":17},"end":{"line":110,"column":40}},"52":{"start":{"line":113,"column":22},"end":{"line":155,"column":3}},"53":{"start":{"line":114,"column":4},"end":{"line":114,"column":52}},"54":{"start":{"line":114,"column":45},"end":{"line":114,"column":52}},"55":{"start":{"line":116,"column":23},"end":{"line":116,"column":81}},"56":{"start":{"line":117,"column":4},"end":{"line":117,"column":28}},"57":{"start":{"line":117,"column":21},"end":{"line":117,"column":28}},"58":{"start":{"line":119,"column":4},"end":{"line":119,"column":23}},"59":{"start":{"line":120,"column":27},"end":{"line":120,"column":44}},"60":{"start":{"line":121,"column":4},"end":{"line":121,"column":22}},"61":{"start":{"line":123,"column":4},"end":{"line":154,"column":5}},"62":{"start":{"line":124,"column":24},"end":{"line":130,"column":8}},"63":{"start":{"line":132,"column":6},"end":{"line":139,"column":7}},"64":{"start":{"line":135,"column":23},"end":{"line":135,"column":50}},"65":{"start":{"line":136,"column":8},"end":{"line":136,"column":41}},"66":{"start":{"line":137,"column":8},"end":{"line":137,"column":55}},"67":{"start":{"line":138,"column":8},"end":{"line":138,"column":20}},"68":{"start":{"line":141,"column":6},"end":{"line":141,"column":28}},"69":{"start":{"line":142,"column":6},"end":{"line":144,"column":14}},"70":{"start":{"line":143,"column":8},"end":{"line":143,"column":61}},"71":{"start":{"line":148,"column":21},"end":{"line":148,"column":48}},"72":{"start":{"line":149,"column":6},"end":{"line":149,"column":39}},"73":{"start":{"line":150,"column":6},"end":{"line":150,"column":53}},"74":{"start":{"line":151,"column":6},"end":{"line":151,"column":36}},"75":{"start":{"line":153,"column":6},"end":{"line":153,"column":26}},"76":{"start":{"line":158,"column":25},"end":{"line":163,"column":3}},"77":{"start":{"line":159,"column":4},"end":{"line":159,"column":40}},"78":{"start":{"line":159,"column":28},"end":{"line":159,"column":40}},"79":{"start":{"line":160,"column":24},"end":{"line":160,"column":82}},"80":{"start":{"line":161,"column":21},"end":{"line":161,"column":83}},"81":{"start":{"line":162,"column":4},"end":{"line":162,"column":36}},"82":{"start":{"line":167,"column":24},"end":{"line":203,"column":3}},"83":{"start":{"line":168,"column":25},"end":{"line":168,"column":52}},"84":{"start":{"line":169,"column":21},"end":{"line":169,"column":42}},"85":{"start":{"line":171,"column":4},"end":{"line":202,"column":6}},"86":{"start":{"line":205,"column":2},"end":{"line":211,"column":3}},"87":{"start":{"line":206,"column":4},"end":{"line":210,"column":6}},"88":{"start":{"line":213,"column":2},"end":{"line":282,"column":4}},"89":{"start":{"line":220,"column":41},"end":{"line":220,"column":54}},"90":{"start":{"line":249,"column":36},"end":{"line":249,"column":43}},"91":{"start":{"line":252,"column":39},"end":{"line":252,"column":92}},"92":{"start":{"line":285,"column":15},"end":{"line":445,"column":2}}},"fnMap":{"0":{"name":"(anonymous_0)","decl":{"start":{"line":20,"column":26},"end":{"line":20,"column":27}},"loc":{"start":{"line":20,"column":50},"end":{"line":23,"column":1}},"line":20},"1":{"name":"(anonymous_1)","decl":{"start":{"line":25,"column":26},"end":{"line":25,"column":27}},"loc":{"start":{"line":25,"column":50},"end":{"line":38,"column":1}},"line":25},"2":{"name":"(anonymous_2)","decl":{"start":{"line":41,"column":33},"end":{"line":41,"column":34}},"loc":{"start":{"line":41,"column":91},"end":{"line":46,"column":1}},"line":41},"3":{"name":"ChatScreen","decl":{"start":{"line":48,"column":24},"end":{"line":48,"column":34}},"loc":{"start":{"line":48,"column":37},"end":{"line":283,"column":1}},"line":48},"4":{"name":"(anonymous_4)","decl":{"start":{"line":64,"column":12},"end":{"line":64,"column":13}},"loc":{"start":{"line":64,"column":18},"end":{"line":68,"column":3}},"line":64},"5":{"name":"(anonymous_5)","decl":{"start":{"line":66,"column":20},"end":{"line":66,"column":21}},"loc":{"start":{"line":66,"column":38},"end":{"line":66,"column":68}},"line":66},"6":{"name":"(anonymous_6)","decl":{"start":{"line":70,"column":36},"end":{"line":70,"column":37}},"loc":{"start":{"line":70,"column":48},"end":{"line":104,"column":3}},"line":70},"7":{"name":"(anonymous_7)","decl":{"start":{"line":106,"column":12},"end":{"line":106,"column":13}},"loc":{"start":{"line":106,"column":18},"end":{"line":111,"column":3}},"line":106},"8":{"name":"(anonymous_8)","decl":{"start":{"line":110,"column":11},"end":{"line":110,"column":12}},"loc":{"start":{"line":110,"column":17},"end":{"line":110,"column":40}},"line":110},"9":{"name":"(anonymous_9)","decl":{"start":{"line":113,"column":22},"end":{"line":113,"column":23}},"loc":{"start":{"line":113,"column":34},"end":{"line":155,"column":3}},"line":113},"10":{"name":"(anonymous_10)","decl":{"start":{"line":142,"column":17},"end":{"line":142,"column":18}},"loc":{"start":{"line":142,"column":23},"end":{"line":144,"column":7}},"line":142},"11":{"name":"(anonymous_11)","decl":{"start":{"line":158,"column":25},"end":{"line":158,"column":26}},"loc":{"start":{"line":158,"column":51},"end":{"line":163,"column":3}},"line":158},"12":{"name":"(anonymous_12)","decl":{"start":{"line":167,"column":24},"end":{"line":167,"column":25}},"loc":{"start":{"line":167,"column":79},"end":{"line":203,"column":3}},"line":167},"13":{"name":"(anonymous_13)","decl":{"start":{"line":220,"column":35},"end":{"line":220,"column":36}},"loc":{"start":{"line":220,"column":41},"end":{"line":220,"column":54}},"line":220},"14":{"name":"(anonymous_14)","decl":{"start":{"line":249,"column":26},"end":{"line":249,"column":27}},"loc":{"start":{"line":249,"column":36},"end":{"line":249,"column":43}},"line":249},"15":{"name":"(anonymous_15)","decl":{"start":{"line":252,"column":33},"end":{"line":252,"column":34}},"loc":{"start":{"line":252,"column":39},"end":{"line":252,"column":92}},"line":252}},"branchMap":{"0":{"loc":{"start":{"line":31,"column":2},"end":{"line":37,"column":3}},"type":"if","locations":[{"start":{"line":31,"column":2},"end":{"line":37,"column":3}},{"start":{"line":33,"column":9},"end":{"line":37,"column":3}}],"line":31},"1":{"loc":{"start":{"line":33,"column":9},"end":{"line":37,"column":3}},"type":"if","locations":[{"start":{"line":33,"column":9},"end":{"line":37,"column":3}},{"start":{"line":35,"column":9},"end":{"line":37,"column":3}}],"line":33},"2":{"loc":{"start":{"line":42,"column":2},"end":{"line":42,"column":38}},"type":"if","locations":[{"start":{"line":42,"column":2},"end":{"line":42,"column":38}},{"start":{},"end":{}}],"line":42},"3":{"loc":{"start":{"line":65,"column":4},"end":{"line":67,"column":5}},"type":"if","locations":[{"start":{"line":65,"column":4},"end":{"line":67,"column":5}},{"start":{},"end":{}}],"line":65},"4":{"loc":{"start":{"line":65,"column":8},"end":{"line":65,"column":67}},"type":"binary-expr","locations":[{"start":{"line":65,"column":8},"end":{"line":65,"column":42}},{"start":{"line":65,"column":46},"end":{"line":65,"column":67}}],"line":65},"5":{"loc":{"start":{"line":66,"column":38},"end":{"line":66,"column":68}},"type":"binary-expr","locations":[{"start":{"line":66,"column":38},"end":{"line":66,"column":50}},{"start":{"line":66,"column":54},"end":{"line":66,"column":68}}],"line":66},"6":{"loc":{"start":{"line":71,"column":4},"end":{"line":71,"column":23}},"type":"if","locations":[{"start":{"line":71,"column":4},"end":{"line":71,"column":23}},{"start":{},"end":{}}],"line":71},"7":{"loc":{"start":{"line":80,"column":6},"end":{"line":80,"column":35}},"type":"if","locations":[{"start":{"line":80,"column":6},"end":{"line":80,"column":35}},{"start":{},"end":{}}],"line":80},"8":{"loc":{"start":{"line":88,"column":6},"end":{"line":88,"column":29}},"type":"if","locations":[{"start":{"line":88,"column":6},"end":{"line":88,"column":29}},{"start":{},"end":{}}],"line":88},"9":{"loc":{"start":{"line":89,"column":18},"end":{"line":89,"column":28}},"type":"binary-expr","locations":[{"start":{"line":89,"column":18},"end":{"line":89,"column":22}},{"start":{"line":89,"column":26},"end":{"line":89,"column":28}}],"line":89},"10":{"loc":{"start":{"line":91,"column":6},"end":{"line":98,"column":7}},"type":"if","locations":[{"start":{"line":91,"column":6},"end":{"line":98,"column":7}},{"start":{},"end":{}}],"line":91},"11":{"loc":{"start":{"line":114,"column":4},"end":{"line":114,"column":52}},"type":"if","locations":[{"start":{"line":114,"column":4},"end":{"line":114,"column":52}},{"start":{},"end":{}}],"line":114},"12":{"loc":{"start":{"line":114,"column":8},"end":{"line":114,"column":43}},"type":"binary-expr","locations":[{"start":{"line":114,"column":8},"end":{"line":114,"column":26}},{"start":{"line":114,"column":30},"end":{"line":114,"column":35}},{"start":{"line":114,"column":39},"end":{"line":114,"column":43}}],"line":114},"13":{"loc":{"start":{"line":116,"column":23},"end":{"line":116,"column":81}},"type":"cond-expr","locations":[{"start":{"line":116,"column":50},"end":{"line":116,"column":63}},{"start":{"line":116,"column":66},"end":{"line":116,"column":81}}],"line":116},"14":{"loc":{"start":{"line":117,"column":4},"end":{"line":117,"column":28}},"type":"if","locations":[{"start":{"line":117,"column":4},"end":{"line":117,"column":28}},{"start":{},"end":{}}],"line":117},"15":{"loc":{"start":{"line":132,"column":6},"end":{"line":139,"column":7}},"type":"if","locations":[{"start":{"line":132,"column":6},"end":{"line":139,"column":7}},{"start":{},"end":{}}],"line":132},"16":{"loc":{"start":{"line":159,"column":4},"end":{"line":159,"column":40}},"type":"if","locations":[{"start":{"line":159,"column":4},"end":{"line":159,"column":40}},{"start":{},"end":{}}],"line":159},"17":{"loc":{"start":{"line":173,"column":9},"end":{"line":177,"column":9}},"type":"binary-expr","locations":[{"start":{"line":173,"column":9},"end":{"line":173,"column":17}},{"start":{"line":174,"column":10},"end":{"line":176,"column":17}}],"line":173},"18":{"loc":{"start":{"line":181,"column":12},"end":{"line":181,"column":66}},"type":"cond-expr","locations":[{"start":{"line":181,"column":27},"end":{"line":181,"column":44}},{"start":{"line":181,"column":47},"end":{"line":181,"column":66}}],"line":181},"19":{"loc":{"start":{"line":184,"column":44},"end":{"line":184,"column":81}},"type":"binary-expr","locations":[{"start":{"line":184,"column":44},"end":{"line":184,"column":56}},{"start":{"line":184,"column":60},"end":{"line":184,"column":81}}],"line":184},"20":{"loc":{"start":{"line":188,"column":46},"end":{"line":188,"column":83}},"type":"binary-expr","locations":[{"start":{"line":188,"column":46},"end":{"line":188,"column":58}},{"start":{"line":188,"column":62},"end":{"line":188,"column":83}}],"line":188},"21":{"loc":{"start":{"line":191,"column":13},"end":{"line":198,"column":13}},"type":"binary-expr","locations":[{"start":{"line":191,"column":13},"end":{"line":191,"column":25}},{"start":{"line":192,"column":14},"end":{"line":197,"column":16}}],"line":191},"22":{"loc":{"start":{"line":193,"column":22},"end":{"line":193,"column":64}},"type":"cond-expr","locations":[{"start":{"line":193,"column":34},"end":{"line":193,"column":50}},{"start":{"line":193,"column":53},"end":{"line":193,"column":64}}],"line":193},"23":{"loc":{"start":{"line":195,"column":23},"end":{"line":195,"column":70}},"type":"cond-expr","locations":[{"start":{"line":195,"column":35},"end":{"line":195,"column":44}},{"start":{"line":195,"column":47},"end":{"line":195,"column":70}}],"line":195},"24":{"loc":{"start":{"line":205,"column":2},"end":{"line":211,"column":3}},"type":"if","locations":[{"start":{"line":205,"column":2},"end":{"line":211,"column":3}},{"start":{},"end":{}}],"line":205},"25":{"loc":{"start":{"line":216,"column":16},"end":{"line":216,"column":61}},"type":"cond-expr","locations":[{"start":{"line":216,"column":40},"end":{"line":216,"column":49}},{"start":{"line":216,"column":52},"end":{"line":216,"column":61}}],"line":216},"26":{"loc":{"start":{"line":228,"column":45},"end":{"line":228,"column":68}},"type":"binary-expr","locations":[{"start":{"line":228,"column":45},"end":{"line":228,"column":58}},{"start":{"line":228,"column":62},"end":{"line":228,"column":68}}],"line":228},"27":{"loc":{"start":{"line":229,"column":49},"end":{"line":229,"column":69}},"type":"binary-expr","locations":[{"start":{"line":229,"column":49},"end":{"line":229,"column":60}},{"start":{"line":229,"column":64},"end":{"line":229,"column":69}}],"line":229},"28":{"loc":{"start":{"line":238,"column":9},"end":{"line":254,"column":9}},"type":"cond-expr","locations":[{"start":{"line":239,"column":10},"end":{"line":243,"column":17}},{"start":{"line":245,"column":10},"end":{"line":253,"column":12}}],"line":238},"29":{"loc":{"start":{"line":270,"column":37},"end":{"line":270,"column":99}},"type":"binary-expr","locations":[{"start":{"line":270,"column":38},"end":{"line":270,"column":56}},{"start":{"line":270,"column":60},"end":{"line":270,"column":69}},{"start":{"line":270,"column":74},"end":{"line":270,"column":99}}],"line":270},"30":{"loc":{"start":{"line":272,"column":20},"end":{"line":272,"column":51}},"type":"binary-expr","locations":[{"start":{"line":272,"column":20},"end":{"line":272,"column":38}},{"start":{"line":272,"column":42},"end":{"line":272,"column":51}}],"line":272},"31":{"loc":{"start":{"line":274,"column":11},"end":{"line":278,"column":11}},"type":"cond-expr","locations":[{"start":{"line":275,"column":12},"end":{"line":275,"column":72}},{"start":{"line":277,"column":12},"end":{"line":277,"column":72}}],"line":274},"32":{"loc":{"start":{"line":424,"column":21},"end":{"line":424,"column":59}},"type":"cond-expr","locations":[{"start":{"line":424,"column":45},"end":{"line":424,"column":55}},{"start":{"line":424,"column":58},"end":{"line":424,"column":59}}],"line":424}},"s":{"0":8,"1":1,"2":1,"3":8,"4":4,"5":4,"6":4,"7":4,"8":4,"9":1,"10":3,"11":1,"12":2,"13":8,"14":3,"15":1,"16":2,"17":2,"18":2,"19":3,"20":3,"21":3,"22":2,"23":2,"24":2,"25":2,"26":2,"27":2,"28":2,"29":0,"30":0,"31":0,"32":2,"33":0,"34":0,"35":0,"36":0,"37":0,"38":0,"39":0,"40":0,"41":0,"42":0,"43":0,"44":0,"45":0,"46":0,"47":2,"48":0,"49":0,"50":0,"51":0,"52":2,"53":0,"54":0,"55":0,"56":0,"57":0,"58":0,"59":0,"60":0,"61":0,"62":0,"63":0,"64":0,"65":0,"66":0,"67":0,"68":0,"69":0,"70":0,"71":0,"72":0,"73":0,"74":0,"75":0,"76":2,"77":0,"78":0,"79":0,"80":0,"81":0,"82":2,"83":0,"84":0,"85":0,"86":2,"87":2,"88":0,"89":0,"90":0,"91":0,"92":8},"f":{"0":1,"1":4,"2":3,"3":3,"4":0,"5":0,"6":0,"7":0,"8":0,"9":0,"10":0,"11":0,"12":0,"13":0,"14":0,"15":0},"b":{"0":[1,3],"1":[1,2],"2":[1,2],"3":[0,0],"4":[0,0],"5":[0,0],"6":[0,0],"7":[0,0],"8":[0,0],"9":[0,0],"10":[0,0],"11":[0,0],"12":[0,0,0],"13":[0,0],"14":[0,0],"15":[0,0],"16":[0,0],"17":[0,0],"18":[0,0],"19":[0,0],"20":[0,0],"21":[0,0],"22":[0,0],"23":[0,0],"24":[2,0],"25":[0,0],"26":[0,0],"27":[0,0],"28":[0,0],"29":[0,0,0],"30":[0,0],"31":[0,0],"32":[6,2]},"_coverageSchema":"1a1c01bbd47fc00a2c39e90264f33305004495a9","hash":"6ef2be6fc7e7623ba996ec6c7b6d1ede01351225"}
,"D:\\MyProjectsUAI\\weejobs\\app\\customer\\_layout.tsx": {"path":"D:\\MyProjectsUAI\\weejobs\\app\\customer\\_layout.tsx","statementMap":{"0":{"start":{"line":8,"column":2},"end":{"line":15,"column":4}},"1":{"start":{"line":18,"column":18},"end":{"line":46,"column":2}},"2":{"start":{"line":49,"column":2},"end":{"line":111,"column":4}},"3":{"start":{"line":74,"column":45},"end":{"line":74,"column":95}},"4":{"start":{"line":81,"column":45},"end":{"line":81,"column":100}},"5":{"start":{"line":88,"column":37},"end":{"line":88,"column":89}},"6":{"start":{"line":95,"column":45},"end":{"line":95,"column":102}},"7":{"start":{"line":102,"column":45},"end":{"line":102,"column":95}}},"fnMap":{"0":{"name":"PostJobFAB","decl":{"start":{"line":7,"column":9},"end":{"line":7,"column":19}},"loc":{"start":{"line":7,"column":59},"end":{"line":16,"column":1}},"line":7},"1":{"name":"CustomerLayout","decl":{"start":{"line":48,"column":24},"end":{"line":48,"column":38}},"loc":{"start":{"line":48,"column":41},"end":{"line":112,"column":1}},"line":48},"2":{"name":"(anonymous_2)","decl":{"start":{"line":74,"column":24},"end":{"line":74,"column":25}},"loc":{"start":{"line":74,"column":45},"end":{"line":74,"column":95}},"line":74},"3":{"name":"(anonymous_3)","decl":{"start":{"line":81,"column":24},"end":{"line":81,"column":25}},"loc":{"start":{"line":81,"column":45},"end":{"line":81,"column":100}},"line":81},"4":{"name":"(anonymous_4)","decl":{"start":{"line":88,"column":26},"end":{"line":88,"column":27}},"loc":{"start":{"line":88,"column":37},"end":{"line":88,"column":89}},"line":88},"5":{"name":"(anonymous_5)","decl":{"start":{"line":95,"column":24},"end":{"line":95,"column":25}},"loc":{"start":{"line":95,"column":45},"end":{"line":95,"column":102}},"line":95},"6":{"name":"(anonymous_6)","decl":{"start":{"line":102,"column":24},"end":{"line":102,"column":25}},"loc":{"start":{"line":102,"column":45},"end":{"line":102,"column":95}},"line":102}},"branchMap":{},"s":{"0":0,"1":7,"2":3,"3":0,"4":0,"5":0,"6":0,"7":0},"f":{"0":0,"1":3,"2":0,"3":0,"4":0,"5":0,"6":0},"b":{},"_coverageSchema":"1a1c01bbd47fc00a2c39e90264f33305004495a9","hash":"f09d3cadf21a499d51af01ec9dacd85be28bb741"}
[...]
":{"line":120,"column":8},"end":{"line":120,"column":20}},"68":{"start":{"line":123,"column":20},"end":{"line":123,"column":49}},"69":{"start":{"line":124,"column":22},"end":{"line":128,"column":7}},"70":{"start":{"line":130,"column":30},"end":{"line":130,"column":95}},"71":{"start":{"line":131,"column":6},"end":{"line":133,"column":7}},"72":{"start":{"line":132,"column":8},"end":{"line":132,"column":20}},"73":{"start":{"line":134,"column":6},"end":{"line":134,"column":18}},"74":{"start":{"line":138,"column":21},"end":{"line":138,"column":38}},"75":{"start":{"line":139,"column":6},"end":{"line":139,"column":71}},"76":{"start":{"line":143,"column":28},"end":{"line":143,"column":45}},"77":{"start":{"line":144,"column":6},"end":{"line":147,"column":7}},"78":{"start":{"line":145,"column":8},"end":{"line":145,"column":93}},"79":{"start":{"line":146,"column":8},"end":{"line":146,"column":20}},"80":{"start":{"line":149,"column":20},"end":{"line":149,"column":49}},"81":{"start":{"line":150,"column":22},"end":{"line":153,"column":7}},"82":{"start":{"line":155,"column":30},"end":{"line":155,"column":95}},"83":{"start":{"line":156,"column":6},"end":{"line":156,"column":29}},"84":{"start":{"line":156,"column":17},"end":{"line":156,"column":29}},"85":{"start":{"line":157,"column":6},"end":{"line":157,"column":18}},"86":{"start":{"line":161,"column":22},"end":{"line":161,"column":39}},"87":{"start":{"line":162,"column":6},"end":{"line":165,"column":7}},"88":{"start":{"line":163,"column":8},"end":{"line":163,"column":92}},"89":{"start":{"line":164,"column":8},"end":{"line":164,"column":20}},"90":{"start":{"line":167,"column":20},"end":{"line":167,"column":43}},"91":{"start":{"line":168,"column":22},"end":{"line":171,"column":7}},"92":{"start":{"line":173,"column":30},"end":{"line":173,"column":95}},"93":{"start":{"line":174,"column":6},"end":{"line":174,"column":29}},"94":{"start":{"line":174,"column":17},"end":{"line":174,"column":29}},"95":{"start":{"line":175,"column":6},"end":{"line":175,"column":18}},"96":{"start":{"line":179,"column":6},"end":{"line":179,"column":55}},"97":{"start":{"line":180,"column":6},"end":{"line":180,"column":18}},"98":{"start":{"line":184,"column":0},"end":{"line":221,"column":1}},"99":{"start":{"line":185,"column":2},"end":{"line":216,"column":5}},"100":{"start":{"line":186,"column":16},"end":{"line":186,"column":47}},"101":{"start":{"line":187,"column":16},"end":{"line":187,"column":24}},"102":{"start":{"line":189,"column":4},"end":{"line":205,"column":3}},"103":{"start":{"line":191,"column":4},"end":{"line":196,"column":5}},"104":{"start":{"line":192,"column":6},"end":{"line":192,"column":71}},"105":{"start":{"line":194,"column":6},"end":{"line":194,"column":79}},"106":{"start":{"line":195,"column":6},"end":{"line":195,"column":67}},"107":{"start":{"line":197,"column":4},"end":{"line":197,"column":47}},"108":{"start":{"line":198,"column":4},"end":{"line":204,"column":5}},"109":{"start":{"line":199,"column":6},"end":{"line":199,"column":48}},"110":{"start":{"line":200,"column":6},"end":{"line":200,"column":42}},"111":{"start":{"line":202,"column":6},"end":{"line":202,"column":61}},"112":{"start":{"line":203,"column":6},"end":{"line":203,"column":54}},"113":{"start":{"line":208,"column":2},"end":{"line":215,"column":3}},"114":{"start":{"line":209,"column":17},"end":{"line":209,"column":49}},"115":{"start":{"line":210,"column":4},"end":{"line":210,"column":67}},"116":{"start":{"line":211,"column":4},"end":{"line":211,"column":40}},"117":{"start":{"line":213,"column":4},"end":{"line":213,"column":63}},"118":{"start":{"line":214,"column":4},"end":{"line":214,"column":51}},"119":{"start":{"line":218,"column":2},"end":{"line":218,"column":81}},"120":{"start":{"line":218,"column":29},"end":{"line":218,"column":79}},"121":{"start":{"line":220,"column":2},"end":{"line":220,"column":109}},"122":{"start":{"line":220,"column":25},"end":{"line":220,"column":107}},"123":{"start":{"line":223,"column":0},"end":{"line":227,"column":2}}},"fnMap":{"0":{"name":"(anonymous_0)","decl":{"start":{"line":39,"column":31},"end":{"line":39,"column":32}},"loc":{"start":{"line":39,"column":83},"end":{"line":69,"column":1}},"line":39},"1":{"name":"(anonymous_1)","decl":{"start":{"line":71,"column":24},"end":{"line":71,"column":25}},"loc":{"start":{"line":71,"column":69},"end":{"line":99,"column":1}},"line":71},"2":{"name":"processStripeEvent","decl":{"start":{"line":101,"column":15},"end":{"line":101,"column":33}},"loc":{"start":{"line":101,"column":57},"end":{"line":182,"column":1}},"line":101},"3":{"name":"(anonymous_3)","decl":{"start":{"line":185,"column":53},"end":{"line":185,"column":54}},"loc":{"start":{"line":185,"column":73},"end":{"line":216,"column":3}},"line":185},"4":{"name":"(anonymous_4)","decl":{"start":{"line":218,"column":15},"end":{"line":218,"column":16}},"loc":{"start":{"line":218,"column":29},"end":{"line":218,"column":79}},"line":218},"5":{"name":"(anonymous_5)","decl":{"start":{"line":220,"column":19},"end":{"line":220,"column":20}},"loc":{"start":{"line":220,"column":25},"end":{"line":220,"column":107}},"line":220}},"branchMap":{"0":{"loc":{"start":{"line":21,"column":12},"end":{"line":21,"column":78}},"type":"cond-expr","locations":[{"start":{"line":21,"column":62},"end":{"line":21,"column":73}},{"start":{"line":21,"column":76},"end":{"line":21,"column":78}}],"line":21},"1":{"loc":{"start":{"line":21,"column":13},"end":{"line":21,"column":58}},"type":"binary-expr","locations":[{"start":{"line":21,"column":13},"end":{"line":21,"column":43}},{"start":{"line":21,"column":47},"end":{"line":21,"column":58}}],"line":21},"2":{"loc":{"start":{"line":22,"column":13},"end":{"line":22,"column":29}},"type":"binary-expr","locations":[{"start":{"line":22,"column":13},"end":{"line":22,"column":21}},{"start":{"line":22,"column":25},"end":{"line":22,"column":29}}],"line":22},"3":{"loc":{"start":{"line":23,"column":21},"end":{"line":23,"column":71}},"type":"binary-expr","locations":[{"start":{"line":23,"column":21},"end":{"line":23,"column":38}},{"start":{"line":23,"column":42},"end":{"line":23,"column":71}}],"line":23},"4":{"loc":{"start":{"line":24,"column":23},"end":{"line":24,"column":78}},"type":"binary-expr","locations":[{"start":{"line":24,"column":23},"end":{"line":24,"column":49}},{"start":{"line":24,"column":53},"end":{"line":24,"column":78}}],"line":24},"5":{"loc":{"start":{"line":26,"column":20},"end":{"line":26,"column":69}},"type":"binary-expr","locations":[{"start":{"line":26,"column":20},"end":{"line":26,"column":49}},{"start":{"line":26,"column":53},"end":{"line":26,"column":69}}],"line":26},"6":{"loc":{"start":{"line":28,"column":0},"end":{"line":30,"column":1}},"type":"if","locations":[{"start":{"line":28,"column":0},"end":{"line":30,"column":1}},{"start":{},"end":{}}],"line":28},"7":{"loc":{"start":{"line":31,"column":0},"end":{"line":33,"column":1}},"type":"if","locations":[{"start":{"line":31,"column":0},"end":{"line":33,"column":1}},{"start":{},"end":{}}],"line":31},"8":{"loc":{"start":{"line":31,"column":4},"end":{"line":31,"column":32}},"type":"binary-expr","locations":[{"start":{"line":31,"column":4},"end":{"line":31,"column":16}},{"start":{"line":31,"column":20},"end":{"line":31,"column":32}}],"line":31},"9":{"loc":{"start":{"line":35,"column":15},"end":{"line":35,"column":67}},"type":"cond-expr","locations":[{"start":{"line":35,"column":40},"end":{"line":35,"column":60}},{"start":{"line":35,"column":63},"end":{"line":35,"column":67}}],"line":35},"10":{"loc":{"start":{"line":35,"column":15},"end":{"line":35,"column":37}},"type":"binary-expr","locations":[{"start":{"line":35,"column":15},"end":{"line":35,"column":21}},{"start":{"line":35,"column":25},"end":{"line":35,"column":37}}],"line":35},"11":{"loc":{"start":{"line":36,"column":17},"end":{"line":36,"column":124}},"type":"cond-expr","locations":[{"start":{"line":36,"column":46},"end":{"line":36,"column":117}},{"start":{"line":36,"column":120},"end":{"line":36,"column":124}}],"line":36},"12":{"loc":{"start":{"line":36,"column":17},"end":{"line":36,"column":43}},"type":"binary-expr","locations":[{"start":{"line":36,"column":17},"end":{"line":36,"column":28}},{"start":{"line":36,"column":32},"end":{"line":36,"column":43}}],"line":36},"13":{"loc":{"start":{"line":37,"column":12},"end":{"line":37,"column":38}},"type":"cond-expr","locations":[{"start":{"line":37,"column":22},"end":{"line":37,"column":31}},{"start":{"line":37,"column":34},"end":{"line":37,"column":38}}],"line":37},"14":{"loc":{"start":{"line":39,"column":53},"end":{"line":39,"column":78}},"type":"default-arg","locations":[{"start":{"line":39,"column":70},"end":{"line":39,"column":78}}],"line":39},"15":{"loc":{"start":{"line":40,"column":19},"end":{"line":40,"column":47}},"type":"binary-expr","locations":[{"start":{"line":40,"column":19},"end":{"line":40,"column":41}},{"start":{"line":40,"column":45},"end":{"line":40,"column":47}}],"line":40},"16":{"loc":{"start":{"line":42,"column":22},"end":{"line":42,"column":56}},"type":"binary-expr","locations":[{"start":{"line":42,"column":22},"end":{"line":42,"column":43}},{"start":{"line":42,"column":47},"end":{"line":42,"column":56}}],"line":42},"17":{"loc":{"start":{"line":43,"column":2},"end":{"line":45,"column":3}},"type":"if","locations":[{"start":{"line":43,"column":2},"end":{"line":45,"column":3}},{"start":{},"end":{}}],"line":43},"18":{"loc":{"start":{"line":43,"column":6},"end":{"line":43,"column":31}},"type":"binary-expr","locations":[{"start":{"line":43,"column":6},"end":{"line":43,"column":12}},{"start":{"line":43,"column":16},"end":{"line":43,"column":31}}],"line":43},"19":{"loc":{"start":{"line":51,"column":2},"end":{"line":62,"column":3}},"type":"if","locations":[{"start":{"line":51,"column":2},"end":{"line":62,"column":3}},{"start":{"line":55,"column":9},"end":{"line":62,"column":3}}],"line":51},"20":{"loc":{"start":{"line":55,"column":9},"end":{"line":62,"column":3}},"type":"if","locations":[{"start":{"line":55,"column":9},"end":{"line":62,"column":3}},{"start":{},"end":{}}],"line":55},"21":{"loc":{"start":{"line":59,"column":4},"end":{"line":61,"column":5}},"type":"if","locations":[{"start":{"line":59,"column":4},"end":{"line":61,"column":5}},{"start":{},"end":{}}],"line":59},"22":{"loc":{"start":{"line":65,"column":2},"end":{"line":67,"column":3}},"type":"if","locations":[{"start":{"line":65,"column":2},"end":{"line":67,"column":3}},{"start":{},"end":{}}],"line":65},"23":{"loc":{"start":{"line":71,"column":39},"end":{"line":71,"column":64}},"type":"default-arg","locations":[{"start":{"line":71,"column":56},"end":{"line":71,"column":64}}],"line":71},"24":{"loc":{"start":{"line":72,"column":2},"end":{"line":74,"column":3}},"type":"if","locations":[{"start":{"line":72,"column":2},"end":{"line":74,"column":3}},{"start":{},"end":{}}],"line":72},"25":{"loc":{"start":{"line":77,"column":20},"end":{"line":77,"column":62}},"type":"binary-expr","locations":[{"start":{"line":77,"column":20},"end":{"line":77,"column":49}},{"start":{"line":77,"column":53},"end":{"line":77,"column":62}}],"line":77},"26":{"loc":{"start":{"line":79,"column":2},"end":{"line":83,"column":3}},"type":"if","locations":[{"start":{"line":79,"column":2},"end":{"line":83,"column":3}},{"start":{},"end":{}}],"line":79},"27":{"loc":{"start":{"line":79,"column":6},"end":{"line":79,"column":47}},"type":"binary-expr","locations":[{"start":{"line":79,"column":6},"end":{"line":79,"column":12}},{"start":{"line":79,"column":16},"end":{"line":79,"column":37}},{"start":{"line":79,"column":41},"end":{"line":79,"column":47}}],"line":79},"28":{"loc":{"start":{"line":82,"column":18},"end":{"line":82,"column":69}},"type":"binary-expr","locations":[{"start":{"line":82,"column":18},"end":{"line":82,"column":54}},{"start":{"line":82,"column":58},"end":{"line":82,"column":69}}],"line":82},"29":{"loc":{"start":{"line":85,"column":2},"end":{"line":87,"column":3}},"type":"if","locations":[{"start":{"line":85,"column":2},"end":{"line":87,"column":3}},{"start":{},"end":{}}],"line":85},"30":{"loc":{"start":{"line":95,"column":2},"end":{"line":97,"column":3}},"type":"if","locations":[{"start":{"line":95,"column":2},"end":{"line":97,"column":3}},{"start":{},"end":{}}],"line":95},"31":{"loc":{"start":{"line":102,"column":2},"end":{"line":104,"column":3}},"type":"if","locations":[{"start":{"line":102,"column":2},"end":{"line":104,"column":3}},{"start":{},"end":{}}],"line":102},"32":{"loc":{"start":{"line":102,"column":6},"end":{"line":102,"column":27}},"type":"binary-expr","locations":[{"start":{"line":102,"column":6},"end":{"line":102,"column":12}},{"start":{"line":102,"column":16},"end":{"line":102,"column":27}}],"line":102},"33":{"loc":{"start":{"line":106,"column":2},"end":{"line":181,"column":3}},"type":"switch","locations":[{"start":{"line":107,"column":4},"end":{"line":114,"column":5}},{"start":{"line":116,"column":4},"end":{"line":135,"column":5}},{"start":{"line":137,"column":4},"end":{"line":140,"column":5}},{"start":{"line":142,"column":4},"end":{"line":158,"column":5}},{"start":{"line":160,"column":4},"end":{"line":176,"column":5}},{"start":{"line":178,"column":4},"end":{"line":180,"column":18}}],"line":106},"34":{"loc":{"start":{"line":109,"column":6},"end":{"line":112,"column":7}},"type":"if","locations":[{"start":{"line":109,"column":6},"end":{"line":112,"column":7}},{"start":{},"end":{}}],"line":109},"35":{"loc":{"start":{"line":109,"column":10},"end":{"line":109,"column":59}},"type":"binary-expr","locations":[{"start":{"line":109,"column":10},"end":{"line":109,"column":24}},{"start":{"line":109,"column":28},"end":{"line":109,"column":59}}],"line":109},"36":{"loc":{"start":{"line":113,"column":57},"end":{"line":113,"column":83}},"type":"binary-expr","locations":[{"start":{"line":113,"column":57},"end":{"line":113,"column":71}},{"start":{"line":113,"column":75},"end":{"line":113,"column":83}}],"line":113},"37":{"loc":{"start":{"line":118,"column":6},"end":{"line":121,"column":7}},"type":"if","locations":[{"start":{"line":118,"column":6},"end":{"line":121,"column":7}},{"start":{},"end":{}}],"line":118},"38":{"loc":{"start":{"line":118,"column":10},"end":{"line":118,"column":78}},"type":"binary-expr","locations":[{"start":{"line":118,"column":10},"end":{"line":118,"column":24}},{"start":{"line":118,"column":28},"end":{"line":118,"column":59}},{"start":{"line":118,"column":63},"end":{"line":118,"column":78}}],"line":118},"39":{"loc":{"start":{"line":127,"column":28},"end":{"line":127,"column":77}},"type":"binary-expr","locations":[{"start":{"line":127,"column":28},"end":{"line":127,"column":69}},{"start":{"line":127,"column":73},"end":{"line":127,"column":77}}],"line":127},"40":{"loc":{"start":{"line":131,"column":6},"end":{"line":133,"column":7}},"type":"if","locations":[{"start":{"line":131,"column":6},"end":{"line":133,"column":7}},{"start":{},"end":{}}],"line":131},"41":{"loc":{"start":{"line":139,"column":43},"end":{"line":139,"column":69}},"type":"binary-expr","locations":[{"start":{"line":139,"column":43},"end":{"line":139,"column":57}},{"start":{"line":139,"column":61},"end":{"line":139,"column":69}}],"line":139},"42":{"loc":{"start":{"line":144,"column":6},"end":{"line":147,"column":7}},"type":"if","locations":[{"start":{"line":144,"column":6},"end":{"line":147,"column":7}},{"start":{},"end":{}}],"line":144},"43":{"loc":{"start":{"line":144,"column":10},"end":{"line":144,"column":78}},"type":"binary-expr","locations":[{"start":{"line":144,"column":10},"end":{"line":144,"column":24}},{"start":{"line":144,"column":28},"end":{"line":144,"column":59}},{"start":{"line":144,"column":63},"end":{"line":144,"column":78}}],"line":144},"44":{"loc":{"start":{"line":156,"column":6},"end":{"line":156,"column":29}},"type":"if","locations":[{"start":{"line":156,"column":6},"end":{"line":156,"column":29}},{"start":{},"end":{}}],"line":156},"45":{"loc":{"start":{"line":162,"column":6},"end":{"line":165,"column":7}},"type":"if","locations":[{"start":{"line":162,"column":6},"end":{"line":165,"column":7}},{"start":{},"end":{}}],"line":162},"46":{"loc":{"start":{"line":162,"column":10},"end":{"line":162,"column":66}},"type":"binary-expr","locations":[{"start":{"line":162,"column":10},"end":{"line":162,"column":18}},{"start":{"line":162,"column":22},"end":{"line":162,"column":47}},{"start":{"line":162,"column":51},"end":{"line":162,"column":66}}],"line":162},"47":{"loc":{"start":{"line":170,"column":28},"end":{"line":170,"column":94}},"type":"cond-expr","locations":[{"start":{"line":170,"column":45},"end":{"line":170,"column":61}},{"start":{"line":170,"column":64},"end":{"line":170,"column":94}}],"line":170},"48":{"loc":{"start":{"line":170,"column":64},"end":{"line":170,"column":94}},"type":"binary-expr","locations":[{"start":{"line":170,"column":64},"end":{"line":170,"column":86}},{"start":{"line":170,"column":90},"end":{"line":170,"column":94}}],"line":170},"49":{"loc":{"start":{"line":174,"column":6},"end":{"line":174,"column":29}},"type":"if","locations":[{"start":{"line":174,"column":6},"end":{"line":174,"column":29}},{"start":{},"end":{}}],"line":174},"50":{"loc":{"start":{"line":184,"column":0},"end":{"line":221,"column":1}},"type":"if","locations":[{"start":{"line":184,"column":0},"end":{"line":221,"column":1}},{"start":{},"end":{}}],"line":184},"51":{"loc":{"start":{"line":184,"column":4},"end":{"line":184,"column":18}},"type":"binary-expr","locations":[{"start":{"line":184,"column":4},"end":{"line":184,"column":7}},{"start":{"line":184,"column":11},"end":{"line":184,"column":18}}],"line":184},"52":{"loc":{"start":{"line":189,"column":4},"end":{"line":205,"column":3}},"type":"if","locations":[{"start":{"line":189,"column":4},"end":{"line":205,"column":3}},{"start":{},"end":{}}],"line":189},"53":{"loc":{"start":{"line":189,"column":8},"end":{"line":189,"column":39}},"type":"binary-expr","locations":[{"start":{"line":189,"column":8},"end":{"line":189,"column":14}},{"start":{"line":189,"column":18},"end":{"line":189,"column":32}},{"start":{"line":189,"column":36},"end":{"line":189,"column":39}}],"line":189},"54":{"loc":{"start":{"line":210,"column":48},"end":{"line":210,"column":65}},"type":"binary-expr","locations":[{"start":{"line":210,"column":48},"end":{"line":210,"column":57}},{"start":{"line":210,"column":61},"end":{"line":210,"column":65}}],"line":210}},"s":{"0":2,"1":2,"2":2,"3":2,"4":2,"5":0,"6":2,"7":2,"8":2,"9":2,"10":2,"11":2,"12":2,"13":2,"14":2,"15":2,"16":2,"17":2,"18":2,"19":2,"20":2,"21":2,"22":2,"23":2,"24":0,"25":2,"26":2,"27":1,"28":1,"29":1,"30":1,"31":1,"32":1,"33":1,"34":1,"35":1,"36":2,"37":2,"38":0,"39":2,"40":2,"41":2,"42":0,"43":2,"44":2,"45":2,"46":0,"47":0,"48":0,"49":2,"50":0,"51":2,"52":2,"53":2,"54":0,"55":2,"56":8,"57":0,"58":8,"59":2,"60":2,"61":0,"62":0,"63":2,"64":1,"65":1,"66":0,"67":0,"68":1,"69":1,"70":1,"71":1,"72":0,"73":1,"74":2,"75":2,"76":1,"77":1,"78":0,"79":0,"80":1,"81":1,"82":1,"83":1,"84":0,"85":1,"86":1,"87":1,"88":0,"89":0,"90":1,"91":1,"92":1,"93":1,"94":0,"95":1,"96":1,"97":1,"98":2,"99":0,"100":0,"101":0,"102":0,"103":0,"104":0,"105":0,"106":0,"107":0,"108":0,"109":0,"110":0,"111":0,"112":0,"113":0,"114":0,"115":0,"116":0,"117":0,"118":0,"119":0,"120":0,"121":0,"122":0,"123":2},"f":{"0":2,"1":2,"2":8,"3":0,"4":0,"5":0},"b":{"0":[2,0],"1":[2,2],"2":[2,2],"3":[2,2],"4":[2,2],"5":[2,2],"6":[2,0],"7":[2,0],"8":[2,0],"9":[0,2],"10":[2,2],"11":[0,2],"12":[2,0],"13":[0,2],"14":[0],"15":[2,0],"16":[2,0],"17":[0,2],"18":[2,2],"19":[1,1],"20":[1,0],"21":[1,0],"22":[0,2],"23":[0],"24":[0,2],"25":[2,2],"26":[0,2],"27":[2,0,0],"28":[0,0],"29":[0,2],"30":[0,2],"31":[0,8],"32":[8,8],"33":[2,1,2,1,1,1],"34":[0,2],"35":[2,2],"36":[2,0],"37":[0,1],"38":[1,1,1],"39":[1,0],"40":[0,1],"41":[2,0],"42":[0,1],"43":[1,1,1],"44":[0,1],"45":[0,1],"46":[1,1,1],"47":[1,0],"48":[0,0],"49":[0,1],"50":[0,2],"51":[2,0],"52":[0,0],"53":[0,0,0],"54":[0,0]},"_coverageSchema":"1a1c01bbd47fc00a2c39e90264f33305004495a9","hash":"57a4857857c08857580f0610494b1eabb8f37695"}
}
