{"D:\\MyProjectsUAI\\weejobs\\app\\+not-found.tsx": {"path":"D:\\MyProjectsUAI\\weejobs\\app\\+not-found.tsx","statementMap":{"0":{"start":{"line":8,"column":2},"end":{"line":18,"column":4}},"1":{"start":{"line":21,"column":15},"end":{"line":32,"column":2}}},"fnMap":{"0":{"name":"NotFoundScreen","decl":{"start":{"line":7,"column":24},"end":{"line":7,"column":38}},"loc":{"start":{"line":7,"column":41},"end":{"line":19,"column":1}},"line":7}},"branchMap":{},"s":{"0":3,"1":5},"f":{"0":3},"b":{},"_coverageSchema":"1a1c01bbd47fc00a2c39e90264f33305004495a9","hash":"f9be7114858d2f1c7b67a7b1ed2a3a89f1116153"}
,"D:\\MyProjectsUAI\\weejobs\\app\\_routesManifest.js": {"path":"D:\\MyProjectsUAI\\weejobs\\app\\_routesManifest.js","statementMap":{"0":{"start":{"line":2,"column":0},"end":{"line":13,"column":14}},"1":{"start":{"line":3,"column":2},"end":{"line":5,"column":3}},"2":{"start":{"line":4,"column":4},"end":{"line":4,"column":102}},"3":{"start":{"line":6,"column":2},"end":{"line":12,"column":3}},"4":{"start":{"line":7,"column":4},"end":{"line":11,"column":5}},"5":{"start":{"line":8,"column":6},"end":{"line":8,"column":126}},"6":{"start":{"line":9,"column":11},"end":{"line":11,"column":5}},"7":{"start":{"line":10,"column":6},"end":{"line":10,"column":100}},"8":{"start":{"line":19,"column":0},"end":{"line":65,"column":2}},"9":{"start":{"line":69,"column":0},"end":{"line":114,"column":2}},"10":{"start":{"line":70,"column":25},"end":{"line":70,"column":49}},"11":{"start":{"line":71,"column":23},"end":{"line":71,"column":45}},"12":{"start":{"line":72,"column":32},"end":{"line":72,"column":63}},"13":{"start":{"line":73,"column":40},"end":{"line":73,"column":79}},"14":{"start":{"line":74,"column":32},"end":{"line":74,"column":63}},"15":{"start":{"line":75,"column":32},"end":{"line":75,"column":63}},"16":{"start":{"line":76,"column":31},"end":{"line":76,"column":61}},"17":{"start":{"line":77,"column":33},"end":{"line":77,"column":65}},"18":{"start":{"line":78,"column":30},"end":{"line":78,"column":59}},"19":{"start":{"line":79,"column":29},"end":{"line":79,"column":57}},"20":{"start":{"line":80,"column":34},"end":{"line":80,"column":67}},"21":{"start":{"line":81,"column":37},"end":{"line":81,"column":73}},"22":{"start":{"line":82,"column":26},"end":{"line":82,"column":51}},"23":{"start":{"line":83,"column":32},"end":{"line":83,"column":63}},"24":{"start":{"line":84,"column":35},"end":{"line":84,"column":69}},"25":{"start":{"line":85,"column":40},"end":{"line":85,"column":79}},"26":{"start":{"line":86,"column":43},"end":{"line":86,"column":85}},"27":{"start":{"line":87,"column":34},"end":{"line":87,"column":67}},"28":{"start":{"line":88,"column":34},"end":{"line":88,"column":67}},"29":{"start":{"line":89,"column":38},"end":{"line":89,"column":75}},"30":{"start":{"line":90,"column":30},"end":{"line":90,"column":59}},"31":{"start":{"line":91,"column":29},"end":{"line":91,"column":57}},"32":{"start":{"line":92,"column":30},"end":{"line":92,"column":59}},"33":{"start":{"line":93,"column":32},"end":{"line":93,"column":63}},"34":{"start":{"line":94,"column":28},"end":{"line":94,"column":55}},"35":{"start":{"line":95,"column":29},"end":{"line":95,"column":57}},"36":{"start":{"line":96,"column":31},"end":{"line":96,"column":61}},"37":{"start":{"line":97,"column":33},"end":{"line":97,"column":65}},"38":{"start":{"line":98,"column":38},"end":{"line":98,"column":75}},"39":{"start":{"line":99,"column":35},"end":{"line":99,"column":69}},"40":{"start":{"line":100,"column":31},"end":{"line":100,"column":61}},"41":{"start":{"line":101,"column":29},"end":{"line":101,"column":57}},"42":{"start":{"line":102,"column":29},"end":{"line":102,"column":57}},"43":{"start":{"line":103,"column":32},"end":{"line":103,"column":63}},"44":{"start":{"line":104,"column":28},"end":{"line":104,"column":55}},"45":{"start":{"line":105,"column":28},"end":{"line":105,"column":55}},"46":{"start":{"line":106,"column":34},"end":{"line":106,"column":67}},"47":{"start":{"line":107,"column":34},"end":{"line":107,"column":67}},"48":{"start":{"line":108,"column":35},"end":{"line":108,"column":69}},"49":{"start":{"line":109,"column":35},"end":{"line":109,"column":69}},"50":{"start":{"line":110,"column":31},"end":{"line":110,"column":61}},"51":{"start":{"line":111,"column":32},"end":{"line":111,"column":63}},"52":{"start":{"line":112,"column":35},"end":{"line":112,"column":69}},"53":{"start":{"line":113,"column":36},"end":{"line":113,"column":71}},"54":{"start":{"line":117,"column":0},"end":{"line":125,"column":1}},"55":{"start":{"line":118,"column":2},"end":{"line":121,"column":3}},"56":{"start":{"line":120,"column":4},"end":{"line":120,"column":102}},"57":{"start":{"line":124,"column":2},"end":{"line":124,"column":61}}},"fnMap":{"0":{"name":"(anonymous_0)","decl":{"start":{"line":70,"column":19},"end":{"line":70,"column":20}},"loc":{"start":{"line":70,"column":25},"end":{"line":70,"column":49}},"line":70},"1":{"name":"(anonymous_1)","decl":{"start":{"line":71,"column":17},"end":{"line":71,"column":18}},"loc":{"start":{"line":71,"column":23},"end":{"line":71,"column":45}},"line":71},"2":{"name":"(anonymous_2)","decl":{"start":{"line":72,"column":26},"end":{"line":72,"column":27}},"loc":{"start":{"line":72,"column":32},"end":{"line":72,"column":63}},"line":72},"3":{"name":"(anonymous_3)","decl":{"start":{"line":73,"column":34},"end":{"line":73,"column":35}},"loc":{"start":{"line":73,"column":40},"end":{"line":73,"column":79}},"line":73},"4":{"name":"(anonymous_4)","decl":{"start":{"line":74,"column":26},"end":{"line":74,"column":27}},"loc":{"start":{"line":74,"column":32},"end":{"line":74,"column":63}},"line":74},"5":{"name":"(anonymous_5)","decl":{"start":{"line":75,"column":26},"end":{"line":75,"column":27}},"loc":{"start":{"line":75,"column":32},"end":{"line":75,"column":63}},"line":75},"6":{"name":"(anonymous_6)","decl":{"start":{"line":76,"column":25},"end":{"line":76,"column":26}},"loc":{"start":{"line":76,"column":31},"end":{"line":76,"column":61}},"line":76},"7":{"name":"(anonymous_7)","decl":{"start":{"line":77,"column":27},"end":{"line":77,"column":28}},"loc":{"start":{"line":77,"column":33},"end":{"line":77,"column":65}},"line":77},"8":{"name":"(anonymous_8)","decl":{"start":{"line":78,"column":24},"end":{"line":78,"column":25}},"loc":{"start":{"line":78,"column":30},"end":{"line":78,"column":59}},"line":78},"9":{"name":"(anonymous_9)","decl":{"start":{"line":79,"column":23},"end":{"line":79,"column":24}},"loc":{"start":{"line":79,"column":29},"end":{"line":79,"column":57}},"line":79},"10":{"name":"(anonymous_10)","decl":{"start":{"line":80,"column":28},"end":{"line":80,"column":29}},"loc":{"start":{"line":80,"column":34},"end":{"line":80,"column":67}},"line":80},"11":{"name":"(anonymous_11)","decl":{"start":{"line":81,"column":31},"end":{"line":81,"column":32}},"loc":{"start":{"line":81,"column":37},"end":{"line":81,"column":73}},"line":81},"12":{"name":"(anonymous_12)","decl":{"start":{"line":82,"column":20},"end":{"line":82,"column":21}},"loc":{"start":{"line":82,"column":26},"end":{"line":82,"column":51}},"line":82},"13":{"name":"(anonymous_13)","decl":{"start":{"line":83,"column":26},"end":{"line":83,"column":27}},"loc":{"start":{"line":83,"column":32},"end":{"line":83,"column":63}},"line":83},"14":{"name":"(anonymous_14)","decl":{"start":{"line":84,"column":29},"end":{"line":84,"column":30}},"loc":{"start":{"line":84,"column":35},"end":{"line":84,"column":69}},"line":84},"15":{"name":"(anonymous_15)","decl":{"start":{"line":85,"column":34},"end":{"line":85,"column":35}},"loc":{"start":{"line":85,"column":40},"end":{"line":85,"column":79}},"line":85},"16":{"name":"(anonymous_16)","decl":{"start":{"line":86,"column":37},"end":{"line":86,"column":38}},"loc":{"start":{"line":86,"column":43},"end":{"line":86,"column":85}},"line":86},"17":{"name":"(anonymous_17)","decl":{"start":{"line":87,"column":28},"end":{"line":87,"column":29}},"loc":{"start":{"line":87,"column":34},"end":{"line":87,"column":67}},"line":87},"18":{"name":"(anonymous_18)","decl":{"start":{"line":88,"column":28},"end":{"line":88,"column":29}},"loc":{"start":{"line":88,"column":34},"end":{"line":88,"column":67}},"line":88},"19":{"name":"(anonymous_19)","decl":{"start":{"line":89,"column":32},"end":{"line":89,"column":33}},"loc":{"start":{"line":89,"column":38},"end":{"line":89,"column":75}},"line":89},"20":{"name":"(anonymous_20)","decl":{"start":{"line":90,"column":24},"end":{"line":90,"column":25}},"loc":{"start":{"line":90,"column":30},"end":{"line":90,"column":59}},"line":90},"21":{"name":"(anonymous_21)","decl":{"start":{"line":91,"column":23},"end":{"line":91,"column":24}},"loc":{"start":{"line":91,"column":29},"end":{"line":91,"column":57}},"line":91},"22":{"name":"(anonymous_22)","decl":{"start":{"line":92,"column":24},"end":{"line":92,"column":25}},"loc":{"start":{"line":92,"column":30},"end":{"line":92,"column":59}},"line":92},"23":{"name":"(anonymous_23)","decl":{"start":{"line":93,"column":26},"end":{"line":93,"column":27}},"loc":{"start":{"line":93,"column":32},"end":{"line":93,"column":63}},"line":93},"24":{"name":"(anonymous_24)","decl":{"start":{"line":94,"column":22},"end":{"line":94,"column":23}},"loc":{"start":{"line":94,"column":28},"end":{"line":94,"column":55}},"line":94},"25":{"name":"(anonymous_25)","decl":{"start":{"line":95,"column":23},"end":{"line":95,"column":24}},"loc":{"start":{"line":95,"column":29},"end":{"line":95,"column":57}},"line":95},"26":{"name":"(anonymous_26)","decl":{"start":{"line":96,"column":25},"end":{"line":96,"column":26}},"loc":{"start":{"line":96,"column":31},"end":{"line":96,"column":61}},"line":96},"27":{"name":"(anonymous_27)","decl":{"start":{"line":97,"column":27},"end":{"line":97,"column":28}},"loc":{"start":{"line":97,"column":33},"end":{"line":97,"column":65}},"line":97},"28":{"name":"(anonymous_28)","decl":{"start":{"line":98,"column":32},"end":{"line":98,"column":33}},"loc":{"start":{"line":98,"column":38},"end":{"line":98,"column":75}},"line":98},"29":{"name":"(anonymous_29)","decl":{"start":{"line":99,"column":29},"end":{"line":99,"column":30}},"loc":{"start":{"line":99,"column":35},"end":{"line":99,"column":69}},"line":99},"30":{"name":"(anonymous_30)","decl":{"start":{"line":100,"column":25},"end":{"line":100,"column":26}},"loc":{"start":{"line":100,"column":31},"end":{"line":100,"column":61}},"line":100},"31":{"name":"(anonymous_31)","decl":{"start":{"line":101,"column":23},"end":{"line":101,"column":24}},"loc":{"start":{"line":101,"column":29},"end":{"line":101,"column":57}},"line":101},"32":{"name":"(anonymous_32)","decl":{"start":{"line":102,"column":23},"end":{"line":102,"column":24}},"loc":{"start":{"line":102,"column":29},"end":{"line":102,"column":57}},"line":102},"33":{"name":"(anonymous_33)","decl":{"start":{"line":103,"column":26},"end":{"line":103,"column":27}},"loc":{"start":{"line":103,"column":32},"end":{"line":103,"column":63}},"line":103},"34":{"name":"(anonymous_34)","decl":{"start":{"line":104,"column":22},"end":{"line":104,"column":23}},"loc":{"start":{"line":104,"column":28},"end":{"line":104,"column":55}},"line":104},"35":{"name":"(anonymous_35)","decl":{"start":{"line":105,"column":22},"end":{"line":105,"column":23}},"loc":{"start":{"line":105,"column":28},"end":{"line":105,"column":55}},"line":105},"36":{"name":"(anonymous_36)","decl":{"start":{"line":106,"column":28},"end":{"line":106,"column":29}},"loc":{"start":{"line":106,"column":34},"end":{"line":106,"column":67}},"line":106},"37":{"name":"(anonymous_37)","decl":{"start":{"line":107,"column":28},"end":{"line":107,"column":29}},"loc":{"start":{"line":107,"column":34},"end":{"line":107,"column":67}},"line":107},"38":{"name":"(anonymous_38)","decl":{"start":{"line":108,"column":29},"end":{"line":108,"column":30}},"loc":{"start":{"line":108,"column":35},"end":{"line":108,"column":69}},"line":108},"39":{"name":"(anonymous_39)","decl":{"start":{"line":109,"column":29},"end":{"line":109,"column":30}},"loc":{"start":{"line":109,"column":35},"end":{"line":109,"column":69}},"line":109},"40":{"name":"(anonymous_40)","decl":{"start":{"line":110,"column":25},"end":{"line":110,"column":26}},"loc":{"start":{"line":110,"column":31},"end":{"line":110,"column":61}},"line":110},"41":{"name":"(anonymous_41)","decl":{"start":{"line":111,"column":26},"end":{"line":111,"column":27}},"loc":{"start":{"line":111,"column":32},"end":{"line":111,"column":63}},"line":111},"42":{"name":"(anonymous_42)","decl":{"start":{"line":112,"column":29},"end":{"line":112,"column":30}},"loc":{"start":{"line":112,"column":35},"end":{"line":112,"column":69}},"line":112},"43":{"name":"(anonymous_43)","decl":{"start":{"line":113,"column":30},"end":{"line":113,"column":31}},"loc":{"start":{"line":113,"column":36},"end":{"line":113,"column":71}},"line":113}},"branchMap":{"0":{"loc":{"start":{"line":3,"column":2},"end":{"line":5,"column":3}},"type":"if","locations":[{"start":{"line":3,"column":2},"end":{"line":5,"column":3}},{"start":{},"end":{}}],"line":3},"1":{"loc":{"start":{"line":6,"column":2},"end":{"line":12,"column":3}},"type":"if","locations":[{"start":{"line":6,"column":2},"end":{"line":12,"column":3}},{"start":{},"end":{}}],"line":6},"2":{"loc":{"start":{"line":7,"column":4},"end":{"line":11,"column":5}},"type":"if","locations":[{"start":{"line":7,"column":4},"end":{"line":11,"column":5}},{"start":{"line":9,"column":11},"end":{"line":11,"column":5}}],"line":7},"3":{"loc":{"start":{"line":9,"column":11},"end":{"line":11,"column":5}},"type":"if","locations":[{"start":{"line":9,"column":11},"end":{"line":11,"column":5}},{"start":{},"end":{}}],"line":9},"4":{"loc":{"start":{"line":118,"column":2},"end":{"line":121,"column":3}},"type":"if","locations":[{"start":{"line":118,"column":2},"end":{"line":121,"column":3}},{"start":{},"end":{}}],"line":118},"5":{"loc":{"start":{"line":118,"column":6},"end":{"line":118,"column":87}},"type":"binary-expr","locations":[{"start":{"line":118,"column":6},"end":{"line":118,"column":39}},{"start":{"line":118,"column":43},"end":{"line":118,"column":87}}],"line":118}},"s":{"0":16,"1":16,"2":16,"3":16,"4":16,"5":16,"6":0,"7":0,"8":16,"9":16,"10":0,"11":0,"12":0,"13":0,"14":0,"15":0,"16":0,"17":0,"18":0,"19":0,"20":0,"21":0,"22":0,"23":0,"24":0,"25":0,"26":0,"27":0,"28":0,"29":0,"30":0,"31":0,"32":0,"33":0,"34":0,"35":0,"36":0,"37":0,"38":0,"39":0,"40":0,"41":0,"42":0,"43":0,"44":0,"45":0,"46":0,"47":0,"48":0,"49":0,"50":0,"51":0,"52":0,"53":0,"54":16,"55":16,"56":16,"57":0},"f":{"0":0,"1":0,"2":0,"3":0,"4":0,"5":0,"6":0,"7":0,"8":0,"9":0,"10":0,"11":0,"12":0,"13":0,"14":0,"15":0,"16":0,"17":0,"18":0,"19":0,"20":0,"21":0,"22":0,"23":0,"24":0,"25":0,"26":0,"27":0,"28":0,"29":0,"30":0,"31":0,"32":0,"33":0,"34":0,"35":0,"36":0,"37":0,"38":0,"39":0,"40":0,"41":0,"42":0,"43":0},"b":{"0":[16,0],"1":[16,0],"2":[16,0],"3":[0,0],"4":[16,0],"5":[16,16]},"_coverageSchema":"1a1c01bbd47fc00a2c39e90264f33305004495a9","hash":"67a947f8e1fa3cfe35c124e231187b3d0d369977"}
,"D:\\MyProjectsUAI\\weejobs\\app\\index.tsx": {"path":"D:\\MyProjectsUAI\\weejobs\\app\\index.tsx","statementMap":{"0":{"start":{"line":14,"column":0},"end":{"line":20,"column":1}},"1":{"start":{"line":16,"column":2},"end":{"line":16,"column":31}},"2":{"start":{"line":19,"column":2},"end":{"line":19,"column":60}},"3":{"start":{"line":24,"column":0},"end":{"line":34,"column":1}},"4":{"start":{"line":26,"column":2},"end":{"line":26,"column":50}},"5":{"start":{"line":28,"column":2},"end":{"line":28,"column":53}},"6":{"start":{"line":31,"column":2},"end":{"line":31,"column":95}},"7":{"start":{"line":33,"column":2},"end":{"line":33,"column":43}},"8":{"start":{"line":36,"column":0},"end":{"line":41,"column":15}},"9":{"start":{"line":38,"column":2},"end":{"line":38,"column":48}},"10":{"start":{"line":40,"column":2},"end":{"line":40,"column":53}},"11":{"start":{"line":42,"column":0},"end":{"line":66,"column":5}},"12":{"start":{"line":43,"column":2},"end":{"line":65,"column":3}},"13":{"start":{"line":44,"column":21},"end":{"line":44,"column":71}},"14":{"start":{"line":45,"column":22},"end":{"line":45,"column":98}},"15":{"start":{"line":46,"column":4},"end":{"line":61,"column":5}},"16":{"start":{"line":47,"column":6},"end":{"line":47,"column":88}},"17":{"start":{"line":49,"column":6},"end":{"line":49,"column":77}},"18":{"start":{"line":52,"column":6},"end":{"line":52,"column":75}},"19":{"start":{"line":53,"column":6},"end":{"line":60,"column":7}},"20":{"start":{"line":54,"column":8},"end":{"line":54,"column":91}},"21":{"start":{"line":56,"column":8},"end":{"line":56,"column":89}},"22":{"start":{"line":59,"column":8},"end":{"line":59,"column":87}},"23":{"start":{"line":64,"column":4},"end":{"line":64,"column":79}},"24":{"start":{"line":67,"column":0},"end":{"line":71,"column":14}},"25":{"start":{"line":69,"column":2},"end":{"line":69,"column":82}},"26":{"start":{"line":73,"column":26},"end":{"line":73,"column":50}},"27":{"start":{"line":76,"column":49},"end":{"line":76,"column":58}},"28":{"start":{"line":78,"column":2},"end":{"line":197,"column":9}},"29":{"start":{"line":79,"column":4},"end":{"line":196,"column":5}},"30":{"start":{"line":80,"column":6},"end":{"line":80,"column":77}},"31":{"start":{"line":81,"column":19},"end":{"line":81,"column":48}},"32":{"start":{"line":82,"column":22},"end":{"line":82,"column":54}},"33":{"start":{"line":83,"column":6},"end":{"line":83,"column":142}},"34":{"start":{"line":84,"column":6},"end":{"line":87,"column":7}},"35":{"start":{"line":85,"column":8},"end":{"line":85,"column":87}},"36":{"start":{"line":86,"column":8},"end":{"line":86,"column":15}},"37":{"start":{"line":89,"column":6},"end":{"line":193,"column":11}},"38":{"start":{"line":90,"column":45},"end":{"line":90,"column":47}},"39":{"start":{"line":91,"column":8},"end":{"line":104,"column":9}},"40":{"start":{"line":91,"column":21},"end":{"line":91,"column":22}},"41":{"start":{"line":92,"column":22},"end":{"line":92,"column":29}},"42":{"start":{"line":93,"column":10},"end":{"line":103,"column":11}},"43":{"start":{"line":94,"column":27},"end":{"line":94,"column":31}},"44":{"start":{"line":95,"column":12},"end":{"line":99,"column":13}},"45":{"start":{"line":96,"column":14},"end":{"line":96,"column":35}},"46":{"start":{"line":100,"column":12},"end":{"line":100,"column":118}},"47":{"start":{"line":102,"column":12},"end":{"line":102,"column":61}},"48":{"start":{"line":105,"column":8},"end":{"line":190,"column":9}},"49":{"start":{"line":106,"column":25},"end":{"line":106,"column":128}},"50":{"start":{"line":107,"column":22},"end":{"line":107,"column":61}},"51":{"start":{"line":108,"column":10},"end":{"line":108,"column":74}},"52":{"start":{"line":109,"column":10},"end":{"line":131,"column":11}},"53":{"start":{"line":110,"column":12},"end":{"line":110,"column":98}},"54":{"start":{"line":111,"column":12},"end":{"line":111,"column":73}},"55":{"start":{"line":113,"column":12},"end":{"line":128,"column":13}},"56":{"start":{"line":113,"column":33},"end":{"line":113,"column":34}},"57":{"start":{"line":114,"column":14},"end":{"line":125,"column":15}},"58":{"start":{"line":116,"column":29},"end":{"line":116,"column":63}},"59":{"start":{"line":117,"column":16},"end":{"line":122,"column":17}},"60":{"start":{"line":118,"column":18},"end":{"line":118,"column":101}},"61":{"start":{"line":119,"column":18},"end":{"line":119,"column":24}},"62":{"start":{"line":121,"column":18},"end":{"line":121,"column":100}},"63":{"start":{"line":124,"column":16},"end":{"line":124,"column":92}},"64":{"start":{"line":127,"column":14},"end":{"line":127,"column":59}},"65":{"start":{"line":127,"column":39},"end":{"line":127,"column":57}},"66":{"start":{"line":130,"column":12},"end":{"line":130,"column":91}},"67":{"start":{"line":132,"column":10},"end":{"line":176,"column":11}},"68":{"start":{"line":133,"column":28},"end":{"line":133,"column":75}},"69":{"start":{"line":134,"column":29},"end":{"line":134,"column":102}},"70":{"start":{"line":135,"column":12},"end":{"line":173,"column":13}},"71":{"start":{"line":136,"column":14},"end":{"line":136,"column":138}},"72":{"start":{"line":137,"column":14},"end":{"line":137,"column":93}},"73":{"start":{"line":138,"column":14},"end":{"line":157,"column":15}},"74":{"start":{"line":139,"column":16},"end":{"line":154,"column":17}},"75":{"start":{"line":139,"column":37},"end":{"line":139,"column":38}},"76":{"start":{"line":140,"column":18},"end":{"line":151,"column":19}},"77":{"start":{"line":142,"column":35},"end":{"line":142,"column":73}},"78":{"start":{"line":143,"column":20},"end":{"line":148,"column":21}},"79":{"start":{"line":144,"column":22},"end":{"line":144,"column":107}},"80":{"start":{"line":145,"column":22},"end":{"line":145,"column":28}},"81":{"start":{"line":147,"column":22},"end":{"line":147,"column":106}},"82":{"start":{"line":150,"column":20},"end":{"line":150,"column":103}},"83":{"start":{"line":153,"column":18},"end":{"line":153,"column":63}},"84":{"start":{"line":153,"column":43},"end":{"line":153,"column":61}},"85":{"start":{"line":156,"column":16},"end":{"line":156,"column":94}},"86":{"start":{"line":159,"column":14},"end":{"line":159,"column":102}},"87":{"start":{"line":161,"column":14},"end":{"line":172,"column":15}},"88":{"start":{"line":162,"column":16},"end":{"line":162,"column":141}},"89":{"start":{"line":163,"column":16},"end":{"line":163,"column":99}},"90":{"start":{"line":164,"column":16},"end":{"line":169,"column":17}},"91":{"start":{"line":165,"column":34},"end":{"line":165,"column":73}},"92":{"start":{"line":166,"column":18},"end":{"line":166,"column":136}},"93":{"start":{"line":168,"column":18},"end":{"line":168,"column":104}},"94":{"start":{"line":171,"column":16},"end":{"line":171,"column":101}},"95":{"start":{"line":175,"column":12},"end":{"line":175,"column":97}},"96":{"start":{"line":178,"column":10},"end":{"line":187,"column":11}},"97":{"start":{"line":179,"column":27},"end":{"line":179,"column":70}},"98":{"start":{"line":180,"column":28},"end":{"line":180,"column":32}},"99":{"start":{"line":181,"column":12},"end":{"line":183,"column":13}},"100":{"start":{"line":181,"column":27},"end":{"line":181,"column":28}},"101":{"start":{"line":182,"column":14},"end":{"line":182,"column":114}},"102":{"start":{"line":182,"column":20},"end":{"line":182,"column":99}},"103":{"start":{"line":184,"column":12},"end":{"line":184,"column":109}},"104":{"start":{"line":186,"column":12},"end":{"line":186,"column":95}},"105":{"start":{"line":189,"column":10},"end":{"line":189,"column":85}},"106":{"start":{"line":191,"column":8},"end":{"line":191,"column":80}},"107":{"start":{"line":192,"column":8},"end":{"line":192,"column":20}},"108":{"start":{"line":195,"column":6},"end":{"line":195,"column":83}},"109":{"start":{"line":199,"column":2},"end":{"line":232,"column":43}},"110":{"start":{"line":200,"column":4},"end":{"line":200,"column":26}},"111":{"start":{"line":200,"column":19},"end":{"line":200,"column":26}},"112":{"start":{"line":202,"column":18},"end":{"line":229,"column":12}},"113":{"start":{"line":203,"column":6},"end":{"line":228,"column":11}},"114":{"start":{"line":204,"column":8},"end":{"line":215,"column":9}},"115":{"start":{"line":205,"column":20},"end":{"line":205,"column":71}},"116":{"start":{"line":206,"column":10},"end":{"line":212,"column":11}},"117":{"start":{"line":208,"column":12},"end":{"line":208,"column":77}},"118":{"start":{"line":208,"column":54},"end":{"line":208,"column":73}},"119":{"start":{"line":209,"column":12},"end":{"line":209,"column":97}},"120":{"start":{"line":211,"column":12},"end":{"line":211,"column":86}},"121":{"start":{"line":214,"column":10},"end":{"line":214,"column":102}},"122":{"start":{"line":217,"column":8},"end":{"line":227,"column":9}},"123":{"start":{"line":218,"column":10},"end":{"line":224,"column":11}},"124":{"start":{"line":219,"column":12},"end":{"line":219,"column":40}},"125":{"start":{"line":220,"column":17},"end":{"line":224,"column":11}},"126":{"start":{"line":221,"column":12},"end":{"line":221,"column":43}},"127":{"start":{"line":222,"column":17},"end":{"line":224,"column":11}},"128":{"start":{"line":223,"column":12},"end":{"line":223,"column":37}},"129":{"start":{"line":226,"column":10},"end":{"line":226,"column":46}},"130":{"start":{"line":231,"column":4},"end":{"line":231,"column":37}},"131":{"start":{"line":231,"column":17},"end":{"line":231,"column":36}},"132":{"start":{"line":234,"column":2},"end":{"line":258,"column":4}},"133":{"start":{"line":261,"column":15},"end":{"line":292,"column":2}}},"fnMap":{"0":{"name":"(anonymous_0)","decl":{"start":{"line":42,"column":1},"end":{"line":42,"column":2}},"loc":{"start":{"line":42,"column":13},"end":{"line":66,"column":1}},"line":42},"1":{"name":"SplashScreen","decl":{"start":{"line":75,"column":24},"end":{"line":75,"column":36}},"loc":{"start":{"line":75,"column":39},"end":{"line":259,"column":1}},"line":75},"2":{"name":"(anonymous_2)","decl":{"start":{"line":78,"column":12},"end":{"line":78,"column":13}},"loc":{"start":{"line":78,"column":18},"end":{"line":197,"column":3}},"line":78},"3":{"name":"(anonymous_3)","decl":{"start":{"line":89,"column":61},"end":{"line":89,"column":62}},"loc":{"start":{"line":89,"column":73},"end":{"line":193,"column":7}},"line":89},"4":{"name":"(anonymous_4)","decl":{"start":{"line":127,"column":32},"end":{"line":127,"column":33}},"loc":{"start":{"line":127,"column":39},"end":{"line":127,"column":57}},"line":127},"5":{"name":"(anonymous_5)","decl":{"start":{"line":153,"column":36},"end":{"line":153,"column":37}},"loc":{"start":{"line":153,"column":43},"end":{"line":153,"column":61}},"line":153},"6":{"name":"(anonymous_6)","decl":{"start":{"line":199,"column":12},"end":{"line":199,"column":13}},"loc":{"start":{"line":199,"column":18},"end":{"line":232,"column":3}},"line":199},"7":{"name":"(anonymous_7)","decl":{"start":{"line":202,"column":29},"end":{"line":202,"column":30}},"loc":{"start":{"line":202,"column":35},"end":{"line":229,"column":5}},"line":202},"8":{"name":"(anonymous_8)","decl":{"start":{"line":203,"column":7},"end":{"line":203,"column":8}},"loc":{"start":{"line":203,"column":19},"end":{"line":228,"column":7}},"line":203},"9":{"name":"(anonymous_9)","decl":{"start":{"line":208,"column":47},"end":{"line":208,"column":48}},"loc":{"start":{"line":208,"column":54},"end":{"line":208,"column":73}},"line":208},"10":{"name":"(anonymous_10)","decl":{"start":{"line":231,"column":11},"end":{"line":231,"column":12}},"loc":{"start":{"line":231,"column":17},"end":{"line":231,"column":36}},"line":231}},"branchMap":{"0":{"loc":{"start":{"line":69,"column":51},"end":{"line":69,"column":80}},"type":"cond-expr","locations":[{"start":{"line":69,"column":59},"end":{"line":69,"column":68}},{"start":{"line":69,"column":71},"end":{"line":69,"column":80}}],"line":69},"1":{"loc":{"start":{"line":83,"column":65},"end":{"line":83,"column":110}},"type":"cond-expr","locations":[{"start":{"line":83,"column":87},"end":{"line":83,"column":98}},{"start":{"line":83,"column":101},"end":{"line":83,"column":110}}],"line":83},"2":{"loc":{"start":{"line":84,"column":6},"end":{"line":87,"column":7}},"type":"if","locations":[{"start":{"line":84,"column":6},"end":{"line":87,"column":7}},{"start":{},"end":{}}],"line":84},"3":{"loc":{"start":{"line":84,"column":10},"end":{"line":84,"column":51}},"type":"binary-expr","locations":[{"start":{"line":84,"column":10},"end":{"line":84,"column":30}},{"start":{"line":84,"column":34},"end":{"line":84,"column":51}}],"line":84},"4":{"loc":{"start":{"line":95,"column":12},"end":{"line":99,"column":13}},"type":"if","locations":[{"start":{"line":95,"column":12},"end":{"line":99,"column":13}},{"start":{"line":97,"column":19},"end":{"line":99,"column":13}}],"line":95},"5":{"loc":{"start":{"line":95,"column":16},"end":{"line":95,"column":61}},"type":"binary-expr","locations":[{"start":{"line":95,"column":16},"end":{"line":95,"column":23}},{"start":{"line":95,"column":27},"end":{"line":95,"column":61}}],"line":95},"6":{"loc":{"start":{"line":100,"column":54},"end":{"line":100,"column":72}},"type":"binary-expr","locations":[{"start":{"line":100,"column":54},"end":{"line":100,"column":57}},{"start":{"line":100,"column":61},"end":{"line":100,"column":72}}],"line":100},"7":{"loc":{"start":{"line":100,"column":96},"end":{"line":100,"column":114}},"type":"binary-expr","locations":[{"start":{"line":100,"column":96},"end":{"line":100,"column":99}},{"start":{"line":100,"column":103},"end":{"line":100,"column":114}}],"line":100},"8":{"loc":{"start":{"line":106,"column":25},"end":{"line":106,"column":128}},"type":"binary-expr","locations":[{"start":{"line":106,"column":26},"end":{"line":106,"column":36}},{"start":{"line":106,"column":41},"end":{"line":106,"column":69}},{"start":{"line":106,"column":73},"end":{"line":106,"column":114}},{"start":{"line":106,"column":118},"end":{"line":106,"column":120}},{"start":{"line":106,"column":126},"end":{"line":106,"column":128}}],"line":106},"9":{"loc":{"start":{"line":117,"column":16},"end":{"line":122,"column":17}},"type":"if","locations":[{"start":{"line":117,"column":16},"end":{"line":122,"column":17}},{"start":{"line":120,"column":23},"end":{"line":122,"column":17}}],"line":117},"10":{"loc":{"start":{"line":117,"column":20},"end":{"line":117,"column":63}},"type":"binary-expr","locations":[{"start":{"line":117,"column":20},"end":{"line":117,"column":24}},{"start":{"line":117,"column":28},"end":{"line":117,"column":39}},{"start":{"line":117,"column":43},"end":{"line":117,"column":63}}],"line":117},"11":{"loc":{"start":{"line":117,"column":44},"end":{"line":117,"column":58}},"type":"binary-expr","locations":[{"start":{"line":117,"column":44},"end":{"line":117,"column":53}},{"start":{"line":117,"column":57},"end":{"line":117,"column":58}}],"line":117},"12":{"loc":{"start":{"line":118,"column":85},"end":{"line":118,"column":99}},"type":"binary-expr","locations":[{"start":{"line":118,"column":85},"end":{"line":118,"column":94}},{"start":{"line":118,"column":98},"end":{"line":118,"column":99}}],"line":118},"13":{"loc":{"start":{"line":143,"column":20},"end":{"line":148,"column":21}},"type":"if","locations":[{"start":{"line":143,"column":20},"end":{"line":148,"column":21}},{"start":{"line":146,"column":27},"end":{"line":148,"column":21}}],"line":143},"14":{"loc":{"start":{"line":143,"column":24},"end":{"line":143,"column":47}},"type":"binary-expr","locations":[{"start":{"line":143,"column":24},"end":{"line":143,"column":30}},{"start":{"line":143,"column":34},"end":{"line":143,"column":47}}],"line":143},"15":{"loc":{"start":{"line":144,"column":89},"end":{"line":144,"column":105}},"type":"binary-expr","locations":[{"start":{"line":144,"column":89},"end":{"line":144,"column":100}},{"start":{"line":144,"column":104},"end":{"line":144,"column":105}}],"line":144},"16":{"loc":{"start":{"line":166,"column":82},"end":{"line":166,"column":134}},"type":"cond-expr","locations":[{"start":{"line":166,"column":110},"end":{"line":166,"column":122}},{"start":{"line":166,"column":125},"end":{"line":166,"column":134}}],"line":166},"17":{"loc":{"start":{"line":166,"column":82},"end":{"line":166,"column":107}},"type":"binary-expr","locations":[{"start":{"line":166,"column":82},"end":{"line":166,"column":89}},{"start":{"line":166,"column":93},"end":{"line":166,"column":107}}],"line":166},"18":{"loc":{"start":{"line":200,"column":4},"end":{"line":200,"column":26}},"type":"if","locations":[{"start":{"line":200,"column":4},"end":{"line":200,"column":26}},{"start":{},"end":{}}],"line":200},"19":{"loc":{"start":{"line":206,"column":10},"end":{"line":212,"column":11}},"type":"if","locations":[{"start":{"line":206,"column":10},"end":{"line":212,"column":11}},{"start":{"line":210,"column":17},"end":{"line":212,"column":11}}],"line":206},"20":{"loc":{"start":{"line":206,"column":14},"end":{"line":206,"column":47}},"type":"binary-expr","locations":[{"start":{"line":206,"column":14},"end":{"line":206,"column":15}},{"start":{"line":206,"column":19},"end":{"line":206,"column":47}}],"line":206},"21":{"loc":{"start":{"line":217,"column":8},"end":{"line":227,"column":9}},"type":"if","locations":[{"start":{"line":217,"column":8},"end":{"line":227,"column":9}},{"start":{"line":225,"column":15},"end":{"line":227,"column":9}}],"line":217},"22":{"loc":{"start":{"line":218,"column":10},"end":{"line":224,"column":11}},"type":"if","locations":[{"start":{"line":218,"column":10},"end":{"line":224,"column":11}},{"start":{"line":220,"column":17},"end":{"line":224,"column":11}}],"line":218},"23":{"loc":{"start":{"line":220,"column":17},"end":{"line":224,"column":11}},"type":"if","locations":[{"start":{"line":220,"column":17},"end":{"line":224,"column":11}},{"start":{"line":222,"column":17},"end":{"line":224,"column":11}}],"line":220},"24":{"loc":{"start":{"line":222,"column":17},"end":{"line":224,"column":11}},"type":"if","locations":[{"start":{"line":222,"column":17},"end":{"line":224,"column":11}},{"start":{},"end":{}}],"line":222}},"s":{"0":15,"1":15,"2":0,"3":15,"4":15,"5":0,"6":15,"7":15,"8":0,"9":0,"10":0,"11":0,"12":0,"13":0,"14":0,"15":0,"16":0,"17":0,"18":0,"19":0,"20":0,"21":0,"22":0,"23":0,"24":0,"25":0,"26":0,"27":0,"28":0,"29":0,"30":0,"31":0,"32":0,"33":0,"34":0,"35":0,"36":0,"37":0,"38":0,"39":0,"40":0,"41":0,"42":0,"43":0,"44":0,"45":0,"46":0,"47":0,"48":0,"49":0,"50":0,"51":0,"52":0,"53":0,"54":0,"55":0,"56":0,"57":0,"58":0,"59":0,"60":0,"61":0,"62":0,"63":0,"64":0,"65":0,"66":0,"67":0,"68":0,"69":0,"70":0,"71":0,"72":0,"73":0,"74":0,"75":0,"76":0,"77":0,"78":0,"79":0,"80":0,"81":0,"82":0,"83":0,"84":0,"85":0,"86":0,"87":0,"88":0,"89":0,"90":0,"91":0,"92":0,"93":0,"94":0,"95":0,"96":0,"97":0,"98":0,"99":0,"100":0,"101":0,"102":0,"103":0,"104":0,"105":0,"106":0,"107":0,"108":0,"109":0,"110":0,"111":0,"112":0,"113":0,"114":0,"115":0,"116":0,"117":0,"118":0,"119":0,"120":0,"121":0,"122":0,"123":0,"124":0,"125":0,"126":0,"127":0,"128":0,"129":0,"130":0,"131":0,"132":0,"133":0},"f":{"0":0,"1":0,"2":0,"3":0,"4":0,"5":0,"6":0,"7":0,"8":0,"9":0,"10":0},"b":{"0":[0,0],"1":[0,0],"2":[0,0],"3":[0,0],"4":[0,0],"5":[0,0],"6":[0,0],"7":[0,0],"8":[0,0,0,0,0],"9":[0,0],"10":[0,0,0],"11":[0,0],"12":[0,0],"13":[0,0],"14":[0,0],"15":[0,0],"16":[0,0],"17":[0,0],"18":[0,0],"19":[0,0],"20":[0,0],"21":[0,0],"22":[0,0],"23":[0,0],"24":[0,0]},"_coverageSchema":"1a1c01bbd47fc00a2c39e90264f33305004495a9","hash":"4e0a52ae3f27e549f893f7214e3a96357d7f3ba7"}
,"D:\\MyProjectsUAI\\weejobs\\app\\public-profile.tsx": {"path":"D:\\MyProjectsUAI\\weejobs\\app\\public-profile.tsx","statementMap":{"0":{"start":{"line":20,"column":18},"end":{"line":20,"column":42}},"1":{"start":{"line":21,"column":23},"end":{"line":21,"column":64}},"2":{"start":{"line":25,"column":27},"end":{"line":44,"column":1}},"3":{"start":{"line":46,"column":31},"end":{"line":80,"column":1}},"4":{"start":{"line":85,"column":15},"end":{"line":85,"column":33}},"5":{"start":{"line":86,"column":15},"end":{"line":86,"column":32}},"6":{"start":{"line":87,"column":2},"end":{"line":98,"column":4}},"7":{"start":{"line":90,"column":8},"end":{"line":95,"column":10}},"8":{"start":{"line":102,"column":2},"end":{"line":102,"column":108}},"9":{"start":{"line":106,"column":2},"end":{"line":106,"column":91}},"10":{"start":{"line":112,"column":30},"end":{"line":112,"column":90}},"11":{"start":{"line":113,"column":17},"end":{"line":113,"column":28}},"12":{"start":{"line":114,"column":17},"end":{"line":114,"column":36}},"13":{"start":{"line":115,"column":30},"end":{"line":115,"column":39}},"14":{"start":{"line":117,"column":32},"end":{"line":117,"column":59}},"15":{"start":{"line":118,"column":32},"end":{"line":118,"column":54}},"16":{"start":{"line":119,"column":36},"end":{"line":119,"column":50}},"17":{"start":{"line":120,"column":40},"end":{"line":120,"column":55}},"18":{"start":{"line":122,"column":2},"end":{"line":159,"column":17}},"19":{"start":{"line":123,"column":24},"end":{"line":156,"column":5}},"20":{"start":{"line":124,"column":6},"end":{"line":124,"column":25}},"21":{"start":{"line":125,"column":6},"end":{"line":155,"column":7}},"22":{"start":{"line":126,"column":47},"end":{"line":137,"column":10}},"23":{"start":{"line":139,"column":8},"end":{"line":143,"column":9}},"24":{"start":{"line":140,"column":10},"end":{"line":140,"column":49}},"25":{"start":{"line":142,"column":10},"end":{"line":142,"column":56}},"26":{"start":{"line":145,"column":8},"end":{"line":149,"column":9}},"27":{"start":{"line":146,"column":10},"end":{"line":146,"column":53}},"28":{"start":{"line":148,"column":10},"end":{"line":148,"column":35}},"29":{"start":{"line":151,"column":8},"end":{"line":151,"column":54}},"30":{"start":{"line":152,"column":8},"end":{"line":152,"column":33}},"31":{"start":{"line":154,"column":8},"end":{"line":154,"column":28}},"32":{"start":{"line":158,"column":4},"end":{"line":158,"column":18}},"33":{"start":{"line":161,"column":30},"end":{"line":172,"column":3}},"34":{"start":{"line":162,"column":4},"end":{"line":162,"column":36}},"35":{"start":{"line":162,"column":29},"end":{"line":162,"column":36}},"36":{"start":{"line":163,"column":4},"end":{"line":163,"column":25}},"37":{"start":{"line":164,"column":4},"end":{"line":171,"column":5}},"38":{"start":{"line":165,"column":6},"end":{"line":165,"column":54}},"39":{"start":{"line":166,"column":6},"end":{"line":166,"column":81}},"40":{"start":{"line":168,"column":6},"end":{"line":168,"column":57}},"41":{"start":{"line":170,"column":6},"end":{"line":170,"column":28}},"42":{"start":{"line":174,"column":2},"end":{"line":180,"column":3}},"43":{"start":{"line":175,"column":4},"end":{"line":179,"column":6}},"44":{"start":{"line":182,"column":2},"end":{"line":182,"column":28}},"45":{"start":{"line":182,"column":16},"end":{"line":182,"column":28}},"46":{"start":{"line":184,"column":17},"end":{"line":184,"column":44}},"47":{"start":{"line":185,"column":22},"end":{"line":185,"column":48}},"48":{"start":{"line":186,"column":26},"end":{"line":186,"column":56}},"49":{"start":{"line":188,"column":2},"end":{"line":416,"column":4}},"50":{"start":{"line":193,"column":25},"end":{"line":193,"column":38}},"51":{"start":{"line":288,"column":16},"end":{"line":290,"column":23}},"52":{"start":{"line":302,"column":16},"end":{"line":305,"column":23}},"53":{"start":{"line":345,"column":16},"end":{"line":347,"column":23}},"54":{"start":{"line":365,"column":14},"end":{"line":381,"column":21}},"55":{"start":{"line":421,"column":15},"end":{"line":777,"column":2}}},"fnMap":{"0":{"name":"StarDisplay","decl":{"start":{"line":84,"column":9},"end":{"line":84,"column":20}},"loc":{"start":{"line":84,"column":79},"end":{"line":99,"column":1}},"line":84},"1":{"name":"(anonymous_1)","decl":{"start":{"line":89,"column":25},"end":{"line":89,"column":26}},"loc":{"start":{"line":90,"column":8},"end":{"line":95,"column":10}},"line":90},"2":{"name":"formatDate","decl":{"start":{"line":101,"column":16},"end":{"line":101,"column":26}},"loc":{"start":{"line":101,"column":44},"end":{"line":103,"column":1}},"line":101},"3":{"name":"formatMemberSince","decl":{"start":{"line":105,"column":16},"end":{"line":105,"column":33}},"loc":{"start":{"line":105,"column":51},"end":{"line":107,"column":1}},"line":105},"4":{"name":"PublicProfileScreen","decl":{"start":{"line":111,"column":24},"end":{"line":111,"column":43}},"loc":{"start":{"line":111,"column":46},"end":{"line":417,"column":1}},"line":111},"5":{"name":"(anonymous_5)","decl":{"start":{"line":122,"column":12},"end":{"line":122,"column":13}},"loc":{"start":{"line":122,"column":18},"end":{"line":159,"column":3}},"line":122},"6":{"name":"(anonymous_6)","decl":{"start":{"line":123,"column":24},"end":{"line":123,"column":25}},"loc":{"start":{"line":123,"column":36},"end":{"line":156,"column":5}},"line":123},"7":{"name":"(anonymous_7)","decl":{"start":{"line":161,"column":30},"end":{"line":161,"column":31}},"loc":{"start":{"line":161,"column":42},"end":{"line":172,"column":3}},"line":161},"8":{"name":"(anonymous_8)","decl":{"start":{"line":193,"column":19},"end":{"line":193,"column":20}},"loc":{"start":{"line":193,"column":25},"end":{"line":193,"column":38}},"line":193},"9":{"name":"(anonymous_9)","decl":{"start":{"line":287,"column":44},"end":{"line":287,"column":45}},"loc":{"start":{"line":288,"column":16},"end":{"line":290,"column":23}},"line":288},"10":{"name":"(anonymous_10)","decl":{"start":{"line":301,"column":41},"end":{"line":301,"column":42}},"loc":{"start":{"line":302,"column":16},"end":{"line":305,"column":23}},"line":302},"11":{"name":"(anonymous_11)","decl":{"start":{"line":344,"column":35},"end":{"line":344,"column":36}},"loc":{"start":{"line":345,"column":16},"end":{"line":347,"column":23}},"line":345},"12":{"name":"(anonymous_12)","decl":{"start":{"line":364,"column":24},"end":{"line":364,"column":25}},"loc":{"start":{"line":365,"column":14},"end":{"line":381,"column":21}},"line":365}},"branchMap":{"0":{"loc":{"start":{"line":84,"column":31},"end":{"line":84,"column":40}},"type":"default-arg","locations":[{"start":{"line":84,"column":38},"end":{"line":84,"column":40}}],"line":84},"1":{"loc":{"start":{"line":92,"column":16},"end":{"line":92,"column":85}},"type":"cond-expr","locations":[{"start":{"line":92,"column":27},"end":{"line":92,"column":33}},{"start":{"line":92,"column":36},"end":{"line":92,"column":85}}],"line":92},"2":{"loc":{"start":{"line":92,"column":36},"end":{"line":92,"column":85}},"type":"cond-expr","locations":[{"start":{"line":92,"column":57},"end":{"line":92,"column":68}},{"start":{"line":92,"column":71},"end":{"line":92,"column":85}}],"line":92},"3":{"loc":{"start":{"line":92,"column":36},"end":{"line":92,"column":54}},"type":"binary-expr","locations":[{"start":{"line":92,"column":36},"end":{"line":92,"column":46}},{"start":{"line":92,"column":50},"end":{"line":92,"column":54}}],"line":92},"4":{"loc":{"start":{"line":139,"column":8},"end":{"line":143,"column":9}},"type":"if","locations":[{"start":{"line":139,"column":8},"end":{"line":143,"column":9}},{"start":{"line":141,"column":15},"end":{"line":143,"column":9}}],"line":139},"5":{"loc":{"start":{"line":145,"column":8},"end":{"line":149,"column":9}},"type":"if","locations":[{"start":{"line":145,"column":8},"end":{"line":149,"column":9}},{"start":{"line":147,"column":15},"end":{"line":149,"column":9}}],"line":145},"6":{"loc":{"start":{"line":145,"column":12},"end":{"line":145,"column":63}},"type":"binary-expr","locations":[{"start":{"line":145,"column":12},"end":{"line":145,"column":30}},{"start":{"line":145,"column":34},"end":{"line":145,"column":63}}],"line":145},"7":{"loc":{"start":{"line":162,"column":4},"end":{"line":162,"column":36}},"type":"if","locations":[{"start":{"line":162,"column":4},"end":{"line":162,"column":36}},{"start":{},"end":{}}],"line":162},"8":{"loc":{"start":{"line":162,"column":8},"end":{"line":162,"column":27}},"type":"binary-expr","locations":[{"start":{"line":162,"column":8},"end":{"line":162,"column":14}},{"start":{"line":162,"column":18},"end":{"line":162,"column":27}}],"line":162},"9":{"loc":{"start":{"line":174,"column":2},"end":{"line":180,"column":3}},"type":"if","locations":[{"start":{"line":174,"column":2},"end":{"line":180,"column":3}},{"start":{},"end":{}}],"line":174},"10":{"loc":{"start":{"line":182,"column":2},"end":{"line":182,"column":28}},"type":"if","locations":[{"start":{"line":182,"column":2},"end":{"line":182,"column":28}},{"start":{},"end":{}}],"line":182},"11":{"loc":{"start":{"line":184,"column":17},"end":{"line":184,"column":44}},"type":"binary-expr","locations":[{"start":{"line":184,"column":17},"end":{"line":184,"column":39}},{"start":{"line":184,"column":43},"end":{"line":184,"column":44}}],"line":184},"12":{"loc":{"start":{"line":185,"column":22},"end":{"line":185,"column":48}},"type":"binary-expr","locations":[{"start":{"line":185,"column":22},"end":{"line":185,"column":43}},{"start":{"line":185,"column":47},"end":{"line":185,"column":48}}],"line":185},"13":{"loc":{"start":{"line":186,"column":26},"end":{"line":186,"column":56}},"type":"binary-expr","locations":[{"start":{"line":186,"column":26},"end":{"line":186,"column":50}},{"start":{"line":186,"column":54},"end":{"line":186,"column":56}}],"line":186},"14":{"loc":{"start":{"line":207,"column":71},"end":{"line":207,"column":87}},"type":"cond-expr","locations":[{"start":{"line":207,"column":79},"end":{"line":207,"column":82}},{"start":{"line":207,"column":85},"end":{"line":207,"column":87}}],"line":207},"15":{"loc":{"start":{"line":221,"column":15},"end":{"line":221,"column":92}},"type":"binary-expr","locations":[{"start":{"line":221,"column":15},"end":{"line":221,"column":38}},{"start":{"line":221,"column":42},"end":{"line":221,"column":92}}],"line":221},"16":{"loc":{"start":{"line":228,"column":73},"end":{"line":228,"column":101}},"type":"cond-expr","locations":[{"start":{"line":228,"column":93},"end":{"line":228,"column":96}},{"start":{"line":228,"column":99},"end":{"line":228,"column":101}}],"line":228},"17":{"loc":{"start":{"line":235,"column":16},"end":{"line":235,"column":70}},"type":"binary-expr","locations":[{"start":{"line":235,"column":16},"end":{"line":235,"column":51}},{"start":{"line":235,"column":55},"end":{"line":235,"column":70}}],"line":235},"18":{"loc":{"start":{"line":239,"column":18},"end":{"line":239,"column":71}},"type":"binary-expr","locations":[{"start":{"line":239,"column":18},"end":{"line":239,"column":53}},{"start":{"line":239,"column":57},"end":{"line":239,"column":71}}],"line":239},"19":{"loc":{"start":{"line":241,"column":19},"end":{"line":241,"column":71}},"type":"cond-expr","locations":[{"start":{"line":241,"column":57},"end":{"line":241,"column":62}},{"start":{"line":241,"column":65},"end":{"line":241,"column":71}}],"line":241},"20":{"loc":{"start":{"line":244,"column":15},"end":{"line":249,"column":15}},"type":"binary-expr","locations":[{"start":{"line":244,"column":15},"end":{"line":244,"column":27}},{"start":{"line":245,"column":16},"end":{"line":248,"column":23}}],"line":244},"21":{"loc":{"start":{"line":256,"column":46},"end":{"line":256,"column":73}},"type":"binary-expr","locations":[{"start":{"line":256,"column":46},"end":{"line":256,"column":68}},{"start":{"line":256,"column":72},"end":{"line":256,"column":73}}],"line":256},"22":{"loc":{"start":{"line":273,"column":9},"end":{"line":280,"column":16}},"type":"cond-expr","locations":[{"start":{"line":274,"column":10},"end":{"line":279,"column":17}},{"start":{"line":280,"column":12},"end":{"line":280,"column":16}}],"line":273},"23":{"loc":{"start":{"line":283,"column":9},"end":{"line":294,"column":9}},"type":"binary-expr","locations":[{"start":{"line":283,"column":9},"end":{"line":283,"column":33}},{"start":{"line":283,"column":37},"end":{"line":283,"column":72}},{"start":{"line":284,"column":10},"end":{"line":293,"column":17}}],"line":283},"24":{"loc":{"start":{"line":297,"column":9},"end":{"line":309,"column":9}},"type":"binary-expr","locations":[{"start":{"line":297,"column":9},"end":{"line":297,"column":30}},{"start":{"line":297,"column":34},"end":{"line":297,"column":66}},{"start":{"line":298,"column":10},"end":{"line":308,"column":17}}],"line":297},"25":{"loc":{"start":{"line":318,"column":24},"end":{"line":318,"column":82}},"type":"cond-expr","locations":[{"start":{"line":318,"column":63},"end":{"line":318,"column":69}},{"start":{"line":318,"column":72},"end":{"line":318,"column":82}}],"line":318},"26":{"loc":{"start":{"line":325,"column":19},"end":{"line":325,"column":87}},"type":"cond-expr","locations":[{"start":{"line":325,"column":58},"end":{"line":325,"column":71}},{"start":{"line":325,"column":74},"end":{"line":325,"column":87}}],"line":325},"27":{"loc":{"start":{"line":328,"column":19},"end":{"line":332,"column":60}},"type":"cond-expr","locations":[{"start":{"line":329,"column":22},"end":{"line":331,"column":65}},{"start":{"line":332,"column":22},"end":{"line":332,"column":60}}],"line":328},"28":{"loc":{"start":{"line":329,"column":22},"end":{"line":331,"column":65}},"type":"cond-expr","locations":[{"start":{"line":330,"column":24},"end":{"line":330,"column":80}},{"start":{"line":331,"column":24},"end":{"line":331,"column":65}}],"line":329},"29":{"loc":{"start":{"line":342,"column":11},"end":{"line":355,"column":11}},"type":"cond-expr","locations":[{"start":{"line":343,"column":12},"end":{"line":349,"column":19}},{"start":{"line":351,"column":12},"end":{"line":354,"column":19}}],"line":342},"30":{"loc":{"start":{"line":363,"column":11},"end":{"line":388,"column":11}},"type":"cond-expr","locations":[{"start":{"line":364,"column":12},"end":{"line":382,"column":14}},{"start":{"line":384,"column":12},"end":{"line":387,"column":19}}],"line":363},"31":{"loc":{"start":{"line":372,"column":23},"end":{"line":372,"column":67}},"type":"binary-expr","locations":[{"start":{"line":372,"column":23},"end":{"line":372,"column":44}},{"start":{"line":372,"column":48},"end":{"line":372,"column":67}}],"line":372},"32":{"loc":{"start":{"line":378,"column":17},"end":{"line":380,"column":24}},"type":"cond-expr","locations":[{"start":{"line":379,"column":18},"end":{"line":379,"column":76}},{"start":{"line":380,"column":20},"end":{"line":380,"column":24}}],"line":378},"33":{"loc":{"start":{"line":393,"column":7},"end":{"line":414,"column":7}},"type":"binary-expr","locations":[{"start":{"line":393,"column":7},"end":{"line":393,"column":12}},{"start":{"line":394,"column":8},"end":{"line":413,"column":15}}],"line":393},"34":{"loc":{"start":{"line":396,"column":39},"end":{"line":396,"column":79}},"type":"binary-expr","locations":[{"start":{"line":396,"column":39},"end":{"line":396,"column":50}},{"start":{"line":396,"column":54},"end":{"line":396,"column":79}}],"line":396},"35":{"loc":{"start":{"line":404,"column":13},"end":{"line":411,"column":13}},"type":"cond-expr","locations":[{"start":{"line":405,"column":14},"end":{"line":405,"column":69}},{"start":{"line":407,"column":14},"end":{"line":410,"column":17}}],"line":404}},"s":{"0":10,"1":10,"2":10,"3":10,"4":4,"5":4,"6":4,"7":20,"8":5,"9":3,"10":5,"11":5,"12":5,"13":5,"14":4,"15":4,"16":4,"17":4,"18":4,"19":1,"20":1,"21":1,"22":1,"23":1,"24":1,"25":0,"26":1,"27":0,"28":1,"29":0,"30":0,"31":1,"32":1,"33":4,"34":0,"35":0,"36":0,"37":0,"38":0,"39":0,"40":0,"41":0,"42":4,"43":3,"44":1,"45":0,"46":1,"47":1,"48":1,"49":1,"50":0,"51":0,"52":0,"53":0,"54":3,"55":10},"f":{"0":4,"1":20,"2":5,"3":3,"4":5,"5":1,"6":1,"7":0,"8":0,"9":0,"10":0,"11":0,"12":3},"b":{"0":[0],"1":[14,6],"2":[0,6],"3":[6,2],"4":[1,0],"5":[0,1],"6":[1,1],"7":[0,0],"8":[0,0],"9":[3,1],"10":[0,1],"11":[1,1],"12":[1,1],"13":[1,1],"14":[0,1],"15":[1,0],"16":[1,0],"17":[1,0],"18":[1,0],"19":[0,1],"20":[1,0],"21":[1,1],"22":[0,1],"23":[1,0,0],"24":[1,0,0],"25":[0,1],"26":[0,1],"27":[0,1],"28":[0,0],"29":[0,1],"30":[1,0],"31":[3,0],"32":[3,0],"33":[1,0],"34":[0,0],"35":[0,0]},"_coverageSchema":"1a1c01bbd47fc00a2c39e90264f33305004495a9","hash":"745c91916534a1e9dbdce33462b4bd5aac4d4766"}
,"D:\\MyProjectsUAI\\weejobs\\app\\settings.tsx": {"path":"D:\\MyProjectsUAI\\weejobs\\app\\settings.tsx","statementMap":{"0":{"start":{"line":12,"column":17},"end":{"line":12,"column":36}},"1":{"start":{"line":13,"column":21},"end":{"line":13,"column":30}},"2":{"start":{"line":14,"column":27},"end":{"line":14,"column":37}},"3":{"start":{"line":15,"column":50},"end":{"line":15,"column":64}},"4":{"start":{"line":16,"column":58},"end":{"line":16,"column":72}},"5":{"start":{"line":18,"column":23},"end":{"line":30,"column":3}},"6":{"start":{"line":19,"column":4},"end":{"line":29,"column":7}},"7":{"start":{"line":25,"column":10},"end":{"line":25,"column":25}},"8":{"start":{"line":26,"column":10},"end":{"line":26,"column":52}},"9":{"start":{"line":32,"column":2},"end":{"line":141,"column":4}},"10":{"start":{"line":37,"column":25},"end":{"line":37,"column":38}},"11":{"start":{"line":144,"column":15},"end":{"line":227,"column":2}}},"fnMap":{"0":{"name":"SettingsScreen","decl":{"start":{"line":11,"column":24},"end":{"line":11,"column":38}},"loc":{"start":{"line":11,"column":41},"end":{"line":142,"column":1}},"line":11},"1":{"name":"(anonymous_1)","decl":{"start":{"line":18,"column":23},"end":{"line":18,"column":24}},"loc":{"start":{"line":18,"column":29},"end":{"line":30,"column":3}},"line":18},"2":{"name":"(anonymous_2)","decl":{"start":{"line":24,"column":17},"end":{"line":24,"column":18}},"loc":{"start":{"line":24,"column":29},"end":{"line":27,"column":9}},"line":24},"3":{"name":"(anonymous_3)","decl":{"start":{"line":37,"column":19},"end":{"line":37,"column":20}},"loc":{"start":{"line":37,"column":25},"end":{"line":37,"column":38}},"line":37}},"branchMap":{},"s":{"0":3,"1":3,"2":2,"3":2,"4":2,"5":2,"6":0,"7":0,"8":0,"9":2,"10":0,"11":6},"f":{"0":3,"1":0,"2":0,"3":0},"b":{},"_coverageSchema":"1a1c01bbd47fc00a2c39e90264f33305004495a9","hash":"1c690935b2a70c4d0e701d3f2dc948e2fc1e3035"}
,"D:\\MyProjectsUAI\\weejobs\\app\\admin\\_layout.tsx": {"path":"D:\\MyProjectsUAI\\weejobs\\app\\admin\\_layout.tsx","statementMap":{"0":{"start":{"line":8,"column":30},"end":{"line":8,"column":39}},"1":{"start":{"line":10,"column":2},"end":{"line":24,"column":24}},"2":{"start":{"line":11,"column":4},"end":{"line":11,"column":26}},"3":{"start":{"line":11,"column":19},"end":{"line":11,"column":26}},"4":{"start":{"line":13,"column":4},"end":{"line":16,"column":5}},"5":{"start":{"line":14,"column":6},"end":{"line":14,"column":42}},"6":{"start":{"line":15,"column":6},"end":{"line":15,"column":13}},"7":{"start":{"line":19,"column":4},"end":{"line":23,"column":5}},"8":{"start":{"line":20,"column":6},"end":{"line":22,"column":39}},"9":{"start":{"line":20,"column":36},"end":{"line":20,"column":64}},"10":{"start":{"line":21,"column":11},"end":{"line":22,"column":39}},"11":{"start":{"line":21,"column":45},"end":{"line":21,"column":76}},"12":{"start":{"line":22,"column":11},"end":{"line":22,"column":39}},"13":{"start":{"line":26,"column":2},"end":{"line":82,"column":4}},"14":{"start":{"line":50,"column":12},"end":{"line":50,"column":62}},"15":{"start":{"line":59,"column":12},"end":{"line":59,"column":67}},"16":{"start":{"line":68,"column":12},"end":{"line":68,"column":64}},"17":{"start":{"line":77,"column":12},"end":{"line":77,"column":66}}},"fnMap":{"0":{"name":"AdminLayout","decl":{"start":{"line":7,"column":24},"end":{"line":7,"column":35}},"loc":{"start":{"line":7,"column":38},"end":{"line":83,"column":1}},"line":7},"1":{"name":"(anonymous_1)","decl":{"start":{"line":10,"column":12},"end":{"line":10,"column":13}},"loc":{"start":{"line":10,"column":18},"end":{"line":24,"column":3}},"line":10},"2":{"name":"(anonymous_2)","decl":{"start":{"line":49,"column":22},"end":{"line":49,"column":23}},"loc":{"start":{"line":50,"column":12},"end":{"line":50,"column":62}},"line":50},"3":{"name":"(anonymous_3)","decl":{"start":{"line":58,"column":22},"end":{"line":58,"column":23}},"loc":{"start":{"line":59,"column":12},"end":{"line":59,"column":67}},"line":59},"4":{"name":"(anonymous_4)","decl":{"start":{"line":67,"column":22},"end":{"line":67,"column":23}},"loc":{"start":{"line":68,"column":12},"end":{"line":68,"column":64}},"line":68},"5":{"name":"(anonymous_5)","decl":{"start":{"line":76,"column":22},"end":{"line":76,"column":23}},"loc":{"start":{"line":77,"column":12},"end":{"line":77,"column":66}},"line":77}},"branchMap":{"0":{"loc":{"start":{"line":11,"column":4},"end":{"line":11,"column":26}},"type":"if","locations":[{"start":{"line":11,"column":4},"end":{"line":11,"column":26}},{"start":{},"end":{}}],"line":11},"1":{"loc":{"start":{"line":13,"column":4},"end":{"line":16,"column":5}},"type":"if","locations":[{"start":{"line":13,"column":4},"end":{"line":16,"column":5}},{"start":{},"end":{}}],"line":13},"2":{"loc":{"start":{"line":19,"column":4},"end":{"line":23,"column":5}},"type":"if","locations":[{"start":{"line":19,"column":4},"end":{"line":23,"column":5}},{"start":{},"end":{}}],"line":19},"3":{"loc":{"start":{"line":20,"column":6},"end":{"line":22,"column":39}},"type":"if","locations":[{"start":{"line":20,"column":6},"end":{"line":22,"column":39}},{"start":{"line":21,"column":11},"end":{"line":22,"column":39}}],"line":20},"4":{"loc":{"start":{"line":21,"column":11},"end":{"line":22,"column":39}},"type":"if","locations":[{"start":{"line":21,"column":11},"end":{"line":22,"column":39}},{"start":{"line":22,"column":11},"end":{"line":22,"column":39}}],"line":21}},"s":{"0":5,"1":4,"2":2,"3":0,"4":2,"5":0,"6":0,"7":2,"8":1,"9":1,"10":0,"11":0,"12":0,"13":4,"14":0,"15":0,"16":0,"17":0},"f":{"0":5,"1":2,"2":0,"3":0,"4":0,"5":0},"b":{"0":[0,2],"1":[0,2],"2":[1,1],"3":[1,0],"4":[0,0]},"_coverageSchema":"1a1c01bbd47fc00a2c39e90264f33305004495a9","hash":"a4a9bec921be72137c5898898f74a1ad215229ba"}
,"D:\\MyProjectsUAI\\weejobs\\app\\admin\\index.tsx": {"path":"D:\\MyProjectsUAI\\weejobs\\app\\admin\\index.tsx","statementMap":{"0":{"start":{"line":21,"column":17},"end":{"line":21,"column":36}},"1":{"start":{"line":22,"column":28},"end":{"line":22,"column":56}},"2":{"start":{"line":23,"column":36},"end":{"line":23,"column":50}},"3":{"start":{"line":24,"column":42},"end":{"line":24,"column":57}},"4":{"start":{"line":26,"column":21},"end":{"line":69,"column":8}},"5":{"start":{"line":27,"column":4},"end":{"line":68,"column":5}},"6":{"start":{"line":28,"column":34},"end":{"line":31,"column":8}},"7":{"start":{"line":33,"column":6},"end":{"line":39,"column":7}},"8":{"start":{"line":36,"column":23},"end":{"line":36,"column":50}},"9":{"start":{"line":37,"column":8},"end":{"line":37,"column":49}},"10":{"start":{"line":38,"column":8},"end":{"line":38,"column":28}},"11":{"start":{"line":40,"column":6},"end":{"line":46,"column":7}},"12":{"start":{"line":43,"column":23},"end":{"line":43,"column":50}},"13":{"start":{"line":44,"column":8},"end":{"line":44,"column":50}},"14":{"start":{"line":45,"column":8},"end":{"line":45,"column":29}},"15":{"start":{"line":48,"column":19},"end":{"line":48,"column":37}},"16":{"start":{"line":49,"column":20},"end":{"line":49,"column":39}},"17":{"start":{"line":51,"column":6},"end":{"line":59,"column":9}},"18":{"start":{"line":53,"column":35},"end":{"line":53,"column":54}},"19":{"start":{"line":54,"column":37},"end":{"line":54,"column":58}},"20":{"start":{"line":55,"column":40},"end":{"line":55,"column":64}},"21":{"start":{"line":57,"column":37},"end":{"line":57,"column":58}},"22":{"start":{"line":58,"column":35},"end":{"line":58,"column":60}},"23":{"start":{"line":62,"column":21},"end":{"line":62,"column":48}},"24":{"start":{"line":63,"column":6},"end":{"line":63,"column":39}},"25":{"start":{"line":64,"column":6},"end":{"line":64,"column":52}},"26":{"start":{"line":66,"column":6},"end":{"line":66,"column":26}},"27":{"start":{"line":67,"column":6},"end":{"line":67,"column":29}},"28":{"start":{"line":71,"column":2},"end":{"line":73,"column":19}},"29":{"start":{"line":72,"column":4},"end":{"line":72,"column":17}},"30":{"start":{"line":75,"column":20},"end":{"line":78,"column":3}},"31":{"start":{"line":76,"column":4},"end":{"line":76,"column":26}},"32":{"start":{"line":77,"column":4},"end":{"line":77,"column":17}},"33":{"start":{"line":80,"column":2},"end":{"line":86,"column":3}},"34":{"start":{"line":81,"column":4},"end":{"line":85,"column":6}},"35":{"start":{"line":88,"column":2},"end":{"line":159,"column":4}},"36":{"start":{"line":162,"column":15},"end":{"line":242,"column":2}}},"fnMap":{"0":{"name":"AdminDashboard","decl":{"start":{"line":20,"column":24},"end":{"line":20,"column":38}},"loc":{"start":{"line":20,"column":41},"end":{"line":160,"column":1}},"line":20},"1":{"name":"(anonymous_1)","decl":{"start":{"line":26,"column":33},"end":{"line":26,"column":34}},"loc":{"start":{"line":26,"column":45},"end":{"line":69,"column":3}},"line":26},"2":{"name":"(anonymous_2)","decl":{"start":{"line":53,"column":30},"end":{"line":53,"column":31}},"loc":{"start":{"line":53,"column":35},"end":{"line":53,"column":54}},"line":53},"3":{"name":"(anonymous_3)","decl":{"start":{"line":54,"column":32},"end":{"line":54,"column":33}},"loc":{"start":{"line":54,"column":37},"end":{"line":54,"column":58}},"line":54},"4":{"name":"(anonymous_4)","decl":{"start":{"line":55,"column":35},"end":{"line":55,"column":36}},"loc":{"start":{"line":55,"column":40},"end":{"line":55,"column":64}},"line":55},"5":{"name":"(anonymous_5)","decl":{"start":{"line":57,"column":32},"end":{"line":57,"column":33}},"loc":{"start":{"line":57,"column":37},"end":{"line":57,"column":58}},"line":57},"6":{"name":"(anonymous_6)","decl":{"start":{"line":58,"column":30},"end":{"line":58,"column":31}},"loc":{"start":{"line":58,"column":35},"end":{"line":58,"column":60}},"line":58},"7":{"name":"(anonymous_7)","decl":{"start":{"line":71,"column":12},"end":{"line":71,"column":13}},"loc":{"start":{"line":71,"column":18},"end":{"line":73,"column":3}},"line":71},"8":{"name":"(anonymous_8)","decl":{"start":{"line":75,"column":20},"end":{"line":75,"column":21}},"loc":{"start":{"line":75,"column":26},"end":{"line":78,"column":3}},"line":75}},"branchMap":{"0":{"loc":{"start":{"line":33,"column":6},"end":{"line":39,"column":7}},"type":"if","locations":[{"start":{"line":33,"column":6},"end":{"line":39,"column":7}},{"start":{},"end":{}}],"line":33},"1":{"loc":{"start":{"line":40,"column":6},"end":{"line":46,"column":7}},"type":"if","locations":[{"start":{"line":40,"column":6},"end":{"line":46,"column":7}},{"start":{},"end":{}}],"line":40},"2":{"loc":{"start":{"line":48,"column":19},"end":{"line":48,"column":37}},"type":"binary-expr","locations":[{"start":{"line":48,"column":19},"end":{"line":48,"column":31}},{"start":{"line":48,"column":35},"end":{"line":48,"column":37}}],"line":48},"3":{"loc":{"start":{"line":49,"column":20},"end":{"line":49,"column":39}},"type":"binary-expr","locations":[{"start":{"line":49,"column":20},"end":{"line":49,"column":33}},{"start":{"line":49,"column":37},"end":{"line":49,"column":39}}],"line":49},"4":{"loc":{"start":{"line":80,"column":2},"end":{"line":86,"column":3}},"type":"if","locations":[{"start":{"line":80,"column":2},"end":{"line":86,"column":3}},{"start":{},"end":{}}],"line":80},"5":{"loc":{"start":{"line":113,"column":43},"end":{"line":113,"column":64}},"type":"binary-expr","locations":[{"start":{"line":113,"column":43},"end":{"line":113,"column":59}},{"start":{"line":113,"column":63},"end":{"line":113,"column":64}}],"line":113},"6":{"loc":{"start":{"line":118,"column":43},"end":{"line":118,"column":63}},"type":"binary-expr","locations":[{"start":{"line":118,"column":43},"end":{"line":118,"column":58}},{"start":{"line":118,"column":62},"end":{"line":118,"column":63}}],"line":118},"7":{"loc":{"start":{"line":123,"column":43},"end":{"line":123,"column":65}},"type":"binary-expr","locations":[{"start":{"line":123,"column":43},"end":{"line":123,"column":60}},{"start":{"line":123,"column":64},"end":{"line":123,"column":65}}],"line":123},"8":{"loc":{"start":{"line":128,"column":43},"end":{"line":128,"column":68}},"type":"binary-expr","locations":[{"start":{"line":128,"column":43},"end":{"line":128,"column":63}},{"start":{"line":128,"column":67},"end":{"line":128,"column":68}}],"line":128},"9":{"loc":{"start":{"line":137,"column":43},"end":{"line":137,"column":65}},"type":"binary-expr","locations":[{"start":{"line":137,"column":43},"end":{"line":137,"column":60}},{"start":{"line":137,"column":64},"end":{"line":137,"column":65}}],"line":137},"10":{"loc":{"start":{"line":142,"column":43},"end":{"line":142,"column":64}},"type":"binary-expr","locations":[{"start":{"line":142,"column":43},"end":{"line":142,"column":59}},{"start":{"line":142,"column":63},"end":{"line":142,"column":64}}],"line":142},"11":{"loc":{"start":{"line":147,"column":43},"end":{"line":147,"column":62}},"type":"binary-expr","locations":[{"start":{"line":147,"column":43},"end":{"line":147,"column":57}},{"start":{"line":147,"column":61},"end":{"line":147,"column":62}}],"line":147}},"s":{"0":5,"1":5,"2":4,"3":4,"4":4,"5":1,"6":1,"7":1,"8":0,"9":0,"10":0,"11":1,"12":0,"13":0,"14":0,"15":1,"16":1,"17":1,"18":0,"19":0,"20":0,"21":0,"22":0,"23":0,"24":0,"25":0,"26":1,"27":1,"28":4,"29":1,"30":4,"31":0,"32":0,"33":4,"34":3,"35":1,"36":8},"f":{"0":5,"1":1,"2":0,"3":0,"4":0,"5":0,"6":0,"7":1,"8":0},"b":{"0":[0,1],"1":[0,1],"2":[1,0],"3":[1,0],"4":[3,1],"5":[1,1],"6":[1,1],"7":[1,1],"8":[1,1],"9":[1,1],"10":[1,1],"11":[1,1]},"_coverageSchema":"1a1c01bbd47fc00a2c39e90264f33305004495a9","hash":"4256ee4e4b9a681acd7f86bc04d297d9b57d788d"}
,"D:\\MyProjectsUAI\\weejobs\\app\\admin\\jobs.tsx": {"path":"D:\\MyProjectsUAI\\weejobs\\app\\admin\\jobs.tsx","statementMap":{"0":{"start":{"line":10,"column":17},"end":{"line":10,"column":36}},"1":{"start":{"line":11,"column":26},"end":{"line":11,"column":45}},"2":{"start":{"line":12,"column":36},"end":{"line":12,"column":50}},"3":{"start":{"line":13,"column":42},"end":{"line":13,"column":57}},"4":{"start":{"line":15,"column":20},"end":{"line":30,"column":8}},"5":{"start":{"line":16,"column":4},"end":{"line":29,"column":5}},"6":{"start":{"line":17,"column":30},"end":{"line":20,"column":50}},"7":{"start":{"line":22,"column":6},"end":{"line":22,"column":29}},"8":{"start":{"line":22,"column":17},"end":{"line":22,"column":29}},"9":{"start":{"line":23,"column":6},"end":{"line":23,"column":26}},"10":{"start":{"line":25,"column":6},"end":{"line":25,"column":51}},"11":{"start":{"line":27,"column":6},"end":{"line":27,"column":26}},"12":{"start":{"line":28,"column":6},"end":{"line":28,"column":29}},"13":{"start":{"line":32,"column":2},"end":{"line":34,"column":18}},"14":{"start":{"line":33,"column":4},"end":{"line":33,"column":16}},"15":{"start":{"line":36,"column":20},"end":{"line":39,"column":3}},"16":{"start":{"line":37,"column":4},"end":{"line":37,"column":26}},"17":{"start":{"line":38,"column":4},"end":{"line":38,"column":16}},"18":{"start":{"line":41,"column":20},"end":{"line":73,"column":3}},"19":{"start":{"line":42,"column":4},"end":{"line":72,"column":11}},"20":{"start":{"line":75,"column":2},"end":{"line":81,"column":3}},"21":{"start":{"line":76,"column":4},"end":{"line":80,"column":6}},"22":{"start":{"line":83,"column":2},"end":{"line":109,"column":4}},"23":{"start":{"line":91,"column":32},"end":{"line":91,"column":39}},"24":{"start":{"line":112,"column":15},"end":{"line":195,"column":2}}},"fnMap":{"0":{"name":"AdminJobsScreen","decl":{"start":{"line":9,"column":24},"end":{"line":9,"column":39}},"loc":{"start":{"line":9,"column":42},"end":{"line":110,"column":1}},"line":9},"1":{"name":"(anonymous_1)","decl":{"start":{"line":15,"column":32},"end":{"line":15,"column":33}},"loc":{"start":{"line":15,"column":44},"end":{"line":30,"column":3}},"line":15},"2":{"name":"(anonymous_2)","decl":{"start":{"line":32,"column":12},"end":{"line":32,"column":13}},"loc":{"start":{"line":32,"column":18},"end":{"line":34,"column":3}},"line":32},"3":{"name":"(anonymous_3)","decl":{"start":{"line":36,"column":20},"end":{"line":36,"column":21}},"loc":{"start":{"line":36,"column":26},"end":{"line":39,"column":3}},"line":36},"4":{"name":"(anonymous_4)","decl":{"start":{"line":41,"column":20},"end":{"line":41,"column":21}},"loc":{"start":{"line":42,"column":4},"end":{"line":72,"column":11}},"line":42},"5":{"name":"(anonymous_5)","decl":{"start":{"line":91,"column":22},"end":{"line":91,"column":23}},"loc":{"start":{"line":91,"column":32},"end":{"line":91,"column":39}},"line":91}},"branchMap":{"0":{"loc":{"start":{"line":22,"column":6},"end":{"line":22,"column":29}},"type":"if","locations":[{"start":{"line":22,"column":6},"end":{"line":22,"column":29}},{"start":{},"end":{}}],"line":22},"1":{"loc":{"start":{"line":23,"column":14},"end":{"line":23,"column":24}},"type":"binary-expr","locations":[{"start":{"line":23,"column":14},"end":{"line":23,"column":18}},{"start":{"line":23,"column":22},"end":{"line":23,"column":24}}],"line":23},"2":{"loc":{"start":{"line":75,"column":2},"end":{"line":81,"column":3}},"type":"if","locations":[{"start":{"line":75,"column":2},"end":{"line":81,"column":3}},{"start":{},"end":{}}],"line":75}},"s":{"0":3,"1":3,"2":2,"3":2,"4":2,"5":0,"6":0,"7":0,"8":0,"9":0,"10":0,"11":0,"12":0,"13":2,"14":0,"15":2,"16":0,"17":0,"18":2,"19":0,"20":2,"21":2,"22":0,"23":0,"24":6},"f":{"0":3,"1":0,"2":0,"3":0,"4":0,"5":0},"b":{"0":[0,0],"1":[0,0],"2":[2,0]},"_coverageSchema":"1a1c01bbd47fc00a2c39e90264f33305004495a9","hash":"24c06a74d3d44ef22d188474bdcec664549e5a0b"}
,"D:\\MyProjectsUAI\\weejobs\\app\\admin\\settings.tsx": {"path":"D:\\MyProjectsUAI\\weejobs\\app\\admin\\settings.tsx","statementMap":{"0":{"start":{"line":9,"column":17},"end":{"line":9,"column":36}},"1":{"start":{"line":10,"column":27},"end":{"line":10,"column":36}},"2":{"start":{"line":12,"column":23},"end":{"line":24,"column":3}},"3":{"start":{"line":13,"column":4},"end":{"line":23,"column":7}},"4":{"start":{"line":19,"column":10},"end":{"line":19,"column":25}},"5":{"start":{"line":20,"column":10},"end":{"line":20,"column":52}},"6":{"start":{"line":26,"column":2},"end":{"line":76,"column":4}},"7":{"start":{"line":79,"column":15},"end":{"line":191,"column":2}}},"fnMap":{"0":{"name":"AdminSettingsScreen","decl":{"start":{"line":8,"column":24},"end":{"line":8,"column":43}},"loc":{"start":{"line":8,"column":46},"end":{"line":77,"column":1}},"line":8},"1":{"name":"(anonymous_1)","decl":{"start":{"line":12,"column":23},"end":{"line":12,"column":24}},"loc":{"start":{"line":12,"column":29},"end":{"line":24,"column":3}},"line":12},"2":{"name":"(anonymous_2)","decl":{"start":{"line":18,"column":17},"end":{"line":18,"column":18}},"loc":{"start":{"line":18,"column":29},"end":{"line":21,"column":9}},"line":18}},"branchMap":{},"s":{"0":1,"1":1,"2":1,"3":0,"4":0,"5":0,"6":1,"7":5},"f":{"0":1,"1":0,"2":0},"b":{},"_coverageSchema":"1a1c01bbd47fc00a2c39e90264f33305004495a9","hash":"5cbf7c62f812201670c9b0a52012e18afd06dab7"}
,"D:\\MyProjectsUAI\\weejobs\\app\\admin\\users.tsx": {"path":"D:\\MyProjectsUAI\\weejobs\\app\\admin\\users.tsx","statementMap":{"0":{"start":{"line":9,"column":44},"end":{"line":13,"column":1}},"1":{"start":{"line":15,"column":44},"end":{"line":19,"column":1}},"2":{"start":{"line":21,"column":19},"end":{"line":25,"column":1}},"3":{"start":{"line":28,"column":30},"end":{"line":28,"column":39}},"4":{"start":{"line":29,"column":17},"end":{"line":29,"column":36}},"5":{"start":{"line":30,"column":28},"end":{"line":30,"column":48}},"6":{"start":{"line":31,"column":36},"end":{"line":31,"column":50}},"7":{"start":{"line":32,"column":42},"end":{"line":32,"column":57}},"8":{"start":{"line":34,"column":21},"end":{"line":80,"column":8}},"9":{"start":{"line":35,"column":4},"end":{"line":79,"column":5}},"10":{"start":{"line":36,"column":21},"end":{"line":36,"column":77}},"11":{"start":{"line":39,"column":6},"end":{"line":39,"column":90}},"12":{"start":{"line":41,"column":6},"end":{"line":41,"column":88}},"13":{"start":{"line":43,"column":6},"end":{"line":43,"column":88}},"14":{"start":{"line":45,"column":6},"end":{"line":53,"column":7}},"15":{"start":{"line":48,"column":8},"end":{"line":48,"column":190}},"16":{"start":{"line":50,"column":8},"end":{"line":50,"column":148}},"17":{"start":{"line":55,"column":6},"end":{"line":63,"column":7}},"18":{"start":{"line":57,"column":20},"end":{"line":57,"column":78}},"19":{"start":{"line":59,"column":8},"end":{"line":59,"column":144}},"20":{"start":{"line":60,"column":8},"end":{"line":60,"column":22}},"21":{"start":{"line":62,"column":8},"end":{"line":62,"column":28}},"22":{"start":{"line":65,"column":6},"end":{"line":67,"column":7}},"23":{"start":{"line":66,"column":8},"end":{"line":66,"column":106}},"24":{"start":{"line":69,"column":6},"end":{"line":69,"column":118}},"25":{"start":{"line":70,"column":30},"end":{"line":70,"column":139}},"26":{"start":{"line":72,"column":6},"end":{"line":72,"column":29}},"27":{"start":{"line":72,"column":17},"end":{"line":72,"column":29}},"28":{"start":{"line":73,"column":6},"end":{"line":73,"column":27}},"29":{"start":{"line":75,"column":6},"end":{"line":75,"column":52}},"30":{"start":{"line":77,"column":6},"end":{"line":77,"column":26}},"31":{"start":{"line":78,"column":6},"end":{"line":78,"column":29}},"32":{"start":{"line":82,"column":2},"end":{"line":84,"column":19}},"33":{"start":{"line":83,"column":4},"end":{"line":83,"column":17}},"34":{"start":{"line":86,"column":20},"end":{"line":89,"column":3}},"35":{"start":{"line":87,"column":4},"end":{"line":87,"column":26}},"36":{"start":{"line":88,"column":4},"end":{"line":88,"column":17}},"37":{"start":{"line":91,"column":40},"end":{"line":91,"column":69}},"38":{"start":{"line":92,"column":42},"end":{"line":92,"column":71}},"39":{"start":{"line":94,"column":25},"end":{"line":135,"column":3}},"40":{"start":{"line":95,"column":4},"end":{"line":95,"column":27}},"41":{"start":{"line":95,"column":20},"end":{"line":95,"column":27}},"42":{"start":{"line":96,"column":4},"end":{"line":96,"column":34}},"43":{"start":{"line":97,"column":4},"end":{"line":97,"column":26}},"44":{"start":{"line":98,"column":4},"end":{"line":134,"column":5}},"45":{"start":{"line":100,"column":21},"end":{"line":100,"column":77}},"46":{"start":{"line":102,"column":6},"end":{"line":106,"column":7}},"47":{"start":{"line":103,"column":8},"end":{"line":103,"column":78}},"48":{"start":{"line":105,"column":8},"end":{"line":105,"column":29}},"49":{"start":{"line":107,"column":6},"end":{"line":107,"column":88}},"50":{"start":{"line":107,"column":21},"end":{"line":107,"column":88}},"51":{"start":{"line":108,"column":37},"end":{"line":108,"column":101}},"52":{"start":{"line":109,"column":6},"end":{"line":109,"column":41}},"53":{"start":{"line":109,"column":23},"end":{"line":109,"column":41}},"54":{"start":{"line":112,"column":22},"end":{"line":112,"column":78}},"55":{"start":{"line":114,"column":6},"end":{"line":118,"column":7}},"56":{"start":{"line":115,"column":8},"end":{"line":115,"column":88}},"57":{"start":{"line":117,"column":8},"end":{"line":117,"column":30}},"58":{"start":{"line":119,"column":6},"end":{"line":119,"column":85}},"59":{"start":{"line":119,"column":22},"end":{"line":119,"column":85}},"60":{"start":{"line":120,"column":6},"end":{"line":126,"column":9}},"61":{"start":{"line":129,"column":6},"end":{"line":129,"column":19}},"62":{"start":{"line":131,"column":6},"end":{"line":131,"column":73}},"63":{"start":{"line":133,"column":6},"end":{"line":133,"column":27}},"64":{"start":{"line":137,"column":21},"end":{"line":175,"column":3}},"65":{"start":{"line":138,"column":4},"end":{"line":174,"column":11}},"66":{"start":{"line":161,"column":27},"end":{"line":161,"column":47}},"67":{"start":{"line":177,"column":2},"end":{"line":183,"column":3}},"68":{"start":{"line":178,"column":4},"end":{"line":182,"column":6}},"69":{"start":{"line":185,"column":2},"end":{"line":214,"column":4}},"70":{"start":{"line":195,"column":32},"end":{"line":195,"column":39}},"71":{"start":{"line":217,"column":15},"end":{"line":316,"column":2}}},"fnMap":{"0":{"name":"AdminUsersScreen","decl":{"start":{"line":27,"column":24},"end":{"line":27,"column":40}},"loc":{"start":{"line":27,"column":43},"end":{"line":215,"column":1}},"line":27},"1":{"name":"(anonymous_1)","decl":{"start":{"line":34,"column":33},"end":{"line":34,"column":34}},"loc":{"start":{"line":34,"column":45},"end":{"line":80,"column":3}},"line":34},"2":{"name":"(anonymous_2)","decl":{"start":{"line":82,"column":12},"end":{"line":82,"column":13}},"loc":{"start":{"line":82,"column":18},"end":{"line":84,"column":3}},"line":82},"3":{"name":"(anonymous_3)","decl":{"start":{"line":86,"column":20},"end":{"line":86,"column":21}},"loc":{"start":{"line":86,"column":26},"end":{"line":89,"column":3}},"line":86},"4":{"name":"(anonymous_4)","decl":{"start":{"line":94,"column":25},"end":{"line":94,"column":26}},"loc":{"start":{"line":94,"column":53},"end":{"line":135,"column":3}},"line":94},"5":{"name":"(anonymous_5)","decl":{"start":{"line":137,"column":21},"end":{"line":137,"column":22}},"loc":{"start":{"line":138,"column":4},"end":{"line":174,"column":11}},"line":138},"6":{"name":"(anonymous_6)","decl":{"start":{"line":161,"column":21},"end":{"line":161,"column":22}},"loc":{"start":{"line":161,"column":27},"end":{"line":161,"column":47}},"line":161},"7":{"name":"(anonymous_7)","decl":{"start":{"line":195,"column":22},"end":{"line":195,"column":23}},"loc":{"start":{"line":195,"column":32},"end":{"line":195,"column":39}},"line":195}},"branchMap":{"0":{"loc":{"start":{"line":36,"column":21},"end":{"line":36,"column":77}},"type":"binary-expr","locations":[{"start":{"line":36,"column":21},"end":{"line":36,"column":54}},{"start":{"line":36,"column":58},"end":{"line":36,"column":77}}],"line":36},"1":{"loc":{"start":{"line":41,"column":51},"end":{"line":41,"column":86}},"type":"binary-expr","locations":[{"start":{"line":41,"column":51},"end":{"line":41,"column":57}},{"start":{"line":41,"column":61},"end":{"line":41,"column":86}}],"line":41},"2":{"loc":{"start":{"line":41,"column":73},"end":{"line":41,"column":85}},"type":"binary-expr","locations":[{"start":{"line":41,"column":73},"end":{"line":41,"column":79}},{"start":{"line":41,"column":83},"end":{"line":41,"column":85}}],"line":41},"3":{"loc":{"start":{"line":43,"column":58},"end":{"line":43,"column":86}},"type":"binary-expr","locations":[{"start":{"line":43,"column":58},"end":{"line":43,"column":64}},{"start":{"line":43,"column":68},"end":{"line":43,"column":86}}],"line":43},"4":{"loc":{"start":{"line":48,"column":87},"end":{"line":48,"column":188}},"type":"binary-expr","locations":[{"start":{"line":48,"column":87},"end":{"line":48,"column":93}},{"start":{"line":48,"column":97},"end":{"line":48,"column":130}},{"start":{"line":48,"column":134},"end":{"line":48,"column":188}}],"line":48},"5":{"loc":{"start":{"line":50,"column":62},"end":{"line":50,"column":146}},"type":"binary-expr","locations":[{"start":{"line":50,"column":62},"end":{"line":50,"column":68}},{"start":{"line":50,"column":72},"end":{"line":50,"column":83}},{"start":{"line":50,"column":87},"end":{"line":50,"column":107}},{"start":{"line":50,"column":111},"end":{"line":50,"column":146}}],"line":50},"6":{"loc":{"start":{"line":57,"column":20},"end":{"line":57,"column":78}},"type":"binary-expr","locations":[{"start":{"line":57,"column":20},"end":{"line":57,"column":26}},{"start":{"line":57,"column":30},"end":{"line":57,"column":41}},{"start":{"line":57,"column":45},"end":{"line":57,"column":78}}],"line":57},"7":{"loc":{"start":{"line":59,"column":104},"end":{"line":59,"column":142}},"type":"binary-expr","locations":[{"start":{"line":59,"column":104},"end":{"line":59,"column":107}},{"start":{"line":59,"column":111},"end":{"line":59,"column":142}}],"line":59},"8":{"loc":{"start":{"line":65,"column":6},"end":{"line":67,"column":7}},"type":"if","locations":[{"start":{"line":65,"column":6},"end":{"line":67,"column":7}},{"start":{},"end":{}}],"line":65},"9":{"loc":{"start":{"line":65,"column":10},"end":{"line":65,"column":97}},"type":"binary-expr","locations":[{"start":{"line":65,"column":10},"end":{"line":65,"column":18}},{"start":{"line":65,"column":22},"end":{"line":65,"column":55}},{"start":{"line":65,"column":59},"end":{"line":65,"column":97}}],"line":65},"10":{"loc":{"start":{"line":69,"column":79},"end":{"line":69,"column":116}},"type":"binary-expr","locations":[{"start":{"line":69,"column":79},"end":{"line":69,"column":86}},{"start":{"line":69,"column":90},"end":{"line":69,"column":116}}],"line":69},"11":{"loc":{"start":{"line":69,"column":102},"end":{"line":69,"column":115}},"type":"binary-expr","locations":[{"start":{"line":69,"column":102},"end":{"line":69,"column":109}},{"start":{"line":69,"column":113},"end":{"line":69,"column":115}}],"line":69},"12":{"loc":{"start":{"line":70,"column":30},"end":{"line":70,"column":139}},"type":"binary-expr","locations":[{"start":{"line":70,"column":30},"end":{"line":70,"column":110}},{"start":{"line":70,"column":114},"end":{"line":70,"column":139}}],"line":70},"13":{"loc":{"start":{"line":70,"column":37},"end":{"line":70,"column":109}},"type":"binary-expr","locations":[{"start":{"line":70,"column":37},"end":{"line":70
[...]
":{"line":120,"column":8},"end":{"line":120,"column":20}},"68":{"start":{"line":123,"column":20},"end":{"line":123,"column":49}},"69":{"start":{"line":124,"column":22},"end":{"line":128,"column":7}},"70":{"start":{"line":130,"column":30},"end":{"line":130,"column":95}},"71":{"start":{"line":131,"column":6},"end":{"line":133,"column":7}},"72":{"start":{"line":132,"column":8},"end":{"line":132,"column":20}},"73":{"start":{"line":134,"column":6},"end":{"line":134,"column":18}},"74":{"start":{"line":138,"column":21},"end":{"line":138,"column":38}},"75":{"start":{"line":139,"column":6},"end":{"line":139,"column":71}},"76":{"start":{"line":143,"column":28},"end":{"line":143,"column":45}},"77":{"start":{"line":144,"column":6},"end":{"line":147,"column":7}},"78":{"start":{"line":145,"column":8},"end":{"line":145,"column":93}},"79":{"start":{"line":146,"column":8},"end":{"line":146,"column":20}},"80":{"start":{"line":149,"column":20},"end":{"line":149,"column":49}},"81":{"start":{"line":150,"column":22},"end":{"line":153,"column":7}},"82":{"start":{"line":155,"column":30},"end":{"line":155,"column":95}},"83":{"start":{"line":156,"column":6},"end":{"line":156,"column":29}},"84":{"start":{"line":156,"column":17},"end":{"line":156,"column":29}},"85":{"start":{"line":157,"column":6},"end":{"line":157,"column":18}},"86":{"start":{"line":161,"column":22},"end":{"line":161,"column":39}},"87":{"start":{"line":162,"column":6},"end":{"line":165,"column":7}},"88":{"start":{"line":163,"column":8},"end":{"line":163,"column":92}},"89":{"start":{"line":164,"column":8},"end":{"line":164,"column":20}},"90":{"start":{"line":167,"column":20},"end":{"line":167,"column":43}},"91":{"start":{"line":168,"column":22},"end":{"line":171,"column":7}},"92":{"start":{"line":173,"column":30},"end":{"line":173,"column":95}},"93":{"start":{"line":174,"column":6},"end":{"line":174,"column":29}},"94":{"start":{"line":174,"column":17},"end":{"line":174,"column":29}},"95":{"start":{"line":175,"column":6},"end":{"line":175,"column":18}},"96":{"start":{"line":179,"column":6},"end":{"line":179,"column":55}},"97":{"start":{"line":180,"column":6},"end":{"line":180,"column":18}},"98":{"start":{"line":184,"column":0},"end":{"line":221,"column":1}},"99":{"start":{"line":185,"column":2},"end":{"line":216,"column":5}},"100":{"start":{"line":186,"column":16},"end":{"line":186,"column":47}},"101":{"start":{"line":187,"column":16},"end":{"line":187,"column":24}},"102":{"start":{"line":189,"column":4},"end":{"line":205,"column":3}},"103":{"start":{"line":191,"column":4},"end":{"line":196,"column":5}},"104":{"start":{"line":192,"column":6},"end":{"line":192,"column":71}},"105":{"start":{"line":194,"column":6},"end":{"line":194,"column":79}},"106":{"start":{"line":195,"column":6},"end":{"line":195,"column":67}},"107":{"start":{"line":197,"column":4},"end":{"line":197,"column":47}},"108":{"start":{"line":198,"column":4},"end":{"line":204,"column":5}},"109":{"start":{"line":199,"column":6},"end":{"line":199,"column":48}},"110":{"start":{"line":200,"column":6},"end":{"line":200,"column":42}},"111":{"start":{"line":202,"column":6},"end":{"line":202,"column":61}},"112":{"start":{"line":203,"column":6},"end":{"line":203,"column":54}},"113":{"start":{"line":208,"column":2},"end":{"line":215,"column":3}},"114":{"start":{"line":209,"column":17},"end":{"line":209,"column":49}},"115":{"start":{"line":210,"column":4},"end":{"line":210,"column":67}},"116":{"start":{"line":211,"column":4},"end":{"line":211,"column":40}},"117":{"start":{"line":213,"column":4},"end":{"line":213,"column":63}},"118":{"start":{"line":214,"column":4},"end":{"line":214,"column":51}},"119":{"start":{"line":218,"column":2},"end":{"line":218,"column":81}},"120":{"start":{"line":218,"column":29},"end":{"line":218,"column":79}},"121":{"start":{"line":220,"column":2},"end":{"line":220,"column":109}},"122":{"start":{"line":220,"column":25},"end":{"line":220,"column":107}},"123":{"start":{"line":223,"column":0},"end":{"line":227,"column":2}}},"fnMap":{"0":{"name":"(anonymous_0)","decl":{"start":{"line":39,"column":31},"end":{"line":39,"column":32}},"loc":{"start":{"line":39,"column":83},"end":{"line":69,"column":1}},"line":39},"1":{"name":"(anonymous_1)","decl":{"start":{"line":71,"column":24},"end":{"line":71,"column":25}},"loc":{"start":{"line":71,"column":69},"end":{"line":99,"column":1}},"line":71},"2":{"name":"processStripeEvent","decl":{"start":{"line":101,"column":15},"end":{"line":101,"column":33}},"loc":{"start":{"line":101,"column":57},"end":{"line":182,"column":1}},"line":101},"3":{"name":"(anonymous_3)","decl":{"start":{"line":185,"column":53},"end":{"line":185,"column":54}},"loc":{"start":{"line":185,"column":73},"end":{"line":216,"column":3}},"line":185},"4":{"name":"(anonymous_4)","decl":{"start":{"line":218,"column":15},"end":{"line":218,"column":16}},"loc":{"start":{"line":218,"column":29},"end":{"line":218,"column":79}},"line":218},"5":{"name":"(anonymous_5)","decl":{"start":{"line":220,"column":19},"end":{"line":220,"column":20}},"loc":{"start":{"line":220,"column":25},"end":{"line":220,"column":107}},"line":220}},"branchMap":{"0":{"loc":{"start":{"line":21,"column":12},"end":{"line":21,"column":78}},"type":"cond-expr","locations":[{"start":{"line":21,"column":62},"end":{"line":21,"column":73}},{"start":{"line":21,"column":76},"end":{"line":21,"column":78}}],"line":21},"1":{"loc":{"start":{"line":21,"column":13},"end":{"line":21,"column":58}},"type":"binary-expr","locations":[{"start":{"line":21,"column":13},"end":{"line":21,"column":43}},{"start":{"line":21,"column":47},"end":{"line":21,"column":58}}],"line":21},"2":{"loc":{"start":{"line":22,"column":13},"end":{"line":22,"column":29}},"type":"binary-expr","locations":[{"start":{"line":22,"column":13},"end":{"line":22,"column":21}},{"start":{"line":22,"column":25},"end":{"line":22,"column":29}}],"line":22},"3":{"loc":{"start":{"line":23,"column":21},"end":{"line":23,"column":71}},"type":"binary-expr","locations":[{"start":{"line":23,"column":21},"end":{"line":23,"column":38}},{"start":{"line":23,"column":42},"end":{"line":23,"column":71}}],"line":23},"4":{"loc":{"start":{"line":24,"column":23},"end":{"line":24,"column":78}},"type":"binary-expr","locations":[{"start":{"line":24,"column":23},"end":{"line":24,"column":49}},{"start":{"line":24,"column":53},"end":{"line":24,"column":78}}],"line":24},"5":{"loc":{"start":{"line":26,"column":20},"end":{"line":26,"column":69}},"type":"binary-expr","locations":[{"start":{"line":26,"column":20},"end":{"line":26,"column":49}},{"start":{"line":26,"column":53},"end":{"line":26,"column":69}}],"line":26},"6":{"loc":{"start":{"line":28,"column":0},"end":{"line":30,"column":1}},"type":"if","locations":[{"start":{"line":28,"column":0},"end":{"line":30,"column":1}},{"start":{},"end":{}}],"line":28},"7":{"loc":{"start":{"line":31,"column":0},"end":{"line":33,"column":1}},"type":"if","locations":[{"start":{"line":31,"column":0},"end":{"line":33,"column":1}},{"start":{},"end":{}}],"line":31},"8":{"loc":{"start":{"line":31,"column":4},"end":{"line":31,"column":32}},"type":"binary-expr","locations":[{"start":{"line":31,"column":4},"end":{"line":31,"column":16}},{"start":{"line":31,"column":20},"end":{"line":31,"column":32}}],"line":31},"9":{"loc":{"start":{"line":35,"column":15},"end":{"line":35,"column":67}},"type":"cond-expr","locations":[{"start":{"line":35,"column":40},"end":{"line":35,"column":60}},{"start":{"line":35,"column":63},"end":{"line":35,"column":67}}],"line":35},"10":{"loc":{"start":{"line":35,"column":15},"end":{"line":35,"column":37}},"type":"binary-expr","locations":[{"start":{"line":35,"column":15},"end":{"line":35,"column":21}},{"start":{"line":35,"column":25},"end":{"line":35,"column":37}}],"line":35},"11":{"loc":{"start":{"line":36,"column":17},"end":{"line":36,"column":124}},"type":"cond-expr","locations":[{"start":{"line":36,"column":46},"end":{"line":36,"column":117}},{"start":{"line":36,"column":120},"end":{"line":36,"column":124}}],"line":36},"12":{"loc":{"start":{"line":36,"column":17},"end":{"line":36,"column":43}},"type":"binary-expr","locations":[{"start":{"line":36,"column":17},"end":{"line":36,"column":28}},{"start":{"line":36,"column":32},"end":{"line":36,"column":43}}],"line":36},"13":{"loc":{"start":{"line":37,"column":12},"end":{"line":37,"column":38}},"type":"cond-expr","locations":[{"start":{"line":37,"column":22},"end":{"line":37,"column":31}},{"start":{"line":37,"column":34},"end":{"line":37,"column":38}}],"line":37},"14":{"loc":{"start":{"line":39,"column":53},"end":{"line":39,"column":78}},"type":"default-arg","locations":[{"start":{"line":39,"column":70},"end":{"line":39,"column":78}}],"line":39},"15":{"loc":{"start":{"line":40,"column":19},"end":{"line":40,"column":47}},"type":"binary-expr","locations":[{"start":{"line":40,"column":19},"end":{"line":40,"column":41}},{"start":{"line":40,"column":45},"end":{"line":40,"column":47}}],"line":40},"16":{"loc":{"start":{"line":42,"column":22},"end":{"line":42,"column":56}},"type":"binary-expr","locations":[{"start":{"line":42,"column":22},"end":{"line":42,"column":43}},{"start":{"line":42,"column":47},"end":{"line":42,"column":56}}],"line":42},"17":{"loc":{"start":{"line":43,"column":2},"end":{"line":45,"column":3}},"type":"if","locations":[{"start":{"line":43,"column":2},"end":{"line":45,"column":3}},{"start":{},"end":{}}],"line":43},"18":{"loc":{"start":{"line":43,"column":6},"end":{"line":43,"column":31}},"type":"binary-expr","locations":[{"start":{"line":43,"column":6},"end":{"line":43,"column":12}},{"start":{"line":43,"column":16},"end":{"line":43,"column":31}}],"line":43},"19":{"loc":{"start":{"line":51,"column":2},"end":{"line":62,"column":3}},"type":"if","locations":[{"start":{"line":51,"column":2},"end":{"line":62,"column":3}},{"start":{"line":55,"column":9},"end":{"line":62,"column":3}}],"line":51},"20":{"loc":{"start":{"line":55,"column":9},"end":{"line":62,"column":3}},"type":"if","locations":[{"start":{"line":55,"column":9},"end":{"line":62,"column":3}},{"start":{},"end":{}}],"line":55},"21":{"loc":{"start":{"line":59,"column":4},"end":{"line":61,"column":5}},"type":"if","locations":[{"start":{"line":59,"column":4},"end":{"line":61,"column":5}},{"start":{},"end":{}}],"line":59},"22":{"loc":{"start":{"line":65,"column":2},"end":{"line":67,"column":3}},"type":"if","locations":[{"start":{"line":65,"column":2},"end":{"line":67,"column":3}},{"start":{},"end":{}}],"line":65},"23":{"loc":{"start":{"line":71,"column":39},"end":{"line":71,"column":64}},"type":"default-arg","locations":[{"start":{"line":71,"column":56},"end":{"line":71,"column":64}}],"line":71},"24":{"loc":{"start":{"line":72,"column":2},"end":{"line":74,"column":3}},"type":"if","locations":[{"start":{"line":72,"column":2},"end":{"line":74,"column":3}},{"start":{},"end":{}}],"line":72},"25":{"loc":{"start":{"line":77,"column":20},"end":{"line":77,"column":62}},"type":"binary-expr","locations":[{"start":{"line":77,"column":20},"end":{"line":77,"column":49}},{"start":{"line":77,"column":53},"end":{"line":77,"column":62}}],"line":77},"26":{"loc":{"start":{"line":79,"column":2},"end":{"line":83,"column":3}},"type":"if","locations":[{"start":{"line":79,"column":2},"end":{"line":83,"column":3}},{"start":{},"end":{}}],"line":79},"27":{"loc":{"start":{"line":79,"column":6},"end":{"line":79,"column":47}},"type":"binary-expr","locations":[{"start":{"line":79,"column":6},"end":{"line":79,"column":12}},{"start":{"line":79,"column":16},"end":{"line":79,"column":37}},{"start":{"line":79,"column":41},"end":{"line":79,"column":47}}],"line":79},"28":{"loc":{"start":{"line":82,"column":18},"end":{"line":82,"column":69}},"type":"binary-expr","locations":[{"start":{"line":82,"column":18},"end":{"line":82,"column":54}},{"start":{"line":82,"column":58},"end":{"line":82,"column":69}}],"line":82},"29":{"loc":{"start":{"line":85,"column":2},"end":{"line":87,"column":3}},"type":"if","locations":[{"start":{"line":85,"column":2},"end":{"line":87,"column":3}},{"start":{},"end":{}}],"line":85},"30":{"loc":{"start":{"line":95,"column":2},"end":{"line":97,"column":3}},"type":"if","locations":[{"start":{"line":95,"column":2},"end":{"line":97,"column":3}},{"start":{},"end":{}}],"line":95},"31":{"loc":{"start":{"line":102,"column":2},"end":{"line":104,"column":3}},"type":"if","locations":[{"start":{"line":102,"column":2},"end":{"line":104,"column":3}},{"start":{},"end":{}}],"line":102},"32":{"loc":{"start":{"line":102,"column":6},"end":{"line":102,"column":27}},"type":"binary-expr","locations":[{"start":{"line":102,"column":6},"end":{"line":102,"column":12}},{"start":{"line":102,"column":16},"end":{"line":102,"column":27}}],"line":102},"33":{"loc":{"start":{"line":106,"column":2},"end":{"line":181,"column":3}},"type":"switch","locations":[{"start":{"line":107,"column":4},"end":{"line":114,"column":5}},{"start":{"line":116,"column":4},"end":{"line":135,"column":5}},{"start":{"line":137,"column":4},"end":{"line":140,"column":5}},{"start":{"line":142,"column":4},"end":{"line":158,"column":5}},{"start":{"line":160,"column":4},"end":{"line":176,"column":5}},{"start":{"line":178,"column":4},"end":{"line":180,"column":18}}],"line":106},"34":{"loc":{"start":{"line":109,"column":6},"end":{"line":112,"column":7}},"type":"if","locations":[{"start":{"line":109,"column":6},"end":{"line":112,"column":7}},{"start":{},"end":{}}],"line":109},"35":{"loc":{"start":{"line":109,"column":10},"end":{"line":109,"column":59}},"type":"binary-expr","locations":[{"start":{"line":109,"column":10},"end":{"line":109,"column":24}},{"start":{"line":109,"column":28},"end":{"line":109,"column":59}}],"line":109},"36":{"loc":{"start":{"line":113,"column":57},"end":{"line":113,"column":83}},"type":"binary-expr","locations":[{"start":{"line":113,"column":57},"end":{"line":113,"column":71}},{"start":{"line":113,"column":75},"end":{"line":113,"column":83}}],"line":113},"37":{"loc":{"start":{"line":118,"column":6},"end":{"line":121,"column":7}},"type":"if","locations":[{"start":{"line":118,"column":6},"end":{"line":121,"column":7}},{"start":{},"end":{}}],"line":118},"38":{"loc":{"start":{"line":118,"column":10},"end":{"line":118,"column":78}},"type":"binary-expr","locations":[{"start":{"line":118,"column":10},"end":{"line":118,"column":24}},{"start":{"line":118,"column":28},"end":{"line":118,"column":59}},{"start":{"line":118,"column":63},"end":{"line":118,"column":78}}],"line":118},"39":{"loc":{"start":{"line":127,"column":28},"end":{"line":127,"column":77}},"type":"binary-expr","locations":[{"start":{"line":127,"column":28},"end":{"line":127,"column":69}},{"start":{"line":127,"column":73},"end":{"line":127,"column":77}}],"line":127},"40":{"loc":{"start":{"line":131,"column":6},"end":{"line":133,"column":7}},"type":"if","locations":[{"start":{"line":131,"column":6},"end":{"line":133,"column":7}},{"start":{},"end":{}}],"line":131},"41":{"loc":{"start":{"line":139,"column":43},"end":{"line":139,"column":69}},"type":"binary-expr","locations":[{"start":{"line":139,"column":43},"end":{"line":139,"column":57}},{"start":{"line":139,"column":61},"end":{"line":139,"column":69}}],"line":139},"42":{"loc":{"start":{"line":144,"column":6},"end":{"line":147,"column":7}},"type":"if","locations":[{"start":{"line":144,"column":6},"end":{"line":147,"column":7}},{"start":{},"end":{}}],"line":144},"43":{"loc":{"start":{"line":144,"column":10},"end":{"line":144,"column":78}},"type":"binary-expr","locations":[{"start":{"line":144,"column":10},"end":{"line":144,"column":24}},{"start":{"line":144,"column":28},"end":{"line":144,"column":59}},{"start":{"line":144,"column":63},"end":{"line":144,"column":78}}],"line":144},"44":{"loc":{"start":{"line":156,"column":6},"end":{"line":156,"column":29}},"type":"if","locations":[{"start":{"line":156,"column":6},"end":{"line":156,"column":29}},{"start":{},"end":{}}],"line":156},"45":{"loc":{"start":{"line":162,"column":6},"end":{"line":165,"column":7}},"type":"if","locations":[{"start":{"line":162,"column":6},"end":{"line":165,"column":7}},{"start":{},"end":{}}],"line":162},"46":{"loc":{"start":{"line":162,"column":10},"end":{"line":162,"column":66}},"type":"binary-expr","locations":[{"start":{"line":162,"column":10},"end":{"line":162,"column":18}},{"start":{"line":162,"column":22},"end":{"line":162,"column":47}},{"start":{"line":162,"column":51},"end":{"line":162,"column":66}}],"line":162},"47":{"loc":{"start":{"line":170,"column":28},"end":{"line":170,"column":94}},"type":"cond-expr","locations":[{"start":{"line":170,"column":45},"end":{"line":170,"column":61}},{"start":{"line":170,"column":64},"end":{"line":170,"column":94}}],"line":170},"48":{"loc":{"start":{"line":170,"column":64},"end":{"line":170,"column":94}},"type":"binary-expr","locations":[{"start":{"line":170,"column":64},"end":{"line":170,"column":86}},{"start":{"line":170,"column":90},"end":{"line":170,"column":94}}],"line":170},"49":{"loc":{"start":{"line":174,"column":6},"end":{"line":174,"column":29}},"type":"if","locations":[{"start":{"line":174,"column":6},"end":{"line":174,"column":29}},{"start":{},"end":{}}],"line":174},"50":{"loc":{"start":{"line":184,"column":0},"end":{"line":221,"column":1}},"type":"if","locations":[{"start":{"line":184,"column":0},"end":{"line":221,"column":1}},{"start":{},"end":{}}],"line":184},"51":{"loc":{"start":{"line":184,"column":4},"end":{"line":184,"column":18}},"type":"binary-expr","locations":[{"start":{"line":184,"column":4},"end":{"line":184,"column":7}},{"start":{"line":184,"column":11},"end":{"line":184,"column":18}}],"line":184},"52":{"loc":{"start":{"line":189,"column":4},"end":{"line":205,"column":3}},"type":"if","locations":[{"start":{"line":189,"column":4},"end":{"line":205,"column":3}},{"start":{},"end":{}}],"line":189},"53":{"loc":{"start":{"line":189,"column":8},"end":{"line":189,"column":39}},"type":"binary-expr","locations":[{"start":{"line":189,"column":8},"end":{"line":189,"column":14}},{"start":{"line":189,"column":18},"end":{"line":189,"column":32}},{"start":{"line":189,"column":36},"end":{"line":189,"column":39}}],"line":189},"54":{"loc":{"start":{"line":210,"column":48},"end":{"line":210,"column":65}},"type":"binary-expr","locations":[{"start":{"line":210,"column":48},"end":{"line":210,"column":57}},{"start":{"line":210,"column":61},"end":{"line":210,"column":65}}],"line":210}},"s":{"0":2,"1":2,"2":2,"3":2,"4":2,"5":0,"6":2,"7":2,"8":2,"9":2,"10":2,"11":2,"12":2,"13":2,"14":2,"15":2,"16":2,"17":2,"18":2,"19":2,"20":2,"21":2,"22":2,"23":2,"24":0,"25":2,"26":2,"27":1,"28":1,"29":1,"30":1,"31":1,"32":1,"33":1,"34":1,"35":1,"36":2,"37":2,"38":0,"39":2,"40":2,"41":2,"42":0,"43":2,"44":2,"45":2,"46":0,"47":0,"48":0,"49":2,"50":0,"51":2,"52":2,"53":2,"54":0,"55":2,"56":8,"57":0,"58":8,"59":2,"60":2,"61":0,"62":0,"63":2,"64":1,"65":1,"66":0,"67":0,"68":1,"69":1,"70":1,"71":1,"72":0,"73":1,"74":2,"75":2,"76":1,"77":1,"78":0,"79":0,"80":1,"81":1,"82":1,"83":1,"84":0,"85":1,"86":1,"87":1,"88":0,"89":0,"90":1,"91":1,"92":1,"93":1,"94":0,"95":1,"96":1,"97":1,"98":2,"99":0,"100":0,"101":0,"102":0,"103":0,"104":0,"105":0,"106":0,"107":0,"108":0,"109":0,"110":0,"111":0,"112":0,"113":0,"114":0,"115":0,"116":0,"117":0,"118":0,"119":0,"120":0,"121":0,"122":0,"123":2},"f":{"0":2,"1":2,"2":8,"3":0,"4":0,"5":0},"b":{"0":[2,0],"1":[2,2],"2":[2,2],"3":[2,2],"4":[2,2],"5":[2,2],"6":[2,0],"7":[2,0],"8":[2,0],"9":[0,2],"10":[2,2],"11":[0,2],"12":[2,0],"13":[0,2],"14":[0],"15":[2,0],"16":[2,0],"17":[0,2],"18":[2,2],"19":[1,1],"20":[1,0],"21":[1,0],"22":[0,2],"23":[0],"24":[0,2],"25":[2,2],"26":[0,2],"27":[2,0,0],"28":[0,0],"29":[0,2],"30":[0,2],"31":[0,8],"32":[8,8],"33":[2,1,2,1,1,1],"34":[0,2],"35":[2,2],"36":[2,0],"37":[0,1],"38":[1,1,1],"39":[1,0],"40":[0,1],"41":[2,0],"42":[0,1],"43":[1,1,1],"44":[0,1],"45":[0,1],"46":[1,1,1],"47":[1,0],"48":[0,0],"49":[0,1],"50":[0,2],"51":[2,0],"52":[0,0],"53":[0,0,0],"54":[0,0]},"_coverageSchema":"1a1c01bbd47fc00a2c39e90264f33305004495a9","hash":"57a4857857c08857580f0610494b1eabb8f37695"}
}
