TN:
SF:app\+not-found.tsx
FN:7,NotFoundScreen
FNF:1
FNH:1
FNDA:3,NotFoundScreen
DA:8,3
DA:21,5
LF:2
LH:2
BRF:0
BRH:0
end_of_record
TN:
SF:app\_layout.tsx
FN:19,RootLayout
FNF:1
FNH:1
FNDA:3,RootLayout
DA:11,7
DA:12,7
DA:13,7
DA:15,7
DA:16,7
DA:17,7
DA:20,3
DA:24,3
DA:26,0
DA:27,0
DA:41,0
LF:11
LH:8
BRDA:11,0,0,2
BRDA:11,0,1,5
BRDA:15,1,0,2
BRDA:15,1,1,5
BRDA:24,2,0,3
BRDA:24,2,1,0
BRDA:26,3,0,0
BRDA:26,3,1,0
BRF:8
BRH:5
end_of_record
TN:
SF:app\index.tsx
FN:15,SplashScreen
FN:18,(anonymous_1)
FN:21,(anonymous_2)
FN:35,(anonymous_3)
FNF:4
FNH:3
FNDA:3,SplashScreen
FNDA:3,(anonymous_1)
FNDA:0,(anonymous_2)
FNDA:2,(anonymous_3)
DA:13,16
DA:16,3
DA:18,3
DA:19,3
DA:21,2
DA:22,0
DA:23,0
DA:24,0
DA:25,0
DA:26,0
DA:27,0
DA:28,0
DA:31,0
DA:35,2
DA:38,3
DA:65,16
LF:16
LH:8
BRDA:19,0,0,1
BRDA:19,0,1,2
BRDA:22,1,0,0
BRDA:22,1,1,0
BRDA:23,2,0,0
BRDA:23,2,1,0
BRDA:25,3,0,0
BRDA:25,3,1,0
BRDA:27,4,0,0
BRDA:27,4,1,0
BRF:10
BRH:2
end_of_record
TN:
SF:app\public-profile.tsx
FN:84,StarDisplay
FN:89,(anonymous_1)
FN:101,formatDate
FN:105,formatMemberSince
FN:111,PublicProfileScreen
FN:122,(anonymous_5)
FN:123,(anonymous_6)
FN:161,(anonymous_7)
FN:192,(anonymous_8)
FN:281,(anonymous_9)
FN:295,(anonymous_10)
FN:338,(anonymous_11)
FN:358,(anonymous_12)
FNF:13
FNH:10
FNDA:4,StarDisplay
FNDA:20,(anonymous_1)
FNDA:5,formatDate
FNDA:3,formatMemberSince
FNDA:5,PublicProfileScreen
FNDA:1,(anonymous_5)
FNDA:1,(anonymous_6)
FNDA:0,(anonymous_7)
FNDA:0,(anonymous_8)
FNDA:3,(anonymous_9)
FNDA:5,(anonymous_10)
FNDA:0,(anonymous_11)
FNDA:3,(anonymous_12)
DA:20,11
DA:21,11
DA:25,11
DA:46,11
DA:85,4
DA:86,4
DA:87,4
DA:90,20
DA:102,5
DA:106,3
DA:112,5
DA:113,5
DA:114,5
DA:115,5
DA:117,5
DA:118,4
DA:119,4
DA:120,4
DA:122,4
DA:123,1
DA:124,1
DA:125,1
DA:126,1
DA:139,1
DA:140,0
DA:142,1
DA:145,1
DA:146,0
DA:148,1
DA:151,0
DA:152,0
DA:154,1
DA:158,1
DA:161,4
DA:162,0
DA:163,0
DA:164,0
DA:165,0
DA:166,0
DA:168,0
DA:170,0
DA:174,4
DA:175,3
DA:182,1
DA:184,1
DA:185,1
DA:186,1
DA:188,1
DA:192,0
DA:282,3
DA:296,5
DA:339,0
DA:359,3
DA:411,11
LF:54
LH:41
BRDA:84,0,0,0
BRDA:92,1,0,18
BRDA:92,1,1,2
BRDA:92,2,0,1
BRDA:92,2,1,1
BRDA:92,3,0,2
BRDA:92,3,1,2
BRDA:139,4,0,0
BRDA:139,4,1,1
BRDA:145,5,0,0
BRDA:145,5,1,1
BRDA:145,6,0,1
BRDA:145,6,1,1
BRDA:162,7,0,0
BRDA:162,7,1,0
BRDA:162,8,0,0
BRDA:162,8,1,0
BRDA:174,9,0,3
BRDA:174,9,1,1
BRDA:182,10,0,0
BRDA:182,10,1,1
BRDA:184,11,0,1
BRDA:184,11,1,0
BRDA:185,12,0,1
BRDA:185,12,1,0
BRDA:186,13,0,1
BRDA:186,13,1,0
BRDA:201,14,0,0
BRDA:201,14,1,1
BRDA:215,15,0,1
BRDA:215,15,1,1
BRDA:222,16,0,1
BRDA:222,16,1,0
BRDA:229,17,0,1
BRDA:229,17,1,1
BRDA:233,18,0,1
BRDA:233,18,1,1
BRDA:235,19,0,1
BRDA:235,19,1,0
BRDA:238,20,0,1
BRDA:238,20,1,1
BRDA:250,21,0,1
BRDA:250,21,1,0
BRDA:267,22,0,1
BRDA:267,22,1,0
BRDA:277,23,0,1
BRDA:277,23,1,1
BRDA:277,23,2,1
BRDA:291,24,0,1
BRDA:291,24,1,1
BRDA:291,24,2,1
BRDA:312,25,0,0
BRDA:312,25,1,1
BRDA:319,26,0,0
BRDA:319,26,1,1
BRDA:322,27,0,0
BRDA:322,27,1,1
BRDA:323,28,0,0
BRDA:323,28,1,0
BRDA:336,29,0,0
BRDA:336,29,1,1
BRDA:357,30,0,1
BRDA:357,30,1,0
BRDA:366,31,0,3
BRDA:366,31,1,0
BRDA:372,32,0,3
BRDA:372,32,1,0
BRDA:387,33,0,1
BRDA:387,33,1,0
BRDA:390,34,0,0
BRDA:390,34,1,0
BRDA:394,35,0,0
BRDA:394,35,1,0
BRF:73
BRH:43
end_of_record
TN:
SF:app\settings.tsx
FN:10,SettingsScreen
FN:18,(anonymous_1)
FN:24,(anonymous_2)
FN:35,(anonymous_3)
FNF:4
FNH:1
FNDA:3,SettingsScreen
FNDA:0,(anonymous_1)
FNDA:0,(anonymous_2)
FNDA:0,(anonymous_3)
DA:11,3
DA:12,3
DA:13,2
DA:14,2
DA:15,2
DA:16,2
DA:18,2
DA:19,0
DA:25,0
DA:26,0
DA:32,2
DA:35,0
DA:141,7
LF:13
LH:9
BRF:0
BRH:0
end_of_record
TN:
SF:app\admin\_layout.tsx
FN:7,AdminLayout
FN:10,(anonymous_1)
FN:49,(anonymous_2)
FN:58,(anonymous_3)
FN:67,(anonymous_4)
FN:76,(anonymous_5)
FNF:6
FNH:2
FNDA:5,AdminLayout
FNDA:2,(anonymous_1)
FNDA:0,(anonymous_2)
FNDA:0,(anonymous_3)
FNDA:0,(anonymous_4)
FNDA:0,(anonymous_5)
DA:8,5
DA:10,4
DA:11,2
DA:13,2
DA:14,0
DA:15,0
DA:19,2
DA:20,1
DA:21,0
DA:22,0
DA:26,4
DA:50,0
DA:59,0
DA:68,0
DA:77,0
LF:15
LH:7
BRDA:11,0,0,0
BRDA:11,0,1,2
BRDA:13,1,0,0
BRDA:13,1,1,2
BRDA:19,2,0,1
BRDA:19,2,1,1
BRDA:20,3,0,1
BRDA:20,3,1,0
BRDA:21,4,0,0
BRDA:21,4,1,0
BRF:10
BRH:5
end_of_record
TN:
SF:app\admin\index.tsx
FN:20,AdminDashboard
FN:26,(anonymous_1)
FN:53,(anonymous_2)
FN:54,(anonymous_3)
FN:55,(anonymous_4)
FN:57,(anonymous_5)
FN:58,(anonymous_6)
FN:71,(anonymous_7)
FN:75,(anonymous_8)
FNF:9
FNH:3
FNDA:5,AdminDashboard
FNDA:1,(anonymous_1)
FNDA:0,(anonymous_2)
FNDA:0,(anonymous_3)
FNDA:0,(anonymous_4)
FNDA:0,(anonymous_5)
FNDA:0,(anonymous_6)
FNDA:1,(anonymous_7)
FNDA:0,(anonymous_8)
DA:21,5
DA:22,5
DA:23,4
DA:24,4
DA:26,4
DA:27,1
DA:28,1
DA:33,1
DA:36,0
DA:37,0
DA:38,0
DA:40,1
DA:43,0
DA:44,0
DA:45,0
DA:48,1
DA:49,1
DA:51,1
DA:53,0
DA:54,0
DA:55,0
DA:57,0
DA:58,0
DA:62,0
DA:63,0
DA:64,0
DA:66,1
DA:67,1
DA:71,4
DA:72,1
DA:75,4
DA:76,0
DA:77,0
DA:80,4
DA:81,3
DA:88,1
DA:162,9
LF:37
LH:21
BRDA:33,0,0,0
BRDA:33,0,1,1
BRDA:40,1,0,0
BRDA:40,1,1,1
BRDA:48,2,0,1
BRDA:48,2,1,0
BRDA:49,3,0,1
BRDA:49,3,1,0
BRDA:80,4,0,3
BRDA:80,4,1,1
BRDA:113,5,0,1
BRDA:113,5,1,1
BRDA:118,6,0,1
BRDA:118,6,1,1
BRDA:123,7,0,1
BRDA:123,7,1,1
BRDA:128,8,0,1
BRDA:128,8,1,1
BRDA:137,9,0,1
BRDA:137,9,1,1
BRDA:142,10,0,1
BRDA:142,10,1,1
BRDA:147,11,0,1
BRDA:147,11,1,1
BRF:24
BRH:20
end_of_record
TN:
SF:app\admin\jobs.helpers.ts
FNF:0
FNH:0
DA:3,9
DA:10,9
LF:2
LH:2
BRF:0
BRH:0
end_of_record
TN:
SF:app\admin\jobs.tsx
FN:9,AdminJobsScreen
FN:15,(anonymous_1)
FN:32,(anonymous_2)
FN:36,(anonymous_3)
FN:41,(anonymous_4)
FN:91,(anonymous_5)
FNF:6
FNH:1
FNDA:3,AdminJobsScreen
FNDA:0,(anonymous_1)
FNDA:0,(anonymous_2)
FNDA:0,(anonymous_3)
FNDA:0,(anonymous_4)
FNDA:0,(anonymous_5)
DA:10,3
DA:11,3
DA:12,2
DA:13,2
DA:15,2
DA:16,0
DA:17,0
DA:22,0
DA:23,0
DA:25,0
DA:27,0
DA:28,0
DA:32,2
DA:33,0
DA:36,2
DA:37,0
DA:38,0
DA:41,2
DA:42,0
DA:75,2
DA:76,2
DA:83,0
DA:91,0
DA:112,7
LF:24
LH:11
BRDA:22,0,0,0
BRDA:22,0,1,0
BRDA:23,1,0,0
BRDA:23,1,1,0
BRDA:75,2,0,2
BRDA:75,2,1,0
BRF:6
BRH:1
end_of_record
TN:
SF:app\admin\settings.tsx
FN:8,AdminSettingsScreen
FN:12,(anonymous_1)
FN:18,(anonymous_2)
FNF:3
FNH:1
FNDA:1,AdminSettingsScreen
FNDA:0,(anonymous_1)
FNDA:0,(anonymous_2)
DA:9,1
DA:10,1
DA:12,1
DA:13,0
DA:19,0
DA:20,0
DA:26,1
DA:79,5
LF:8
LH:5
BRF:0
BRH:0
end_of_record
TN:
SF:app\admin\users.tsx
FN:27,AdminUsersScreen
FN:34,(anonymous_1)
FN:82,(anonymous_2)
FN:86,(anonymous_3)
FN:94,(anonymous_4)
FN:137,(anonymous_5)
FN:161,(anonymous_6)
FN:191,(anonymous_7)
FNF:8
FNH:6
FNDA:7,AdminUsersScreen
FNDA:2,(anonymous_1)
FNDA:1,(anonymous_2)
FNDA:0,(anonymous_3)
FNDA:1,(anonymous_4)
FNDA:3,(anonymous_5)
FNDA:1,(anonymous_6)
FNDA:0,(anonymous_7)
DA:9,7
DA:15,7
DA:21,7
DA:28,7
DA:29,6
DA:30,6
DA:31,6
DA:32,6
DA:34,6
DA:35,2
DA:36,2
DA:39,2
DA:41,2
DA:43,2
DA:45,2
DA:48,2
DA:50,2
DA:55,2
DA:57,2
DA:59,2
DA:60,2
DA:62,0
DA:65,2
DA:66,0
DA:69,2
DA:70,2
DA:72,2
DA:73,2
DA:75,0
DA:77,2
DA:78,2
DA:82,6
DA:83,1
DA:86,6
DA:87,0
DA:88,0
DA:91,6
DA:92,6
DA:94,6
DA:95,1
DA:96,1
DA:97,1
DA:98,1
DA:100,1
DA:102,1
DA:103,1
DA:105,0
DA:107,1
DA:108,1
DA:109,1
DA:112,1
DA:114,1
DA:115,1
DA:117,0
DA:119,1
DA:120,1
DA:129,1
DA:131,0
DA:133,1
DA:137,6
DA:138,3
DA:161,1
DA:173,6
DA:174,3
DA:181,3
DA:191,0
DA:213,7
LF:67
LH:58
BRDA:36,0,0,2
BRDA:36,0,1,2
BRDA:41,1,0,2
BRDA:41,1,1,2
BRDA:41,2,0,2
BRDA:41,2,1,0
BRDA:43,3,0,2
BRDA:43,3,1,2
BRDA:48,4,0,2
BRDA:48,4,1,2
BRDA:48,4,2,0
BRDA:50,5,0,2
BRDA:50,5,1,2
BRDA:50,5,2,2
BRDA:50,5,3,2
BRDA:57,6,0,2
BRDA:57,6,1,2
BRDA:57,6,2,2
BRDA:59,7,0,2
BRDA:59,7,1,2
BRDA:65,8,0,0
BRDA:65,8,1,2
BRDA:65,9,0,2
BRDA:65,9,1,0
BRDA:65,9,2,0
BRDA:69,10,0,2
BRDA:69,10,1,2
BRDA:69,11,0,2
BRDA:69,11,1,0
BRDA:70,12,0,2
BRDA:70,12,1,0
BRDA:70,13,0,2
BRDA:70,13,1,2
BRDA:72,14,0,0
BRDA:72,14,1,2
BRDA:73,15,0,2
BRDA:73,15,1,0
BRDA:95,16,0,0
BRDA:95,16,1,1
BRDA:100,17,0,1
BRDA:100,17,1,1
BRDA:103,18,0,1
BRDA:103,18,1,1
BRDA:103,18,2,1
BRDA:107,19,0,0
BRDA:107,19,1,1
BRDA:109,20,0,0
BRDA:109,20,1,1
BRDA:112,21,0,1
BRDA:112,21,1,1
BRDA:115,22,0,1
BRDA:115,22,1,1
BRDA:115,22,2,1
BRDA:119,23,0,0
BRDA:119,23,1,1
BRDA:131,24,0,0
BRDA:131,24,1,0
BRDA:153,25,0,3
BRDA:153,25,1,3
BRDA:157,26,0,3
BRDA:157,26,1,1
BRDA:165,27,0,0
BRDA:165,27,1,1
BRDA:173,28,0,3
BRDA:173,28,1,3
BRDA:185,29,0,3
BRDA:185,29,1,0
BRF:67
BRH:50
end_of_record
TN:
SF:app\chat\[jobId].tsx
FN:20,(anonymous_0)
FN:25,(anonymous_1)
FN:41,(anonymous_2)
FN:48,ChatScreen
FN:64,(anonymous_4)
FN:66,(anonymous_5)
FN:70,(anonymous_6)
FN:106,(anonymous_7)
FN:110,(anonymous_8)
FN:113,(anonymous_9)
FN:142,(anonymous_10)
FN:158,(anonymous_11)
FN:167,(anonymous_12)
FN:220,(anonymous_13)
FN:249,(anonymous_14)
FN:252,(anonymous_15)
FNF:16
FNH:10
FNDA:3,(anonymous_0)
FNDA:6,(anonymous_1)
FNDA:3,(anonymous_2)
FNDA:6,ChatScreen
FNDA:1,(anonymous_4)
FNDA:0,(anonymous_5)
FNDA:2,(anonymous_6)
FNDA:2,(anonymous_7)
FNDA:2,(anonymous_8)
FNDA:0,(anonymous_9)
FNDA:0,(anonymous_10)
FNDA:2,(anonymous_11)
FNDA:2,(anonymous_12)
FNDA:0,(anonymous_13)
FNDA:0,(anonymous_14)
FNDA:0,(anonymous_15)
DA:20,9
DA:21,3
DA:22,3
DA:25,9
DA:26,6
DA:27,6
DA:28,6
DA:29,6
DA:31,6
DA:32,2
DA:33,4
DA:34,2
DA:36,2
DA:41,9
DA:42,3
DA:43,2
DA:44,2
DA:45,2
DA:49,6
DA:50,6
DA:56,6
DA:57,5
DA:58,5
DA:59,5
DA:60,5
DA:61,5
DA:62,5
DA:64,5
DA:65,1
DA:66,0
DA:70,5
DA:71,2
DA:73,2
DA:74,2
DA:80,2
DA:82,2
DA:88,2
DA:89,2
DA:91,2
DA:92,2
DA:100,0
DA:102,2
DA:106,5
DA:107,2
DA:109,2
DA:110,2
DA:113,5
DA:114,0
DA:116,0
DA:117,0
DA:119,0
DA:120,0
DA:121,0
DA:123,0
DA:124,0
DA:132,0
DA:135,0
DA:136,0
DA:137,0
DA:138,0
DA:141,0
DA:142,0
DA:143,0
DA:148,0
DA:149,0
DA:150,0
DA:151,0
DA:153,0
DA:158,5
DA:159,2
DA:160,1
DA:161,1
DA:162,1
DA:167,5
DA:168,2
DA:169,2
DA:171,2
DA:205,5
DA:206,3
DA:213,2
DA:220,0
DA:249,0
DA:252,0
DA:285,9
LF:84
LH:58
BRDA:31,0,0,2
BRDA:31,0,1,4
BRDA:33,1,0,2
BRDA:33,1,1,2
BRDA:42,2,0,1
BRDA:42,2,1,2
BRDA:65,3,0,0
BRDA:65,3,1,1
BRDA:65,4,0,1
BRDA:65,4,1,0
BRDA:66,5,0,0
BRDA:66,5,1,0
BRDA:71,6,0,0
BRDA:71,6,1,2
BRDA:80,7,0,2
BRDA:80,7,1,0
BRDA:88,8,0,0
BRDA:88,8,1,2
BRDA:89,9,0,2
BRDA:89,9,1,0
BRDA:91,10,0,2
BRDA:91,10,1,0
BRDA:114,11,0,0
BRDA:114,11,1,0
BRDA:114,12,0,0
BRDA:114,12,1,0
BRDA:114,12,2,0
BRDA:116,13,0,0
BRDA:116,13,1,0
BRDA:117,14,0,0
BRDA:117,14,1,0
BRDA:132,15,0,0
BRDA:132,15,1,0
BRDA:159,16,0,1
BRDA:159,16,1,1
BRDA:173,17,0,2
BRDA:173,17,1,2
BRDA:181,18,0,1
BRDA:181,18,1,1
BRDA:184,19,0,2
BRDA:184,19,1,1
BRDA:188,20,0,2
BRDA:188,20,1,1
BRDA:191,21,0,2
BRDA:191,21,1,1
BRDA:193,22,0,1
BRDA:193,22,1,0
BRDA:195,23,0,1
BRDA:195,23,1,0
BRDA:205,24,0,3
BRDA:205,24,1,2
BRDA:216,25,0,2
BRDA:216,25,1,0
BRDA:228,26,0,2
BRDA:228,26,1,0
BRDA:229,27,0,2
BRDA:229,27,1,0
BRDA:238,28,0,0
BRDA:238,28,1,2
BRDA:270,29,0,2
BRDA:270,29,1,0
BRDA:270,29,2,2
BRDA:272,30,0,2
BRDA:272,30,1,0
BRDA:274,31,0,0
BRDA:274,31,1,2
BRDA:424,32,0,7
BRDA:424,32,1,2
BRF:68
BRH:39
end_of_record
TN:
SF:app\customer\_layout.tsx
FN:7,PostJobFAB
FN:48,CustomerLayout
FN:74,(anonymous_2)
FN:81,(anonymous_3)
FN:88,(anonymous_4)
FN:95,(anonymous_5)
FN:102,(anonymous_6)
FNF:7
FNH:1
FNDA:0,PostJobFAB
FNDA:3,CustomerLayout
FNDA:0,(anonymous_2)
FNDA:0,(anonymous_3)
FNDA:0,(anonymous_4)
FNDA:0,(anonymous_5)
FNDA:0,(anonymous_6)
DA:8,0
DA:18,7
DA:49,3
DA:74,0
DA:81,0
DA:88,0
DA:95,0
DA:102,0
LF:8
LH:2
BRF:0
BRH:0
end_of_record
TN:
SF:app\customer\dashboard.tsx
FN:25,CustomerDashboardScreen
FN:29,(anonymous_1)
FN:30,(anonymous_2)
FN:31,(anonymous_3)
FN:33,(anonymous_4)
FN:37,(anonymous_5)
FN:68,(anonymous_6)
FN:72,(anonymous_7)
FN:86,(anonymous_8)
FN:104,(anonymous_9)
FN:122,(anonymous_10)
FN:126,(anonymous_11)
FNF:12
FNH:1
FNDA:3,CustomerDashboardScreen
FNDA:0,(anonymous_1)
FNDA:0,(anonymous_2)
FNDA:0,(anonymous_3)
FNDA:0,(anonymous_4)
FNDA:0,(anonymous_5)
FNDA:0,(anonymous_6)
FNDA:0,(anonymous_7)
FNDA:0,(anonymous_8)
FNDA:0,(anonymous_9)
FNDA:0,(anonymous_10)
FNDA:0,(anonymous_11)
DA:8,8
DA:14,8
DA:26,3
DA:27,2
DA:29,2
DA:30,2
DA:31,2
DA:32,2
DA:33,0
DA:37,2
DA:38,0
DA:39,0
DA:40,0
DA:41,0
DA:44,2
DA:69,0
DA:72,0
DA:86,0
DA:105,0
DA:106,0
DA:122,0
DA:126,0
DA:137,8
LF:23
LH:11
BRDA:33,0,0,0
BRDA:33,0,1,0
BRDA:33,1,0,0
BRDA:33,1,1,0
BRDA:38,2,0,0
BRDA:38,2,1,0
BRDA:39,3,0,0
BRDA:39,3,1,0
BRDA:65,4,0,2
BRDA:65,4,1,0
BRDA:80,5,0,0
BRDA:80,5,1,0
BRDA:85,6,0,0
BRDA:85,6,1,0
BRDA:97,7,0,2
BRDA:97,7,1,0
BRDA:105,8,0,0
BRDA:105,8,1,0
BRDA:105,9,0,0
BRDA:105,9,1,0
BRF:20
BRH:2
end_of_record
TN:
SF:app\customer\edit-job.tsx
FN:23,computeBudgetValue
FN:29,validateEditJobFields
FN:40,Dropdown
FN:60,(anonymous_3)
FN:74,(anonymous_4)
FN:81,(anonymous_5)
FN:103,EditJobScreen
FN:122,(anonymous_7)
FN:123,(anonymous_8)
FN:174,(anonymous_9)
FN:192,(anonymous_10)
FN:193,(anonymous_11)
FN:196,(anonymous_12)
FN:227,(anonymous_13)
FN:252,(anonymous_14)
FN:347,(anonymous_15)
FN:377,(anonymous_16)
FN:382,(anonymous_17)
FNF:18
FNH:6
FNDA:8,computeBudgetValue
FNDA:6,validateEditJobFields
FNDA:3,Dropdown
FNDA:0,(anonymous_3)
FNDA:0,(anonymous_4)
FNDA:0,(anonymous_5)
FNDA:5,EditJobScreen
FNDA:1,(anonymous_7)
FNDA:1,(anonymous_8)
FNDA:0,(anonymous_9)
FNDA:0,(anonymous_10)
FNDA:0,(anonymous_11)
FNDA:0,(anonymous_12)
FNDA:0,(anonymous_13)
FNDA:0,(anonymous_14)
FNDA:0,(anonymous_15)
FNDA:0,(anonymous_16)
FNDA:0,(anonymous_17)
DA:24,8
DA:25,6
DA:26,4
DA:30,6
DA:31,6
DA:32,2
DA:34,4
DA:35,2
DA:37,2
DA:53,3
DA:55,3
DA:60,0
DA:75,0
DA:82,0
DA:83,0
DA:104,5
DA:106,5
DA:107,4
DA:108,4
DA:109,4
DA:110,4
DA:111,4
DA:112,4
DA:113,4
DA:114,4
DA:115,4
DA:116,4
DA:117,4
DA:119,4
DA:120,4
DA:122,4
DA:123,1
DA:124,1
DA:125,0
DA:126,0
DA:127,0
DA:130,1
DA:131,1
DA:137,1
DA:139,1
DA:140,0
DA:141,0
DA:142,0
DA:145,1
DA:146,1
DA:147,1
DA:148,1
DA:149,1
DA:150,1
DA:151,1
DA:152,1
DA:153,1
DA:155,1
DA:156,0
DA:157,0
DA:158,1
DA:159,1
DA:160,1
DA:163,0
DA:164,0
DA:165,0
DA:167,1
DA:171,1
DA:174,4
DA:175,0
DA:176,0
DA:177,0
DA:180,0
DA:187,0
DA:188,0
DA:192,4
DA:193,0
DA:196,4
DA:197,0
DA:198,0
DA:199,0
DA:200,0
DA:203,0
DA:205,0
DA:206,0
DA:208,0
DA:224,0
DA:226,0
DA:227,0
DA:230,0
DA:231,0
DA:233,0
DA:237,4
DA:238,3
DA:245,1
DA:252,0
DA:348,0
DA:349,0
DA:378,0
DA:382,0
DA:417,10
LF:96
LH:55
BRDA:24,0,0,2
BRDA:24,0,1,6
BRDA:25,1,0,2
BRDA:25,1,1,4
BRDA:25,2,0,6
BRDA:25,2,1,2
BRDA:31,3,0,2
BRDA:31,3,1,4
BRDA:31,4,0,6
BRDA:31,4,1,4
BRDA:31,4,2,4
BRDA:31,4,3,4
BRDA:31,4,4,4
BRDA:34,5,0,2
BRDA:34,5,1,2
BRDA:34,6,0,4
BRDA:34,6,1,2
BRDA:34,6,2,2
BRDA:62,7,0,3
BRDA:62,7,1,0
BRDA:63,8,0,3
BRDA:63,8,1,0
BRDA:66,9,0,0
BRDA:66,9,1,3
BRDA:71,10,0,3
BRDA:71,10,1,0
BRDA:79,11,0,0
BRDA:79,11,1,0
BRDA:89,12,0,0
BRDA:89,12,1,0
BRDA:120,13,0,0
BRDA:120,13,1,4
BRDA:124,14,0,0
BRDA:124,14,1,1
BRDA:137,15,0,0
BRDA:137,15,1,1
BRDA:139,16,0,0
BRDA:139,16,1,1
BRDA:146,17,0,1
BRDA:146,17,1,0
BRDA:147,18,0,1
BRDA:147,18,1,0
BRDA:148,19,0,1
BRDA:148,19,1,0
BRDA:149,20,0,1
BRDA:149,20,1,0
BRDA:150,21,0,1
BRDA:150,21,1,0
BRDA:151,22,0,1
BRDA:151,22,1,0
BRDA:152,23,0,1
BRDA:152,23,1,0
BRDA:153,24,0,1
BRDA:153,24,1,0
BRDA:155,25,0,0
BRDA:155,25,1,1
BRDA:158,26,0,1
BRDA:158,26,1,0
BRDA:175,27,0,0
BRDA:175,27,1,0
BRDA:187,28,0,0
BRDA:187,28,1,0
BRDA:187,29,0,0
BRDA:187,29,1,0
BRDA:198,30,0,0
BRDA:198,30,1,0
BRDA:199,31,0,0
BRDA:199,31,1,0
BRDA:199,32,0,0
BRDA:199,32,1,0
BRDA:213,33,0,0
BRDA:213,33,1,0
BRDA:216,34,0,0
BRDA:216,34,1,0
BRDA:219,35,0,0
BRDA:219,35,1,0
BRDA:224,36,0,0
BRDA:224,36,1,0
BRDA:237,37,0,3
BRDA:237,37,1,1
BRDA:259,38,0,1
BRDA:259,38,1,0
BRDA:349,39,0,0
BRDA:349,39,1,0
BRDA:352,40,0,1
BRDA:352,40,1,0
BRDA:353,41,0,1
BRDA:353,41,1,0
BRDA:357,42,0,1
BRDA:357,42,1,1
BRDA:374,43,0,0
BRDA:374,43,1,1
BRDA:388,44,0,1
BRDA:388,44,1,1
BRDA:398,45,0,1
BRDA:398,45,1,0
BRDA:402,46,0,0
BRDA:402,46,1,1
BRF:98
BRH:48
end_of_record
TN:
SF:app\customer\index.tsx
FN:15,CustomerHome
FN:23,(anonymous_1)
FN:29,(anonymous_2)
FN:80,(anonymous_3)
FN:84,(anonymous_4)
FN:88,(anonymous_5)
FN:106,(anonymous_6)
FN:107,(anonymous_7)
FN:108,(anonymous_8)
FN:133,(anonymous_9)
FN:137,(anonymous_10)
FN:155,(anonymous_11)
FNF:12
FNH:3
FNDA:3,CustomerHome
FNDA:0,(anonymous_1)
FNDA:0,(anonymous_2)
FNDA:0,(anonymous_3)
FNDA:12,(anonymous_4)
FNDA:0,(anonymous_5)
FNDA:0,(anonymous_6)
FNDA:0,(anonymous_7)
FNDA:0,(anonymous_8)
FNDA:18,(anonymous_9)
FNDA:0,(anonymous_10)
FNDA:0,(anonymous_11)
DA:12,9
DA:13,9
DA:16,3
DA:18,2
DA:19,2
DA:20,2
DA:21,2
DA:23,2
DA:25,0
DA:26,0
DA:29,2
DA:30,0
DA:31,0
DA:32,0
DA:33,0
DA:34,0
DA:35,0
DA:36,0
DA:38,0
DA:39,0
DA:40,0
DA:42,0
DA:44,0
DA:48,2
DA:80,0
DA:85,12
DA:88,0
DA:106,0
DA:108,0
DA:134,18
DA:137,0
DA:155,0
DA:166,9
LF:33
LH:13
BRDA:25,0,0,0
BRDA:25,0,1,0
BRDA:33,1,0,0
BRDA:33,1,1,0
BRDA:34,2,0,0
BRDA:34,2,1,0
BRDA:34,3,0,0
BRDA:34,3,1,0
BRDA:39,4,0,0
BRDA:39,4,1,0
BRDA:40,5,0,0
BRDA:40,5,1,0
BRDA:62,6,0,2
BRDA:62,6,1,0
BRDA:79,7,0,2
BRDA:79,7,1,2
BRDA:87,8,0,12
BRDA:87,8,1,0
BRDA:88,9,0,0
BRDA:88,9,1,0
BRDA:101,10,0,0
BRDA:101,10,1,2
BRDA:141,11,0,18
BRDA:141,11,1,0
BRF:24
BRH:6
end_of_record
TN:
SF:app\customer\jobs.helpers.ts
FN:38,canEditOrDelete
FN:42,getActionText
FNF:2
FNH:2
FNDA:9,canEditOrDelete
FNDA:13,getActionText
DA:4,18
DA:21,18
DA:39,9
DA:43,13
DA:46,4
DA:48,1
DA:50,2
DA:52,1
DA:56,1
DA:58,3
DA:60,1
LF:11
LH:11
BRDA:39,0,0,9
BRDA:39,0,1,7
BRDA:39,0,2,5
BRDA:42,1,0,6
BRDA:43,2,0,4
BRDA:43,2,1,4
BRDA:43,2,2,1
BRDA:43,2,3,2
BRDA:43,2,4,1
BRDA:43,2,5,1
BRDA:43,2,6,1
BRDA:43,2,7,1
BRDA:43,2,8,3
BRDA:43,2,9,1
BRDA:46,3,0,3
BRDA:46,3,1,1
BRDA:46,4,0,4
BRDA:46,4,1,1
BRF:18
BRH:18
end_of_record
TN:
SF:app\customer\jobs.tsx
FN:11,canEditOrDelete
FN:15,getActionText
FN:37,aggregateInterestCounts
FN:40,(anonymous_3)
FN:48,CustomerJobsScreen
FN:57,(anonymous_5)
FN:59,(anonymous_6)
FN:61,(anonymous_7)
FN:62,(anonymous_8)
FN:82,(anonymous_9)
FN:86,(anonymous_10)
FN:92,(anonymous_11)
FN:100,(anonymous_12)
FN:107,(anonymous_13)
FN:118,(anonymous_14)
FN:141,(anonymous_15)
FN:147,(anonymous_16)
FN:156,(anonymous_17)
FN:167,(anonymous_18)
FN:178,(anonymous_19)
FN:201,(anonymous_20)
FN:241,(anonymous_21)
FN:254,(anonymous_22)
FN:255,(anonymous_23)
FN:261,(anonymous_24)
FN:359,(anonymous_25)
FN:368,(anonymous_26)
FN:385,(anonymous_27)
FN:390,(anonymous_28)
FN:424,(anonymous_29)
FNF:30
FNH:7
FNDA:5,canEditOrDelete
FNDA:7,getActionText
FNDA:7,aggregateInterestCounts
FNDA:9,(anonymous_3)
FNDA:5,CustomerJobsScreen
FNDA:0,(anonymous_5)
FNDA:0,(anonymous_6)
FNDA:0,(anonymous_7)
FNDA:0,(anonymous_8)
FNDA:2,(anonymous_9)
FNDA:2,(anonymous_10)
FNDA:0,(anonymous_11)
FNDA:0,(anonymous_12)
FNDA:0,(anonymous_13)
FNDA:0,(anonymous_14)
FNDA:0,(anonymous_15)
FNDA:0,(anonymous_16)
FNDA:0,(anonymous_17)
FNDA:0,(anonymous_18)
FNDA:0,(anonymous_19)
FNDA:0,(anonymous_20)
FNDA:0,(anonymous_21)
FNDA:0,(anonymous_22)
FNDA:0,(anonymous_23)
FNDA:0,(anonymous_24)
FNDA:0,(anonymous_25)
FNDA:0,(anonymous_26)
FNDA:0,(anonymous_27)
FNDA:0,(anonymous_28)
FNDA:0,(anonymous_29)
DA:12,5
DA:16,7
DA:19,3
DA:21,1
DA:23,0
DA:25,0
DA:29,1
DA:31,1
DA:33,1
DA:38,7
DA:39,7
DA:40,3
DA:41,9
DA:42,9
DA:43,7
DA:45,3
DA:50,5
DA:51,4
DA:52,4
DA:53,4
DA:54,4
DA:55,4
DA:57,4
DA:59,4
DA:60,0
DA:61,0
DA:62,0
DA:64,0
DA:66,0
DA:67,0
DA:73,0
DA:74,0
DA:75,0
DA:78,0
DA:82,4
DA:83,2
DA:86,4
DA:87,2
DA:88,0
DA:92,4
DA:93,0
DA:94,0
DA:95,0
DA:100,4
DA:101,0
DA:102,0
DA:103,0
DA:107,4
DA:108,0
DA:110,0
DA:119,0
DA:120,0
DA:125,0
DA:127,0
DA:128,0
DA:129,0
DA:130,0
DA:132,0
DA:133,0
DA:141,4
DA:142,0
DA:143,0
DA:144,0
DA:147,4
DA:148,0
DA:149,0
DA:157,0
DA:158,0
DA:159,0
DA:160,0
DA:167,4
DA:168,0
DA:170,0
DA:179,0
DA:180,0
DA:185,0
DA:187,0
DA:188,0
DA:189,0
DA:190,0
DA:192,0
DA:193,0
DA:201,4
DA:202,0
DA:205,0
DA:206,0
DA:208,0
DA:210,0
DA:211,0
DA:215,0
DA:216,0
DA:218,0
DA:219,0
DA:221,0
DA:222,0
DA:225,0
DA:226,0
DA:228,0
DA:229,0
DA:232,0
DA:233,0
DA:235,0
DA:241,4
DA:242,0
DA:243,0
DA:244,0
DA:245,0
DA:247,0
DA:251,0
DA:254,0
DA:255,0
DA:261,0
DA:340,4
DA:341,0
DA:348,4
DA:359,0
DA:368,0
DA:385,0
DA:390,0
DA:424,0
DA:435,15
LF:121
LH:37
BRDA:12,0,0,5
BRDA:12,0,1,4
BRDA:12,0,2,3
BRDA:16,1,0,2
BRDA:16,1,1,3
BRDA:16,1,2,1
BRDA:16,1,3,0
BRDA:16,1,4,0
BRDA:16,1,5,1
BRDA:16,1,6,1
BRDA:16,1,7,1
BRDA:16,1,8,1
BRDA:16,1,9,1
BRDA:19,2,0,2
BRDA:19,2,1,1
BRDA:39,3,0,4
BRDA:39,3,1,3
BRDA:39,4,0,7
BRDA:39,4,1,3
BRDA:41,5,0,9
BRDA:41,5,1,9
BRDA:42,6,0,2
BRDA:42,6,1,7
BRDA:43,7,0,7
BRDA:43,7,1,4
BRDA:61,8,0,0
BRDA:61,8,1,0
BRDA:64,9,0,0
BRDA:64,9,1,0
BRDA:73,10,0,0
BRDA:73,10,1,0
BRDA:87,11,0,0
BRDA:87,11,1,2
BRDA:101,12,0,0
BRDA:101,12,1,0
BRDA:108,13,0,0
BRDA:108,13,1,0
BRDA:125,14,0,0
BRDA:125,14,1,0
BRDA:142,15,0,0
BRDA:142,15,1,0
BRDA:148,16,0,0
BRDA:148,16,1,0
BRDA:160,17,0,0
BRDA:160,17,1,0
BRDA:168,18,0,0
BRDA:168,18,1,0
BRDA:185,19,0,0
BRDA:185,19,1,0
BRDA:202,20,0,0
BRDA:202,20,1,0
BRDA:202,20,2,0
BRDA:202,20,3,0
BRDA:202,20,4,0
BRDA:202,20,5,0
BRDA:202,20,6,0
BRDA:202,20,7,0
BRDA:202,20,8,0
BRDA:202,20,9,0
BRDA:202,20,10,0
BRDA:202,20,11,0
BRDA:202,20,12,0
BRDA:202,20,13,0
BRDA:205,21,0,0
BRDA:205,21,1,0
BRDA:242,22,0,0
BRDA:242,22,1,0
BRDA:247,23,0,0
BRDA:247,23,1,0
BRDA:247,23,2,0
BRDA:247,23,3,0
BRDA:253,24,0,0
BRDA:253,24,1,0
BRDA:258,25,0,0
BRDA:258,25,1,0
BRDA:271,26,0,0
BRDA:271,26,1,0
BRDA:272,27,0,0
BRDA:272,27,1,0
BRDA:277,28,0,0
BRDA:277,28,1,0
BRDA:291,29,0,0
BRDA:291,29,1,0
BRDA:295,30,0,0
BRDA:295,30,1,0
BRDA:296,31,0,0
BRDA:296,31,1,0
BRDA:303,32,0,0
BRDA:303,32,1,0
BRDA:303,32,2,0
BRDA:310,33,0,0
BRDA:310,33,1,0
BRDA:310,33,2,0
BRDA:315,34,0,0
BRDA:315,34,1,0
BRDA:320,35,0,0
BRDA:320,35,1,0
BRDA:322,36,0,0
BRDA:322,36,1,0
BRDA:324,37,0,0
BRDA:324,37,1,0
BRDA:325,38,0,0
BRDA:325,38,1,0
BRDA:340,39,0,0
BRDA:340,39,1,4
BRDA:340,40,0,4
BRDA:340,40,1,0
BRDA:352,41,0,4
BRDA:352,41,1,0
BRDA:394,42,0,4
BRDA:394,42,1,0
BRDA:396,43,0,0
BRDA:396,43,1,0
BRDA:405,44,0,4
BRDA:405,44,1,0
BRDA:405,44,2,0
BRDA:405,44,3,0
BRF:117
BRH:29
end_of_record
TN:
SF:app\customer\messages.tsx
FN:15,CustomerMessagesScreen
FN:22,(anonymous_1)
FN:69,(anonymous_2)
FN:89,(anonymous_3)
FN:94,(anonymous_4)
FN:105,(anonymous_5)
FN:106,(anonymous_6)
FN:152,(anonymous_7)
FNF:8
FNH:6
FNDA:13,CustomerMessagesScreen
FNDA:6,(anonymous_1)
FNDA:9,(anonymous_2)
FNDA:0,(anonymous_3)
FNDA:1,(anonymous_4)
FNDA:6,(anonymous_5)
FNDA:1,(anonymous_6)
FNDA:0,(anonymous_7)
DA:17,13
DA:18,12
DA:19,12
DA:20,12
DA:22,12
DA:23,6
DA:25,6
DA:26,6
DA:33,6
DA:35,6
DA:37,6
DA:38,6
DA:40,6
DA:46,6
DA:53,6
DA:60,6
DA:62,0
DA:64,6
DA:65,6
DA:69,12
DA:74,9
DA:75,9
DA:76,9
DA:78,3
DA:79,3
DA:86,6
DA:89,12
DA:90,0
DA:91,0
DA:94,12
DA:95,1
DA:105,12
DA:106,6
DA:128,12
DA:129,4
DA:136,8
DA:152,0
DA:168,8
LF:38
LH:34
BRDA:23,0,0,0
BRDA:23,0,1,6
BRDA:33,1,0,0
BRDA:33,1,1,6
BRDA:37,2,0,6
BRDA:37,2,1,0
BRDA:38,3,0,0
BRDA:38,3,1,6
BRDA:55,4,0,6
BRDA:55,4,1,0
BRDA:56,5,0,6
BRDA:56,5,1,0
BRDA:75,6,0,9
BRDA:75,6,1,0
BRDA:75,7,0,9
BRDA:75,7,1,9
BRDA:76,8,0,3
BRDA:76,8,1,6
BRDA:114,9,0,6
BRDA:114,9,1,0
BRDA:121,10,0,6
BRDA:121,10,1,0
BRDA:128,11,0,4
BRDA:128,11,1,8
BRDA:140,12,0,2
BRDA:140,12,1,6
BRF:26
BRH:17
end_of_record
TN:
SF:app\customer\post-job.tsx
FN:15,Dropdown
FN:37,(anonymous_1)
FN:52,(anonymous_2)
FN:59,(anonymous_3)
FN:81,PostJobScreen
FN:111,(anonymous_5)
FN:129,(anonymous_6)
FN:135,(anonymous_7)
FN:153,(anonymous_8)
FN:154,(anonymous_9)
FN:157,(anonymous_10)
FN:184,(anonymous_11)
FN:248,(anonymous_12)
FN:329,(anonymous_13)
FN:329,(anonymous_14)
FN:340,(anonymous_15)
FN:340,(anonymous_16)
FN:349,(anonymous_17)
FN:349,(anonymous_18)
FN:359,(anonymous_19)
FN:359,(anonymous_20)
FN:373,(anonymous_21)
FN:373,(anonymous_22)
FN:382,(anonymous_23)
FN:385,(anonymous_24)
FN:399,(anonymous_25)
FN:399,(anonymous_26)
FN:414,(anonymous_27)
FN:419,(anonymous_28)
FNF:29
FNH:8
FNDA:60,Dropdown
FNDA:0,(anonymous_1)
FNDA:0,(anonymous_2)
FNDA:0,(anonymous_3)
FNDA:23,PostJobScreen
FNDA:9,(anonymous_5)
FNDA:9,(anonymous_6)
FNDA:0,(anonymous_7)
FNDA:0,(anonymous_8)
FNDA:0,(anonymous_9)
FNDA:5,(anonymous_10)
FNDA:6,(anonymous_11)
FNDA:1,(anonymous_12)
FNDA:0,(anonymous_13)
FNDA:0,(anonymous_14)
FNDA:0,(anonymous_15)
FNDA:0,(anonymous_16)
FNDA:0,(anonymous_17)
FNDA:0,(anonymous_18)
FNDA:0,(anonymous_19)
FNDA:0,(anonymous_20)
FNDA:0,(anonymous_21)
FNDA:0,(anonymous_22)
FNDA:0,(anonymous_23)
FNDA:0,(anonymous_24)
FNDA:0,(anonymous_25)
FNDA:0,(anonymous_26)
FNDA:11,(anonymous_27)
FNDA:0,(anonymous_28)
DA:30,60
DA:32,60
DA:37,0
DA:53,0
DA:60,0
DA:61,0
DA:82,23
DA:83,23
DA:87,22
DA:88,22
DA:89,22
DA:90,22
DA:91,22
DA:92,22
DA:93,22
DA:94,22
DA:95,22
DA:96,22
DA:99,22
DA:100,22
DA:101,22
DA:111,22
DA:112,9
DA:113,7
DA:114,7
DA:115,7
DA:116,7
DA:117,7
DA:118,7
DA:119,7
DA:120,7
DA:121,7
DA:122,7
DA:123,7
DA:126,22
DA:127,22
DA:129,22
DA:130,9
DA:131,0
DA:135,22
DA:136,0
DA:137,0
DA:138,0
DA:141,0
DA:148,0
DA:149,0
DA:153,22
DA:154,0
DA:157,22
DA:158,5
DA:159,5
DA:160,1
DA:162,5
DA:163,1
DA:165,5
DA:166,0
DA:168,5
DA:169,0
DA:171,5
DA:172,0
DA:174,5
DA:175,5
DA:176,0
DA:177,5
DA:178,0
DA:181,5
DA:184,22
DA:185,6
DA:186,1
DA:187,1
DA:190,5
DA:191,5
DA:192,2
DA:193,2
DA:196,3
DA:197,0
DA:198,0
DA:201,3
DA:203,3
DA:204,3
DA:210,3
DA:212,3
DA:214,3
DA:215,3
DA:217,3
DA:218,3
DA:220,0
DA:221,0
DA:224,3
DA:239,3
DA:240,3
DA:242,1
DA:243,1
DA:244,1
DA:247,2
DA:249,1
DA:250,1
DA:251,1
DA:260,1
DA:261,1
DA:262,1
DA:263,1
DA:265,3
DA:269,22
DA:329,0
DA:340,0
DA:349,0
DA:359,0
DA:373,0
DA:383,0
DA:384,0
DA:385,0
DA:399,0
DA:415,11
DA:419,0
DA:455,15
LF:116
LH:85
BRDA:36,0,0,60
BRDA:36,0,1,0
BRDA:39,1,0,60
BRDA:39,1,1,9
BRDA:40,2,0,60
BRDA:40,2,1,9
BRDA:43,3,0,0
BRDA:43,3,1,60
BRDA:48,4,0,60
BRDA:48,4,1,0
BRDA:49,5,0,60
BRDA:49,5,1,0
BRDA:57,6,0,0
BRDA:57,6,1,0
BRDA:67,7,0,0
BRDA:67,7,1,0
BRDA:81,8,0,1
BRDA:87,9,0,22
BRDA:87,9,1,7
BRDA:87,9,2,3
BRDA:88,10,0,22
BRDA:88,10,1,7
BRDA:88,10,2,6
BRDA:89,11,0,22
BRDA:89,11,1,19
BRDA:90,12,0,22
BRDA:90,12,1,5
BRDA:90,12,2,5
BRDA:91,13,0,22
BRDA:91,13,1,5
BRDA:91,13,2,5
BRDA:92,14,0,22
BRDA:92,14,1,5
BRDA:93,15,0,22
BRDA:93,15,1,5
BRDA:94,16,0,22
BRDA:94,16,1,5
BRDA:95,17,0,22
BRDA:95,17,1,5
BRDA:97,18,0,0
BRDA:97,18,1,22
BRDA:99,19,0,22
BRDA:99,19,1,15
BRDA:112,20,0,2
BRDA:112,20,1,7
BRDA:113,21,0,5
BRDA:113,21,1,2
BRDA:114,22,0,5
BRDA:114,22,1,2
BRDA:115,23,0,1
BRDA:115,23,1,6
BRDA:116,24,0,6
BRDA:116,24,1,1
BRDA:117,25,0,6
BRDA:117,25,1,1
BRDA:118,26,0,6
BRDA:118,26,1,1
BRDA:119,27,0,6
BRDA:119,27,1,1
BRDA:120,28,0,6
BRDA:120,28,1,1
BRDA:121,29,0,0
BRDA:121,29,1,7
BRDA:122,30,0,6
BRDA:122,30,1,1
BRDA:123,31,0,3
BRDA:123,31,1,4
BRDA:127,32,0,0
BRDA:127,32,1,22
BRDA:130,33,0,0
BRDA:130,33,1,9
BRDA:136,34,0,0
BRDA:136,34,1,0
BRDA:148,35,0,0
BRDA:148,35,1,0
BRDA:148,36,0,0
BRDA:148,36,1,0
BRDA:159,37,0,1
BRDA:159,37,1,4
BRDA:162,38,0,1
BRDA:162,38,1,4
BRDA:165,39,0,0
BRDA:165,39,1,5
BRDA:168,40,0,0
BRDA:168,40,1,5
BRDA:171,41,0,0
BRDA:171,41,1,5
BRDA:174,42,0,5
BRDA:174,42,1,0
BRDA:175,43,0,0
BRDA:175,43,1,5
BRDA:177,44,0,0
BRDA:177,44,1,5
BRDA:185,45,0,1
BRDA:185,45,1,5
BRDA:185,46,0,6
BRDA:185,46,1,5
BRDA:191,47,0,2
BRDA:191,47,1,3
BRDA:196,48,0,0
BRDA:196,48,1,3
BRDA:196,49,0,3
BRDA:196,49,1,0
BRDA:204,50,0,0
BRDA:204,50,1,3
BRDA:214,51,0,3
BRDA:214,51,1,3
BRDA:214,51,2,3
BRDA:217,52,0,3
BRDA:217,52,1,3
BRDA:217,53,0,3
BRDA:217,53,1,0
BRDA:218,54,0,0
BRDA:218,54,1,3
BRDA:218,55,0,3
BRDA:218,55,1,3
BRDA:228,56,0,3
BRDA:228,56,1,2
BRDA:235,57,0,1
BRDA:235,57,1,2
BRDA:239,58,0,1
BRDA:239,58,1,2
BRDA:239,59,0,3
BRDA:239,59,1,1
BRDA:239,59,2,0
BRDA:239,60,0,1
BRDA:239,60,1,0
BRDA:240,61,0,1
BRDA:240,61,1,2
BRDA:250,62,0,1
BRDA:250,62,1,0
BRDA:250,63,0,1
BRDA:250,63,1,1
BRDA:278,64,0,22
BRDA:278,64,1,0
BRDA:327,65,0,22
BRDA:327,65,1,2
BRDA:333,66,0,22
BRDA:333,66,1,2
BRDA:357,67,0,22
BRDA:357,67,1,2
BRDA:366,68,0,22
BRDA:366,68,1,2
BRDA:388,69,0,22
BRDA:388,69,1,0
BRDA:389,70,0,22
BRDA:389,70,1,0
BRDA:393,71,0,22
BRDA:393,71,1,22
BRDA:394,72,0,22
BRDA:394,72,1,0
BRDA:406,73,0,22
BRDA:406,73,1,0
BRDA:411,74,0,0
BRDA:411,74,1,22
BRDA:425,75,0,22
BRDA:425,75,1,21
BRDA:436,76,0,22
BRDA:436,76,1,3
BRDA:440,77,0,3
BRDA:440,77,1,19
BRF:161
BRH:123
end_of_record
TN:
SF:app\customer\profile.tsx
FN:10,CustomerProfileScreen
FN:16,(anonymous_1)
FN:23,(anonymous_2)
FN:25,(anonymous_3)
FN:32,(anonymous_4)
FN:44,(anonymous_5)
FN:50,(anonymous_6)
FN:86,(anonymous_7)
FNF:8
FNH:1
FNDA:3,CustomerProfileScreen
FNDA:0,(anonymous_1)
FNDA:0,(anonymous_2)
FNDA:0,(anonymous_3)
FNDA:0,(anonymous_4)
FNDA:0,(anonymous_5)
FNDA:0,(anonymous_6)
FNDA:0,(anonymous_7)
DA:11,3
DA:12,2
DA:13,2
DA:14,2
DA:16,2
DA:17,0
DA:18,0
DA:24,0
DA:25,0
DA:26,0
DA:27,0
DA:32,2
DA:33,0
DA:39,0
DA:40,0
DA:44,2
DA:45,0
DA:51,0
DA:52,0
DA:58,2
DA:87,0
DA:158,7
LF:22
LH:9
BRDA:17,0,0,0
BRDA:17,0,1,0
BRDA:24,1,0,0
BRDA:24,1,1,0
BRDA:24,2,0,0
BRDA:24,2,1,0
BRDA:39,3,0,0
BRDA:39,3,1,0
BRDA:39,4,0,0
BRDA:39,4,1,0
BRDA:67,5,0,0
BRDA:67,5,1,2
BRDA:84,6,0,2
BRDA:84,6,1,0
BRDA:89,7,0,0
BRDA:89,7,1,0
BRDA:98,8,0,0
BRDA:98,8,1,0
BRDA:119,9,0,2
BRDA:119,9,1,2
BRDA:127,10,0,2
BRDA:127,10,1,2
BRF:22
BRH:6
end_of_record
TN:
SF:app\job\_layout.tsx
FN:4,JobLayout
FNF:1
FNH:1
FNDA:1,JobLayout
DA:5,1
LF:1
LH:1
BRF:0
BRH:0
end_of_record
TN:
SF:app\job\approve-quote.tsx
FN:11,ApproveQuoteScreen
FN:21,(anonymous_1)
FN:24,(anonymous_2)
FN:29,(anonymous_3)
FN:40,(anonymous_4)
FN:61,(anonymous_5)
FN:65,(anonymous_6)
FN:110,(anonymous_7)
FN:111,(anonymous_8)
FN:112,(anonymous_9)
FN:113,(anonymous_10)
FN:120,(anonymous_11)
FN:272,(anonymous_12)
FNF:13
FNH:10
FNDA:13,ApproveQuoteScreen
FNDA:12,(anonymous_1)
FNDA:6,(anonymous_2)
FNDA:2,(anonymous_3)
FNDA:0,(anonymous_4)
FNDA:1,(anonymous_5)
FNDA:1,(anonymous_6)
FNDA:12,(anonymous_7)
FNDA:12,(anonymous_8)
FNDA:10,(anonymous_9)
FNDA:12,(anonymous_10)
FNDA:0,(anonymous_11)
FNDA:0,(anonymous_12)
DA:12,13
DA:13,13
DA:14,13
DA:15,13
DA:17,13
DA:18,13
DA:19,13
DA:21,13
DA:22,13
DA:24,13
DA:25,6
DA:26,4
DA:29,13
DA:30,2
DA:31,2
DA:32,2
DA:34,2
DA:35,1
DA:36,1
DA:37,0
DA:40,0
DA:44,1
DA:45,1
DA:46,0
DA:50,2
DA:51,2
DA:54,2
DA:55,2
DA:57,2
DA:61,13
DA:62,1
DA:65,13
DA:66,1
DA:67,1
DA:68,0
DA:69,0
DA:72,1
DA:73,1
DA:74,1
DA:85,13
DA:86,1
DA:93,12
DA:95,12
DA:98,12
DA:101,12
DA:104,12
DA:108,12
DA:110,12
DA:111,12
DA:112,12
DA:113,12
DA:117,12
DA:120,0
DA:272,0
DA:290,8
LF:55
LH:48
BRDA:25,0,0,2
BRDA:25,0,1,4
BRDA:26,1,0,0
BRDA:26,1,1,4
BRDA:34,2,0,1
BRDA:34,2,1,1
BRDA:36,3,0,0
BRDA:36,3,1,1
BRDA:45,4,0,0
BRDA:45,4,1,1
BRDA:50,5,0,2
BRDA:50,5,1,0
BRDA:55,6,0,1
BRDA:55,6,1,1
BRDA:67,7,0,0
BRDA:67,7,1,1
BRDA:79,8,0,1
BRDA:79,8,1,0
BRDA:85,9,0,1
BRDA:85,9,1,12
BRDA:93,10,0,12
BRDA:93,10,1,4
BRDA:95,11,0,4
BRDA:95,11,1,8
BRDA:96,12,0,4
BRDA:96,12,1,0
BRDA:96,13,0,4
BRDA:96,13,1,0
BRDA:97,14,0,8
BRDA:97,14,1,0
BRDA:98,15,0,4
BRDA:98,15,1,8
BRDA:99,16,0,4
BRDA:99,16,1,0
BRDA:100,17,0,8
BRDA:100,17,1,0
BRDA:101,18,0,4
BRDA:101,18,1,8
BRDA:102,19,0,4
BRDA:102,19,1,0
BRDA:103,20,0,8
BRDA:103,20,1,0
BRDA:104,21,0,4
BRDA:104,21,1,8
BRDA:110,22,0,4
BRDA:110,22,1,8
BRDA:111,23,0,4
BRDA:111,23,1,8
BRDA:112,24,0,3
BRDA:112,24,1,7
BRDA:113,25,0,4
BRDA:113,25,1,8
BRDA:131,26,0,4
BRDA:131,26,1,8
BRDA:137,27,0,12
BRDA:137,27,1,4
BRDA:146,28,0,12
BRDA:146,28,1,4
BRDA:151,29,0,4
BRDA:151,29,1,0
BRDA:157,30,0,4
BRDA:157,30,1,0
BRDA:177,31,0,4
BRDA:177,31,1,8
BRDA:183,32,0,12
BRDA:183,32,1,8
BRDA:191,33,0,12
BRDA:191,33,1,8
BRDA:211,34,0,12
BRDA:211,34,1,4
BRDA:213,35,0,4
BRDA:213,35,1,8
BRDA:215,36,0,4
BRDA:215,36,1,8
BRDA:220,37,0,12
BRDA:220,37,1,4
BRDA:240,38,0,2
BRDA:240,38,1,10
BRDA:257,39,0,4
BRDA:257,39,1,8
BRF:80
BRH:65
end_of_record
TN:
SF:app\job\choose-tradesman.tsx
FN:11,StarRating
FN:17,(anonymous_1)
FN:29,ChooseTradesmanScreen
FN:42,(anonymous_3)
FN:50,(anonymous_4)
FN:67,(anonymous_5)
FN:70,(anonymous_6)
FN:81,(anonymous_7)
FN:116,(anonymous_8)
FN:128,(anonymous_9)
FN:136,(anonymous_10)
FN:188,(anonymous_11)
FNF:12
FNH:10
FNDA:4,StarRating
FNDA:20,(anonymous_1)
FNDA:9,ChooseTradesmanScreen
FNDA:2,(anonymous_3)
FNDA:0,(anonymous_4)
FNDA:1,(anonymous_5)
FNDA:1,(anonymous_6)
FNDA:1,(anonymous_7)
FNDA:0,(anonymous_8)
FNDA:4,(anonymous_9)
FNDA:1,(anonymous_10)
FNDA:1,(anonymous_11)
DA:12,4
DA:13,4
DA:15,4
DA:18,20
DA:30,9
DA:31,9
DA:32,9
DA:33,9
DA:35,9
DA:36,8
DA:37,8
DA:38,8
DA:42,8
DA:44,2
DA:45,2
DA:46,2
DA:47,2
DA:50,0
DA:51,0
DA:52,0
DA:53,0
DA:54,0
DA:55,0
DA:57,0
DA:58,0
DA:60,0
DA:64,0
DA:67,8
DA:68,1
DA:69,1
DA:70,1
DA:71,1
DA:72,1
DA:73,1
DA:75,0
DA:77,1
DA:81,8
DA:82,1
DA:85,8
DA:86,4
DA:93,4
DA:94,0
DA:103,4
DA:104,0
DA:113,4
DA:116,0
DA:129,4
DA:130,4
DA:132,4
DA:136,1
DA:191,1
DA:192,1
DA:215,8
LF:53
LH:39
BRDA:20,0,0,16
BRDA:20,0,1,4
BRDA:20,1,0,4
BRDA:20,1,1,0
BRDA:20,2,0,4
BRDA:20,2,1,4
BRDA:29,3,0,1
BRDA:44,4,0,2
BRDA:44,4,1,0
BRDA:45,5,0,2
BRDA:45,5,1,0
BRDA:55,6,0,0
BRDA:55,6,1,0
BRDA:71,7,0,1
BRDA:71,7,1,1
BRDA:85,8,0,4
BRDA:85,8,1,4
BRDA:93,9,0,0
BRDA:93,9,1,4
BRDA:103,10,0,0
BRDA:103,10,1,4
BRDA:124,11,0,0
BRDA:124,11,1,4
BRDA:130,12,0,0
BRDA:130,12,1,4
BRDA:146,13,0,4
BRDA:146,13,1,4
BRDA:149,14,0,4
BRDA:149,14,1,0
BRDA:157,15,0,4
BRDA:157,15,1,0
BRDA:161,16,0,4
BRDA:161,16,1,0
BRDA:187,17,0,4
BRDA:187,17,1,1
BRDA:196,18,0,1
BRDA:196,18,1,3
BRF:37
BRH:25
end_of_record
TN:
SF:app\job\pay-deposit.tsx
FN:11,PayDepositScreen
FN:19,(anonymous_1)
FN:23,(anonymous_2)
FN:26,(anonymous_3)
FN:45,(anonymous_4)
FN:58,(anonymous_5)
FN:98,(anonymous_6)
FN:104,(anonymous_7)
FN:112,(anonymous_8)
FNF:9
FNH:4
FNDA:1,PayDepositScreen
FNDA:0,(anonymous_1)
FNDA:1,(anonymous_2)
FNDA:1,(anonymous_3)
FNDA:1,(anonymous_4)
FNDA:0,(anonymous_5)
FNDA:0,(anonymous_6)
FNDA:0,(anonymous_7)
FNDA:0,(anonymous_8)
DA:12,1
DA:13,1
DA:14,1
DA:15,1
DA:17,1
DA:19,1
DA:20,1
DA:21,1
DA:23,1
DA:24,1
DA:26,1
DA:27,1
DA:28,1
DA:29,1
DA:32,0
DA:38,0
DA:39,0
DA:43,1
DA:45,1
DA:46,1
DA:50,1
DA:51,1
DA:58,0
DA:59,0
DA:60,0
DA:61,0
DA:62,0
DA:65,0
DA:67,0
DA:75,0
DA:76,0
DA:77,0
DA:80,0
DA:82,0
DA:83,0
DA:84,0
DA:87,0
DA:94,0
DA:98,0
DA:99,0
DA:104,0
DA:109,0
DA:112,0
DA:202,6
LF:44
LH:20
BRDA:20,0,0,0
BRDA:20,0,1,1
BRDA:20,1,0,0
BRDA:20,1,1,0
BRDA:27,2,0,1
BRDA:27,2,1,0
BRDA:38,3,0,0
BRDA:38,3,1,0
BRDA:39,4,0,0
BRDA:39,4,1,0
BRDA:50,5,0,1
BRDA:50,5,1,0
BRDA:60,6,0,0
BRDA:60,6,1,0
BRDA:75,7,0,0
BRDA:75,7,1,0
BRDA:82,8,0,0
BRDA:82,8,1,0
BRDA:94,9,0,0
BRDA:94,9,1,0
BRF:20
BRH:3
end_of_record
TN:
SF:app\job\pay-final.tsx
FN:10,PayFinalBalanceScreen
FN:18,(anonymous_1)
FN:41,(anonymous_2)
FN:45,(anonymous_3)
FN:59,(anonymous_4)
FN:66,(anonymous_5)
FN:67,(anonymous_6)
FN:72,(anonymous_7)
FN:209,(anonymous_8)
FNF:9
FNH:1
FNDA:2,PayFinalBalanceScreen
FNDA:0,(anonymous_1)
FNDA:0,(anonymous_2)
FNDA:0,(anonymous_3)
FNDA:0,(anonymous_4)
FNDA:0,(anonymous_5)
FNDA:0,(anonymous_6)
FNDA:0,(anonymous_7)
FNDA:0,(anonymous_8)
DA:11,2
DA:12,2
DA:13,2
DA:14,2
DA:16,2
DA:18,2
DA:19,2
DA:21,2
DA:23,2
DA:25,2
DA:27,2
DA:28,2
DA:31,2
DA:33,2
DA:34,2
DA:41,0
DA:42,0
DA:45,0
DA:46,0
DA:49,0
DA:50,0
DA:52,0
DA:55,0
DA:56,0
DA:59,0
DA:62,0
DA:66,0
DA:67,0
DA:69,0
DA:72,0
DA:209,0
DA:215,7
LF:32
LH:16
BRDA:19,0,0,2
BRDA:19,0,1,2
BRDA:21,1,0,2
BRDA:21,1,1,2
BRDA:23,2,0,0
BRDA:23,2,1,2
BRDA:23,3,0,0
BRDA:23,3,1,0
BRDA:23,4,0,2
BRDA:23,4,1,2
BRDA:27,5,0,2
BRDA:27,5,1,2
BRDA:28,6,0,0
BRDA:28,6,1,2
BRDA:28,7,0,2
BRDA:28,7,1,0
BRDA:33,8,0,2
BRDA:33,8,1,0
BRDA:49,9,0,0
BRDA:49,9,1,0
BRDA:55,10,0,0
BRDA:55,10,1,0
BRDA:66,11,0,0
BRDA:66,11,1,0
BRDA:67,12,0,0
BRDA:67,12,1,0
BRDA:82,13,0,0
BRDA:82,13,1,0
BRDA:93,14,0,0
BRDA:93,14,1,0
BRDA:93,14,2,0
BRDA:99,15,0,0
BRDA:99,15,1,0
BRDA:105,16,0,0
BRDA:105,16,1,0
BRDA:111,17,0,0
BRDA:111,17,1,0
BRDA:116,18,0,0
BRDA:116,18,1,0
BRDA:122,19,0,0
BRDA:122,19,1,0
BRDA:122,20,0,0
BRDA:122,20,1,0
BRDA:128,21,0,0
BRDA:128,21,1,0
BRDA:131,22,0,0
BRDA:131,22,1,0
BRDA:178,23,0,0
BRDA:178,23,1,0
BRDA:207,24,0,0
BRDA:207,24,1,0
BRF:51
BRH:12
end_of_record
TN:
SF:app\job\receipt.tsx
FN:8,ReceiptScreen
FN:14,(anonymous_1)
FN:31,(anonymous_2)
FN:110,(anonymous_3)
FNF:4
FNH:1
FNDA:1,ReceiptScreen
FNDA:0,(anonymous_1)
FNDA:0,(anonymous_2)
FNDA:0,(anonymous_3)
DA:9,1
DA:10,1
DA:11,1
DA:12,1
DA:14,1
DA:16,1
DA:17,1
DA:24,0
DA:25,0
DA:26,0
DA:28,0
DA:31,0
DA:110,0
DA:120,6
LF:14
LH:8
BRDA:16,0,0,1
BRDA:16,0,1,0
BRDA:24,1,0,0
BRDA:24,1,1,0
BRDA:25,2,0,0
BRDA:25,2,1,0
BRF:6
BRH:1
end_of_record
TN:
SF:app\job\review.tsx
FN:11,StarRatingInput
FN:14,(anonymous_1)
FN:15,(anonymous_2)
FN:27,ReviewScreen
FN:38,(anonymous_4)
FN:48,(anonymous_5)
FN:78,(anonymous_6)
FN:94,(anonymous_7)
FN:108,(anonymous_8)
FN:167,(anonymous_9)
FNF:10
FNH:1
FNDA:0,StarRatingInput
FNDA:0,(anonymous_1)
FNDA:0,(anonymous_2)
FNDA:1,ReviewScreen
FNDA:0,(anonymous_4)
FNDA:0,(anonymous_5)
FNDA:0,(anonymous_6)
FNDA:0,(anonymous_7)
FNDA:0,(anonymous_8)
FNDA:0,(anonymous_9)
DA:12,0
DA:15,0
DA:28,1
DA:29,1
DA:30,1
DA:31,1
DA:32,1
DA:34,1
DA:35,1
DA:36,1
DA:38,1
DA:40,1
DA:41,1
DA:48,0
DA:49,0
DA:50,0
DA:51,0
DA:54,0
DA:55,0
DA:56,0
DA:57,0
DA:59,0
DA:68,0
DA:70,0
DA:71,0
DA:72,0
DA:75,0
DA:78,0
DA:82,0
DA:83,0
DA:84,0
DA:85,0
DA:87,0
DA:90,0
DA:94,0
DA:95,0
DA:96,0
DA:97,0
DA:98,0
DA:99,0
DA:100,0
DA:101,0
DA:105,0
DA:108,0
DA:167,0
DA:175,6
LF:46
LH:12
BRDA:17,0,0,0
BRDA:17,0,1,0
BRDA:40,1,0,1
BRDA:40,1,1,0
BRDA:49,2,0,0
BRDA:49,2,1,0
BRDA:57,3,0,0
BRDA:57,3,1,0
BRDA:64,4,0,0
BRDA:64,4,1,0
BRDA:68,5,0,0
BRDA:68,5,1,0
BRDA:84,6,0,0
BRDA:84,6,1,0
BRDA:95,7,0,0
BRDA:95,7,1,0
BRDA:95,7,2,0
BRDA:95,7,3,0
BRDA:95,7,4,0
BRDA:95,7,5,0
BRDA:157,8,0,0
BRDA:157,8,1,0
BRDA:159,9,0,0
BRDA:159,9,1,0
BRDA:163,10,0,0
BRDA:163,10,1,0
BRF:26
BRH:1
end_of_record
TN:
SF:app\job\send-quote.tsx
FN:12,SendQuoteScreen
FN:19,(anonymous_1)
FN:22,(anonymous_2)
FN:56,(anonymous_3)
FN:64,(anonymous_4)
FN:75,(anonymous_5)
FN:87,(anonymous_6)
FN:96,(anonymous_7)
FN:114,(anonymous_8)
FN:131,(anonymous_9)
FN:147,(anonymous_10)
FN:178,(anonymous_11)
FNF:12
FNH:2
FNDA:1,SendQuoteScreen
FNDA:0,(anonymous_1)
FNDA:1,(anonymous_2)
FNDA:0,(anonymous_3)
FNDA:0,(anonymous_4)
FNDA:0,(anonymous_5)
FNDA:0,(anonymous_6)
FNDA:0,(anonymous_7)
FNDA:0,(anonymous_8)
FNDA:0,(anonymous_9)
FNDA:0,(anonymous_10)
FNDA:0,(anonymous_11)
DA:13,1
DA:14,1
DA:15,1
DA:16,1
DA:17,1
DA:19,1
DA:20,1
DA:22,1
DA:23,1
DA:24,1
DA:25,1
DA:26,0
DA:28,1
DA:31,1
DA:32,1
DA:35,1
DA:36,1
DA:39,1
DA:40,1
DA:42,1
DA:43,1
DA:44,1
DA:47,1
DA:48,1
DA:50,1
DA:51,1
DA:54,1
DA:56,1
DA:57,0
DA:58,0
DA:59,0
DA:60,0
DA:64,1
DA:65,0
DA:67,0
DA:69,0
DA:71,0
DA:75,1
DA:76,0
DA:77,0
DA:78,0
DA:81,0
DA:82,0
DA:87,0
DA:90,0
DA:93,0
DA:96,1
DA:97,0
DA:98,0
DA:99,0
DA:101,0
DA:103,0
DA:110,0
DA:111,0
DA:114,0
DA:117,0
DA:120,0
DA:127,0
DA:128,0
DA:131,0
DA:134,0
DA:137,0
DA:143,0
DA:144,0
DA:147,0
DA:150,0
DA:153,0
DA:154,0
DA:157,0
DA:158,0
DA:160,0
DA:164,1
DA:165,1
DA:172,0
DA:178,0
DA:364,5
LF:76
LH:33
BRDA:23,0,0,0
BRDA:23,0,1,1
BRDA:24,1,0,0
BRDA:24,1,1,1
BRDA:25,2,0,0
BRDA:25,2,1,1
BRDA:26,3,0,0
BRDA:26,3,1,0
BRDA:31,4,0,1
BRDA:31,4,1,1
BRDA:33,5,0,1
BRDA:33,5,1,1
BRDA:33,5,2,1
BRDA:37,6,0,1
BRDA:37,6,1,1
BRDA:42,7,0,1
BRDA:42,7,1,1
BRDA:43,8,0,1
BRDA:43,8,1,1
BRDA:44,9,0,1
BRDA:44,9,1,0
BRDA:45,10,0,1
BRDA:45,10,1,1
BRDA:47,11,0,1
BRDA:47,11,1,1
BRDA:50,12,0,1
BRDA:50,12,1,1
BRDA:51,13,0,0
BRDA:51,13,1,1
BRDA:51,14,0,1
BRDA:51,14,1,0
BRDA:57,15,0,0
BRDA:57,15,1,0
BRDA:57,15,2,0
BRDA:65,16,0,0
BRDA:65,16,1,0
BRDA:65,16,2,0
BRDA:76,17,0,0
BRDA:76,17,1,0
BRDA:81,18,0,0
BRDA:81,18,1,0
BRDA:81,19,0,0
BRDA:81,19,1,0
BRDA:84,20,0,0
BRDA:84,20,1,0
BRDA:101,21,0,0
BRDA:101,21,1,0
BRDA:101,21,2,0
BRDA:107,22,0,0
BRDA:107,22,1,0
BRDA:110,23,0,0
BRDA:110,23,1,0
BRDA:124,24,0,0
BRDA:124,24,1,0
BRDA:127,25,0,0
BRDA:127,25,1,0
BRDA:140,26,0,0
BRDA:140,26,1,0
BRDA:143,27,0,0
BRDA:143,27,1,0
BRDA:153,28,0,0
BRDA:153,28,1,0
BRDA:164,29,0,1
BRDA:164,29,1,0
BRDA:175,30,0,0
BRDA:175,30,1,0
BRDA:189,31,0,0
BRDA:189,31,1,0
BRDA:189,32,0,0
BRDA:189,32,1,0
BRDA:194,33,0,0
BRDA:194,33,1,0
BRDA:203,34,0,0
BRDA:203,34,1,0
BRDA:222,35,0,0
BRDA:222,35,1,0
BRDA:283,36,0,0
BRDA:283,36,1,0
BRDA:296,37,0,0
BRDA:296,37,1,0
BRDA:296,38,0,0
BRDA:296,38,1,0
BRDA:301,39,0,0
BRDA:301,39,1,0
BRDA:301,39,2,0
BRDA:302,40,0,0
BRDA:302,40,1,0
BRDA:304,41,0,0
BRDA:304,41,1,0
BRDA:306,42,0,0
BRDA:306,42,1,0
BRDA:310,43,0,0
BRDA:310,43,1,0
BRDA:311,44,0,0
BRDA:311,44,1,0
BRDA:326,45,0,0
BRDA:326,45,1,0
BRDA:326,45,2,0
BRDA:326,45,3,0
BRDA:350,46,0,0
BRDA:350,46,1,0
BRDA:352,47,0,0
BRDA:352,47,1,0
BRDA:356,48,0,0
BRDA:356,48,1,0
BRDA:356,49,0,0
BRDA:356,49,1,0
BRDA:356,50,0,0
BRDA:356,50,1,0
BRF:109
BRH:24
end_of_record
TN:
SF:app\job\tracking.tsx
FN:12,getStatusDescription
FN:39,getCancelRefundMessage
FN:49,JobTrackingScreen
FN:60,(anonymous_3)
FN:63,(anonymous_4)
FN:65,(anonymous_5)
FN:66,(anonymous_6)
FN:70,(anonymous_7)
FN:74,(anonymous_8)
FN:89,(anonymous_9)
FN:129,(anonymous_10)
FN:161,(anonymous_11)
FN:172,(anonymous_12)
FN:189,(anonymous_13)
FN:195,(anonymous_14)
FN:210,(anonymous_15)
FN:322,(anonymous_16)
FN:332,(anonymous_17)
FNF:18
FNH:9
FNDA:8,getStatusDescription
FNDA:4,getCancelRefundMessage
FNDA:3,JobTrackingScreen
FNDA:1,(anonymous_3)
FNDA:3,(anonymous_4)
FNDA:0,(anonymous_5)
FNDA:0,(anonymous_6)
FNDA:0,(anonymous_7)
FNDA:3,(anonymous_8)
FNDA:2,(anonymous_9)
FNDA:0,(anonymous_10)
FNDA:0,(anonymous_11)
FNDA:0,(anonymous_12)
FNDA:0,(anonymous_13)
FNDA:0,(anonymous_14)
FNDA:0,(anonymous_15)
FNDA:2,(anonymous_16)
FNDA:2,(anonymous_17)
DA:13,8
DA:15,2
DA:17,1
DA:19,1
DA:21,0
DA:23,0
DA:25,0
DA:27,0
DA:29,2
DA:31,0
DA:33,0
DA:35,2
DA:40,4
DA:42,4
DA:45,4
DA:50,3
DA:51,3
DA:52,3
DA:53,3
DA:54,3
DA:56,3
DA:57,3
DA:58,3
DA:60,3
DA:61,3
DA:63,3
DA:64,3
DA:65,0
DA:66,0
DA:67,0
DA:68,0
DA:70,0
DA:74,3
DA:75,3
DA:79,3
DA:80,2
DA:87,1
DA:89,1
DA:90,2
DA:92,1
DA:93,1
DA:95,0
DA:96,0
DA:98,0
DA:99,0
DA:101,0
DA:102,0
DA:104,0
DA:105,0
DA:107,0
DA:108,0
DA:110,0
DA:111,0
DA:113,0
DA:114,0
DA:116,1
DA:117,1
DA:119,0
DA:120,0
DA:121,0
DA:122,0
DA:123,0
DA:124,0
DA:129,0
DA:133,0
DA:134,0
DA:140,0
DA:142,0
DA:143,0
DA:145,0
DA:146,0
DA:148,0
DA:149,0
DA:151,0
DA:152,0
DA:153,0
DA:162,0
DA:165,0
DA:166,0
DA:167,0
DA:172,0
DA:180,0
DA:181,0
DA:190,0
DA:191,0
DA:192,0
DA:195,0
DA:203,0
DA:207,1
DA:210,0
DA:323,2
DA:332,2
DA:349,12
LF:93
LH:36
BRDA:13,0,0,2
BRDA:13,0,1,1
BRDA:13,0,2,1
BRDA:13,0,3,0
BRDA:13,0,4,0
BRDA:13,0,5,0
BRDA:13,0,6,0
BRDA:13,0,7,2
BRDA:13,0,8,0
BRDA:13,0,9,0
BRDA:13,0,10,2
BRDA:40,1,0,2
BRDA:40,1,1,2
BRDA:42,2,0,2
BRDA:42,2,1,2
BRDA:64,3,0,0
BRDA:64,3,1,3
BRDA:75,4,0,0
BRDA:75,4,1,3
BRDA:79,5,0,2
BRDA:79,5,1,1
BRDA:87,6,0,1
BRDA:87,6,1,0
BRDA:90,7,0,1
BRDA:90,7,1,0
BRDA:90,7,2,0
BRDA:90,7,3,0
BRDA:90,7,4,0
BRDA:90,7,5,0
BRDA:90,7,6,0
BRDA:90,7,7,0
BRDA:90,7,8,1
BRDA:90,7,9,0
BRDA:90,7,10,0
BRDA:90,7,11,0
BRDA:90,7,12,0
BRDA:90,7,13,0
BRDA:119,8,0,0
BRDA:119,8,1,0
BRDA:121,9,0,0
BRDA:121,9,1,0
BRDA:122,10,0,0
BRDA:122,10,1,0
BRDA:123,11,0,0
BRDA:123,11,1,0
BRDA:133,12,0,0
BRDA:133,12,1,0
BRDA:151,13,0,0
BRDA:151,13,1,0
BRDA:162,14,0,0
BRDA:162,14,1,0
BRDA:166,15,0,0
BRDA:166,15,1,0
BRDA:169,16,0,0
BRDA:169,16,1,0
BRDA:180,17,0,0
BRDA:180,17,1,0
BRDA:191,18,0,0
BRDA:191,18,1,0
BRDA:228,19,0,1
BRDA:228,19,1,0
BRDA:237,20,0,1
BRDA:237,20,1,0
BRDA:245,21,0,1
BRDA:245,21,1,0
BRDA:257,22,0,1
BRDA:257,22,1,1
BRDA:257,22,2,0
BRDA:262,23,0,1
BRDA:262,23,1,1
BRDA:262,23,2,0
BRDA:264,24,0,1
BRDA:264,24,1,1
BRDA:265,25,0,1
BRDA:265,25,1,0
BRDA:266,26,0,1
BRDA:266,26,1,0
BRDA:267,27,0,1
BRDA:267,27,1,0
BRDA:268,28,0,1
BRDA:268,28,1,0
BRDA:269,29,0,1
BRDA:269,29,1,0
BRDA:270,30,0,1
BRDA:270,30,1,0
BRDA:271,31,0,1
BRDA:271,31,1,0
BRDA:272,32,0,1
BRDA:272,32,1,0
BRDA:273,33,0,1
BRDA:273,33,1,0
BRDA:275,34,0,1
BRDA:275,34,1,1
BRDA:275,34,2,0
BRDA:278,35,0,0
BRDA:278,35,1,0
BRDA:280,36,0,0
BRDA:280,36,1,0
BRDA:282,37,0,0
BRDA:282,37,1,0
BRDA:283,38,0,0
BRDA:283,38,1,0
BRDA:301,39,0,1
BRDA:301,39,1,0
BRDA:309,40,0,1
BRDA:309,40,1,1
BRDA:320,41,0,1
BRDA:320,41,1,1
BRDA:327,42,0,2
BRDA:327,42,1,1
BRDA:328,43,0,2
BRDA:328,43,1,1
BRDA:329,44,0,2
BRDA:329,44,1,0
BRDA:330,45,0,2
BRDA:330,45,1,0
BRDA:337,46,0,2
BRDA:337,46,1,1
BRDA:337,46,2,1
BRF:119
BRH:50
end_of_record
TN:
SF:app\onboarding\checklist.tsx
FN:14,OnboardingChecklist
FN:17,(anonymous_1)
FN:18,(anonymous_2)
FN:28,(anonymous_3)
FN:38,(anonymous_4)
FN:40,(anonymous_5)
FN:47,(anonymous_6)
FN:57,(anonymous_7)
FN:60,(anonymous_8)
FNF:9
FNH:6
FNDA:5,OnboardingChecklist
FNDA:1,(anonymous_1)
FNDA:1,(anonymous_2)
FNDA:1,(anonymous_3)
FNDA:0,(anonymous_4)
FNDA:0,(anonymous_5)
FNDA:0,(anonymous_6)
FNDA:16,(anonymous_7)
FNDA:1,(anonymous_8)
DA:5,7
DA:7,7
DA:15,5
DA:17,4
DA:18,1
DA:19,1
DA:20,1
DA:21,1
DA:28,4
DA:29,1
DA:30,1
DA:31,1
DA:32,1
DA:38,4
DA:39,0
DA:40,0
DA:41,0
DA:42,0
DA:43,0
DA:47,4
DA:48,0
DA:49,0
DA:50,0
DA:54,4
DA:58,16
DA:59,16
DA:60,1
DA:82,7
LF:28
LH:20
BRDA:21,0,0,0
BRDA:21,0,1,1
BRDA:61,1,0,16
BRDA:61,1,1,1
BRDA:63,2,0,16
BRDA:63,2,1,1
BRF:6
BRH:5
end_of_record
TN:
SF:app\onboarding\intro.tsx
FN:37,IntroScreen
FN:42,(anonymous_1)
FN:52,(anonymous_2)
FN:57,(anonymous_3)
FN:91,(anonymous_4)
FN:95,(anonymous_5)
FN:103,(anonymous_6)
FNF:7
FNH:2
FNDA:3,IntroScreen
FNDA:0,(anonymous_1)
FNDA:0,(anonymous_2)
FNDA:0,(anonymous_3)
FNDA:0,(anonymous_4)
FNDA:0,(anonymous_5)
FNDA:6,(anonymous_6)
DA:11,7
DA:13,7
DA:38,3
DA:39,2
DA:40,2
DA:42,2
DA:43,0
DA:44,0
DA:45,0
DA:47,0
DA:48,0
DA:52,2
DA:53,0
DA:54,0
DA:57,2
DA:58,0
DA:70,2
DA:91,0
DA:96,0
DA:97,0
DA:104,6
DA:125,7
LF:22
LH:11
BRDA:43,0,0,0
BRDA:43,0,1,0
BRDA:108,1,0,6
BRDA:108,1,1,2
BRDA:116,2,0,0
BRDA:116,2,1,2
BRF:6
BRH:3
end_of_record
TN:
SF:app\onboarding\login.tsx
FN:13,LoginScreen
FN:45,(anonymous_1)
FN:48,(anonymous_2)
FN:61,(anonymous_3)
FN:71,(anonymous_4)
FN:122,(anonymous_5)
FN:178,(anonymous_6)
FN:186,(anonymous_7)
FN:200,(anonymous_8)
FN:215,(anonymous_9)
FN:242,(anonymous_10)
FN:251,(anonymous_11)
FN:289,(anonymous_12)
FN:296,(anonymous_13)
FN:308,(anonymous_14)
FN:315,(anonymous_15)
FN:320,(anonymous_16)
FN:330,(anonymous_17)
FN:366,(anonymous_18)
FN:380,(anonymous_19)
FN:385,(anonymous_20)
FN:397,(anonymous_21)
FN:404,(anonymous_22)
FN:416,(anonymous_23)
FN:421,(anonymous_24)
FN:423,(anonymous_25)
FN:436,(anonymous_26)
FN:443,(anonymous_27)
FN:466,(anonymous_28)
FNF:29
FNH:13
FNDA:65,LoginScreen
FNDA:10,(anonymous_1)
FNDA:62,(anonymous_2)
FNDA:6,(anonymous_3)
FNDA:7,(anonymous_4)
FNDA:7,(anonymous_5)
FNDA:0,(anonymous_6)
FNDA:0,(anonymous_7)
FNDA:0,(anonymous_8)
FNDA:0,(anonymous_9)
FNDA:0,(anonymous_10)
FNDA:6,(anonymous_11)
FNDA:5,(anonymous_12)
FNDA:0,(anonymous_13)
FNDA:3,(anonymous_14)
FNDA:0,(anonymous_15)
FNDA:0,(anonymous_16)
FNDA:0,(anonymous_17)
FNDA:0,(anonymous_18)
FNDA:5,(anonymous_19)
FNDA:0,(anonymous_20)
FNDA:4,(anonymous_21)
FNDA:0,(anonymous_22)
FNDA:3,(anonymous_23)
FNDA:0,(anonymous_24)
FNDA:0,(anonymous_25)
FNDA:3,(anonymous_26)
FNDA:0,(anonymous_27)
FNDA:0,(anonymous_28)
DA:14,65
DA:15,65
DA:16,64
DA:18,64
DA:19,64
DA:20,62
DA:22,62
DA:23,62
DA:24,62
DA:25,62
DA:26,62
DA:27,62
DA:28,62
DA:29,62
DA:31,62
DA:32,62
DA:33,62
DA:34,62
DA:35,62
DA:36,62
DA:37,62
DA:38,62
DA:40,62
DA:41,62
DA:42,62
DA:43,62
DA:45,62
DA:46,62
DA:48,62
DA:49,62
DA:51,40
DA:53,0
DA:55,0
DA:57,22
DA:61,62
DA:62,6
DA:63,6
DA:71,62
DA:72,7
DA:73,2
DA:74,2
DA:76,5
DA:77,1
DA:78,1
DA:80,4
DA:81,1
DA:82,1
DA:85,3
DA:86,3
DA:88,3
DA:90,3
DA:91,0
DA:92,0
DA:93,0
DA:94,0
DA:97,3
DA:98,0
DA:99,0
DA:100,0
DA:101,0
DA:104,3
DA:105,1
DA:106,1
DA:107,1
DA:108,0
DA:109,0
DA:110,0
DA:111,0
DA:113,0
DA:116,2
DA:119,3
DA:122,62
DA:123,7
DA:124,1
DA:125,1
DA:127,6
DA:128,1
DA:129,1
DA:131,5
DA:132,1
DA:133,1
DA:135,4
DA:136,1
DA:137,1
DA:139,3
DA:140,1
DA:141,1
DA:143,2
DA:144,1
DA:145,1
DA:148,1
DA:149,1
DA:151,1
DA:154,1
DA:161,1
DA:162,0
DA:163,0
DA:164,0
DA:165,0
DA:166,0
DA:167,0
DA:169,0
DA:172,1
DA:175,1
DA:178,62
DA:179,0
DA:180,0
DA:182,0
DA:186,62
DA:187,0
DA:188,0
DA:190,0
DA:195,62
DA:200,62
DA:201,0
DA:202,0
DA:205,62
DA:215,0
DA:242,0
DA:251,6
DA:289,5
DA:296,0
DA:308,3
DA:315,0
DA:320,0
DA:331,0
DA:332,0
DA:333,0
DA:334,0
DA:335,0
DA:336,0
DA:338,0
DA:366,0
DA:380,5
DA:385,0
DA:397,4
DA:404,0
DA:416,3
DA:421,0
DA:423,0
DA:436,3
DA:443,0
DA:466,0
DA:485,13
LF:144
LH:95
BRDA:46,0,0,8
BRDA:46,0,1,54
BRDA:49,1,0,40
BRDA:49,1,1,0
BRDA:49,1,2,0
BRDA:49,1,3,22
BRDA:64,2,0,0
BRDA:64,2,1,6
BRDA:72,3,0,2
BRDA:72,3,1,5
BRDA:76,4,0,1
BRDA:76,4,1,4
BRDA:80,5,0,1
BRDA:80,5,1,3
BRDA:90,6,0,0
BRDA:90,6,1,3
BRDA:91,7,0,0
BRDA:91,7,1,0
BRDA:91,8,0,0
BRDA:91,8,1,0
BRDA:92,9,0,0
BRDA:92,9,1,0
BRDA:97,10,0,0
BRDA:97,10,1,3
BRDA:99,11,0,0
BRDA:99,11,1,0
BRDA:104,12,0,1
BRDA:104,12,1,2
BRDA:104,13,0,3
BRDA:104,13,1,1
BRDA:106,14,0,1
BRDA:106,14,1,0
BRDA:108,15,0,0
BRDA:108,15,1,0
BRDA:110,16,0,0
BRDA:110,16,1,0
BRDA:116,17,0,2
BRDA:116,17,1,2
BRDA:123,18,0,1
BRDA:123,18,1,6
BRDA:127,19,0,1
BRDA:127,19,1,5
BRDA:131,20,0,1
BRDA:131,20,1,4
BRDA:135,21,0,1
BRDA:135,21,1,3
BRDA:139,22,0,1
BRDA:139,22,1,2
BRDA:143,23,0,1
BRDA:143,23,1,1
BRDA:151,24,0,1
BRDA:151,24,1,0
BRDA:151,25,0,1
BRDA:151,25,1,1
BRDA:161,26,0,0
BRDA:161,26,1,1
BRDA:161,27,0,1
BRDA:161,27,1,0
BRDA:162,28,0,0
BRDA:162,28,1,0
BRDA:164,29,0,0
BRDA:164,29,1,0
BRDA:166,30,0,0
BRDA:166,30,1,0
BRDA:172,31,0,1
BRDA:172,31,1,1
BRDA:179,32,0,0
BRDA:179,32,1,0
BRDA:187,33,0,0
BRDA:187,33,1,0
BRDA:208,34,0,62
BRDA:208,34,1,0
BRDA:229,35,0,62
BRDA:229,35,1,0
BRDA:245,36,0,62
BRDA:245,36,1,33
BRDA:254,37,0,62
BRDA:254,37,1,29
BRDA:280,38,0,33
BRDA:280,38,1,29
BRDA:316,39,0,0
BRDA:316,39,1,33
BRDA:324,40,0,6
BRDA:324,40,1,27
BRDA:326,41,0,0
BRDA:326,41,1,33
BRDA:335,42,0,0
BRDA:335,42,1,0
BRDA:338,43,0,0
BRDA:338,43,1,0
BRDA:344,44,0,0
BRDA:344,44,1,0
BRDA:347,45,0,0
BRDA:347,45,1,0
BRDA:352,46,0,33
BRDA:352,46,1,3
BRDA:357,47,0,3
BRDA:357,47,1,30
BRDA:424,48,0,0
BRDA:424,48,1,29
BRDA:444,49,0,0
BRDA:444,49,1,29
BRDA:450,50,0,7
BRDA:450,50,1,22
BRDA:453,51,0,29
BRDA:453,51,1,1
BRDA:457,52,0,1
BRDA:457,52,1,28
BRF:108
BRH:63
end_of_record
TN:
SF:app\onboarding\reset-password.tsx
FN:8,ResetPasswordScreen
FN:15,(anonymous_1)
FN:17,(anonymous_2)
FN:35,(anonymous_3)
FN:47,(anonymous_4)
FN:61,(anonymous_5)
FNF:6
FNH:1
FNDA:3,ResetPasswordScreen
FNDA:0,(anonymous_1)
FNDA:0,(anonymous_2)
FNDA:0,(anonymous_3)
FNDA:0,(anonymous_4)
FNDA:0,(anonymous_5)
DA:9,3
DA:10,2
DA:11,2
DA:12,2
DA:13,2
DA:15,2
DA:17,2
DA:18,0
DA:19,0
DA:20,0
DA:21,0
DA:22,0
DA:23,0
DA:24,0
DA:25,0
DA:26,0
DA:28,0
DA:32,2
DA:35,0
DA:47,0
DA:61,0
DA:69,6
LF:22
LH:9
BRDA:20,0,0,0
BRDA:20,0,1,0
BRDA:21,1,0,0
BRDA:21,1,1,0
BRDA:25,2,0,0
BRDA:25,2,1,0
BRDA:28,3,0,0
BRDA:28,3,1,0
BRDA:33,4,0,0
BRDA:33,4,1,2
BRDA:54,5,0,0
BRDA:54,5,1,2
BRDA:55,6,0,0
BRDA:55,6,1,2
BRDA:57,7,0,2
BRDA:57,7,1,0
BRDA:58,8,0,0
BRDA:58,8,1,2
BRF:18
BRH:5
end_of_record
TN:
SF:app\onboarding\role-select.tsx
FN:8,RoleSelectScreen
FN:11,(anonymous_1)
FN:29,(anonymous_2)
FN:43,(anonymous_3)
FN:63,(anonymous_4)
FNF:5
FNH:1
FNDA:1,RoleSelectScreen
FNDA:0,(anonymous_1)
FNDA:0,(anonymous_2)
FNDA:0,(anonymous_3)
FNDA:0,(anonymous_4)
DA:9,1
DA:11,0
DA:29,0
DA:43,0
DA:63,0
DA:71,6
LF:6
LH:2
BRF:0
BRH:0
end_of_record
TN:
SF:app\onboarding\signup.tsx
FN:11,SignUpScreen
FN:25,(anonymous_1)
FN:28,(anonymous_2)
FN:39,(anonymous_3)
FN:52,(anonymous_4)
FN:89,(anonymous_5)
FN:105,(anonymous_6)
FN:109,(anonymous_7)
FN:123,(anonymous_8)
FN:160,(anonymous_9)
FN:208,(anonymous_10)
FN:218,(anonymous_11)
FNF:12
FNH:5
FNDA:23,SignUpScreen
FNDA:4,(anonymous_1)
FNDA:22,(anonymous_2)
FNDA:4,(anonymous_3)
FNDA:2,(anonymous_4)
FNDA:0,(anonymous_5)
FNDA:0,(anonymous_6)
FNDA:0,(anonymous_7)
FNDA:0,(anonymous_8)
FNDA:0,(anonymous_9)
FNDA:0,(anonymous_10)
FNDA:0,(anonymous_11)
DA:12,23
DA:13,23
DA:14,23
DA:15,22
DA:16,22
DA:17,22
DA:18,22
DA:19,22
DA:20,22
DA:21,22
DA:22,22
DA:23,22
DA:25,22
DA:26,22
DA:28,22
DA:29,22
DA:31,0
DA:33,0
DA:35,22
DA:39,22
DA:40,4
DA:41,0
DA:42,0
DA:44,4
DA:45,1
DA:46,1
DA:48,3
DA:49,3
DA:52,22
DA:53,2
DA:54,0
DA:55,0
DA:57,2
DA:58,0
DA:59,0
DA:62,2
DA:63,2
DA:65,2
DA:68,2
DA:70,2
DA:71,1
DA:72,1
DA:73,1
DA:74,0
DA:75,1
DA:76,1
DA:77,0
DA:78,0
DA:80,0
DA:83,0
DA:86,2
DA:89,22
DA:90,0
DA:91,0
DA:92,0
DA:94,0
DA:95,0
DA:96,0
DA:99,0
DA:101,0
DA:105,22
DA:106,0
DA:109,22
DA:110,0
DA:113,22
DA:124,0
DA:125,0
DA:127,0
DA:160,0
DA:208,0
DA:218,0
DA:277,9
LF:72
LH:43
BRDA:15,0,0,22
BRDA:15,0,1,22
BRDA:26,1,0,0
BRDA:26,1,1,22
BRDA:29,2,0,0
BRDA:29,2,1,0
BRDA:29,2,2,22
BRDA:40,3,0,0
BRDA:40,3,1,4
BRDA:44,4,0,1
BRDA:44,4,1,3
BRDA:53,5,0,0
BRDA:53,5,1,2
BRDA:53,6,0,2
BRDA:53,6,1,2
BRDA:57,7,0,0
BRDA:57,7,1,2
BRDA:65,8,0,0
BRDA:65,8,1,2
BRDA:65,9,0,2
BRDA:65,9,1,2
BRDA:70,10,0,1
BRDA:70,10,1,1
BRDA:70,11,0,2
BRDA:70,11,1,2
BRDA:72,12,0,1
BRDA:72,12,1,0
BRDA:72,13,0,1
BRDA:72,13,1,1
BRDA:73,14,0,0
BRDA:73,14,1,1
BRDA:75,15,0,1
BRDA:75,15,1,0
BRDA:77,16,0,0
BRDA:77,16,1,0
BRDA:83,17,0,0
BRDA:83,17,1,0
BRDA:95,18,0,0
BRDA:95,18,1,0
BRDA:116,19,0,20
BRDA:116,19,1,2
BRDA:124,20,0,0
BRDA:124,20,1,0
BRDA:143,21,0,1
BRDA:143,21,1,21
BRDA:151,22,0,1
BRDA:151,22,1,0
BRDA:156,23,0,0
BRDA:156,23,1,1
BRDA:159,24,0,0
BRDA:159,24,1,1
BRDA:164,25,0,11
BRDA:164,25,1,10
BRDA:204,26,0,2
BRDA:204,26,1,9
BRDA:251,27,0,0
BRDA:251,27,1,10
BRDA:254,28,0,10
BRDA:254,28,1,2
BRDA:259,29,0,2
BRDA:259,29,1,8
BRF:61
BRH:39
end_of_record
TN:
SF:app\tradie\_layout.tsx
FN:7,FindJobsFAB
FN:48,TradieLayout
FN:75,(anonymous_2)
FN:82,(anonymous_3)
FN:89,(anonymous_4)
FN:96,(anonymous_5)
FN:103,(anonymous_6)
FNF:7
FNH:1
FNDA:0,FindJobsFAB
FNDA:3,TradieLayout
FNDA:0,(anonymous_2)
FNDA:0,(anonymous_3)
FNDA:0,(anonymous_4)
FNDA:0,(anonymous_5)
FNDA:0,(anonymous_6)
DA:8,0
DA:18,5
DA:49,3
DA:75,0
DA:82,0
DA:89,0
DA:96,0
DA:103,0
LF:8
LH:2
BRF:0
BRH:0
end_of_record
TN:
SF:app\tradie\current-jobs.tsx
FN:57,(anonymous_0)
FN:90,TradieCurrentJobsScreen
FN:97,(anonymous_2)
FN:98,(anonymous_3)
FN:99,(anonymous_4)
FN:100,(anonymous_5)
FN:102,(anonymous_6)
FN:106,(anonymous_7)
FN:112,(anonymous_8)
FN:116,(anonymous_9)
FN:128,(anonymous_10)
FN:131,(anonymous_11)
FN:144,(anonymous_12)
FN:147,(anonymous_13)
FN:169,(anonymous_14)
FN:172,(anonymous_15)
FN:194,(anonymous_16)
FN:203,(anonymous_17)
FN:256,(anonymous_18)
FN:282,(anonymous_19)
FN:285,(anonymous_20)
FN:304,(anonymous_21)
FN:307,(anonymous_22)
FN:356,(anonymous_23)
FN:372,(anonymous_24)
FNF:25
FNH:3
FNDA:7,(anonymous_0)
FNDA:2,TradieCurrentJobsScreen
FNDA:0,(anonymous_2)
FNDA:0,(anonymous_3)
FNDA:0,(anonymous_4)
FNDA:0,(anonymous_5)
FNDA:1,(anonymous_6)
FNDA:0,(anonymous_7)
FNDA:0,(anonymous_8)
FNDA:0,(anonymous_9)
FNDA:0,(anonymous_10)
FNDA:0,(anonymous_11)
FNDA:0,(anonymous_12)
FNDA:0,(anonymous_13)
FNDA:0,(anonymous_14)
FNDA:0,(anonymous_15)
FNDA:0,(anonymous_16)
FNDA:0,(anonymous_17)
FNDA:0,(anonymous_18)
FNDA:0,(anonymous_19)
FNDA:0,(anonymous_20)
FNDA:0,(anonymous_21)
FNDA:0,(anonymous_22)
FNDA:0,(anonymous_23)
FNDA:0,(anonymous_24)
DA:10,8
DA:29,8
DA:57,8
DA:58,7
DA:60,7
DA:62,2
DA:63,1
DA:65,1
DA:67,0
DA:69,0
DA:71,2
DA:72,1
DA:74,1
DA:76,1
DA:78,0
DA:80,0
DA:82,1
DA:84,0
DA:86,1
DA:92,2
DA:93,1
DA:94,1
DA:95,1
DA:97,1
DA:98,1
DA:99,1
DA:100,1
DA:102,1
DA:103,1
DA:106,1
DA:107,0
DA:108,0
DA:109,0
DA:112,1
DA:113,0
DA:116,1
DA:117,0
DA:119,0
DA:121,0
DA:122,0
DA:124,0
DA:128,0
DA:132,0
DA:133,0
DA:138,0
DA:140,0
DA:144,0
DA:148,0
DA:149,0
DA:154,0
DA:156,0
DA:157,0
DA:159,0
DA:160,0
DA:162,0
DA:163,0
DA:165,0
DA:169,0
DA:173,0
DA:174,0
DA:175,0
DA:176,0
DA:178,0
DA:184,0
DA:186,0
DA:187,0
DA:190,0
DA:194,1
DA:195,0
DA:196,0
DA:197,0
DA:200,0
DA:203,0
DA:256,0
DA:282,1
DA:283,0
DA:285,0
DA:304,1
DA:305,0
DA:307,0
DA:333,1
DA:334,0
DA:341,1
DA:357,0
DA:358,0
DA:359,0
DA:360,0
DA:372,0
DA:397,8
LF:89
LH:33
BRDA:60,0,0,2
BRDA:60,0,1,0
BRDA:60,0,2,0
BRDA:60,0,3,2
BRDA:60,0,4,1
BRDA:60,0,5,0
BRDA:60,0,6,0
BRDA:60,0,7,1
BRDA:60,0,8,0
BRDA:60,0,9,1
BRDA:62,1,0,1
BRDA:62,1,1,1
BRDA:71,2,0,1
BRDA:71,2,1,1
BRDA:100,3,0,0
BRDA:100,3,1,0
BRDA:117,4,0,0
BRDA:117,4,1,0
BRDA:122,5,0,0
BRDA:122,5,1,0
BRDA:122,5,2,0
BRDA:122,5,3,0
BRDA:122,5,4,0
BRDA:122,5,5,0
BRDA:122,5,6,0
BRDA:175,6,0,0
BRDA:175,6,1,0
BRDA:196,7,0,0
BRDA:196,7,1,0
BRDA:202,8,0,0
BRDA:202,8,1,0
BRDA:211,9,0,0
BRDA:211,9,1,0
BRDA:212,10,0,0
BRDA:212,10,1,0
BRDA:228,11,0,0
BRDA:228,11,1,0
BRDA:242,12,0,0
BRDA:242,12,1,0
BRDA:249,13,0,0
BRDA:249,13,1,0
BRDA:254,14,0,0
BRDA:254,14,1,0
BRDA:257,15,0,0
BRDA:257,15,1,0
BRDA:260,16,0,0
BRDA:260,16,1,0
BRDA:266,17,0,0
BRDA:266,17,1,0
BRDA:292,18,0,0
BRDA:292,18,1,0
BRDA:296,19,0,0
BRDA:296,19,1,0
BRDA:298,20,0,0
BRDA:298,20,1,0
BRDA:318,21,0,0
BRDA:318,21,1,0
BRDA:322,22,0,0
BRDA:322,22,1,0
BRDA:324,23,0,0
BRDA:324,23,1,0
BRDA:325,24,0,0
BRDA:325,24,1,0
BRDA:333,25,0,0
BRDA:333,25,1,1
BRDA:333,26,0,1
BRDA:333,26,1,0
BRDA:345,27,0,1
BRDA:345,27,1,0
BRDA:357,28,0,0
BRDA:357,28,1,0
BRDA:358,29,0,0
BRDA:358,29,1,0
BRDA:359,30,0,0
BRDA:359,30,1,0
BRDA:362,31,0,0
BRDA:362,31,1,0
BRDA:383,32,0,0
BRDA:383,32,1,0
BRDA:390,33,0,0
BRDA:390,33,1,0
BRF:81
BRH:12
end_of_record
TN:
SF:app\tradie\dashboard.tsx
FN:24,TradieDashboardScreen
FN:28,(anonymous_1)
FN:29,(anonymous_2)
FN:30,(anonymous_3)
FN:32,(anonymous_4)
FN:38,(anonymous_5)
FN:68,(anonymous_6)
FN:72,(anonymous_7)
FN:86,(anonymous_8)
FN:104,(anonymous_9)
FN:112,(anonymous_10)
FN:133,(anonymous_11)
FN:137,(anonymous_12)
FNF:13
FNH:1
FNDA:3,TradieDashboardScreen
FNDA:0,(anonymous_1)
FNDA:0,(anonymous_2)
FNDA:0,(anonymous_3)
FNDA:0,(anonymous_4)
FNDA:0,(anonymous_5)
FNDA:0,(anonymous_6)
FNDA:0,(anonymous_7)
FNDA:0,(anonymous_8)
FNDA:0,(anonymous_9)
FNDA:0,(anonymous_10)
FNDA:0,(anonymous_11)
FNDA:0,(anonymous_12)
DA:8,6
DA:14,6
DA:25,3
DA:26,2
DA:28,2
DA:29,2
DA:30,2
DA:32,2
DA:33,0
DA:34,0
DA:35,0
DA:38,2
DA:39,0
DA:40,0
DA:41,0
DA:44,2
DA:69,0
DA:72,0
DA:86,0
DA:105,0
DA:106,0
DA:107,0
DA:108,0
DA:113,0
DA:133,0
DA:137,0
DA:148,6
LF:27
LH:11
BRDA:33,0,0,0
BRDA:33,0,1,0
BRDA:33,1,0,0
BRDA:33,1,1,0
BRDA:34,2,0,0
BRDA:34,2,1,0
BRDA:39,3,0,0
BRDA:39,3,1,0
BRDA:40,4,0,0
BRDA:40,4,1,0
BRDA:65,5,0,2
BRDA:65,5,1,0
BRDA:80,6,0,0
BRDA:80,6,1,0
BRDA:85,7,0,0
BRDA:85,7,1,0
BRDA:97,8,0,2
BRDA:97,8,1,0
BRDA:105,9,0,0
BRDA:105,9,1,0
BRDA:105,10,0,0
BRDA:105,10,1,0
BRDA:106,11,0,0
BRDA:106,11,1,0
BRF:24
BRH:2
end_of_record
TN:
SF:app\tradie\home.tsx
FN:8,TradieHomeScreen
FN:13,(anonymous_1)
FN:45,(anonymous_2)
FN:60,(anonymous_3)
FN:71,(anonymous_4)
FN:84,(anonymous_5)
FNF:6
FNH:1
FNDA:4,TradieHomeScreen
FNDA:0,(anonymous_1)
FNDA:0,(anonymous_2)
FNDA:0,(anonymous_3)
FNDA:0,(anonymous_4)
FNDA:0,(anonymous_5)
DA:9,4
DA:10,3
DA:12,3
DA:13,0
DA:16,3
DA:45,0
DA:60,0
DA:71,0
DA:84,0
DA:99,8
LF:10
LH:5
BRDA:13,0,0,0
BRDA:13,0,1,0
BRDA:19,1,0,3
BRDA:19,1,1,0
BRDA:33,2,0,0
BRDA:33,2,1,3
BRDA:37,3,0,3
BRDA:37,3,1,3
BRDA:52,4,0,0
BRDA:52,4,1,3
BRDA:53,5,0,0
BRDA:53,5,1,0
BRDA:83,6,0,3
BRDA:83,6,1,0
BRDA:83,6,2,3
BRF:15
BRH:7
end_of_record
TN:
SF:app\tradie\index.tsx
FN:17,JobDetailModal
FN:49,(anonymous_1)
FN:128,JobCard
FN:161,(anonymous_3)
FN:162,(anonymous_4)
FN:165,(anonymous_5)
FN:282,TradieSwipeScreen
FN:294,(anonymous_7)
FN:311,(anonymous_8)
FN:315,(anonymous_9)
FN:316,(anonymous_10)
FN:319,(anonymous_11)
FN:328,(anonymous_12)
FN:344,(anonymous_13)
FN:353,(anonymous_14)
FN:358,(anonymous_15)
FN:365,(anonymous_16)
FN:407,(anonymous_17)
FN:422,(anonymous_18)
FN:436,(anonymous_19)
FN:451,(anonymous_20)
FNF:21
FNH:4
FNDA:1,JobDetailModal
FNDA:0,(anonymous_1)
FNDA:0,JobCard
FNDA:0,(anonymous_3)
FNDA:0,(anonymous_4)
FNDA:0,(anonymous_5)
FNDA:5,TradieSwipeScreen
FNDA:1,(anonymous_7)
FNDA:1,(anonymous_8)
FNDA:0,(anonymous_9)
FNDA:0,(anonymous_10)
FNDA:0,(anonymous_11)
FNDA:0,(anonymous_12)
FNDA:0,(anonymous_13)
FNDA:0,(anonymous_14)
FNDA:0,(anonymous_15)
FNDA:0,(anonymous_16)
FNDA:0,(anonymous_17)
FNDA:0,(anonymous_18)
FNDA:0,(anonymous_19)
FNDA:0,(anonymous_20)
DA:14,9
DA:15,9
DA:32,1
DA:34,0
DA:50,0
DA:141,0
DA:142,0
DA:147,0
DA:153,0
DA:159,0
DA:161,0
DA:163,0
DA:166,0
DA:167,0
DA:168,0
DA:171,0
DA:172,0
DA:176,0
DA:177,0
DA:178,0
DA:183,0
DA:192,0
DA:194,0
DA:283,5
DA:284,5
DA:285,4
DA:286,4
DA:287,4
DA:288,4
DA:289,4
DA:290,4
DA:291,4
DA:292,4
DA:294,4
DA:295,1
DA:296,1
DA:302,1
DA:303,1
DA:305,0
DA:307,1
DA:311,4
DA:312,1
DA:315,4
DA:316,0
DA:319,4
DA:320,0
DA:321,0
DA:323,0
DA:324,0
DA:325,0
DA:328,4
DA:329,0
DA:331,0
DA:332,0
DA:334,0
DA:335,0
DA:337,0
DA:339,0
DA:344,0
DA:345,0
DA:346,0
DA:348,0
DA:349,0
DA:353,4
DA:354,0
DA:355,0
DA:358,4
DA:359,0
DA:360,0
DA:361,0
DA:365,4
DA:366,0
DA:367,0
DA:369,0
DA:373,4
DA:374,3
DA:381,1
DA:408,0
DA:422,0
DA:436,0
DA:451,0
DA:469,9
DA:616,9
LF:83
LH:32
BRDA:32,0,0,1
BRDA:32,0,1,0
BRDA:47,1,0,0
BRDA:47,1,1,0
BRDA:47,1,2,0
BRDA:62,2,0,0
BRDA:62,2,1,0
BRDA:92,3,0,0
BRDA:92,3,1,0
BRDA:97,4,0,0
BRDA:97,4,1,0
BRDA:166,5,0,0
BRDA:166,5,1,0
BRDA:166,6,0,0
BRDA:166,6,1,0
BRDA:171,7,0,0
BRDA:171,7,1,0
BRDA:177,8,0,0
BRDA:177,8,1,0
BRDA:192,9,0,0
BRDA:192,9,1,0
BRDA:196,10,0,0
BRDA:196,10,1,0
BRDA:200,11,0,0
BRDA:200,11,1,0
BRDA:207,12,0,0
BRDA:207,12,1,0
BRDA:210,13,0,0
BRDA:210,13,1,0
BRDA:225,14,0,0
BRDA:225,14,1,0
BRDA:236,15,0,0
BRDA:236,15,1,0
BRDA:236,15,2,0
BRDA:246,16,0,0
BRDA:246,16,1,0
BRDA:267,17,0,0
BRDA:267,17,1,0
BRDA:272,18,0,0
BRDA:272,18,1,0
BRDA:302,19,0,0
BRDA:302,19,1,1
BRDA:303,20,0,1
BRDA:303,20,1,0
BRDA:321,21,0,0
BRDA:321,21,1,0
BRDA:321,22,0,0
BRDA:321,22,1,0
BRDA:329,23,0,0
BRDA:329,23,1,0
BRDA:329,24,0,0
BRDA:329,24,1,0
BRDA:332,25,0,0
BRDA:332,25,1,0
BRDA:334,26,0,0
BRDA:334,26,1,0
BRDA:337,27,0,0
BRDA:337,27,1,0
BRDA:359,28,0,0
BRDA:359,28,1,0
BRDA:366,29,0,0
BRDA:366,29,1,0
BRDA:373,30,0,3
BRDA:373,30,1,1
BRDA:392,31,0,1
BRDA:392,31,1,0
BRF:66
BRH:6
end_of_record
TN:
SF:app\tradie\messages.tsx
FN:15,TradieMessagesScreen
FN:22,(anonymous_1)
FN:60,(anonymous_2)
FN:64,(anonymous_3)
FN:69,(anonymous_4)
FN:80,(anonymous_5)
FN:81,(anonymous_6)
FN:127,(anonymous_7)
FNF:8
FNH:1
FNDA:3,TradieMessagesScreen
FNDA:0,(anonymous_1)
FNDA:0,(anonymous_2)
FNDA:0,(anonymous_3)
FNDA:0,(anonymous_4)
FNDA:0,(anonymous_5)
FNDA:0,(anonymous_6)
FNDA:0,(anonymous_7)
DA:17,3
DA:18,2
DA:19,2
DA:20,2
DA:22,2
DA:23,0
DA:25,0
DA:26,0
DA:32,0
DA:34,0
DA:36,0
DA:37,0
DA:44,0
DA:51,0
DA:53,0
DA:55,0
DA:56,0
DA:60,2
DA:61,0
DA:64,2
DA:65,0
DA:66,0
DA:69,2
DA:70,0
DA:80,2
DA:81,0
DA:103,2
DA:104,2
DA:111,0
DA:127,0
DA:143,5
LF:31
LH:12
BRDA:23,0,0,0
BRDA:23,0,1,0
BRDA:32,1,0,0
BRDA:32,1,1,0
BRDA:36,2,0,0
BRDA:36,2,1,0
BRDA:46,3,0,0
BRDA:46,3,1,0
BRDA:89,4,0,0
BRDA:89,4,1,0
BRDA:96,5,0,0
BRDA:96,5,1,0
BRDA:103,6,0,2
BRDA:103,6,1,0
BRDA:115,7,0,0
BRDA:115,7,1,0
BRF:16
BRH:1
end_of_record
TN:
SF:app\tradie\payout.tsx
FN:8,PayoutScreen
FN:14,(anonymous_1)
FN:39,(anonymous_2)
FN:203,(anonymous_3)
FNF:4
FNH:1
FNDA:1,PayoutScreen
FNDA:0,(anonymous_1)
FNDA:0,(anonymous_2)
FNDA:0,(anonymous_3)
DA:9,1
DA:10,1
DA:11,1
DA:12,1
DA:14,1
DA:16,1
DA:17,1
DA:24,0
DA:25,0
DA:26,0
DA:27,0
DA:28,0
DA:30,0
DA:32,0
DA:33,0
DA:34,0
DA:36,0
DA:39,0
DA:203,0
DA:213,5
LF:20
LH:8
BRDA:16,0,0,1
BRDA:16,0,1,0
BRDA:24,1,0,0
BRDA:24,1,1,0
BRDA:25,2,0,0
BRDA:25,2,1,0
BRDA:32,3,0,0
BRDA:32,3,1,0
BRDA:33,4,0,0
BRDA:33,4,1,0
BRDA:34,5,0,0
BRDA:34,5,1,0
BRDA:67,6,0,0
BRDA:67,6,1,0
BRDA:130,7,0,0
BRDA:130,7,1,0
BRDA:139,8,0,0
BRDA:139,8,1,0
BRDA:148,9,0,0
BRDA:148,9,1,0
BRDA:148,10,0,0
BRDA:148,10,1,0
BRDA:159,11,0,0
BRDA:159,11,1,0
BRDA:162,12,0,0
BRDA:162,12,1,0
BRDA:172,13,0,0
BRDA:172,13,1,0
BRDA:172,14,0,0
BRDA:172,14,1,0
BRDA:176,15,0,0
BRDA:176,15,1,0
BRDA:183,16,0,0
BRDA:183,16,1,0
BRF:34
BRH:1
end_of_record
TN:
SF:app\tradie\pricing.tsx
FN:9,PricingHomeScreen
FN:13,(anonymous_1)
FN:17,(anonymous_2)
FN:21,(anonymous_3)
FN:25,(anonymous_4)
FNF:5
FNH:3
FNDA:5,PricingHomeScreen
FNDA:1,(anonymous_1)
FNDA:0,(anonymous_2)
FNDA:1,(anonymous_3)
FNDA:0,(anonymous_4)
DA:10,5
DA:11,5
DA:13,5
DA:14,1
DA:17,0
DA:21,5
DA:22,1
DA:25,0
DA:29,5
DA:86,7
LF:10
LH:8
BRF:0
BRH:0
end_of_record
TN:
SF:app\tradie\profile.tsx
FN:24,TradieProfileScreen
FN:48,(anonymous_1)
FN:62,(anonymous_2)
FN:78,(anonymous_3)
FN:98,(anonymous_4)
FN:117,(anonymous_5)
FN:118,(anonymous_6)
FN:119,(anonymous_7)
FN:123,(anonymous_8)
FN:143,(anonymous_9)
FN:163,(anonymous_10)
FN:169,(anonymous_11)
FN:170,(anonymous_12)
FN:178,(anonymous_13)
FN:196,(anonymous_14)
FN:202,(anonymous_15)
FN:300,(anonymous_16)
FN:316,(anonymous_17)
FN:320,(anonymous_18)
FN:321,(anonymous_19)
FN:334,(anonymous_20)
FN:344,(anonymous_21)
FN:350,(anonymous_22)
FN:378,(anonymous_23)
FN:382,(anonymous_24)
FN:388,(anonymous_25)
FN:428,(anonymous_26)
FN:451,(anonymous_27)
FN:504,(anonymous_28)
FNF:29
FNH:10
FNDA:9,TradieProfileScreen
FNDA:0,(anonymous_1)
FNDA:0,(anonymous_2)
FNDA:0,(anonymous_3)
FNDA:0,(anonymous_4)
FNDA:1,(anonymous_5)
FNDA:1,(anonymous_6)
FNDA:1,(anonymous_7)
FNDA:1,(anonymous_8)
FNDA:0,(anonymous_9)
FNDA:0,(anonymous_10)
FNDA:0,(anonymous_11)
FNDA:0,(anonymous_12)
FNDA:0,(anonymous_13)
FNDA:0,(anonymous_14)
FNDA:0,(anonymous_15)
FNDA:5,(anonymous_16)
FNDA:2,(anonymous_17)
FNDA:0,(anonymous_18)
FNDA:0,(anonymous_19)
FNDA:1,(anonymous_20)
FNDA:33,(anonymous_21)
FNDA:1,(anonymous_22)
FNDA:0,(anonymous_23)
FNDA:0,(anonymous_24)
FNDA:0,(anonymous_25)
FNDA:0,(anonymous_26)
FNDA:0,(anonymous_27)
FNDA:0,(anonymous_28)
DA:21,8
DA:22,8
DA:26,9
DA:28,8
DA:29,8
DA:30,8
DA:31,8
DA:34,8
DA:35,8
DA:38,8
DA:39,8
DA:40,8
DA:43,8
DA:44,8
DA:48,8
DA:49,0
DA:55,0
DA:56,0
DA:62,8
DA:63,0
DA:64,0
DA:65,0
DA:66,0
DA:70,0
DA:72,0
DA:74,0
DA:78,8
DA:79,0
DA:80,0
DA:81,0
DA:82,0
DA:86,0
DA:87,0
DA:89,0
DA:90,0
DA:92,0
DA:98,8
DA:99,0
DA:100,0
DA:101,0
DA:105,0
DA:106,0
DA:108,0
DA:109,0
DA:111,0
DA:117,8
DA:118,1
DA:119,1
DA:123,8
DA:124,1
DA:125,1
DA:126,1
DA:130,1
DA:131,1
DA:132,1
DA:134,0
DA:135,0
DA:137,1
DA:143,8
DA:144,0
DA:145,0
DA:146,0
DA:149,0
DA:156,0
DA:157,0
DA:158,0
DA:159,0
DA:163,8
DA:164,0
DA:170,0
DA:171,0
DA:172,0
DA:178,8
DA:179,0
DA:180,0
DA:181,0
DA:185,0
DA:187,0
DA:188,0
DA:190,0
DA:196,8
DA:197,0
DA:203,0
DA:204,0
DA:212,8
DA:301,5
DA:317,2
DA:321,0
DA:334,1
DA:345,33
DA:346,33
DA:350,1
DA:379,0
DA:382,0
DA:388,0
DA:428,0
DA:451,0
DA:504,0
DA:547,8
LF:99
LH:41
BRDA:29,0,0,8
BRDA:29,0,1,8
BRDA:30,1,0,8
BRDA:30,1,1,8
BRDA:34,2,0,8
BRDA:34,2,1,8
BRDA:38,3,0,8
BRDA:38,3,1,3
BRDA:43,4,0,8
BRDA:43,4,1,3
BRDA:55,5,0,0
BRDA:55,5,1,0
BRDA:55,6,0,0
BRDA:55,6,1,0
BRDA:79,7,0,0
BRDA:79,7,1,0
BRDA:103,8,0,0
BRDA:103,8,1,0
BRDA:119,9,0,1
BRDA:119,9,1,0
BRDA:128,10,0,0
BRDA:128,10,1,1
BRDA:144,11,0,0
BRDA:144,11,1,0
BRDA:156,12,0,0
BRDA:156,12,1,0
BRDA:156,13,0,0
BRDA:156,13,1,0
BRDA:183,14,0,0
BRDA:183,14,1,0
BRDA:222,15,0,0
BRDA:222,15,1,8
BRDA:253,16,0,8
BRDA:253,16,1,8
BRDA:259,17,0,8
BRDA:259,17,1,8
BRDA:285,18,0,8
BRDA:285,18,1,0
BRDA:289,19,0,0
BRDA:289,19,1,8
BRDA:296,20,0,8
BRDA:296,20,1,5
BRDA:296,20,2,5
BRDA:314,21,0,8
BRDA:314,21,1,2
BRDA:336,22,0,3
BRDA:336,22,1,5
BRDA:338,23,0,3
BRDA:338,23,1,5
BRDA:342,24,0,8
BRDA:342,24,1,3
BRDA:349,25,0,33
BRDA:349,25,1,1
BRDA:352,26,0,33
BRDA:352,26,1,1
BRDA:355,27,0,33
BRDA:355,27,1,1
BRDA:360,28,0,3
BRDA:360,28,1,1
BRDA:364,29,0,1
BRDA:364,29,1,2
BRDA:395,30,0,8
BRDA:395,30,1,8
BRDA:407,31,0,8
BRDA:407,31,1,8
BRDA:426,32,0,8
BRDA:426,32,1,8
BRDA:434,33,0,8
BRDA:434,33,1,0
BRDA:438,34,0,8
BRDA:438,34,1,8
BRDA:442,35,0,8
BRDA:442,35,1,8
BRDA:449,36,0,8
BRDA:449,36,1,0
BRDA:457,37,0,0
BRDA:457,37,1,8
BRDA:461,38,0,8
BRDA:461,38,1,0
BRDA:465,39,0,8
BRDA:465,39,1,0
BRDA:470,40,0,8
BRDA:470,40,1,0
BRDA:488,41,0,0
BRDA:488,41,1,0
BRDA:491,42,0,0
BRDA:491,42,1,0
BRF:87
BRH:56
end_of_record
TN:
SF:app\tradie\review-customer.tsx
FN:11,StarRatingInput
FN:14,(anonymous_1)
FN:15,(anonymous_2)
FN:27,ReviewCustomerScreen
FN:38,(anonymous_4)
FN:48,(anonymous_5)
FN:75,(anonymous_6)
FN:91,(anonymous_7)
FN:105,(anonymous_8)
FN:166,(anonymous_9)
FNF:10
FNH:1
FNDA:0,StarRatingInput
FNDA:0,(anonymous_1)
FNDA:0,(anonymous_2)
FNDA:1,ReviewCustomerScreen
FNDA:0,(anonymous_4)
FNDA:0,(anonymous_5)
FNDA:0,(anonymous_6)
FNDA:0,(anonymous_7)
FNDA:0,(anonymous_8)
FNDA:0,(anonymous_9)
DA:12,0
DA:15,0
DA:28,1
DA:29,1
DA:30,1
DA:31,1
DA:32,1
DA:34,1
DA:35,1
DA:36,1
DA:38,1
DA:40,1
DA:41,1
DA:48,0
DA:49,0
DA:50,0
DA:51,0
DA:54,0
DA:55,0
DA:56,0
DA:65,0
DA:67,0
DA:68,0
DA:69,0
DA:72,0
DA:75,0
DA:79,0
DA:80,0
DA:81,0
DA:82,0
DA:84,0
DA:87,0
DA:91,0
DA:92,0
DA:93,0
DA:94,0
DA:95,0
DA:96,0
DA:97,0
DA:98,0
DA:102,0
DA:105,0
DA:166,0
DA:174,5
LF:44
LH:12
BRDA:17,0,0,0
BRDA:17,0,1,0
BRDA:40,1,0,1
BRDA:40,1,1,0
BRDA:49,2,0,0
BRDA:49,2,1,0
BRDA:61,3,0,0
BRDA:61,3,1,0
BRDA:65,4,0,0
BRDA:65,4,1,0
BRDA:81,5,0,0
BRDA:81,5,1,0
BRDA:92,6,0,0
BRDA:92,6,1,0
BRDA:92,6,2,0
BRDA:92,6,3,0
BRDA:92,6,4,0
BRDA:92,6,5,0
BRDA:156,7,0,0
BRDA:156,7,1,0
BRDA:158,8,0,0
BRDA:158,8,1,0
BRDA:162,9,0,0
BRDA:162,9,1,0
BRF:24
BRH:1
end_of_record
TN:
SF:assets\fonts\SpaceMono-Regular.ttf
FNF:0
FNH:0
DA:1,1
LF:1
LH:1
BRF:0
BRH:0
end_of_record
TN:
SF:assets\images\hero-handyman.png
FNF:0
FNH:0
DA:1,3
LF:1
LH:1
BRF:0
BRH:0
end_of_record
TN:
SF:assets\images\weejobs-logo.png
FNF:0
FNH:0
DA:1,9
LF:1
LH:1
BRF:0
BRH:0
end_of_record
TN:
SF:components\Collapsible.tsx
FN:10,Collapsible
FN:18,(anonymous_1)
FN:18,(anonymous_2)
FNF:3
FNH:3
FNDA:3,Collapsible
FNDA:1,(anonymous_1)
FNDA:1,(anonymous_2)
DA:11,3
DA:12,3
DA:14,3
DA:18,1
DA:35,4
LF:5
LH:5
BRDA:12,0,0,3
BRDA:12,0,1,0
BRDA:24,1,0,3
BRDA:24,1,1,0
BRDA:25,2,0,1
BRDA:25,2,1,2
BRDA:30,3,0,3
BRDA:30,3,1,1
BRF:8
BRH:6
end_of_record
TN:
SF:components\ExternalLink.tsx
FN:8,ExternalLink
FN:14,(anonymous_1)
FNF:2
FNH:2
FNDA:4,ExternalLink
FNDA:3,(anonymous_1)
DA:9,4
DA:15,3
DA:17,2
DA:19,2
LF:4
LH:4
BRDA:15,0,0,2
BRDA:15,0,1,1
BRF:2
BRH:2
end_of_record
TN:
SF:components\HelloWave.tsx
FN:13,HelloWave
FN:16,(anonymous_1)
FN:24,(anonymous_2)
FNF:3
FNH:3
FNDA:1,HelloWave
FNDA:1,(anonymous_1)
FNDA:1,(anonymous_2)
DA:14,1
DA:16,1
DA:18,1
DA:24,1
DA:28,1
DA:35,2
LF:6
LH:6
BRF:0
BRH:0
end_of_record
TN:
SF:components\JobStatusTimeline.tsx
FN:42,JobStatusTimeline
FN:45,(anonymous_1)
FN:58,(anonymous_2)
FNF:3
FNH:3
FNDA:2,JobStatusTimeline
FNDA:12,(anonymous_1)
FNDA:12,(anonymous_2)
DA:15,13
DA:24,13
DA:43,2
DA:45,2
DA:46,12
DA:47,12
DA:48,12
DA:51,2
DA:53,10
DA:56,2
DA:59,12
DA:60,12
DA:62,12
DA:101,13
LF:14
LH:14
BRDA:47,0,0,0
BRDA:47,0,1,12
BRDA:48,1,0,2
BRDA:48,1,1,10
BRDA:48,2,0,12
BRDA:48,2,1,10
BRDA:48,2,2,2
BRDA:48,2,3,10
BRDA:48,2,4,2
BRDA:48,2,5,2
BRDA:67,3,0,12
BRDA:67,3,1,0
BRDA:68,4,0,12
BRDA:68,4,1,2
BRDA:70,5,0,0
BRDA:70,5,1,12
BRDA:76,6,0,2
BRDA:76,6,1,10
BRDA:82,7,0,12
BRDA:82,7,1,2
BRDA:83,8,0,12
BRDA:83,8,1,0
BRDA:88,9,0,12
BRDA:88,9,1,10
BRDA:91,10,0,10
BRDA:91,10,1,0
BRF:26
BRH:21
end_of_record
TN:
SF:components\LeadUnlockModal.tsx
FN:32,LeadUnlockModal
FN:47,(anonymous_1)
FN:158,(anonymous_2)
FN:182,(anonymous_3)
FN:186,(anonymous_4)
FN:212,(anonymous_5)
FN:242,(anonymous_6)
FNF:7
FNH:5
FNDA:7,LeadUnlockModal
FNDA:1,(anonymous_1)
FNDA:0,(anonymous_2)
FNDA:15,(anonymous_3)
FNDA:1,(anonymous_4)
FNDA:0,(anonymous_5)
FNDA:1,(anonymous_6)
DA:12,12
DA:41,7
DA:43,7
DA:44,7
DA:45,7
DA:47,7
DA:48,1
DA:49,1
DA:50,1
DA:55,1
DA:56,1
DA:58,0
DA:59,0
DA:61,1
DA:62,1
DA:63,1
DA:64,1
DA:66,0
DA:71,0
DA:72,0
DA:73,0
DA:74,0
DA:75,0
DA:80,0
DA:81,0
DA:83,1
DA:87,7
DA:89,6
DA:90,1
DA:110,5
DA:159,0
DA:183,15
DA:186,1
DA:212,0
DA:242,1
DA:262,12
LF:36
LH:24
BRDA:37,0,0,5
BRDA:38,1,0,5
BRDA:48,2,0,0
BRDA:48,2,1,1
BRDA:48,3,0,1
BRDA:48,3,1,1
BRDA:48,3,2,1
BRDA:55,4,0,1
BRDA:55,4,1,0
BRDA:55,5,0,1
BRDA:55,5,1,1
BRDA:56,6,0,0
BRDA:56,6,1,1
BRDA:62,7,0,1
BRDA:62,7,1,0
BRDA:62,8,0,1
BRDA:62,8,1,0
BRDA:71,9,0,0
BRDA:71,9,1,0
BRDA:72,10,0,0
BRDA:72,10,1,0
BRDA:80,11,0,0
BRDA:80,11,1,0
BRDA:80,12,0,0
BRDA:80,12,1,0
BRDA:87,13,0,1
BRDA:87,13,1,6
BRDA:89,14,0,1
BRDA:89,14,1,5
BRDA:119,15,0,5
BRDA:119,15,1,5
BRDA:143,16,0,5
BRDA:143,16,1,5
BRDA:150,17,0,5
BRDA:150,17,1,5
BRDA:156,18,0,5
BRDA:156,18,1,5
BRDA:156,18,2,0
BRDA:161,19,0,0
BRDA:161,19,1,0
BRDA:161,19,2,0
BRDA:179,20,0,3
BRDA:179,20,1,2
BRDA:185,21,0,15
BRDA:185,21,1,2
BRDA:189,22,0,15
BRDA:189,22,1,2
BRDA:190,23,0,15
BRDA:190,23,1,2
BRDA:192,24,0,15
BRDA:192,24,1,2
BRDA:199,25,0,3
BRDA:199,25,1,1
BRDA:201,26,0,3
BRDA:201,26,1,2
BRDA:204,27,0,0
BRDA:204,27,1,3
BRDA:239,28,0,2
BRDA:239,28,1,1
BRF:59
BRH:41
end_of_record
TN:
SF:components\PasswordStrength.tsx
FN:5,scorePassword
FN:15,PasswordStrength
FN:16,(anonymous_2)
FNF:3
FNH:3
FNDA:25,scorePassword
FNDA:13,PasswordStrength
FNDA:8,(anonymous_2)
DA:6,25
DA:7,25
DA:8,17
DA:9,17
DA:10,17
DA:11,17
DA:12,17
DA:16,13
DA:17,13
DA:18,13
DA:19,13
DA:21,13
DA:32,14
LF:13
LH:13
BRDA:7,0,0,8
BRDA:7,0,1,17
BRDA:8,1,0,14
BRDA:8,1,1,3
BRDA:9,2,0,8
BRDA:9,2,1,9
BRDA:9,3,0,17
BRDA:9,3,1,8
BRDA:10,4,0,10
BRDA:10,4,1,7
BRDA:11,5,0,5
BRDA:11,5,1,12
BRDA:18,6,0,11
BRDA:18,6,1,2
BRDA:18,7,0,1
BRDA:18,7,1,1
BRDA:18,8,0,0
BRDA:18,8,1,1
BRDA:19,9,0,11
BRDA:19,9,1,2
BRDA:19,10,0,1
BRDA:19,10,1,1
BRDA:19,11,0,0
BRDA:19,11,1,1
BRDA:27,12,0,7
BRDA:27,12,1,6
BRF:26
BRH:24
end_of_record
TN:
SF:components\PricingCard.tsx
FN:20,(anonymous_0)
FN:36,PricingCard
FN:82,(anonymous_2)
FNF:3
FNH:3
FNDA:5,(anonymous_0)
FNDA:5,PricingCard
FNDA:18,(anonymous_2)
DA:20,8
DA:21,5
DA:22,2
DA:33,3
DA:49,5
DA:83,18
DA:107,8
LF:7
LH:7
BRDA:21,0,0,2
BRDA:21,0,1,3
BRDA:43,1,0,3
BRDA:45,2,0,3
BRDA:50,3,0,5
BRDA:50,3,1,2
BRDA:51,4,0,5
BRDA:51,4,1,2
BRDA:59,5,0,5
BRDA:59,5,1,3
BRDA:65,6,0,5
BRDA:65,6,1,2
BRDA:71,7,0,5
BRDA:71,7,1,2
BRDA:74,8,0,5
BRDA:74,8,1,3
BRDA:84,9,0,18
BRDA:84,9,1,8
BRDA:85,10,0,8
BRDA:85,10,1,10
BRDA:93,11,0,5
BRDA:93,11,1,2
BRDA:97,12,0,5
BRDA:97,12,1,2
BRF:24
BRH:24
end_of_record
TN:
SF:components\StripeCheckoutStub.tsx
FN:15,StripeCheckoutStub
FN:25,(anonymous_1)
FN:27,(anonymous_2)
FNF:3
FNH:3
FNDA:3,StripeCheckoutStub
FNDA:1,(anonymous_1)
FNDA:1,(anonymous_2)
DA:22,3
DA:23,3
DA:25,3
DA:26,1
DA:27,1
DA:28,1
DA:29,1
DA:32,3
DA:93,8
LF:9
LH:9
BRDA:65,0,0,3
BRDA:65,0,1,0
BRDA:69,1,0,0
BRDA:69,1,1,3
BRF:4
BRH:2
end_of_record
TN:
SF:components\ThemedText.tsx
FN:11,ThemedText
FNF:1
FNH:1
FNDA:4,ThemedText
DA:18,4
DA:20,4
DA:36,9
LF:3
LH:3
BRDA:15,0,0,2
BRDA:24,1,0,2
BRDA:24,1,1,2
BRDA:25,2,0,0
BRDA:25,2,1,4
BRDA:26,3,0,2
BRDA:26,3,1,2
BRDA:27,4,0,0
BRDA:27,4,1,4
BRDA:28,5,0,0
BRDA:28,5,1,4
BRF:11
BRH:8
end_of_record
TN:
SF:components\ThemedView.tsx
FN:10,ThemedView
FNF:1
FNH:1
FNDA:4,ThemedView
DA:11,4
DA:13,4
LF:2
LH:2
BRF:0
BRH:0
end_of_record
TN:
SF:components\TopBar.tsx
FN:10,TopBar
FN:14,(anonymous_1)
FN:28,(anonymous_2)
FNF:3
FNH:1
FNDA:1,TopBar
FNDA:0,(anonymous_1)
FNDA:0,(anonymous_2)
DA:8,10
DA:11,1
DA:12,1
DA:14,1
DA:15,0
DA:16,0
DA:18,0
DA:22,1
DA:28,0
DA:66,10
LF:10
LH:6
BRDA:15,0,0,0
BRDA:15,0,1,0
BRF:2
BRH:0
end_of_record
TN:
SF:components\VerifiedProBadge.tsx
FN:10,VerifiedProBadge
FNF:1
FNH:1
FNDA:9,VerifiedProBadge
DA:11,9
DA:12,9
DA:13,9
DA:15,9
DA:27,25
LF:5
LH:5
BRDA:10,0,0,0
BRDA:10,1,0,3
BRDA:20,2,0,9
BRDA:20,2,1,4
BRF:4
BRH:3
end_of_record
TN:
SF:components\icons\Icon.tsx
FN:12,Icon
FNF:1
FNH:1
FNDA:1,Icon
DA:14,1
LF:1
LH:1
BRDA:12,0,0,1
BRDA:12,1,0,1
BRDA:14,2,0,1
BRDA:14,2,1,0
BRF:4
BRH:3
end_of_record
TN:
SF:components\icons\SpriteIcon.tsx
FN:14,SpriteIcon
FNF:1
FNH:1
FNDA:1,SpriteIcon
DA:15,1
LF:1
LH:1
BRDA:14,0,0,1
BRDA:15,1,0,1
BRDA:15,1,1,1
BRF:3
BRH:3
end_of_record
TN:
SF:components\ui\IconSymbol.ios.tsx
FN:4,IconSymbol
FNF:1
FNH:1
FNDA:3,IconSymbol
DA:17,3
LF:1
LH:1
BRDA:6,0,0,1
BRDA:9,1,0,1
BRF:2
BRH:2
end_of_record
TN:
SF:components\ui\TabBarBackground.tsx
FN:4,useBottomTabOverflow
FNF:1
FNH:1
FNDA:1,useBottomTabOverflow
DA:5,1
LF:1
LH:1
BRF:0
BRH:0
end_of_record
TN:
SF:constants\Colors.ts
FNF:0
FNH:0
DA:6,11
DA:7,11
DA:9,11
LF:3
LH:3
BRF:0
BRH:0
end_of_record
TN:
SF:constants\data.ts
FNF:0
FNH:0
DA:1,122
DA:15,122
DA:31,122
DA:39,122
DA:46,122
DA:62,122
LF:6
LH:6
BRF:0
BRH:0
end_of_record
TN:
SF:constants\design-tokens.ts
FNF:0
FNH:0
DA:2,2
DA:14,2
DA:23,2
LF:3
LH:3
BRF:0
BRH:0
end_of_record
TN:
SF:constants\theme.ts
FN:34,setThemeMode
FN:36,(anonymous_1)
FNF:2
FNH:2
FNDA:10,setThemeMode
FNDA:120,(anonymous_1)
DA:1,153
DA:16,153
DA:32,153
DA:35,10
DA:36,10
DA:38,120
DA:43,153
DA:56,153
DA:65,153
LF:9
LH:9
BRDA:35,0,0,5
BRDA:35,0,1,5
BRF:2
BRH:2
end_of_record
TN:
SF:context\AuthContext.tsx
FN:29,(anonymous_0)
FN:32,(anonymous_1)
FN:57,AuthProvider
FN:64,(anonymous_3)
FN:71,(anonymous_4)
FN:75,(anonymous_5)
FN:99,(anonymous_6)
FN:178,(anonymous_7)
FN:216,(anonymous_8)
FN:242,(anonymous_9)
FN:359,(anonymous_10)
FN:364,(anonymous_11)
FN:369,(anonymous_12)
FN:388,(anonymous_13)
FN:405,(anonymous_14)
FN:421,(anonymous_15)
FN:451,useAuth
FNF:17
FNH:13
FNDA:28,(anonymous_0)
FNDA:12,(anonymous_1)
FNDA:45,AuthProvider
FNDA:220,(anonymous_3)
FNDA:20,(anonymous_4)
FNDA:20,(anonymous_5)
FNDA:15,(anonymous_6)
FNDA:3,(anonymous_7)
FNDA:7,(anonymous_8)
FNDA:7,(anonymous_9)
FNDA:0,(anonymous_10)
FNDA:0,(anonymous_11)
FNDA:0,(anonymous_12)
FNDA:4,(anonymous_13)
FNDA:4,(anonymous_14)
FNDA:0,(anonymous_15)
FNDA:213,useAuth
DA:27,105
DA:29,105
DA:30,28
DA:32,105
DA:33,12
DA:34,12
DA:58,45
DA:59,45
DA:60,45
DA:63,45
DA:64,45
DA:65,220
DA:67,0
DA:71,45
DA:72,20
DA:75,45
DA:76,20
DA:77,20
DA:78,0
DA:79,0
DA:82,20
DA:87,20
DA:88,0
DA:89,0
DA:91,20
DA:93,0
DA:95,20
DA:99,45
DA:100,15
DA:106,15
DA:108,15
DA:112,15
DA:114,0
DA:116,15
DA:117,15
DA:119,15
DA:120,15
DA:121,15
DA:122,15
DA:123,15
DA:124,15
DA:127,15
DA:128,15
DA:132,15
DA:133,15
DA:134,15
DA:136,0
DA:138,15
DA:139,15
DA:140,15
DA:141,15
DA:143,0
DA:147,15
DA:149,8
DA:150,0
DA:152,8
DA:153,8
DA:155,8
DA:156,8
DA:158,8
DA:160,8
DA:161,4
DA:162,1
DA:163,1
DA:166,3
DA:167,2
DA:168,2
DA:171,1
DA:172,0
DA:173,0
DA:177,1
DA:178,3
DA:181,1
DA:182,0
DA:183,0
DA:184,0
DA:185,0
DA:186,0
DA:189,1
DA:192,4
DA:193,2
DA:194,2
DA:195,2
DA:198,2
DA:204,2
DA:205,0
DA:206,0
DA:209,2
DA:210,2
DA:211,2
DA:212,2
DA:213,2
DA:215,7
DA:216,7
DA:218,7
DA:219,7
DA:220,7
DA:221,7
DA:222,7
DA:225,0
DA:226,0
DA:227,0
DA:228,0
DA:231,0
DA:232,0
DA:233,0
DA:234,0
DA:237,0
DA:238,0
DA:242,45
DA:248,7
DA:250,7
DA:254,7
DA:256,7
DA:259,7
DA:261,0
DA:263,7
DA:264,7
DA:266,7
DA:267,7
DA:268,7
DA:269,7
DA:270,7
DA:271,7
DA:272,7
DA:273,7
DA:275,0
DA:277,7
DA:278,7
DA:279,7
DA:280,7
DA:282,0
DA:287,7
DA:288,7
DA:289,7
DA:290,7
DA:292,7
DA:293,0
DA:295,7
DA:296,7
DA:298,7
DA:299,7
DA:301,7
DA:302,2
DA:304,2
DA:305,2
DA:306,2
DA:309,0
DA:310,0
DA:311,0
DA:314,0
DA:315,0
DA:319,5
DA:320,5
DA:321,5
DA:325,0
DA:334,0
DA:335,0
DA:336,0
DA:337,0
DA:340,0
DA:349,0
DA:350,0
DA:351,0
DA:352,0
DA:354,0
DA:355,0
DA:359,45
DA:360,0
DA:361,0
DA:364,45
DA:365,0
DA:366,0
DA:369,45
DA:370,0
DA:371,0
DA:372,0
DA:378,0
DA:379,0
DA:380,0
DA:381,0
DA:384,0
DA:388,45
DA:389,4
DA:391,4
DA:392,4
DA:393,4
DA:394,4
DA:395,4
DA:399,0
DA:401,0
DA:405,45
DA:406,4
DA:409,4
DA:410,4
DA:411,2
DA:414,2
DA:420,2
DA:421,0
DA:422,0
DA:425,2
DA:427,0
DA:431,45
DA:452,213
DA:453,193
DA:457,145
DA:458,143
DA:460,2
DA:462,48
LF:209
LH:142
BRDA:30,0,0,6
BRDA:30,0,1,22
BRDA:33,1,0,12
BRDA:33,1,1,7
BRDA:35,2,0,12
BRDA:35,2,1,0
BRDA:36,3,0,12
BRDA:36,3,1,0
BRDA:37,4,0,12
BRDA:37,4,1,1
BRDA:52,5,0,12
BRDA:52,5,1,11
BRDA:53,6,0,12
BRDA:53,6,1,11
BRDA:63,7,0,45
BRDA:63,7,1,45
BRDA:63,7,2,45
BRDA:65,8,0,0
BRDA:65,8,1,220
BRDA:77,9,0,0
BRDA:77,9,1,20
BRDA:87,10,0,0
BRDA:87,10,1,20
BRDA:112,11,0,15
BRDA:112,11,1,0
BRDA:112,12,0,15
BRDA:112,12,1,15
BRDA:112,13,0,0
BRDA:112,13,1,0
BRDA:116,14,0,15
BRDA:116,14,1,0
BRDA:116,15,0,15
BRDA:116,15,1,15
BRDA:119,16,0,15
BRDA:119,16,1,0
BRDA:119,17,0,15
BRDA:119,17,1,15
BRDA:121,18,0,15
BRDA:121,18,1,0
BRDA:132,19,0,15
BRDA:132,19,1,0
BRDA:134,20,0,15
BRDA:134,20,1,2
BRDA:149,21,0,0
BRDA:149,21,1,8
BRDA:149,22,0,8
BRDA:149,22,1,0
BRDA:152,23,0,8
BRDA:152,23,1,0
BRDA:152,24,0,8
BRDA:152,24,1,8
BRDA:158,25,0,8
BRDA:158,25,1,4
BRDA:160,26,0,4
BRDA:160,26,1,4
BRDA:160,27,0,8
BRDA:160,27,1,4
BRDA:161,28,0,1
BRDA:161,28,1,3
BRDA:161,29,0,4
BRDA:161,29,1,3
BRDA:161,29,2,3
BRDA:166,30,0,2
BRDA:166,30,1,1
BRDA:166,31,0,3
BRDA:166,31,1,1
BRDA:166,31,2,1
BRDA:171,32,0,0
BRDA:171,32,1,1
BRDA:171,33,0,1
BRDA:171,33,1,1
BRDA:171,33,2,1
BRDA:178,34,0,3
BRDA:178,34,1,0
BRDA:181,35,0,0
BRDA:181,35,1,1
BRDA:189,36,0,1
BRDA:189,36,1,0
BRDA:192,37,0,2
BRDA:192,37,1,2
BRDA:204,38,0,0
BRDA:204,38,1,2
BRDA:204,39,0,2
BRDA:204,39,1,2
BRDA:216,40,0,7
BRDA:216,40,1,7
BRDA:218,41,0,7
BRDA:218,41,1,0
BRDA:226,42,0,0
BRDA:226,42,1,0
BRDA:228,43,0,0
BRDA:228,43,1,0
BRDA:231,44,0,0
BRDA:231,44,1,0
BRDA:231,44,2,0
BRDA:232,45,0,0
BRDA:232,45,1,0
BRDA:232,46,0,0
BRDA:232,46,1,0
BRDA:233,47,0,0
BRDA:233,47,1,0
BRDA:237,48,0,0
BRDA:237,48,1,0
BRDA:238,49,0,0
BRDA:238,49,1,0
BRDA:238,49,2,0
BRDA:259,50,0,7
BRDA:259,50,1,0
BRDA:259,51,0,7
BRDA:259,51,1,7
BRDA:259,52,0,0
BRDA:259,52,1,0
BRDA:263,53,0,7
BRDA:263,53,1,0
BRDA:263,54,0,7
BRDA:263,54,1,7
BRDA:266,55,0,7
BRDA:266,55,1,0
BRDA:266,56,0,7
BRDA:266,56,1,7
BRDA:268,57,0,7
BRDA:268,57,1,0
BRDA:271,58,0,7
BRDA:271,58,1,0
BRDA:273,59,0,7
BRDA:273,59,1,2
BRDA:290,60,0,7
BRDA:290,60,1,0
BRDA:290,61,0,7
BRDA:290,61,1,7
BRDA:292,62,0,0
BRDA:292,62,1,7
BRDA:292,63,0,7
BRDA:292,63,1,0
BRDA:295,64,0,7
BRDA:295,64,1,0
BRDA:295,65,0,7
BRDA:295,65,1,7
BRDA:301,66,0,2
BRDA:301,66,1,5
BRDA:301,67,0,7
BRDA:301,67,1,5
BRDA:301,67,2,5
BRDA:302,68,0,2
BRDA:302,68,1,0
BRDA:304,69,0,2
BRDA:304,69,1,0
BRDA:304,70,0,2
BRDA:304,70,1,0
BRDA:309,71,0,0
BRDA:309,71,1,0
BRDA:319,72,0,5
BRDA:319,72,1,0
BRDA:334,73,0,0
BRDA:334,73,1,0
BRDA:370,74,0,0
BRDA:370,74,1,0
BRDA:378,75,0,0
BRDA:378,75,1,0
BRDA:378,76,0,0
BRDA:378,76,1,0
BRDA:391,77,0,4
BRDA:391,77,1,0
BRDA:392,78,0,4
BRDA:392,78,1,0
BRDA:394,79,0,0
BRDA:394,79,1,4
BRDA:394,80,0,0
BRDA:394,80,1,0
BRDA:401,81,0,0
BRDA:401,81,1,0
BRDA:409,82,0,4
BRDA:409,82,1,4
BRDA:409,82,2,2
BRDA:410,83,0,2
BRDA:410,83,1,2
BRDA:420,84,0,0
BRDA:420,84,1,2
BRDA:422,85,0,0
BRDA:422,85,1,0
BRDA:427,86,0,0
BRDA:427,86,1,0
BRDA:453,87,0,145
BRDA:453,87,1,48
BRDA:457,88,0,143
BRDA:457,88,1,2
BRDA:457,89,0,145
BRDA:457,89,1,145
BRDA:457,89,2,145
BRF:189
BRH:113
end_of_record
TN:
SF:context\JobsContext.tsx
FN:62,(anonymous_0)
FN:62,(anonymous_1)
FN:64,mockStripePayFinal
FN:74,JobsProvider
FN:78,(anonymous_4)
FN:94,(anonymous_5)
FN:95,(anonymous_6)
FN:106,(anonymous_7)
FN:216,(anonymous_8)
FN:218,loadFromCacheFirst
FN:264,(anonymous_10)
FN:267,(anonymous_11)
FN:289,(anonymous_12)
FN:337,(anonymous_13)
FN:355,(anonymous_14)
FN:383,(anonymous_15)
FN:411,(anonymous_16)
FN:426,(anonymous_17)
FN:447,(anonymous_18)
FN:465,(anonymous_19)
FN:487,(anonymous_20)
FN:502,(anonymous_21)
FN:517,(anonymous_22)
FN:540,(anonymous_23)
FN:560,(anonymous_24)
FN:580,(anonymous_25)
FN:621,(anonymous_26)
FN:627,(anonymous_27)
FN:652,(anonymous_28)
FN:761,(anonymous_29)
FN:806,useJobs
FNF:31
FNH:19
FNDA:0,(anonymous_0)
FNDA:0,(anonymous_1)
FNDA:0,mockStripePayFinal
FNDA:15,JobsProvider
FNDA:29,(anonymous_4)
FNDA:0,(anonymous_5)
FNDA:0,(anonymous_6)
FNDA:0,(anonymous_7)
FNDA:9,(anonymous_8)
FNDA:9,loadFromCacheFirst
FNDA:9,(anonymous_10)
FNDA:1,(anonymous_11)
FNDA:2,(anonymous_12)
FNDA:1,(anonymous_13)
FNDA:2,(anonymous_14)
FNDA:0,(anonymous_15)
FNDA:0,(anonymous_16)
FNDA:1,(anonymous_17)
FNDA:1,(anonymous_18)
FNDA:1,(anonymous_19)
FNDA:1,(anonymous_20)
FNDA:0,(anonymous_21)
FNDA:1,(anonymous_22)
FNDA:0,(anonymous_23)
FNDA:0,(anonymous_24)
FNDA:1,(anonymous_25)
FNDA:2,(anonymous_26)
FNDA:0,(anonymous_27)
FNDA:18,(anonymous_28)
FNDA:26,(anonymous_29)
FNDA:25,useJobs
DA:60,53
DA:62,53
DA:65,0
DA:67,0
DA:69,0
DA:71,0
DA:75,15
DA:77,15
DA:78,15
DA:79,29
DA:81,0
DA:84,15
DA:87,15
DA:88,15
DA:89,15
DA:90,15
DA:91,15
DA:92,15
DA:94,15
DA:95,0
DA:100,15
DA:103,15
DA:106,15
DA:107,0
DA:109,0
DA:110,0
DA:111,0
DA:112,0
DA:113,0
DA:118,0
DA:119,0
DA:121,0
DA:122,0
DA:125,0
DA:126,0
DA:130,0
DA:131,0
DA:134,0
DA:136,0
DA:138,0
DA:139,0
DA:140,0
DA:141,0
DA:142,0
DA:143,0
DA:144,0
DA:153,0
DA:154,0
DA:156,0
DA:157,0
DA:159,0
DA:161,0
DA:162,0
DA:163,0
DA:164,0
DA:166,0
DA:171,0
DA:172,0
DA:173,0
DA:174,0
DA:175,0
DA:176,0
DA:177,0
DA:178,0
DA:179,0
DA:180,0
DA:181,0
DA:189,0
DA:190,0
DA:191,0
DA:192,0
DA:193,0
DA:194,0
DA:195,0
DA:202,0
DA:203,0
DA:204,0
DA:205,0
DA:208,0
DA:211,0
DA:216,15
DA:217,9
DA:219,9
DA:220,7
DA:221,7
DA:223,7
DA:224,7
DA:225,4
DA:226,4
DA:227,4
DA:228,4
DA:231,4
DA:238,3
DA:239,3
DA:241,3
DA:242,3
DA:244,0
DA:246,3
DA:247,3
DA:248,0
DA:249,0
DA:256,3
DA:257,3
DA:258,3
DA:259,0
DA:263,9
DA:264,9
DA:267,15
DA:268,1
DA:269,1
DA:278,1
DA:279,1
DA:280,1
DA:281,1
DA:282,1
DA:284,0
DA:285,0
DA:289,15
DA:294,2
DA:295,2
DA:296,2
DA:298,2
DA:309,2
DA:310,2
DA:312,2
DA:314,2
DA:320,2
DA:322,2
DA:323,1
DA:329,2
DA:330,2
DA:332,0
DA:333,0
DA:337,15
DA:338,1
DA:339,1
DA:345,1
DA:347,1
DA:348,1
DA:350,0
DA:351,0
DA:355,15
DA:356,2
DA:357,2
DA:363,2
DA:369,2
DA:374,2
DA:375,2
DA:377,0
DA:378,0
DA:382,15
DA:389,0
DA:393,0
DA:394,0
DA:397,0
DA:398,0
DA:401,0
DA:411,15
DA:412,0
DA:413,0
DA:418,0
DA:419,0
DA:421,0
DA:422,0
DA:426,15
DA:427,1
DA:428,1
DA:439,1
DA:440,1
DA:442,0
DA:443,0
DA:447,15
DA:448,1
DA:449,1
DA:457,1
DA:458,1
DA:460,0
DA:461,0
DA:465,15
DA:466,1
DA:467,1
DA:479,1
DA:480,1
DA:482,0
DA:483,0
DA:487,15
DA:488,1
DA:489,1
DA:494,1
DA:495,1
DA:497,0
DA:498,0
DA:502,15
DA:503,0
DA:504,0
DA:509,0
DA:510,0
DA:512,0
DA:513,0
DA:517,15
DA:518,1
DA:519,1
DA:532,1
DA:533,1
DA:535,0
DA:536,0
DA:540,15
DA:541,0
DA:543,0
DA:544,0
DA:554,0
DA:557,0
DA:560,15
DA:561,0
DA:563,0
DA:564,0
DA:574,0
DA:577,0
DA:580,15
DA:584,1
DA:585,1
DA:587,1
DA:592,1
DA:598,1
DA:599,0
DA:607,1
DA:613,1
DA:614,1
DA:616,0
DA:617,0
DA:621,15
DA:626,2
DA:627,2
DA:631,2
DA:632,2
DA:634,2
DA:644,2
DA:645,2
DA:647,0
DA:648,0
DA:652,15
DA:657,18
DA:659,18
DA:660,10
DA:663,0
DA:665,6
DA:671,0
DA:676,0
DA:682,0
DA:687,0
DA:692,0
DA:694,0
DA:696,2
DA:698,0
DA:700,0
DA:702,2
DA:705,8
DA:707,4
DA:708,3
DA:714,1
DA:720,0
DA:725,0
DA:730,2
DA:731,2
DA:736,0
DA:741,0
DA:743,0
DA:745,0
DA:747,0
DA:749,0
DA:751,2
DA:756,0
DA:761,15
DA:762,26
DA:764,20
DA:765,20
DA:767,18
DA:768,18
DA:770,18
DA:772,18
DA:775,15
DA:807,25
DA:808,25
DA:812,10
DA:813,10
DA:815,0
DA:817,15
LF:287
LH:150
BRDA:67,0,0,0
BRDA:67,0,1,0
BRDA:67,1,0,0
BRDA:67,1,1,0
BRDA:67,1,2,0
BRDA:77,2,0,15
BRDA:77,2,1,15
BRDA:77,2,2,15
BRDA:79,3,0,0
BRDA:79,3,1,29
BRDA:100,4,0,15
BRDA:100,4,1,15
BRDA:100,4,2,15
BRDA:107,5,0,0
BRDA:107,5,1,0
BRDA:118,6,0,0
BRDA:118,6,1,0
BRDA:119,7,0,0
BRDA:119,7,1,0
BRDA:126,8,0,0
BRDA:126,8,1,0
BRDA:126,9,0,0
BRDA:126,9,1,0
BRDA:130,10,0,0
BRDA:130,10,1,0
BRDA:130,11,0,0
BRDA:130,11,1,0
BRDA:131,12,0,0
BRDA:131,12,1,0
BRDA:138,13,0,0
BRDA:138,13,1,0
BRDA:139,14,0,0
BRDA:139,14,1,0
BRDA:141,15,0,0
BRDA:141,15,1,0
BRDA:157,16,0,0
BRDA:157,16,1,0
BRDA:157,17,0,0
BRDA:157,17,1,0
BRDA:163,18,0,0
BRDA:163,18,1,0
BRDA:163,19,0,0
BRDA:163,19,1,0
BRDA:164,20,0,0
BRDA:164,20,1,0
BRDA:164,20,2,0
BRDA:171,21,0,0
BRDA:171,21,1,0
BRDA:171,22,0,0
BRDA:171,22,1,0
BRDA:171,22,2,0
BRDA:173,23,0,0
BRDA:173,23,1,0
BRDA:177,24,0,0
BRDA:177,24,1,0
BRDA:179,25,0,0
BRDA:179,25,1,0
BRDA:179,26,0,0
BRDA:179,26,1,0
BRDA:181,27,0,0
BRDA:181,27,1,0
BRDA:191,28,0,0
BRDA:191,28,1,0
BRDA:191,29,0,0
BRDA:191,29,1,0
BRDA:191,29,2,0
BRDA:191,29,3,0
BRDA:193,30,0,0
BRDA:193,30,1,0
BRDA:193,31,0,0
BRDA:193,31,1,0
BRDA:195,32,0,0
BRDA:195,32,1,0
BRDA:202,33,0,0
BRDA:202,33,1,0
BRDA:219,34,0,2
BRDA:219,34,1,7
BRDA:223,35,0,7
BRDA:223,35,1,7
BRDA:224,36,0,4
BRDA:224,36,1,3
BRDA:224,37,0,7
BRDA:224,37,1,4
BRDA:226,38,0,0
BRDA:226,38,1,4
BRDA:242,39,0,3
BRDA:242,39,1,0
BRDA:242,40,0,3
BRDA:242,40,1,3
BRDA:246,41,0,3
BRDA:246,41,1,0
BRDA:246,42,0,3
BRDA:246,42,1,3
BRDA:247,43,0,0
BRDA:247,43,1,3
BRDA:247,44,0,3
BRDA:247,44,1,0
BRDA:257,45,0,3
BRDA:257,45,1,0
BRDA:258,46,0,0
BRDA:258,46,1,3
BRDA:278,47,0,1
BRDA:278,47,1,1
BRDA:279,48,0,1
BRDA:279,48,1,1
BRDA:280,49,0,0
BRDA:280,49,1,1
BRDA:281,50,0,1
BRDA:281,50,1,0
BRDA:282,51,0,1
BRDA:282,51,1,0
BRDA:294,52,0,0
BRDA:294,52,1,2
BRDA:309,53,0,2
BRDA:309,53,1,1
BRDA:310,54,0,0
BRDA:310,54,1,2
BRDA:320,55,0,2
BRDA:320,55,1,2
BRDA:322,56,0,1
BRDA:322,56,1,1
BRDA:322,57,0,2
BRDA:322,57,1,2
BRDA:329,58,0,0
BRDA:329,58,1,2
BRDA:345,59,0,0
BRDA:345,59,1,1
BRDA:347,60,0,0
BRDA:347,60,1,1
BRDA:374,61,0,0
BRDA:374,61,1,2
BRDA:393,62,0,0
BRDA:393,62,1,0
BRDA:394,63,0,0
BRDA:394,63,1,0
BRDA:397,64,0,0
BRDA:397,64,1,0
BRDA:397,65,0,0
BRDA:397,65,1,0
BRDA:397,65,2,0
BRDA:405,66,0,0
BRDA:405,66,1,0
BRDA:418,67,0,0
BRDA:418,67,1,0
BRDA:439,68,0,0
BRDA:439,68,1,1
BRDA:457,69,0,0
BRDA:457,69,1,1
BRDA:479,70,0,0
BRDA:479,70,1,1
BRDA:494,71,0,0
BRDA:494,71,1,1
BRDA:509,72,0,0
BRDA:509,72,1,0
BRDA:532,73,0,0
BRDA:532,73,1,1
BRDA:543,74,0,0
BRDA:543,74,1,0
BRDA:554,75,0,0
BRDA:554,75,1,0
BRDA:563,76,0,0
BRDA:563,76,1,0
BRDA:574,77,0,0
BRDA:574,77,1,0
BRDA:585,78,0,1
BRDA:585,78,1,0
BRDA:598,79,0,0
BRDA:598,79,1,1
BRDA:598,80,0,1
BRDA:598,80,1,0
BRDA:613,81,0,0
BRDA:613,81,1,1
BRDA:631,82,0,0
BRDA:631,82,1,2
BRDA:632,83,0,2
BRDA:632,83,1,0
BRDA:644,84,0,0
BRDA:644,84,1,2
BRDA:659,85,0,10
BRDA:659,85,1,8
BRDA:660,86,0,0
BRDA:660,86,1,0
BRDA:660,86,2,6
BRDA:660,86,3,0
BRDA:660,86,4,0
BRDA:660,86,5,0
BRDA:660,86,6,0
BRDA:660,86,7,0
BRDA:660,86,8,0
BRDA:660,86,9,2
BRDA:660,86,10,0
BRDA:660,86,11,0
BRDA:660,86,12,2
BRDA:666,87,0,4
BRDA:666,87,1,2
BRDA:705,88,0,4
BRDA:705,88,1,0
BRDA:705,88,2,0
BRDA:705,88,3,2
BRDA:705,88,4,0
BRDA:705,88,5,0
BRDA:705,88,6,0
BRDA:705,88,7,0
BRDA:705,88,8,0
BRDA:705,88,9,2
BRDA:705,88,10,0
BRDA:707,89,0,3
BRDA:707,89,1,1
BRDA:730,90,0,2
BRDA:730,90,1,0
BRDA:762,91,0,6
BRDA:762,91,1,20
BRDA:765,92,0,2
BRDA:765,92,1,18
BRDA:808,93,0,10
BRDA:808,93,1,15
BRDA:812,94,0,10
BRDA:812,94,1,0
BRDA:812,95,0,10
BRDA:812,95,1,10
BRDA:812,95,2,10
BRF:221
BRH:82
end_of_record
TN:
SF:context\ThemeContext.tsx
FN:13,ThemeProvider
FN:17,(anonymous_1)
FN:18,(anonymous_2)
FN:33,(anonymous_3)
FN:47,useTheme
FNF:5
FNH:5
FNDA:5,ThemeProvider
FNDA:2,(anonymous_1)
FNDA:2,(anonymous_2)
FNDA:1,(anonymous_3)
FNDA:3,useTheme
DA:11,8
DA:14,5
DA:15,5
DA:17,5
DA:18,2
DA:19,2
DA:20,2
DA:21,2
DA:22,2
DA:23,2
DA:26,0
DA:28,2
DA:33,5
DA:34,1
DA:35,1
DA:36,1
DA:37,1
DA:40,5
DA:48,3
DA:49,3
DA:50,3
LF:21
LH:20
BRDA:21,0,0,1
BRDA:21,0,1,1
BRDA:34,1,0,1
BRDA:34,1,1,0
BRDA:42,2,0,3
BRDA:42,2,1,2
BRDA:49,3,0,0
BRDA:49,3,1,3
BRF:8
BRH:6
end_of_record
TN:
SF:hooks\useColorScheme.ts
FNF:0
FNH:0
LF:0
LH:0
BRF:0
BRH:0
end_of_record
TN:
SF:hooks\useColorScheme.web.ts
FN:7,useColorScheme
FN:10,(anonymous_1)
FN:21,(anonymous_2)
FN:25,(anonymous_3)
FN:27,(anonymous_4)
FNF:5
FNH:4
FNDA:3,useColorScheme
FNDA:2,(anonymous_1)
FNDA:0,(anonymous_2)
FNDA:1,(anonymous_3)
FNDA:1,(anonymous_4)
DA:8,3
DA:10,3
DA:15,2
DA:16,2
DA:17,2
DA:19,1
DA:20,1
DA:21,0
DA:25,1
DA:27,1
DA:28,1
DA:29,1
DA:33,3
DA:35,3
DA:36,1
DA:39,2
LF:16
LH:15
BRDA:15,0,0,2
BRDA:15,0,1,2
BRDA:15,0,2,2
BRDA:16,1,0,2
BRDA:16,1,1,2
BRDA:17,2,0,1
BRDA:17,2,1,1
BRDA:17,3,0,2
BRDA:17,3,1,2
BRDA:20,4,0,1
BRDA:20,4,1,0
BRDA:21,5,0,0
BRDA:21,5,1,0
BRDA:25,6,0,1
BRDA:25,6,1,0
BRDA:29,7,0,1
BRDA:29,7,1,0
BRDA:35,8,0,1
BRDA:35,8,1,2
BRF:19
BRH:14
end_of_record
TN:
SF:hooks\useThemeColor.ts
FN:9,useThemeColor
FNF:1
FNH:1
FNDA:10,useThemeColor
DA:13,10
DA:14,10
DA:16,10
DA:17,2
DA:19,8
LF:5
LH:5
BRDA:13,0,0,10
BRDA:13,0,1,0
BRDA:16,1,0,2
BRDA:16,1,1,8
BRF:4
BRH:3
end_of_record
TN:
SF:lib\analytics.ts
FN:6,track
FN:16,(anonymous_1)
FNF:2
FNH:1
FNDA:23,track
FNDA:0,(anonymous_1)
DA:7,23
DA:8,23
DA:9,23
DA:10,23
DA:12,4
DA:20,19
LF:6
LH:6
BRDA:7,0,0,23
BRDA:7,0,1,23
BRDA:7,0,2,19
BRDA:8,1,0,23
BRDA:8,1,1,0
BRDA:10,2,0,4
BRDA:10,2,1,19
BRF:7
BRH:6
end_of_record
TN:
SF:lib\error.ts
FN:7,parseServerError
FNF:1
FNH:1
FNDA:21,parseServerError
DA:8,21
DA:11,14
DA:12,6
DA:13,6
DA:14,6
DA:15,6
DA:16,6
DA:18,0
DA:19,0
DA:23,8
DA:24,4
DA:25,4
DA:26,4
DA:27,4
DA:29,0
DA:33,4
LF:16
LH:13
BRDA:8,0,0,7
BRDA:8,0,1,14
BRDA:11,1,0,6
BRDA:11,1,1,8
BRDA:11,2,0,14
BRDA:11,2,1,10
BRDA:13,3,0,6
BRDA:13,3,1,0
BRDA:14,4,0,6
BRDA:14,4,1,6
BRDA:14,5,0,4
BRDA:14,5,1,2
BRDA:15,6,0,6
BRDA:15,6,1,0
BRDA:15,7,0,6
BRDA:15,7,1,0
BRDA:18,8,0,0
BRDA:18,8,1,0
BRDA:18,8,2,0
BRDA:23,9,0,4
BRDA:23,9,1,4
BRDA:23,10,0,8
BRDA:23,10,1,8
BRDA:23,10,2,4
BRDA:24,11,0,4
BRDA:24,11,1,0
BRDA:24,11,2,0
BRDA:26,12,0,4
BRDA:26,12,1,0
BRDA:26,13,0,4
BRDA:26,13,1,2
BRDA:26,13,2,0
BRF:32
BRH:22
end_of_record
TN:
SF:lib\sentry.ts
FN:20,(anonymous_0)
FN:21,(anonymous_1)
FN:22,(anonymous_2)
FN:23,(anonymous_3)
FN:29,(anonymous_4)
FN:30,(anonymous_5)
FN:31,(anonymous_6)
FN:32,(anonymous_7)
FNF:8
FNH:1
FNDA:2,(anonymous_0)
FNDA:0,(anonymous_1)
FNDA:0,(anonymous_2)
FNDA:0,(anonymous_3)
FNDA:0,(anonymous_4)
FNDA:0,(anonymous_5)
FNDA:0,(anonymous_6)
FNDA:0,(anonymous_7)
DA:2,21
DA:3,21
DA:4,21
DA:6,21
DA:9,1
DA:10,1
DA:16,1
DA:19,20
DA:28,0
LF:9
LH:8
BRDA:3,0,0,21
BRDA:3,0,1,0
BRDA:3,1,0,0
BRDA:3,1,1,0
BRDA:4,2,0,21
BRDA:4,2,1,21
BRDA:4,2,2,21
BRDA:4,2,3,20
BRDA:4,2,4,20
BRDA:6,3,0,1
BRDA:6,3,1,20
BRDA:12,4,0,1
BRDA:12,4,1,1
BRDA:12,4,2,1
BRDA:12,4,3,0
BRF:15
BRH:11
end_of_record
TN:
SF:lib\supabase.ts
FN:25,(anonymous_0)
FN:26,(anonymous_1)
FN:30,(anonymous_2)
FN:31,(anonymous_3)
FN:32,(anonymous_4)
FN:33,(anonymous_5)
FN:34,(anonymous_6)
FN:35,(anonymous_7)
FN:36,(anonymous_8)
FN:37,(anonymous_9)
FN:38,(anonymous_10)
FN:39,(anonymous_11)
FN:45,(anonymous_12)
FN:47,(anonymous_13)
FN:48,(anonymous_14)
FN:49,(anonymous_15)
FN:50,(anonymous_16)
FN:52,(anonymous_17)
FN:61,(anonymous_18)
FN:136,(anonymous_19)
FN:139,(anonymous_20)
FN:148,boundWrapper
FN:157,(anonymous_22)
FN:179,(anonymous_23)
FN:192,(anonymous_24)
FN:197,(anonymous_25)
FN:201,(anonymous_26)
FN:205,(anonymous_27)
FN:209,(anonymous_28)
FN:215,(anonymous_29)
FNF:30
FNH:18
FNDA:120,(anonymous_0)
FNDA:1,(anonymous_1)
FNDA:1,(anonymous_2)
FNDA:1,(anonymous_3)
FNDA:0,(anonymous_4)
FNDA:0,(anonymous_5)
FNDA:0,(anonymous_6)
FNDA:0,(anonymous_7)
FNDA:0,(anonymous_8)
FNDA:0,(anonymous_9)
FNDA:1,(anonymous_10)
FNDA:0,(anonymous_11)
FNDA:1,(anonymous_12)
FNDA:0,(anonymous_13)
FNDA:0,(anonymous_14)
FNDA:0,(anonymous_15)
FNDA:0,(anonymous_16)
FNDA:0,(anonymous_17)
FNDA:69,(anonymous_18)
FNDA:8,(anonymous_19)
FNDA:10,(anonymous_20)
FNDA:1,boundWrapper
FNDA:21,(anonymous_22)
FNDA:6,(anonymous_23)
FNDA:47,(anonymous_24)
FNDA:6,(anonymous_25)
FNDA:5,(anonymous_26)
FNDA:2,(anonymous_27)
FNDA:2,(anonymous_28)
FNDA:1,(anonymous_29)
DA:4,120
DA:5,120
DA:7,120
DA:9,120
DA:10,120
DA:11,120
DA:12,120
DA:18,120
DA:19,0
DA:25,120
DA:26,120
DA:27,1
DA:29,1
DA:30,1
DA:31,1
DA:32,0
DA:33,0
DA:34,0
DA:35,0
DA:36,0
DA:37,0
DA:38,1
DA:39,0
DA:41,1
DA:44,120
DA:45,1
DA:47,0
DA:48,0
DA:49,0
DA:50,0
DA:52,0
DA:60,120
DA:61,120
DA:62,69
DA:64,69
DA:65,69
DA:72,68
DA:79,68
DA:81,68
DA:82,68
DA:83,68
DA:85,68
DA:88,0
DA:93,68
DA:100,1
DA:104,1
DA:105,1
DA:106,1
DA:107,1
DA:108,1
DA:109,1
DA:110,1
DA:116,1
DA:117,0
DA:125,0
DA:130,1
DA:136,120
DA:137,8
DA:138,8
DA:140,10
DA:141,10
DA:146,8
DA:147,1
DA:148,1
DA:149,1
DA:151,1
DA:153,1
DA:154,1
DA:155,1
DA:157,1
DA:158,21
DA:159,21
DA:167,1
DA:169,7
DA:171,2
DA:172,0
DA:179,120
DA:184,6
DA:191,120
DA:193,47
DA:194,47
DA:198,6
DA:199,6
DA:202,5
DA:203,5
DA:206,2
DA:207,2
DA:210,2
DA:211,2
DA:216,1
DA:217,1
LF:91
LH:74
BRDA:9,0,0,120
BRDA:9,0,1,0
BRDA:10,1,0,120
BRDA:10,1,1,0
BRDA:10,2,0,120
BRDA:10,2,1,120
BRDA:11,3,0,120
BRDA:11,3,1,118
BRDA:12,4,0,120
BRDA:12,4,1,118
BRDA:18,5,0,0
BRDA:18,5,1,120
BRDA:18,6,0,120
BRDA:18,6,1,2
BRDA:18,6,2,0
BRDA:26,7,0,0
BRDA:27,8,0,0
BRDA:27,8,1,1
BRDA:64,9,0,69
BRDA:64,9,1,0
BRDA:65,10,0,68
BRDA:65,10,1,1
BRDA:65,11,0,69
BRDA:65,11,1,69
BRDA:79,12,0,68
BRDA:79,12,1,0
BRDA:83,13,0,68
BRDA:83,13,1,67
BRDA:85,14,0,68
BRDA:85,14,1,67
BRDA:85,15,0,67
BRDA:85,15,1,0
BRDA:88,16,0,0
BRDA:88,16,1,0
BRDA:88,17,0,0
BRDA:88,17,1,0
BRDA:100,18,0,0
BRDA:100,18,1,1
BRDA:107,19,0,1
BRDA:107,19,1,0
BRDA:108,20,0,1
BRDA:108,20,1,0
BRDA:108,21,0,1
BRDA:108,21,1,1
BRDA:109,22,0,1
BRDA:109,22,1,1
BRDA:110,23,0,1
BRDA:110,23,1,1
BRDA:116,24,0,0
BRDA:116,24,1,1
BRDA:116,25,0,1
BRDA:116,25,1,0
BRDA:137,26,0,0
BRDA:137,26,1,8
BRDA:137,27,0,8
BRDA:137,27,1,8
BRDA:141,28,0,8
BRDA:141,28,1,2
BRDA:146,29,0,1
BRDA:146,29,1,7
BRDA:154,30,0,1
BRDA:154,30,1,0
BRDA:155,31,0,1
BRDA:155,31,1,0
BRDA:159,32,0,15
BRDA:159,32,1,6
BRDA:171,33,0,2
BRDA:171,33,1,0
BRDA:171,34,0,2
BRDA:171,34,1,2
BRF:70
BRH:48
end_of_record
TN:
SF:scripts\optimize-assets.js
FN:5,collectFiles
FN:17,checkAssets
FN:34,(anonymous_2)
FN:43,(anonymous_3)
FNF:4
FNH:2
FNDA:1,collectFiles
FNDA:1,checkAssets
FNDA:0,(anonymous_2)
FNDA:0,(anonymous_3)
DA:2,1
DA:3,1
DA:6,1
DA:7,1
DA:8,1
DA:9,1
DA:10,10
DA:11,10
DA:12,10
DA:14,1
DA:18,1
DA:19,1
DA:20,1
DA:21,1
DA:22,1
DA:23,10
DA:24,10
DA:25,10
DA:30,1
DA:33,1
DA:34,0
DA:35,0
DA:36,0
DA:37,0
DA:38,0
DA:39,0
DA:40,0
DA:41,0
DA:42,0
DA:43,0
DA:44,0
DA:45,0
DA:47,0
DA:48,0
DA:53,1
LF:35
LH:21
BRDA:5,0,0,1
BRDA:7,1,0,0
BRDA:7,1,1,1
BRDA:11,2,0,0
BRDA:11,2,1,10
BRDA:12,3,0,10
BRDA:12,3,1,0
BRDA:17,4,0,0
BRDA:18,5,0,1
BRDA:18,5,1,1
BRDA:19,6,0,1
BRDA:19,6,1,0
BRDA:25,7,0,0
BRDA:25,7,1,10
BRDA:33,8,0,0
BRDA:33,8,1,1
BRDA:37,9,0,0
BRDA:37,9,1,0
BRDA:41,10,0,0
BRDA:41,10,1,0
BRF:20
BRH:9
end_of_record
TN:
SF:scripts\stripe-webhook.js
FN:39,(anonymous_0)
FN:71,(anonymous_1)
FN:101,processStripeEvent
FN:185,(anonymous_3)
FN:218,(anonymous_4)
FN:220,(anonymous_5)
FNF:6
FNH:3
FNDA:2,(anonymous_0)
FNDA:2,(anonymous_1)
FNDA:8,processStripeEvent
FNDA:0,(anonymous_3)
FNDA:0,(anonymous_4)
FNDA:0,(anonymous_5)
DA:9,2
DA:10,2
DA:12,2
DA:15,2
DA:16,2
DA:18,0
DA:21,2
DA:22,2
DA:23,2
DA:24,2
DA:25,2
DA:26,2
DA:28,2
DA:29,2
DA:31,2
DA:32,2
DA:35,2
DA:36,2
DA:37,2
DA:39,2
DA:40,2
DA:41,2
DA:42,2
DA:43,2
DA:44,0
DA:47,2
DA:51,2
DA:52,1
DA:53,1
DA:54,1
DA:55,1
DA:56,1
DA:57,1
DA:58,1
DA:59,1
DA:60,1
DA:64,2
DA:65,2
DA:66,0
DA:68,2
DA:71,2
DA:72,2
DA:73,0
DA:76,2
DA:77,2
DA:79,2
DA:80,0
DA:81,0
DA:82,0
DA:85,2
DA:86,0
DA:89,2
DA:94,2
DA:95,2
DA:96,0
DA:98,2
DA:102,8
DA:103,0
DA:106,8
DA:108,2
DA:109,2
DA:110,0
DA:111,0
DA:113,2
DA:117,1
DA:118,1
DA:119,0
DA:120,0
DA:123,1
DA:124,1
DA:130,1
DA:131,1
DA:132,0
DA:134,1
DA:138,2
DA:139,2
DA:143,1
DA:144,1
DA:145,0
DA:146,0
DA:149,1
DA:150,1
DA:155,1
DA:156,1
DA:157,1
DA:161,1
DA:162,1
DA:163,0
DA:164,0
DA:167,1
DA:168,1
DA:173,1
DA:174,1
DA:175,1
DA:179,1
DA:180,1
DA:184,2
DA:185,0
DA:186,0
DA:187,0
DA:189,0
DA:191,0
DA:192,0
DA:194,0
DA:195,0
DA:197,0
DA:198,0
DA:199,0
DA:200,0
DA:202,0
DA:203,0
DA:208,0
DA:209,0
DA:210,0
DA:211,0
DA:213,0
DA:214,0
DA:218,0
DA:220,0
DA:223,2
LF:120
LH:79
BRDA:21,0,0,2
BRDA:21,0,1,0
BRDA:21,1,0,2
BRDA:21,1,1,2
BRDA:22,2,0,2
BRDA:22,2,1,2
BRDA:23,3,0,2
BRDA:23,3,1,2
BRDA:24,4,0,2
BRDA:24,4,1,2
BRDA:26,5,0,2
BRDA:26,5,1,2
BRDA:28,6,0,2
BRDA:28,6,1,0
BRDA:31,7,0,2
BRDA:31,7,1,0
BRDA:31,8,0,2
BRDA:31,8,1,0
BRDA:35,9,0,0
BRDA:35,9,1,2
BRDA:35,10,0,2
BRDA:35,10,1,2
BRDA:36,11,0,0
BRDA:36,11,1,2
BRDA:36,12,0,2
BRDA:36,12,1,0
BRDA:37,13,0,0
BRDA:37,13,1,2
BRDA:39,14,0,0
BRDA:40,15,0,2
BRDA:40,15,1,0
BRDA:42,16,0,2
BRDA:42,16,1,0
BRDA:43,17,0,0
BRDA:43,17,1,2
BRDA:43,18,0,2
BRDA:43,18,1,2
BRDA:51,19,0,1
BRDA:51,19,1,1
BRDA:55,20,0,1
BRDA:55,20,1,0
BRDA:59,21,0,1
BRDA:59,21,1,0
BRDA:65,22,0,0
BRDA:65,22,1,2
BRDA:71,23,0,0
BRDA:72,24,0,0
BRDA:72,24,1,2
BRDA:77,25,0,2
BRDA:77,25,1,2
BRDA:79,26,0,0
BRDA:79,26,1,2
BRDA:79,27,0,2
BRDA:79,27,1,0
BRDA:79,27,2,0
BRDA:82,28,0,0
BRDA:82,28,1,0
BRDA:85,29,0,0
BRDA:85,29,1,2
BRDA:95,30,0,0
BRDA:95,30,1,2
BRDA:102,31,0,0
BRDA:102,31,1,8
BRDA:102,32,0,8
BRDA:102,32,1,8
BRDA:106,33,0,2
BRDA:106,33,1,1
BRDA:106,33,2,2
BRDA:106,33,3,1
BRDA:106,33,4,1
BRDA:106,33,5,1
BRDA:109,34,0,0
BRDA:109,34,1,2
BRDA:109,35,0,2
BRDA:109,35,1,2
BRDA:113,36,0,2
BRDA:113,36,1,0
BRDA:118,37,0,0
BRDA:118,37,1,1
BRDA:118,38,0,1
BRDA:118,38,1,1
BRDA:118,38,2,1
BRDA:127,39,0,1
BRDA:127,39,1,0
BRDA:131,40,0,0
BRDA:131,40,1,1
BRDA:139,41,0,2
BRDA:139,41,1,0
BRDA:144,42,0,0
BRDA:144,42,1,1
BRDA:144,43,0,1
BRDA:144,43,1,1
BRDA:144,43,2,1
BRDA:156,44,0,0
BRDA:156,44,1,1
BRDA:162,45,0,0
BRDA:162,45,1,1
BRDA:162,46,0,1
BRDA:162,46,1,1
BRDA:162,46,2,1
BRDA:170,47,0,1
BRDA:170,47,1,0
BRDA:170,48,0,0
BRDA:170,48,1,0
BRDA:174,49,0,0
BRDA:174,49,1,1
BRDA:184,50,0,0
BRDA:184,50,1,2
BRDA:184,51,0,2
BRDA:184,51,1,0
BRDA:189,52,0,0
BRDA:189,52,1,0
BRDA:189,53,0,0
BRDA:189,53,1,0
BRDA:189,53,2,0
BRDA:210,54,0,0
BRDA:210,54,1,0
BRF:117
BRH:70
end_of_record
