TN:
SF:app\+not-found.tsx
FN:7,NotFoundScreen
FNF:1
FNH:1
FNDA:3,NotFoundScreen
DA:8,3
DA:21,4
LF:2
LH:2
BRF:0
BRH:0
end_of_record
TN:
SF:app\_layout.tsx
FN:19,RootLayout
FNF:1
FNH:1
FNDA:3,RootLayout
DA:11,7
DA:12,5
DA:13,5
DA:15,5
DA:16,5
DA:17,5
DA:20,3
DA:24,0
DA:26,0
DA:27,0
DA:41,0
LF:11
LH:7
BRDA:11,0,0,2
BRDA:11,0,1,3
BRDA:15,1,0,2
BRDA:15,1,1,3
BRDA:24,2,0,0
BRDA:24,2,1,0
BRDA:26,3,0,0
BRDA:26,3,1,0
BRF:8
BRH:4
end_of_record
TN:
SF:app\index.tsx
FN:29,SplashScreen
FN:32,(anonymous_1)
FN:35,(anonymous_2)
FN:49,(anonymous_3)
FN:79,(anonymous_4)
FNF:5
FNH:4
FNDA:3,SplashScreen
FNDA:3,(anonymous_1)
FNDA:0,(anonymous_2)
FNDA:2,(anonymous_3)
FNDA:16,(anonymous_4)
DA:15,16
DA:16,16
DA:17,16
DA:19,16
DA:20,16
DA:21,13
DA:22,13
DA:23,13
DA:30,3
DA:32,3
DA:33,3
DA:35,2
DA:36,0
DA:37,0
DA:38,0
DA:39,0
DA:40,0
DA:41,0
DA:42,0
DA:45,0
DA:49,2
DA:52,3
DA:79,16
DA:80,16
DA:82,16
DA:83,16
DA:85,0
DA:89,16
LF:28
LH:19
BRDA:20,0,0,13
BRDA:20,0,1,3
BRDA:20,1,0,16
BRDA:20,1,1,16
BRDA:20,1,2,13
BRDA:21,2,0,13
BRDA:21,2,1,0
BRDA:22,3,0,13
BRDA:22,3,1,2
BRDA:23,4,0,13
BRDA:23,4,1,2
BRDA:33,5,0,1
BRDA:33,5,1,2
BRDA:36,6,0,0
BRDA:36,6,1,0
BRDA:37,7,0,0
BRDA:37,7,1,0
BRDA:39,8,0,0
BRDA:39,8,1,0
BRDA:41,9,0,0
BRDA:41,9,1,0
BRDA:83,10,0,16
BRDA:83,10,1,16
BRDA:83,10,2,10
BRDA:83,10,3,8
BRF:25
BRH:16
end_of_record
TN:
SF:app\public-profile.tsx
FN:84,StarDisplay
FN:89,(anonymous_1)
FN:101,formatDate
FN:105,formatMemberSince
FN:111,PublicProfileScreen
FN:122,(anonymous_5)
FN:123,(anonymous_6)
FN:161,(anonymous_7)
FN:192,(anonymous_8)
FN:281,(anonymous_9)
FN:295,(anonymous_10)
FN:338,(anonymous_11)
FN:358,(anonymous_12)
FNF:13
FNH:10
FNDA:4,StarDisplay
FNDA:20,(anonymous_1)
FNDA:5,formatDate
FNDA:3,formatMemberSince
FNDA:5,PublicProfileScreen
FNDA:1,(anonymous_5)
FNDA:1,(anonymous_6)
FNDA:0,(anonymous_7)
FNDA:0,(anonymous_8)
FNDA:3,(anonymous_9)
FNDA:5,(anonymous_10)
FNDA:0,(anonymous_11)
FNDA:3,(anonymous_12)
DA:20,10
DA:21,10
DA:25,10
DA:46,10
DA:85,4
DA:86,4
DA:87,4
DA:90,20
DA:102,5
DA:106,3
DA:112,5
DA:113,5
DA:114,5
DA:115,5
DA:117,5
DA:118,4
DA:119,4
DA:120,4
DA:122,4
DA:123,1
DA:124,1
DA:125,1
DA:126,1
DA:139,1
DA:140,0
DA:142,1
DA:145,1
DA:146,0
DA:148,1
DA:151,0
DA:152,0
DA:154,1
DA:158,1
DA:161,4
DA:162,0
DA:163,0
DA:164,0
DA:165,0
DA:166,0
DA:168,0
DA:170,0
DA:174,4
DA:175,3
DA:182,1
DA:184,1
DA:185,1
DA:186,1
DA:188,1
DA:192,0
DA:282,3
DA:296,5
DA:339,0
DA:359,3
DA:411,10
LF:54
LH:41
BRDA:84,0,0,0
BRDA:92,1,0,18
BRDA:92,1,1,2
BRDA:92,2,0,1
BRDA:92,2,1,1
BRDA:92,3,0,2
BRDA:92,3,1,2
BRDA:139,4,0,0
BRDA:139,4,1,1
BRDA:145,5,0,0
BRDA:145,5,1,1
BRDA:145,6,0,1
BRDA:145,6,1,1
BRDA:162,7,0,0
BRDA:162,7,1,0
BRDA:162,8,0,0
BRDA:162,8,1,0
BRDA:174,9,0,3
BRDA:174,9,1,1
BRDA:182,10,0,0
BRDA:182,10,1,1
BRDA:184,11,0,1
BRDA:184,11,1,0
BRDA:185,12,0,1
BRDA:185,12,1,0
BRDA:186,13,0,1
BRDA:186,13,1,0
BRDA:201,14,0,0
BRDA:201,14,1,1
BRDA:215,15,0,1
BRDA:215,15,1,1
BRDA:222,16,0,1
BRDA:222,16,1,0
BRDA:229,17,0,1
BRDA:229,17,1,1
BRDA:233,18,0,1
BRDA:233,18,1,1
BRDA:235,19,0,1
BRDA:235,19,1,0
BRDA:238,20,0,1
BRDA:238,20,1,1
BRDA:250,21,0,1
BRDA:250,21,1,0
BRDA:267,22,0,1
BRDA:267,22,1,0
BRDA:277,23,0,1
BRDA:277,23,1,1
BRDA:277,23,2,1
BRDA:291,24,0,1
BRDA:291,24,1,1
BRDA:291,24,2,1
BRDA:312,25,0,0
BRDA:312,25,1,1
BRDA:319,26,0,0
BRDA:319,26,1,1
BRDA:322,27,0,0
BRDA:322,27,1,1
BRDA:323,28,0,0
BRDA:323,28,1,0
BRDA:336,29,0,0
BRDA:336,29,1,1
BRDA:357,30,0,1
BRDA:357,30,1,0
BRDA:366,31,0,3
BRDA:366,31,1,0
BRDA:372,32,0,3
BRDA:372,32,1,0
BRDA:387,33,0,1
BRDA:387,33,1,0
BRDA:390,34,0,0
BRDA:390,34,1,0
BRDA:394,35,0,0
BRDA:394,35,1,0
BRF:73
BRH:43
end_of_record
TN:
SF:app\settings.tsx
FN:10,SettingsScreen
FN:18,(anonymous_1)
FN:24,(anonymous_2)
FN:35,(anonymous_3)
FNF:4
FNH:1
FNDA:3,SettingsScreen
FNDA:0,(anonymous_1)
FNDA:0,(anonymous_2)
FNDA:0,(anonymous_3)
DA:11,3
DA:12,3
DA:13,2
DA:14,2
DA:15,2
DA:16,2
DA:18,2
DA:19,0
DA:25,0
DA:26,0
DA:32,2
DA:35,0
DA:141,7
LF:13
LH:9
BRF:0
BRH:0
end_of_record
TN:
SF:app\admin\_layout.tsx
FN:5,AdminLayout
FN:29,(anonymous_1)
FN:38,(anonymous_2)
FN:47,(anonymous_3)
FN:56,(anonymous_4)
FNF:5
FNH:1
FNDA:3,AdminLayout
FNDA:0,(anonymous_1)
FNDA:0,(anonymous_2)
FNDA:0,(anonymous_3)
FNDA:0,(anonymous_4)
DA:6,3
DA:30,0
DA:39,0
DA:48,0
DA:57,0
LF:5
LH:1
BRF:0
BRH:0
end_of_record
TN:
SF:app\admin\index.tsx
FN:20,AdminDashboard
FN:26,(anonymous_1)
FN:49,(anonymous_2)
FN:50,(anonymous_3)
FN:51,(anonymous_4)
FN:53,(anonymous_5)
FN:54,(anonymous_6)
FN:66,(anonymous_7)
FN:70,(anonymous_8)
FNF:9
FNH:3
FNDA:5,AdminDashboard
FNDA:1,(anonymous_1)
FNDA:0,(anonymous_2)
FNDA:0,(anonymous_3)
FNDA:0,(anonymous_4)
FNDA:0,(anonymous_5)
FNDA:0,(anonymous_6)
FNDA:1,(anonymous_7)
FNDA:0,(anonymous_8)
DA:21,5
DA:22,5
DA:23,4
DA:24,4
DA:26,4
DA:27,1
DA:28,1
DA:33,1
DA:34,0
DA:35,0
DA:36,0
DA:38,1
DA:39,0
DA:40,0
DA:41,0
DA:44,1
DA:45,1
DA:47,1
DA:49,0
DA:50,0
DA:51,0
DA:53,0
DA:54,0
DA:57,0
DA:58,0
DA:59,0
DA:61,1
DA:62,1
DA:66,4
DA:67,1
DA:70,4
DA:71,0
DA:72,0
DA:75,4
DA:76,3
DA:83,1
DA:157,9
LF:37
LH:21
BRDA:33,0,0,0
BRDA:33,0,1,1
BRDA:38,1,0,0
BRDA:38,1,1,1
BRDA:44,2,0,1
BRDA:44,2,1,0
BRDA:45,3,0,1
BRDA:45,3,1,0
BRDA:75,4,0,3
BRDA:75,4,1,1
BRDA:108,5,0,1
BRDA:108,5,1,1
BRDA:113,6,0,1
BRDA:113,6,1,1
BRDA:118,7,0,1
BRDA:118,7,1,1
BRDA:123,8,0,1
BRDA:123,8,1,1
BRDA:132,9,0,1
BRDA:132,9,1,1
BRDA:137,10,0,1
BRDA:137,10,1,1
BRDA:142,11,0,1
BRDA:142,11,1,1
BRF:24
BRH:20
end_of_record
TN:
SF:app\admin\jobs.helpers.ts
FNF:0
FNH:0
DA:3,9
DA:10,9
LF:2
LH:2
BRF:0
BRH:0
end_of_record
TN:
SF:app\admin\jobs.tsx
FN:9,AdminJobsScreen
FN:15,(anonymous_1)
FN:32,(anonymous_2)
FN:36,(anonymous_3)
FN:41,(anonymous_4)
FN:91,(anonymous_5)
FNF:6
FNH:1
FNDA:3,AdminJobsScreen
FNDA:0,(anonymous_1)
FNDA:0,(anonymous_2)
FNDA:0,(anonymous_3)
FNDA:0,(anonymous_4)
FNDA:0,(anonymous_5)
DA:10,3
DA:11,3
DA:12,2
DA:13,2
DA:15,2
DA:16,0
DA:17,0
DA:22,0
DA:23,0
DA:25,0
DA:27,0
DA:28,0
DA:32,2
DA:33,0
DA:36,2
DA:37,0
DA:38,0
DA:41,2
DA:42,0
DA:75,2
DA:76,2
DA:83,0
DA:91,0
DA:112,7
LF:24
LH:11
BRDA:22,0,0,0
BRDA:22,0,1,0
BRDA:23,1,0,0
BRDA:23,1,1,0
BRDA:75,2,0,2
BRDA:75,2,1,0
BRF:6
BRH:1
end_of_record
TN:
SF:app\admin\settings.tsx
FN:8,AdminSettingsScreen
FN:12,(anonymous_1)
FN:18,(anonymous_2)
FNF:3
FNH:1
FNDA:1,AdminSettingsScreen
FNDA:0,(anonymous_1)
FNDA:0,(anonymous_2)
DA:9,1
DA:10,1
DA:12,1
DA:13,0
DA:19,0
DA:20,0
DA:26,1
DA:79,5
LF:8
LH:5
BRF:0
BRH:0
end_of_record
TN:
SF:app\admin\users.tsx
FN:27,AdminUsersScreen
FN:34,(anonymous_1)
FN:51,(anonymous_2)
FN:55,(anonymous_3)
FN:63,(anonymous_4)
FN:93,(anonymous_5)
FN:116,(anonymous_6)
FN:146,(anonymous_7)
FNF:8
FNH:1
FNDA:3,AdminUsersScreen
FNDA:0,(anonymous_1)
FNDA:0,(anonymous_2)
FNDA:0,(anonymous_3)
FNDA:0,(anonymous_4)
FNDA:0,(anonymous_5)
FNDA:0,(anonymous_6)
FNDA:0,(anonymous_7)
DA:9,6
DA:15,6
DA:21,6
DA:28,3
DA:29,2
DA:30,2
DA:31,2
DA:32,2
DA:34,2
DA:35,0
DA:36,0
DA:41,0
DA:42,0
DA:44,0
DA:46,0
DA:47,0
DA:51,2
DA:52,0
DA:55,2
DA:56,0
DA:57,0
DA:60,2
DA:61,2
DA:63,2
DA:64,0
DA:65,0
DA:66,0
DA:67,0
DA:69,0
DA:73,0
DA:76,0
DA:85,0
DA:87,0
DA:89,0
DA:93,2
DA:94,0
DA:116,0
DA:128,2
DA:129,2
DA:136,0
DA:146,0
DA:167,6
LF:42
LH:18
BRDA:41,0,0,0
BRDA:41,0,1,0
BRDA:42,1,0,0
BRDA:42,1,1,0
BRDA:64,2,0,0
BRDA:64,2,1,0
BRDA:73,3,0,0
BRDA:73,3,1,0
BRDA:87,4,0,0
BRDA:87,4,1,0
BRDA:109,5,0,0
BRDA:109,5,1,0
BRDA:113,6,0,0
BRDA:113,6,1,0
BRDA:120,7,0,0
BRDA:120,7,1,0
BRDA:128,8,0,2
BRDA:128,8,1,0
BRDA:140,9,0,0
BRDA:140,9,1,0
BRF:20
BRH:1
end_of_record
TN:
SF:app\chat\[jobId].tsx
FN:20,ChatScreen
FN:36,(anonymous_1)
FN:38,(anonymous_2)
FN:42,(anonymous_3)
FN:78,(anonymous_4)
FN:82,(anonymous_5)
FN:85,(anonymous_6)
FN:113,(anonymous_7)
FN:127,(anonymous_8)
FN:132,(anonymous_9)
FN:147,(anonymous_10)
FN:154,(anonymous_11)
FN:207,(anonymous_12)
FN:236,(anonymous_13)
FN:239,(anonymous_14)
FNF:15
FNH:1
FNDA:3,ChatScreen
FNDA:0,(anonymous_1)
FNDA:0,(anonymous_2)
FNDA:0,(anonymous_3)
FNDA:0,(anonymous_4)
FNDA:0,(anonymous_5)
FNDA:0,(anonymous_6)
FNDA:0,(anonymous_7)
FNDA:0,(anonymous_8)
FNDA:0,(anonymous_9)
FNDA:0,(anonymous_10)
FNDA:0,(anonymous_11)
FNDA:0,(anonymous_12)
FNDA:0,(anonymous_13)
FNDA:0,(anonymous_14)
DA:21,3
DA:22,3
DA:28,3
DA:29,2
DA:30,2
DA:31,2
DA:32,2
DA:33,2
DA:34,2
DA:36,2
DA:37,0
DA:38,0
DA:42,2
DA:43,0
DA:45,0
DA:46,0
DA:52,0
DA:54,0
DA:60,0
DA:61,0
DA:63,0
DA:64,0
DA:72,0
DA:74,0
DA:78,2
DA:79,0
DA:81,0
DA:82,0
DA:85,2
DA:86,0
DA:88,0
DA:89,0
DA:91,0
DA:92,0
DA:93,0
DA:95,0
DA:96,0
DA:104,0
DA:106,0
DA:107,0
DA:108,0
DA:109,0
DA:112,0
DA:113,0
DA:114,0
DA:118,0
DA:119,0
DA:120,0
DA:121,0
DA:123,0
DA:127,2
DA:128,0
DA:129,0
DA:132,2
DA:133,0
DA:134,0
DA:135,0
DA:136,0
DA:138,0
DA:139,0
DA:140,0
DA:141,0
DA:143,0
DA:147,2
DA:148,0
DA:149,0
DA:150,0
DA:151,0
DA:154,2
DA:155,0
DA:156,0
DA:158,0
DA:192,2
DA:193,2
DA:200,0
DA:207,0
DA:236,0
DA:239,0
DA:272,5
LF:79
LH:20
BRDA:37,0,0,0
BRDA:37,0,1,0
BRDA:37,1,0,0
BRDA:37,1,1,0
BRDA:38,2,0,0
BRDA:38,2,1,0
BRDA:43,3,0,0
BRDA:43,3,1,0
BRDA:52,4,0,0
BRDA:52,4,1,0
BRDA:60,5,0,0
BRDA:60,5,1,0
BRDA:61,6,0,0
BRDA:61,6,1,0
BRDA:63,7,0,0
BRDA:63,7,1,0
BRDA:86,8,0,0
BRDA:86,8,1,0
BRDA:86,9,0,0
BRDA:86,9,1,0
BRDA:86,9,2,0
BRDA:88,10,0,0
BRDA:88,10,1,0
BRDA:89,11,0,0
BRDA:89,11,1,0
BRDA:104,12,0,0
BRDA:104,12,1,0
BRDA:138,13,0,0
BRDA:138,13,1,0
BRDA:140,14,0,0
BRDA:140,14,1,0
BRDA:148,15,0,0
BRDA:148,15,1,0
BRDA:160,16,0,0
BRDA:160,16,1,0
BRDA:168,17,0,0
BRDA:168,17,1,0
BRDA:171,18,0,0
BRDA:171,18,1,0
BRDA:175,19,0,0
BRDA:175,19,1,0
BRDA:178,20,0,0
BRDA:178,20,1,0
BRDA:180,21,0,0
BRDA:180,21,1,0
BRDA:182,22,0,0
BRDA:182,22,1,0
BRDA:192,23,0,2
BRDA:192,23,1,0
BRDA:203,24,0,0
BRDA:203,24,1,0
BRDA:215,25,0,0
BRDA:215,25,1,0
BRDA:216,26,0,0
BRDA:216,26,1,0
BRDA:225,27,0,0
BRDA:225,27,1,0
BRDA:257,28,0,0
BRDA:257,28,1,0
BRDA:257,28,2,0
BRDA:259,29,0,0
BRDA:259,29,1,0
BRDA:261,30,0,0
BRDA:261,30,1,0
BRDA:411,31,0,2
BRDA:411,31,1,2
BRF:66
BRH:3
end_of_record
TN:
SF:app\customer\_layout.tsx
FN:7,PostJobFAB
FN:48,CustomerLayout
FN:74,(anonymous_2)
FN:81,(anonymous_3)
FN:88,(anonymous_4)
FN:95,(anonymous_5)
FN:102,(anonymous_6)
FNF:7
FNH:1
FNDA:0,PostJobFAB
FNDA:3,CustomerLayout
FNDA:0,(anonymous_2)
FNDA:0,(anonymous_3)
FNDA:0,(anonymous_4)
FNDA:0,(anonymous_5)
FNDA:0,(anonymous_6)
DA:8,0
DA:18,4
DA:49,3
DA:74,0
DA:81,0
DA:88,0
DA:95,0
DA:102,0
LF:8
LH:2
BRF:0
BRH:0
end_of_record
TN:
SF:app\customer\dashboard.tsx
FN:25,CustomerDashboardScreen
FN:29,(anonymous_1)
FN:30,(anonymous_2)
FN:31,(anonymous_3)
FN:33,(anonymous_4)
FN:37,(anonymous_5)
FN:68,(anonymous_6)
FN:72,(anonymous_7)
FN:86,(anonymous_8)
FN:104,(anonymous_9)
FN:122,(anonymous_10)
FN:126,(anonymous_11)
FNF:12
FNH:1
FNDA:3,CustomerDashboardScreen
FNDA:0,(anonymous_1)
FNDA:0,(anonymous_2)
FNDA:0,(anonymous_3)
FNDA:0,(anonymous_4)
FNDA:0,(anonymous_5)
FNDA:0,(anonymous_6)
FNDA:0,(anonymous_7)
FNDA:0,(anonymous_8)
FNDA:0,(anonymous_9)
FNDA:0,(anonymous_10)
FNDA:0,(anonymous_11)
DA:8,8
DA:14,8
DA:26,3
DA:27,2
DA:29,2
DA:30,2
DA:31,2
DA:32,2
DA:33,0
DA:37,2
DA:38,0
DA:39,0
DA:40,0
DA:41,0
DA:44,2
DA:69,0
DA:72,0
DA:86,0
DA:105,0
DA:106,0
DA:122,0
DA:126,0
DA:137,8
LF:23
LH:11
BRDA:33,0,0,0
BRDA:33,0,1,0
BRDA:33,1,0,0
BRDA:33,1,1,0
BRDA:38,2,0,0
BRDA:38,2,1,0
BRDA:39,3,0,0
BRDA:39,3,1,0
BRDA:65,4,0,2
BRDA:65,4,1,0
BRDA:80,5,0,0
BRDA:80,5,1,0
BRDA:85,6,0,0
BRDA:85,6,1,0
BRDA:97,7,0,2
BRDA:97,7,1,0
BRDA:105,8,0,0
BRDA:105,8,1,0
BRDA:105,9,0,0
BRDA:105,9,1,0
BRF:20
BRH:2
end_of_record
TN:
SF:app\customer\edit-job.tsx
FN:13,Dropdown
FN:33,(anonymous_1)
FN:47,(anonymous_2)
FN:54,(anonymous_3)
FN:76,EditJobScreen
FN:95,(anonymous_5)
FN:96,(anonymous_6)
FN:147,(anonymous_7)
FN:165,(anonymous_8)
FN:166,(anonymous_9)
FN:169,(anonymous_10)
FN:204,(anonymous_11)
FN:229,(anonymous_12)
FN:324,(anonymous_13)
FN:354,(anonymous_14)
FN:359,(anonymous_15)
FNF:16
FNH:1
FNDA:0,Dropdown
FNDA:0,(anonymous_1)
FNDA:0,(anonymous_2)
FNDA:0,(anonymous_3)
FNDA:3,EditJobScreen
FNDA:0,(anonymous_5)
FNDA:0,(anonymous_6)
FNDA:0,(anonymous_7)
FNDA:0,(anonymous_8)
FNDA:0,(anonymous_9)
FNDA:0,(anonymous_10)
FNDA:0,(anonymous_11)
FNDA:0,(anonymous_12)
FNDA:0,(anonymous_13)
FNDA:0,(anonymous_14)
FNDA:0,(anonymous_15)
DA:26,0
DA:28,0
DA:33,0
DA:48,0
DA:55,0
DA:56,0
DA:77,3
DA:79,3
DA:80,2
DA:81,2
DA:82,2
DA:83,2
DA:84,2
DA:85,2
DA:86,2
DA:87,2
DA:88,2
DA:89,2
DA:90,2
DA:92,2
DA:93,2
DA:95,2
DA:96,0
DA:97,0
DA:98,0
DA:99,0
DA:100,0
DA:103,0
DA:104,0
DA:110,0
DA:112,0
DA:113,0
DA:114,0
DA:115,0
DA:118,0
DA:119,0
DA:120,0
DA:121,0
DA:122,0
DA:123,0
DA:124,0
DA:125,0
DA:126,0
DA:128,0
DA:129,0
DA:130,0
DA:131,0
DA:132,0
DA:133,0
DA:136,0
DA:137,0
DA:138,0
DA:140,0
DA:144,0
DA:147,2
DA:148,0
DA:149,0
DA:150,0
DA:153,0
DA:160,0
DA:161,0
DA:165,2
DA:166,0
DA:169,2
DA:170,0
DA:171,0
DA:172,0
DA:175,0
DA:176,0
DA:177,0
DA:180,0
DA:182,0
DA:183,0
DA:185,0
DA:201,0
DA:203,0
DA:204,0
DA:207,0
DA:208,0
DA:210,0
DA:214,2
DA:215,2
DA:222,0
DA:229,0
DA:325,0
DA:326,0
DA:355,0
DA:359,0
DA:394,5
LF:89
LH:22
BRDA:35,0,0,0
BRDA:35,0,1,0
BRDA:36,1,0,0
BRDA:36,1,1,0
BRDA:39,2,0,0
BRDA:39,2,1,0
BRDA:44,3,0,0
BRDA:44,3,1,0
BRDA:52,4,0,0
BRDA:52,4,1,0
BRDA:62,5,0,0
BRDA:62,5,1,0
BRDA:93,6,0,0
BRDA:93,6,1,2
BRDA:97,7,0,0
BRDA:97,7,1,0
BRDA:110,8,0,0
BRDA:110,8,1,0
BRDA:112,9,0,0
BRDA:112,9,1,0
BRDA:119,10,0,0
BRDA:119,10,1,0
BRDA:120,11,0,0
BRDA:120,11,1,0
BRDA:121,12,0,0
BRDA:121,12,1,0
BRDA:122,13,0,0
BRDA:122,13,1,0
BRDA:123,14,0,0
BRDA:123,14,1,0
BRDA:124,15,0,0
BRDA:124,15,1,0
BRDA:125,16,0,0
BRDA:125,16,1,0
BRDA:126,17,0,0
BRDA:126,17,1,0
BRDA:128,18,0,0
BRDA:128,18,1,0
BRDA:131,19,0,0
BRDA:131,19,1,0
BRDA:148,20,0,0
BRDA:148,20,1,0
BRDA:160,21,0,0
BRDA:160,21,1,0
BRDA:160,22,0,0
BRDA:160,22,1,0
BRDA:170,23,0,0
BRDA:170,23,1,0
BRDA:170,24,0,0
BRDA:170,24,1,0
BRDA:170,24,2,0
BRDA:170,24,3,0
BRDA:170,24,4,0
BRDA:175,25,0,0
BRDA:175,25,1,0
BRDA:175,26,0,0
BRDA:175,26,1,0
BRDA:183,27,0,0
BRDA:183,27,1,0
BRDA:183,28,0,0
BRDA:183,28,1,0
BRDA:190,29,0,0
BRDA:190,29,1,0
BRDA:193,30,0,0
BRDA:193,30,1,0
BRDA:196,31,0,0
BRDA:196,31,1,0
BRDA:201,32,0,0
BRDA:201,32,1,0
BRDA:214,33,0,2
BRDA:214,33,1,0
BRDA:236,34,0,0
BRDA:236,34,1,0
BRDA:326,35,0,0
BRDA:326,35,1,0
BRDA:329,36,0,0
BRDA:329,36,1,0
BRDA:330,37,0,0
BRDA:330,37,1,0
BRDA:334,38,0,0
BRDA:334,38,1,0
BRDA:351,39,0,0
BRDA:351,39,1,0
BRDA:365,40,0,0
BRDA:365,40,1,0
BRDA:375,41,0,0
BRDA:375,41,1,0
BRDA:379,42,0,0
BRDA:379,42,1,0
BRF:89
BRH:2
end_of_record
TN:
SF:app\customer\index.tsx
FN:15,CustomerHome
FN:23,(anonymous_1)
FN:29,(anonymous_2)
FN:80,(anonymous_3)
FN:84,(anonymous_4)
FN:88,(anonymous_5)
FN:106,(anonymous_6)
FN:107,(anonymous_7)
FN:108,(anonymous_8)
FN:133,(anonymous_9)
FN:137,(anonymous_10)
FN:155,(anonymous_11)
FNF:12
FNH:3
FNDA:3,CustomerHome
FNDA:0,(anonymous_1)
FNDA:0,(anonymous_2)
FNDA:0,(anonymous_3)
FNDA:12,(anonymous_4)
FNDA:0,(anonymous_5)
FNDA:0,(anonymous_6)
FNDA:0,(anonymous_7)
FNDA:0,(anonymous_8)
FNDA:18,(anonymous_9)
FNDA:0,(anonymous_10)
FNDA:0,(anonymous_11)
DA:12,9
DA:13,8
DA:16,3
DA:18,2
DA:19,2
DA:20,2
DA:21,2
DA:23,2
DA:25,0
DA:26,0
DA:29,2
DA:30,0
DA:31,0
DA:32,0
DA:33,0
DA:34,0
DA:35,0
DA:36,0
DA:38,0
DA:39,0
DA:40,0
DA:42,0
DA:44,0
DA:48,2
DA:80,0
DA:85,12
DA:88,0
DA:106,0
DA:108,0
DA:134,18
DA:137,0
DA:155,0
DA:166,8
LF:33
LH:13
BRDA:25,0,0,0
BRDA:25,0,1,0
BRDA:33,1,0,0
BRDA:33,1,1,0
BRDA:34,2,0,0
BRDA:34,2,1,0
BRDA:34,3,0,0
BRDA:34,3,1,0
BRDA:39,4,0,0
BRDA:39,4,1,0
BRDA:40,5,0,0
BRDA:40,5,1,0
BRDA:62,6,0,2
BRDA:62,6,1,0
BRDA:79,7,0,2
BRDA:79,7,1,2
BRDA:87,8,0,12
BRDA:87,8,1,0
BRDA:88,9,0,0
BRDA:88,9,1,0
BRDA:101,10,0,0
BRDA:101,10,1,2
BRDA:141,11,0,18
BRDA:141,11,1,0
BRF:24
BRH:6
end_of_record
TN:
SF:app\customer\jobs.helpers.ts
FN:38,canEditOrDelete
FN:42,getActionText
FNF:2
FNH:2
FNDA:10,canEditOrDelete
FNDA:9,getActionText
DA:4,12
DA:21,12
DA:39,10
DA:43,9
DA:46,3
DA:48,0
DA:50,2
DA:52,1
DA:56,1
DA:58,2
DA:60,0
LF:11
LH:9
BRDA:39,0,0,10
BRDA:39,0,1,8
BRDA:39,0,2,6
BRDA:42,1,0,4
BRDA:43,2,0,3
BRDA:43,2,1,3
BRDA:43,2,2,0
BRDA:43,2,3,2
BRDA:43,2,4,1
BRDA:43,2,5,1
BRDA:43,2,6,1
BRDA:43,2,7,1
BRDA:43,2,8,2
BRDA:43,2,9,0
BRDA:46,3,0,2
BRDA:46,3,1,1
BRDA:46,4,0,3
BRDA:46,4,1,1
BRF:18
BRH:16
end_of_record
TN:
SF:app\customer\jobs.tsx
FN:11,CustomerJobsScreen
FN:20,(anonymous_1)
FN:22,(anonymous_2)
FN:24,(anonymous_3)
FN:25,(anonymous_4)
FN:38,(anonymous_5)
FN:48,(anonymous_6)
FN:52,(anonymous_7)
FN:58,(anonymous_8)
FN:64,(anonymous_9)
FN:68,(anonymous_10)
FN:75,(anonymous_11)
FN:86,(anonymous_12)
FN:109,(anonymous_13)
FN:115,(anonymous_14)
FN:124,(anonymous_15)
FN:135,(anonymous_16)
FN:146,(anonymous_17)
FN:169,(anonymous_18)
FN:207,(anonymous_19)
FN:229,(anonymous_20)
FN:242,(anonymous_21)
FN:243,(anonymous_22)
FN:249,(anonymous_23)
FN:347,(anonymous_24)
FN:356,(anonymous_25)
FN:373,(anonymous_26)
FN:378,(anonymous_27)
FN:412,(anonymous_28)
FNF:29
FNH:3
FNDA:4,CustomerJobsScreen
FNDA:0,(anonymous_1)
FNDA:0,(anonymous_2)
FNDA:0,(anonymous_3)
FNDA:0,(anonymous_4)
FNDA:0,(anonymous_5)
FNDA:1,(anonymous_6)
FNDA:1,(anonymous_7)
FNDA:0,(anonymous_8)
FNDA:0,(anonymous_9)
FNDA:0,(anonymous_10)
FNDA:0,(anonymous_11)
FNDA:0,(anonymous_12)
FNDA:0,(anonymous_13)
FNDA:0,(anonymous_14)
FNDA:0,(anonymous_15)
FNDA:0,(anonymous_16)
FNDA:0,(anonymous_17)
FNDA:0,(anonymous_18)
FNDA:0,(anonymous_19)
FNDA:0,(anonymous_20)
FNDA:0,(anonymous_21)
FNDA:0,(anonymous_22)
FNDA:0,(anonymous_23)
FNDA:0,(anonymous_24)
FNDA:0,(anonymous_25)
FNDA:0,(anonymous_26)
FNDA:0,(anonymous_27)
FNDA:0,(anonymous_28)
DA:13,4
DA:14,3
DA:15,3
DA:16,3
DA:17,3
DA:18,3
DA:20,3
DA:22,3
DA:23,0
DA:24,0
DA:25,0
DA:27,0
DA:29,0
DA:30,0
DA:36,0
DA:37,0
DA:38,0
DA:39,0
DA:41,0
DA:44,0
DA:48,3
DA:49,1
DA:52,3
DA:53,1
DA:54,0
DA:58,3
DA:59,0
DA:60,0
DA:61,0
DA:64,3
DA:65,0
DA:68,3
DA:69,0
DA:70,0
DA:71,0
DA:75,3
DA:76,0
DA:78,0
DA:87,0
DA:88,0
DA:93,0
DA:95,0
DA:96,0
DA:97,0
DA:98,0
DA:100,0
DA:101,0
DA:109,3
DA:110,0
DA:111,0
DA:112,0
DA:115,3
DA:116,0
DA:117,0
DA:125,0
DA:126,0
DA:127,0
DA:128,0
DA:135,3
DA:136,0
DA:138,0
DA:147,0
DA:148,0
DA:153,0
DA:155,0
DA:156,0
DA:157,0
DA:158,0
DA:160,0
DA:161,0
DA:169,3
DA:170,0
DA:173,0
DA:174,0
DA:176,0
DA:178,0
DA:179,0
DA:183,0
DA:184,0
DA:186,0
DA:187,0
DA:189,0
DA:190,0
DA:193,0
DA:194,0
DA:196,0
DA:197,0
DA:200,0
DA:201,0
DA:203,0
DA:207,3
DA:208,0
DA:211,0
DA:213,0
DA:215,0
DA:217,0
DA:221,0
DA:223,0
DA:225,0
DA:229,3
DA:230,0
DA:231,0
DA:232,0
DA:233,0
DA:235,0
DA:239,0
DA:242,0
DA:243,0
DA:249,0
DA:328,3
DA:329,0
DA:336,3
DA:347,0
DA:356,0
DA:373,0
DA:378,0
DA:412,0
DA:423,9
LF:118
LH:25
BRDA:24,0,0,0
BRDA:24,0,1,0
BRDA:27,1,0,0
BRDA:27,1,1,0
BRDA:36,2,0,0
BRDA:36,2,1,0
BRDA:39,3,0,0
BRDA:39,3,1,0
BRDA:53,4,0,0
BRDA:53,4,1,1
BRDA:65,5,0,0
BRDA:65,5,1,0
BRDA:65,5,2,0
BRDA:69,6,0,0
BRDA:69,6,1,0
BRDA:76,7,0,0
BRDA:76,7,1,0
BRDA:93,8,0,0
BRDA:93,8,1,0
BRDA:110,9,0,0
BRDA:110,9,1,0
BRDA:116,10,0,0
BRDA:116,10,1,0
BRDA:128,11,0,0
BRDA:128,11,1,0
BRDA:136,12,0,0
BRDA:136,12,1,0
BRDA:153,13,0,0
BRDA:153,13,1,0
BRDA:170,14,0,0
BRDA:170,14,1,0
BRDA:170,14,2,0
BRDA:170,14,3,0
BRDA:170,14,4,0
BRDA:170,14,5,0
BRDA:170,14,6,0
BRDA:170,14,7,0
BRDA:170,14,8,0
BRDA:170,14,9,0
BRDA:170,14,10,0
BRDA:170,14,11,0
BRDA:170,14,12,0
BRDA:170,14,13,0
BRDA:173,15,0,0
BRDA:173,15,1,0
BRDA:208,16,0,0
BRDA:208,16,1,0
BRDA:208,16,2,0
BRDA:208,16,3,0
BRDA:208,16,4,0
BRDA:208,16,5,0
BRDA:208,16,6,0
BRDA:208,16,7,0
BRDA:208,16,8,0
BRDA:208,16,9,0
BRDA:211,17,0,0
BRDA:211,17,1,0
BRDA:230,18,0,0
BRDA:230,18,1,0
BRDA:235,19,0,0
BRDA:235,19,1,0
BRDA:235,19,2,0
BRDA:235,19,3,0
BRDA:241,20,0,0
BRDA:241,20,1,0
BRDA:246,21,0,0
BRDA:246,21,1,0
BRDA:259,22,0,0
BRDA:259,22,1,0
BRDA:260,23,0,0
BRDA:260,23,1,0
BRDA:265,24,0,0
BRDA:265,24,1,0
BRDA:279,25,0,0
BRDA:279,25,1,0
BRDA:283,26,0,0
BRDA:283,26,1,0
BRDA:284,27,0,0
BRDA:284,27,1,0
BRDA:291,28,0,0
BRDA:291,28,1,0
BRDA:291,28,2,0
BRDA:298,29,0,0
BRDA:298,29,1,0
BRDA:298,29,2,0
BRDA:303,30,0,0
BRDA:303,30,1,0
BRDA:308,31,0,0
BRDA:308,31,1,0
BRDA:310,32,0,0
BRDA:310,32,1,0
BRDA:312,33,0,0
BRDA:312,33,1,0
BRDA:313,34,0,0
BRDA:313,34,1,0
BRDA:328,35,0,0
BRDA:328,35,1,3
BRDA:328,36,0,3
BRDA:328,36,1,0
BRDA:340,37,0,3
BRDA:340,37,1,0
BRDA:382,38,0,3
BRDA:382,38,1,0
BRDA:384,39,0,0
BRDA:384,39,1,0
BRDA:393,40,0,3
BRDA:393,40,1,0
BRDA:393,40,2,0
BRDA:393,40,3,0
BRF:109
BRH:6
end_of_record
TN:
SF:app\customer\messages.tsx
FN:15,CustomerMessagesScreen
FN:22,(anonymous_1)
FN:69,(anonymous_2)
FN:73,(anonymous_3)
FN:78,(anonymous_4)
FN:89,(anonymous_5)
FN:90,(anonymous_6)
FN:136,(anonymous_7)
FNF:8
FNH:1
FNDA:3,CustomerMessagesScreen
FNDA:0,(anonymous_1)
FNDA:0,(anonymous_2)
FNDA:0,(anonymous_3)
FNDA:0,(anonymous_4)
FNDA:0,(anonymous_5)
FNDA:0,(anonymous_6)
FNDA:0,(anonymous_7)
DA:17,3
DA:18,2
DA:19,2
DA:20,2
DA:22,2
DA:23,0
DA:25,0
DA:26,0
DA:33,0
DA:35,0
DA:37,0
DA:38,0
DA:40,0
DA:46,0
DA:53,0
DA:60,0
DA:62,0
DA:64,0
DA:65,0
DA:69,2
DA:70,0
DA:73,2
DA:74,0
DA:75,0
DA:78,2
DA:79,0
DA:89,2
DA:90,0
DA:112,2
DA:113,2
DA:120,0
DA:136,0
DA:152,6
LF:33
LH:12
BRDA:23,0,0,0
BRDA:23,0,1,0
BRDA:33,1,0,0
BRDA:33,1,1,0
BRDA:37,2,0,0
BRDA:37,2,1,0
BRDA:38,3,0,0
BRDA:38,3,1,0
BRDA:55,4,0,0
BRDA:55,4,1,0
BRDA:56,5,0,0
BRDA:56,5,1,0
BRDA:98,6,0,0
BRDA:98,6,1,0
BRDA:105,7,0,0
BRDA:105,7,1,0
BRDA:112,8,0,2
BRDA:112,8,1,0
BRDA:124,9,0,0
BRDA:124,9,1,0
BRF:20
BRH:1
end_of_record
TN:
SF:app\customer\post-job.tsx
FN:15,Dropdown
FN:37,(anonymous_1)
FN:52,(anonymous_2)
FN:59,(anonymous_3)
FN:81,PostJobScreen
FN:109,(anonymous_5)
FN:115,(anonymous_6)
FN:133,(anonymous_7)
FN:134,(anonymous_8)
FN:137,(anonymous_9)
FN:164,(anonymous_10)
FN:209,(anonymous_11)
FN:281,(anonymous_12)
FN:281,(anonymous_13)
FN:292,(anonymous_14)
FN:292,(anonymous_15)
FN:301,(anonymous_16)
FN:301,(anonymous_17)
FN:311,(anonymous_18)
FN:311,(anonymous_19)
FN:325,(anonymous_20)
FN:325,(anonymous_21)
FN:334,(anonymous_22)
FN:337,(anonymous_23)
FN:351,(anonymous_24)
FN:351,(anonymous_25)
FN:366,(anonymous_26)
FN:371,(anonymous_27)
FNF:28
FNH:3
FNDA:3,Dropdown
FNDA:0,(anonymous_1)
FNDA:0,(anonymous_2)
FNDA:0,(anonymous_3)
FNDA:4,PostJobScreen
FNDA:1,(anonymous_5)
FNDA:0,(anonymous_6)
FNDA:0,(anonymous_7)
FNDA:0,(anonymous_8)
FNDA:0,(anonymous_9)
FNDA:0,(anonymous_10)
FNDA:0,(anonymous_11)
FNDA:0,(anonymous_12)
FNDA:0,(anonymous_13)
FNDA:0,(anonymous_14)
FNDA:0,(anonymous_15)
FNDA:0,(anonymous_16)
FNDA:0,(anonymous_17)
FNDA:0,(anonymous_18)
FNDA:0,(anonymous_19)
FNDA:0,(anonymous_20)
FNDA:0,(anonymous_21)
FNDA:0,(anonymous_22)
FNDA:0,(anonymous_23)
FNDA:0,(anonymous_24)
FNDA:0,(anonymous_25)
FNDA:0,(anonymous_26)
FNDA:0,(anonymous_27)
DA:30,3
DA:32,3
DA:37,0
DA:53,0
DA:60,0
DA:61,0
DA:82,4
DA:83,4
DA:85,3
DA:86,3
DA:87,3
DA:88,3
DA:89,3
DA:90,3
DA:91,3
DA:92,3
DA:93,3
DA:94,3
DA:95,3
DA:96,3
DA:97,3
DA:106,3
DA:107,3
DA:109,3
DA:110,1
DA:111,0
DA:115,3
DA:116,0
DA:117,0
DA:118,0
DA:121,0
DA:128,0
DA:129,0
DA:133,3
DA:134,0
DA:137,3
DA:138,0
DA:139,0
DA:140,0
DA:142,0
DA:143,0
DA:145,0
DA:146,0
DA:148,0
DA:149,0
DA:151,0
DA:152,0
DA:154,0
DA:155,0
DA:156,0
DA:157,0
DA:158,0
DA:161,0
DA:164,3
DA:165,0
DA:166,0
DA:167,0
DA:170,0
DA:171,0
DA:172,0
DA:173,0
DA:176,0
DA:177,0
DA:178,0
DA:181,0
DA:183,0
DA:184,0
DA:186,0
DA:202,0
DA:203,0
DA:204,0
DA:205,0
DA:208,0
DA:209,0
DA:212,0
DA:213,0
DA:214,0
DA:215,0
DA:217,0
DA:221,3
DA:281,0
DA:292,0
DA:301,0
DA:311,0
DA:325,0
DA:335,0
DA:336,0
DA:337,0
DA:351,0
DA:367,0
DA:371,0
DA:406,8
LF:92
LH:27
BRDA:36,0,0,3
BRDA:36,0,1,0
BRDA:39,1,0,3
BRDA:39,1,1,3
BRDA:40,2,0,3
BRDA:40,2,1,3
BRDA:43,3,0,0
BRDA:43,3,1,3
BRDA:48,4,0,3
BRDA:48,4,1,0
BRDA:49,5,0,3
BRDA:49,5,1,0
BRDA:57,6,0,0
BRDA:57,6,1,0
BRDA:67,7,0,0
BRDA:67,7,1,0
BRDA:85,8,0,3
BRDA:85,8,1,0
BRDA:86,9,0,3
BRDA:86,9,1,3
BRDA:88,10,0,3
BRDA:88,10,1,3
BRDA:89,11,0,3
BRDA:89,11,1,3
BRDA:107,12,0,0
BRDA:107,12,1,3
BRDA:110,13,0,0
BRDA:110,13,1,1
BRDA:116,14,0,0
BRDA:116,14,1,0
BRDA:128,15,0,0
BRDA:128,15,1,0
BRDA:128,16,0,0
BRDA:128,16,1,0
BRDA:139,17,0,0
BRDA:139,17,1,0
BRDA:142,18,0,0
BRDA:142,18,1,0
BRDA:145,19,0,0
BRDA:145,19,1,0
BRDA:148,20,0,0
BRDA:148,20,1,0
BRDA:151,21,0,0
BRDA:151,21,1,0
BRDA:154,22,0,0
BRDA:154,22,1,0
BRDA:155,23,0,0
BRDA:155,23,1,0
BRDA:157,24,0,0
BRDA:157,24,1,0
BRDA:165,25,0,0
BRDA:165,25,1,0
BRDA:165,26,0,0
BRDA:165,26,1,0
BRDA:171,27,0,0
BRDA:171,27,1,0
BRDA:176,28,0,0
BRDA:176,28,1,0
BRDA:176,29,0,0
BRDA:176,29,1,0
BRDA:184,30,0,0
BRDA:184,30,1,0
BRDA:190,31,0,0
BRDA:190,31,1,0
BRDA:197,32,0,0
BRDA:197,32,1,0
BRDA:202,33,0,0
BRDA:202,33,1,0
BRDA:230,34,0,3
BRDA:230,34,1,0
BRDA:279,35,0,3
BRDA:279,35,1,0
BRDA:285,36,0,3
BRDA:285,36,1,0
BRDA:309,37,0,3
BRDA:309,37,1,0
BRDA:318,38,0,3
BRDA:318,38,1,0
BRDA:340,39,0,3
BRDA:340,39,1,0
BRDA:341,40,0,3
BRDA:341,40,1,0
BRDA:345,41,0,3
BRDA:345,41,1,3
BRDA:346,42,0,3
BRDA:346,42,1,0
BRDA:358,43,0,3
BRDA:358,43,1,0
BRDA:363,44,0,0
BRDA:363,44,1,3
BRDA:377,45,0,3
BRDA:377,45,1,3
BRDA:387,46,0,3
BRDA:387,46,1,0
BRDA:391,47,0,0
BRDA:391,47,1,3
BRF:96
BRH:33
end_of_record
TN:
SF:app\customer\profile.tsx
FN:10,CustomerProfileScreen
FN:16,(anonymous_1)
FN:23,(anonymous_2)
FN:25,(anonymous_3)
FN:32,(anonymous_4)
FN:44,(anonymous_5)
FN:50,(anonymous_6)
FN:86,(anonymous_7)
FNF:8
FNH:1
FNDA:3,CustomerProfileScreen
FNDA:0,(anonymous_1)
FNDA:0,(anonymous_2)
FNDA:0,(anonymous_3)
FNDA:0,(anonymous_4)
FNDA:0,(anonymous_5)
FNDA:0,(anonymous_6)
FNDA:0,(anonymous_7)
DA:11,3
DA:12,2
DA:13,2
DA:14,2
DA:16,2
DA:17,0
DA:18,0
DA:24,0
DA:25,0
DA:26,0
DA:27,0
DA:32,2
DA:33,0
DA:39,0
DA:40,0
DA:44,2
DA:45,0
DA:51,0
DA:52,0
DA:58,2
DA:87,0
DA:158,7
LF:22
LH:9
BRDA:17,0,0,0
BRDA:17,0,1,0
BRDA:24,1,0,0
BRDA:24,1,1,0
BRDA:24,2,0,0
BRDA:24,2,1,0
BRDA:39,3,0,0
BRDA:39,3,1,0
BRDA:39,4,0,0
BRDA:39,4,1,0
BRDA:67,5,0,0
BRDA:67,5,1,2
BRDA:84,6,0,2
BRDA:84,6,1,0
BRDA:89,7,0,0
BRDA:89,7,1,0
BRDA:98,8,0,0
BRDA:98,8,1,0
BRDA:119,9,0,2
BRDA:119,9,1,2
BRDA:127,10,0,2
BRDA:127,10,1,2
BRF:22
BRH:6
end_of_record
TN:
SF:app\job\_layout.tsx
FN:4,JobLayout
FNF:1
FNH:1
FNDA:1,JobLayout
DA:5,1
LF:1
LH:1
BRF:0
BRH:0
end_of_record
TN:
SF:app\job\approve-quote.tsx
FN:11,ApproveQuoteScreen
FN:21,(anonymous_1)
FN:24,(anonymous_2)
FN:29,(anonymous_3)
FN:40,(anonymous_4)
FN:61,(anonymous_5)
FN:65,(anonymous_6)
FN:110,(anonymous_7)
FN:111,(anonymous_8)
FN:112,(anonymous_9)
FN:113,(anonymous_10)
FN:120,(anonymous_11)
FN:272,(anonymous_12)
FNF:13
FNH:2
FNDA:1,ApproveQuoteScreen
FNDA:0,(anonymous_1)
FNDA:1,(anonymous_2)
FNDA:0,(anonymous_3)
FNDA:0,(anonymous_4)
FNDA:0,(anonymous_5)
FNDA:0,(anonymous_6)
FNDA:0,(anonymous_7)
FNDA:0,(anonymous_8)
FNDA:0,(anonymous_9)
FNDA:0,(anonymous_10)
FNDA:0,(anonymous_11)
FNDA:0,(anonymous_12)
DA:12,1
DA:13,1
DA:14,1
DA:15,1
DA:17,1
DA:18,1
DA:19,1
DA:21,1
DA:22,1
DA:24,1
DA:25,1
DA:26,1
DA:29,1
DA:30,0
DA:31,0
DA:32,0
DA:34,0
DA:35,0
DA:36,0
DA:37,0
DA:40,0
DA:44,0
DA:45,0
DA:46,0
DA:50,0
DA:51,0
DA:54,0
DA:55,0
DA:57,0
DA:61,1
DA:62,0
DA:65,1
DA:66,0
DA:67,0
DA:68,0
DA:69,0
DA:72,0
DA:73,0
DA:74,0
DA:85,1
DA:86,1
DA:93,0
DA:95,0
DA:98,0
DA:101,0
DA:104,0
DA:108,0
DA:110,0
DA:111,0
DA:112,0
DA:113,0
DA:117,0
DA:120,0
DA:272,0
DA:290,5
LF:55
LH:18
BRDA:25,0,0,0
BRDA:25,0,1,1
BRDA:26,1,0,0
BRDA:26,1,1,1
BRDA:34,2,0,0
BRDA:34,2,1,0
BRDA:36,3,0,0
BRDA:36,3,1,0
BRDA:45,4,0,0
BRDA:45,4,1,0
BRDA:50,5,0,0
BRDA:50,5,1,0
BRDA:55,6,0,0
BRDA:55,6,1,0
BRDA:67,7,0,0
BRDA:67,7,1,0
BRDA:79,8,0,0
BRDA:79,8,1,0
BRDA:85,9,0,1
BRDA:85,9,1,0
BRDA:93,10,0,0
BRDA:93,10,1,0
BRDA:95,11,0,0
BRDA:95,11,1,0
BRDA:96,12,0,0
BRDA:96,12,1,0
BRDA:96,13,0,0
BRDA:96,13,1,0
BRDA:97,14,0,0
BRDA:97,14,1,0
BRDA:98,15,0,0
BRDA:98,15,1,0
BRDA:99,16,0,0
BRDA:99,16,1,0
BRDA:100,17,0,0
BRDA:100,17,1,0
BRDA:101,18,0,0
BRDA:101,18,1,0
BRDA:102,19,0,0
BRDA:102,19,1,0
BRDA:103,20,0,0
BRDA:103,20,1,0
BRDA:104,21,0,0
BRDA:104,21,1,0
BRDA:110,22,0,0
BRDA:110,22,1,0
BRDA:111,23,0,0
BRDA:111,23,1,0
BRDA:112,24,0,0
BRDA:112,24,1,0
BRDA:113,25,0,0
BRDA:113,25,1,0
BRDA:131,26,0,0
BRDA:131,26,1,0
BRDA:137,27,0,0
BRDA:137,27,1,0
BRDA:146,28,0,0
BRDA:146,28,1,0
BRDA:151,29,0,0
BRDA:151,29,1,0
BRDA:157,30,0,0
BRDA:157,30,1,0
BRDA:177,31,0,0
BRDA:177,31,1,0
BRDA:183,32,0,0
BRDA:183,32,1,0
BRDA:191,33,0,0
BRDA:191,33,1,0
BRDA:211,34,0,0
BRDA:211,34,1,0
BRDA:213,35,0,0
BRDA:213,35,1,0
BRDA:215,36,0,0
BRDA:215,36,1,0
BRDA:220,37,0,0
BRDA:220,37,1,0
BRDA:240,38,0,0
BRDA:240,38,1,0
BRDA:257,39,0,0
BRDA:257,39,1,0
BRF:80
BRH:3
end_of_record
TN:
SF:app\job\choose-tradesman.tsx
FN:11,StarRating
FN:17,(anonymous_1)
FN:29,ChooseTradesmanScreen
FN:42,(anonymous_3)
FN:43,(anonymous_4)
FN:60,(anonymous_5)
FN:63,(anonymous_6)
FN:74,(anonymous_7)
FN:109,(anonymous_8)
FN:121,(anonymous_9)
FN:129,(anonymous_10)
FN:181,(anonymous_11)
FNF:12
FNH:1
FNDA:0,StarRating
FNDA:0,(anonymous_1)
FNDA:3,ChooseTradesmanScreen
FNDA:0,(anonymous_3)
FNDA:0,(anonymous_4)
FNDA:0,(anonymous_5)
FNDA:0,(anonymous_6)
FNDA:0,(anonymous_7)
FNDA:0,(anonymous_8)
FNDA:0,(anonymous_9)
FNDA:0,(anonymous_10)
FNDA:0,(anonymous_11)
DA:12,0
DA:13,0
DA:15,0
DA:18,0
DA:30,3
DA:31,3
DA:32,3
DA:33,3
DA:35,3
DA:36,2
DA:37,2
DA:38,2
DA:42,2
DA:43,0
DA:44,0
DA:45,0
DA:46,0
DA:47,0
DA:48,0
DA:50,0
DA:51,0
DA:53,0
DA:57,0
DA:60,2
DA:61,0
DA:62,0
DA:63,0
DA:64,0
DA:65,0
DA:66,0
DA:68,0
DA:70,0
DA:74,2
DA:75,0
DA:78,2
DA:79,2
DA:86,0
DA:87,0
DA:96,0
DA:97,0
DA:106,0
DA:109,0
DA:122,0
DA:123,0
DA:125,0
DA:129,0
DA:182,0
DA:183,0
DA:206,5
LF:49
LH:14
BRDA:20,0,0,0
BRDA:20,0,1,0
BRDA:20,1,0,0
BRDA:20,1,1,0
BRDA:20,2,0,0
BRDA:20,2,1,0
BRDA:64,3,0,0
BRDA:64,3,1,0
BRDA:78,4,0,2
BRDA:78,4,1,0
BRDA:86,5,0,0
BRDA:86,5,1,0
BRDA:96,6,0,0
BRDA:96,6,1,0
BRDA:117,7,0,0
BRDA:117,7,1,0
BRDA:123,8,0,0
BRDA:123,8,1,0
BRDA:139,9,0,0
BRDA:139,9,1,0
BRDA:142,10,0,0
BRDA:142,10,1,0
BRDA:150,11,0,0
BRDA:150,11,1,0
BRDA:154,12,0,0
BRDA:154,12,1,0
BRDA:180,13,0,0
BRDA:180,13,1,0
BRDA:187,14,0,0
BRDA:187,14,1,0
BRF:30
BRH:1
end_of_record
TN:
SF:app\job\pay-deposit.tsx
FN:11,PayDepositScreen
FN:19,(anonymous_1)
FN:23,(anonymous_2)
FN:26,(anonymous_3)
FN:45,(anonymous_4)
FN:58,(anonymous_5)
FN:98,(anonymous_6)
FN:104,(anonymous_7)
FN:112,(anonymous_8)
FNF:9
FNH:4
FNDA:1,PayDepositScreen
FNDA:0,(anonymous_1)
FNDA:1,(anonymous_2)
FNDA:1,(anonymous_3)
FNDA:1,(anonymous_4)
FNDA:0,(anonymous_5)
FNDA:0,(anonymous_6)
FNDA:0,(anonymous_7)
FNDA:0,(anonymous_8)
DA:12,1
DA:13,1
DA:14,1
DA:15,1
DA:17,1
DA:19,1
DA:20,1
DA:21,1
DA:23,1
DA:24,1
DA:26,1
DA:27,1
DA:28,1
DA:29,1
DA:32,0
DA:38,0
DA:39,0
DA:43,1
DA:45,1
DA:46,1
DA:50,1
DA:51,1
DA:58,0
DA:59,0
DA:60,0
DA:61,0
DA:62,0
DA:65,0
DA:67,0
DA:75,0
DA:76,0
DA:77,0
DA:80,0
DA:82,0
DA:83,0
DA:84,0
DA:87,0
DA:94,0
DA:98,0
DA:99,0
DA:104,0
DA:109,0
DA:112,0
DA:202,6
LF:44
LH:20
BRDA:20,0,0,0
BRDA:20,0,1,1
BRDA:20,1,0,0
BRDA:20,1,1,0
BRDA:27,2,0,1
BRDA:27,2,1,0
BRDA:38,3,0,0
BRDA:38,3,1,0
BRDA:39,4,0,0
BRDA:39,4,1,0
BRDA:50,5,0,1
BRDA:50,5,1,0
BRDA:60,6,0,0
BRDA:60,6,1,0
BRDA:75,7,0,0
BRDA:75,7,1,0
BRDA:82,8,0,0
BRDA:82,8,1,0
BRDA:94,9,0,0
BRDA:94,9,1,0
BRF:20
BRH:3
end_of_record
TN:
SF:app\job\pay-final.tsx
FN:10,PayFinalBalanceScreen
FN:18,(anonymous_1)
FN:23,(anonymous_2)
FN:46,(anonymous_3)
FN:50,(anonymous_4)
FN:64,(anonymous_5)
FN:71,(anonymous_6)
FN:72,(anonymous_7)
FN:77,(anonymous_8)
FN:214,(anonymous_9)
FNF:10
FNH:2
FNDA:2,PayFinalBalanceScreen
FNDA:0,(anonymous_1)
FNDA:2,(anonymous_2)
FNDA:0,(anonymous_3)
FNDA:0,(anonymous_4)
FNDA:0,(anonymous_5)
FNDA:0,(anonymous_6)
FNDA:0,(anonymous_7)
FNDA:0,(anonymous_8)
FNDA:0,(anonymous_9)
DA:11,2
DA:12,2
DA:13,2
DA:14,2
DA:16,2
DA:18,2
DA:19,2
DA:21,2
DA:23,2
DA:24,2
DA:25,0
DA:27,2
DA:30,2
DA:32,2
DA:33,2
DA:36,2
DA:38,2
DA:39,2
DA:46,0
DA:47,0
DA:50,0
DA:51,0
DA:54,0
DA:55,0
DA:57,0
DA:60,0
DA:61,0
DA:64,0
DA:67,0
DA:71,0
DA:72,0
DA:74,0
DA:77,0
DA:214,0
DA:220,6
LF:35
LH:18
BRDA:19,0,0,2
BRDA:19,0,1,2
BRDA:21,1,0,2
BRDA:21,1,1,2
BRDA:24,2,0,0
BRDA:24,2,1,2
BRDA:25,3,0,0
BRDA:25,3,1,0
BRDA:27,4,0,2
BRDA:27,4,1,2
BRDA:32,5,0,2
BRDA:32,5,1,2
BRDA:33,6,0,0
BRDA:33,6,1,2
BRDA:33,7,0,2
BRDA:33,7,1,0
BRDA:38,8,0,2
BRDA:38,8,1,0
BRDA:54,9,0,0
BRDA:54,9,1,0
BRDA:60,10,0,0
BRDA:60,10,1,0
BRDA:71,11,0,0
BRDA:71,11,1,0
BRDA:72,12,0,0
BRDA:72,12,1,0
BRDA:87,13,0,0
BRDA:87,13,1,0
BRDA:98,14,0,0
BRDA:98,14,1,0
BRDA:98,14,2,0
BRDA:104,15,0,0
BRDA:104,15,1,0
BRDA:110,16,0,0
BRDA:110,16,1,0
BRDA:116,17,0,0
BRDA:116,17,1,0
BRDA:121,18,0,0
BRDA:121,18,1,0
BRDA:127,19,0,0
BRDA:127,19,1,0
BRDA:127,20,0,0
BRDA:127,20,1,0
BRDA:133,21,0,0
BRDA:133,21,1,0
BRDA:136,22,0,0
BRDA:136,22,1,0
BRDA:183,23,0,0
BRDA:183,23,1,0
BRDA:212,24,0,0
BRDA:212,24,1,0
BRF:51
BRH:12
end_of_record
TN:
SF:app\job\receipt.tsx
FN:8,ReceiptScreen
FN:14,(anonymous_1)
FN:31,(anonymous_2)
FN:110,(anonymous_3)
FNF:4
FNH:1
FNDA:1,ReceiptScreen
FNDA:0,(anonymous_1)
FNDA:0,(anonymous_2)
FNDA:0,(anonymous_3)
DA:9,1
DA:10,1
DA:11,1
DA:12,1
DA:14,1
DA:16,1
DA:17,1
DA:24,0
DA:25,0
DA:26,0
DA:28,0
DA:31,0
DA:110,0
DA:120,6
LF:14
LH:8
BRDA:16,0,0,1
BRDA:16,0,1,0
BRDA:24,1,0,0
BRDA:24,1,1,0
BRDA:25,2,0,0
BRDA:25,2,1,0
BRF:6
BRH:1
end_of_record
TN:
SF:app\job\review.tsx
FN:11,StarRatingInput
FN:14,(anonymous_1)
FN:15,(anonymous_2)
FN:27,ReviewScreen
FN:38,(anonymous_4)
FN:48,(anonymous_5)
FN:77,(anonymous_6)
FN:92,(anonymous_7)
FN:106,(anonymous_8)
FN:165,(anonymous_9)
FNF:10
FNH:1
FNDA:0,StarRatingInput
FNDA:0,(anonymous_1)
FNDA:0,(anonymous_2)
FNDA:1,ReviewScreen
FNDA:0,(anonymous_4)
FNDA:0,(anonymous_5)
FNDA:0,(anonymous_6)
FNDA:0,(anonymous_7)
FNDA:0,(anonymous_8)
FNDA:0,(anonymous_9)
DA:12,0
DA:15,0
DA:28,1
DA:29,1
DA:30,1
DA:31,1
DA:32,1
DA:34,1
DA:35,1
DA:36,1
DA:38,1
DA:40,1
DA:41,1
DA:48,0
DA:49,0
DA:50,0
DA:51,0
DA:54,0
DA:55,0
DA:56,0
DA:57,0
DA:59,0
DA:68,0
DA:69,0
DA:70,0
DA:71,0
DA:74,0
DA:77,0
DA:80,0
DA:81,0
DA:82,0
DA:83,0
DA:85,0
DA:88,0
DA:92,0
DA:93,0
DA:94,0
DA:95,0
DA:96,0
DA:97,0
DA:98,0
DA:99,0
DA:103,0
DA:106,0
DA:165,0
DA:173,6
LF:46
LH:12
BRDA:17,0,0,0
BRDA:17,0,1,0
BRDA:40,1,0,1
BRDA:40,1,1,0
BRDA:49,2,0,0
BRDA:49,2,1,0
BRDA:57,3,0,0
BRDA:57,3,1,0
BRDA:64,4,0,0
BRDA:64,4,1,0
BRDA:68,5,0,0
BRDA:68,5,1,0
BRDA:82,6,0,0
BRDA:82,6,1,0
BRDA:93,7,0,0
BRDA:93,7,1,0
BRDA:93,7,2,0
BRDA:93,7,3,0
BRDA:93,7,4,0
BRDA:93,7,5,0
BRDA:155,8,0,0
BRDA:155,8,1,0
BRDA:157,9,0,0
BRDA:157,9,1,0
BRDA:161,10,0,0
BRDA:161,10,1,0
BRF:26
BRH:1
end_of_record
TN:
SF:app\job\send-quote.tsx
FN:12,SendQuoteScreen
FN:19,(anonymous_1)
FN:22,(anonymous_2)
FN:56,(anonymous_3)
FN:64,(anonymous_4)
FN:75,(anonymous_5)
FN:87,(anonymous_6)
FN:96,(anonymous_7)
FN:114,(anonymous_8)
FN:131,(anonymous_9)
FN:147,(anonymous_10)
FN:178,(anonymous_11)
FNF:12
FNH:2
FNDA:1,SendQuoteScreen
FNDA:0,(anonymous_1)
FNDA:1,(anonymous_2)
FNDA:0,(anonymous_3)
FNDA:0,(anonymous_4)
FNDA:0,(anonymous_5)
FNDA:0,(anonymous_6)
FNDA:0,(anonymous_7)
FNDA:0,(anonymous_8)
FNDA:0,(anonymous_9)
FNDA:0,(anonymous_10)
FNDA:0,(anonymous_11)
DA:13,1
DA:14,1
DA:15,1
DA:16,1
DA:17,1
DA:19,1
DA:20,1
DA:22,1
DA:23,1
DA:24,1
DA:25,1
DA:26,0
DA:28,1
DA:31,1
DA:32,1
DA:35,1
DA:36,1
DA:39,1
DA:40,1
DA:42,1
DA:43,1
DA:44,1
DA:47,1
DA:48,1
DA:50,1
DA:51,1
DA:54,1
DA:56,1
DA:57,0
DA:58,0
DA:59,0
DA:60,0
DA:64,1
DA:65,0
DA:67,0
DA:69,0
DA:71,0
DA:75,1
DA:76,0
DA:77,0
DA:78,0
DA:81,0
DA:82,0
DA:87,0
DA:90,0
DA:93,0
DA:96,1
DA:97,0
DA:98,0
DA:99,0
DA:101,0
DA:103,0
DA:110,0
DA:111,0
DA:114,0
DA:117,0
DA:120,0
DA:127,0
DA:128,0
DA:131,0
DA:134,0
DA:137,0
DA:143,0
DA:144,0
DA:147,0
DA:150,0
DA:153,0
DA:154,0
DA:157,0
DA:158,0
DA:160,0
DA:164,1
DA:165,1
DA:172,0
DA:178,0
DA:364,5
LF:76
LH:33
BRDA:23,0,0,0
BRDA:23,0,1,1
BRDA:24,1,0,0
BRDA:24,1,1,1
BRDA:25,2,0,0
BRDA:25,2,1,1
BRDA:26,3,0,0
BRDA:26,3,1,0
BRDA:31,4,0,1
BRDA:31,4,1,1
BRDA:33,5,0,1
BRDA:33,5,1,1
BRDA:33,5,2,1
BRDA:37,6,0,1
BRDA:37,6,1,1
BRDA:42,7,0,1
BRDA:42,7,1,1
BRDA:43,8,0,1
BRDA:43,8,1,1
BRDA:44,9,0,1
BRDA:44,9,1,0
BRDA:45,10,0,1
BRDA:45,10,1,1
BRDA:47,11,0,1
BRDA:47,11,1,1
BRDA:50,12,0,1
BRDA:50,12,1,1
BRDA:51,13,0,0
BRDA:51,13,1,1
BRDA:51,14,0,1
BRDA:51,14,1,0
BRDA:57,15,0,0
BRDA:57,15,1,0
BRDA:57,15,2,0
BRDA:65,16,0,0
BRDA:65,16,1,0
BRDA:65,16,2,0
BRDA:76,17,0,0
BRDA:76,17,1,0
BRDA:81,18,0,0
BRDA:81,18,1,0
BRDA:81,19,0,0
BRDA:81,19,1,0
BRDA:84,20,0,0
BRDA:84,20,1,0
BRDA:101,21,0,0
BRDA:101,21,1,0
BRDA:101,21,2,0
BRDA:107,22,0,0
BRDA:107,22,1,0
BRDA:110,23,0,0
BRDA:110,23,1,0
BRDA:124,24,0,0
BRDA:124,24,1,0
BRDA:127,25,0,0
BRDA:127,25,1,0
BRDA:140,26,0,0
BRDA:140,26,1,0
BRDA:143,27,0,0
BRDA:143,27,1,0
BRDA:153,28,0,0
BRDA:153,28,1,0
BRDA:164,29,0,1
BRDA:164,29,1,0
BRDA:175,30,0,0
BRDA:175,30,1,0
BRDA:189,31,0,0
BRDA:189,31,1,0
BRDA:189,32,0,0
BRDA:189,32,1,0
BRDA:194,33,0,0
BRDA:194,33,1,0
BRDA:203,34,0,0
BRDA:203,34,1,0
BRDA:222,35,0,0
BRDA:222,35,1,0
BRDA:283,36,0,0
BRDA:283,36,1,0
BRDA:296,37,0,0
BRDA:296,37,1,0
BRDA:296,38,0,0
BRDA:296,38,1,0
BRDA:301,39,0,0
BRDA:301,39,1,0
BRDA:301,39,2,0
BRDA:302,40,0,0
BRDA:302,40,1,0
BRDA:304,41,0,0
BRDA:304,41,1,0
BRDA:306,42,0,0
BRDA:306,42,1,0
BRDA:310,43,0,0
BRDA:310,43,1,0
BRDA:311,44,0,0
BRDA:311,44,1,0
BRDA:326,45,0,0
BRDA:326,45,1,0
BRDA:326,45,2,0
BRDA:326,45,3,0
BRDA:350,46,0,0
BRDA:350,46,1,0
BRDA:352,47,0,0
BRDA:352,47,1,0
BRDA:356,48,0,0
BRDA:356,48,1,0
BRDA:356,49,0,0
BRDA:356,49,1,0
BRDA:356,50,0,0
BRDA:356,50,1,0
BRF:109
BRH:24
end_of_record
TN:
SF:app\job\tracking.tsx
FN:12,JobTrackingScreen
FN:23,(anonymous_1)
FN:26,(anonymous_2)
FN:28,(anonymous_3)
FN:29,(anonymous_4)
FN:33,(anonymous_5)
FN:37,(anonymous_6)
FN:52,(anonymous_7)
FN:92,(anonymous_8)
FN:129,(anonymous_9)
FN:140,(anonymous_10)
FN:157,(anonymous_11)
FN:163,(anonymous_12)
FN:178,(anonymous_13)
FN:290,(anonymous_14)
FN:300,(anonymous_15)
FNF:16
FNH:3
FNDA:1,JobTrackingScreen
FNDA:0,(anonymous_1)
FNDA:1,(anonymous_2)
FNDA:0,(anonymous_3)
FNDA:0,(anonymous_4)
FNDA:0,(anonymous_5)
FNDA:1,(anonymous_6)
FNDA:0,(anonymous_7)
FNDA:0,(anonymous_8)
FNDA:0,(anonymous_9)
FNDA:0,(anonymous_10)
FNDA:0,(anonymous_11)
FNDA:0,(anonymous_12)
FNDA:0,(anonymous_13)
FNDA:0,(anonymous_14)
FNDA:0,(anonymous_15)
DA:13,1
DA:14,1
DA:15,1
DA:16,1
DA:17,1
DA:19,1
DA:20,1
DA:21,1
DA:23,1
DA:24,1
DA:26,1
DA:27,1
DA:28,0
DA:29,0
DA:30,0
DA:31,0
DA:33,0
DA:37,1
DA:38,1
DA:42,1
DA:43,1
DA:50,0
DA:52,0
DA:53,0
DA:55,0
DA:56,0
DA:58,0
DA:59,0
DA:61,0
DA:62,0
DA:64,0
DA:65,0
DA:67,0
DA:68,0
DA:70,0
DA:71,0
DA:73,0
DA:74,0
DA:76,0
DA:77,0
DA:79,0
DA:80,0
DA:82,0
DA:83,0
DA:84,0
DA:85,0
DA:86,0
DA:87,0
DA:92,0
DA:96,0
DA:97,0
DA:103,0
DA:105,0
DA:106,0
DA:108,0
DA:109,0
DA:111,0
DA:112,0
DA:114,0
DA:115,0
DA:118,0
DA:121,0
DA:130,0
DA:133,0
DA:134,0
DA:135,0
DA:140,0
DA:148,0
DA:149,0
DA:158,0
DA:159,0
DA:160,0
DA:163,0
DA:171,0
DA:175,0
DA:178,0
DA:291,0
DA:300,0
DA:317,5
LF:79
LH:17
BRDA:27,0,0,0
BRDA:27,0,1,1
BRDA:38,1,0,0
BRDA:38,1,1,1
BRDA:42,2,0,1
BRDA:42,2,1,0
BRDA:50,3,0,0
BRDA:50,3,1,0
BRDA:53,4,0,0
BRDA:53,4,1,0
BRDA:53,4,2,0
BRDA:53,4,3,0
BRDA:53,4,4,0
BRDA:53,4,5,0
BRDA:53,4,6,0
BRDA:53,4,7,0
BRDA:53,4,8,0
BRDA:53,4,9,0
BRDA:53,4,10,0
BRDA:53,4,11,0
BRDA:53,4,12,0
BRDA:53,4,13,0
BRDA:82,5,0,0
BRDA:82,5,1,0
BRDA:84,6,0,0
BRDA:84,6,1,0
BRDA:85,7,0,0
BRDA:85,7,1,0
BRDA:86,8,0,0
BRDA:86,8,1,0
BRDA:96,9,0,0
BRDA:96,9,1,0
BRDA:114,10,0,0
BRDA:114,10,1,0
BRDA:115,11,0,0
BRDA:115,11,1,0
BRDA:118,12,0,0
BRDA:118,12,1,0
BRDA:130,13,0,0
BRDA:130,13,1,0
BRDA:134,14,0,0
BRDA:134,14,1,0
BRDA:137,15,0,0
BRDA:137,15,1,0
BRDA:148,16,0,0
BRDA:148,16,1,0
BRDA:159,17,0,0
BRDA:159,17,1,0
BRDA:196,18,0,0
BRDA:196,18,1,0
BRDA:205,19,0,0
BRDA:205,19,1,0
BRDA:213,20,0,0
BRDA:213,20,1,0
BRDA:225,21,0,0
BRDA:225,21,1,0
BRDA:225,21,2,0
BRDA:230,22,0,0
BRDA:230,22,1,0
BRDA:230,22,2,0
BRDA:232,23,0,0
BRDA:232,23,1,0
BRDA:233,24,0,0
BRDA:233,24,1,0
BRDA:234,25,0,0
BRDA:234,25,1,0
BRDA:235,26,0,0
BRDA:235,26,1,0
BRDA:236,27,0,0
BRDA:236,27,1,0
BRDA:237,28,0,0
BRDA:237,28,1,0
BRDA:238,29,0,0
BRDA:238,29,1,0
BRDA:239,30,0,0
BRDA:239,30,1,0
BRDA:240,31,0,0
BRDA:240,31,1,0
BRDA:241,32,0,0
BRDA:241,32,1,0
BRDA:243,33,0,0
BRDA:243,33,1,0
BRDA:243,33,2,0
BRDA:246,34,0,0
BRDA:246,34,1,0
BRDA:248,35,0,0
BRDA:248,35,1,0
BRDA:250,36,0,0
BRDA:250,36,1,0
BRDA:251,37,0,0
BRDA:251,37,1,0
BRDA:269,38,0,0
BRDA:269,38,1,0
BRDA:277,39,0,0
BRDA:277,39,1,0
BRDA:288,40,0,0
BRDA:288,40,1,0
BRDA:295,41,0,0
BRDA:295,41,1,0
BRDA:296,42,0,0
BRDA:296,42,1,0
BRDA:297,43,0,0
BRDA:297,43,1,0
BRDA:298,44,0,0
BRDA:298,44,1,0
BRDA:305,45,0,0
BRDA:305,45,1,0
BRDA:305,45,2,0
BRF:108
BRH:3
end_of_record
TN:
SF:app\onboarding\checklist.tsx
FN:14,OnboardingChecklist
FN:18,(anonymous_1)
FN:19,(anonymous_2)
FN:31,(anonymous_3)
FN:41,(anonymous_4)
FN:43,(anonymous_5)
FN:50,(anonymous_6)
FN:60,(anonymous_7)
FN:63,(anonymous_8)
FNF:9
FNH:6
FNDA:6,OnboardingChecklist
FNDA:1,(anonymous_1)
FNDA:1,(anonymous_2)
FNDA:1,(anonymous_3)
FNDA:0,(anonymous_4)
FNDA:0,(anonymous_5)
FNDA:0,(anonymous_6)
FNDA:20,(anonymous_7)
FNDA:1,(anonymous_8)
DA:5,7
DA:7,7
DA:15,6
DA:16,5
DA:18,5
DA:19,1
DA:20,1
DA:21,1
DA:22,1
DA:26,1
DA:31,5
DA:32,1
DA:33,1
DA:34,1
DA:35,1
DA:41,5
DA:42,0
DA:43,0
DA:44,0
DA:45,0
DA:46,0
DA:50,5
DA:51,0
DA:52,0
DA:53,0
DA:57,5
DA:61,20
DA:62,20
DA:63,1
DA:85,7
LF:30
LH:22
BRDA:22,0,0,0
BRDA:22,0,1,1
BRDA:64,1,0,20
BRDA:64,1,1,1
BRDA:66,2,0,20
BRDA:66,2,1,1
BRF:6
BRH:5
end_of_record
TN:
SF:app\onboarding\intro.tsx
FN:37,IntroScreen
FN:42,(anonymous_1)
FN:52,(anonymous_2)
FN:57,(anonymous_3)
FN:91,(anonymous_4)
FN:95,(anonymous_5)
FN:103,(anonymous_6)
FNF:7
FNH:2
FNDA:3,IntroScreen
FNDA:0,(anonymous_1)
FNDA:0,(anonymous_2)
FNDA:0,(anonymous_3)
FNDA:0,(anonymous_4)
FNDA:0,(anonymous_5)
FNDA:6,(anonymous_6)
DA:11,7
DA:13,6
DA:38,3
DA:39,2
DA:40,2
DA:42,2
DA:43,0
DA:44,0
DA:45,0
DA:47,0
DA:48,0
DA:52,2
DA:53,0
DA:54,0
DA:57,2
DA:58,0
DA:70,2
DA:91,0
DA:96,0
DA:97,0
DA:104,6
DA:125,6
LF:22
LH:11
BRDA:43,0,0,0
BRDA:43,0,1,0
BRDA:108,1,0,6
BRDA:108,1,1,2
BRDA:116,2,0,0
BRDA:116,2,1,2
BRF:6
BRH:3
end_of_record
TN:
SF:app\onboarding\login.tsx
FN:13,LoginScreen
FN:45,(anonymous_1)
FN:48,(anonymous_2)
FN:61,(anonymous_3)
FN:71,(anonymous_4)
FN:122,(anonymous_5)
FN:178,(anonymous_6)
FN:186,(anonymous_7)
FN:199,(anonymous_8)
FN:214,(anonymous_9)
FN:241,(anonymous_10)
FN:250,(anonymous_11)
FN:288,(anonymous_12)
FN:295,(anonymous_13)
FN:307,(anonymous_14)
FN:314,(anonymous_15)
FN:319,(anonymous_16)
FN:329,(anonymous_17)
FN:364,(anonymous_18)
FN:378,(anonymous_19)
FN:383,(anonymous_20)
FN:395,(anonymous_21)
FN:402,(anonymous_22)
FN:414,(anonymous_23)
FN:419,(anonymous_24)
FN:421,(anonymous_25)
FN:434,(anonymous_26)
FN:441,(anonymous_27)
FN:464,(anonymous_28)
FNF:29
FNH:2
FNDA:4,LoginScreen
FNDA:0,(anonymous_1)
FNDA:1,(anonymous_2)
FNDA:0,(anonymous_3)
FNDA:0,(anonymous_4)
FNDA:0,(anonymous_5)
FNDA:0,(anonymous_6)
FNDA:0,(anonymous_7)
FNDA:0,(anonymous_8)
FNDA:0,(anonymous_9)
FNDA:0,(anonymous_10)
FNDA:0,(anonymous_11)
FNDA:0,(anonymous_12)
FNDA:0,(anonymous_13)
FNDA:0,(anonymous_14)
FNDA:0,(anonymous_15)
FNDA:0,(anonymous_16)
FNDA:0,(anonymous_17)
FNDA:0,(anonymous_18)
FNDA:0,(anonymous_19)
FNDA:0,(anonymous_20)
FNDA:0,(anonymous_21)
FNDA:0,(anonymous_22)
FNDA:0,(anonymous_23)
FNDA:0,(anonymous_24)
FNDA:0,(anonymous_25)
FNDA:0,(anonymous_26)
FNDA:0,(anonymous_27)
FNDA:0,(anonymous_28)
DA:14,4
DA:15,4
DA:16,3
DA:18,3
DA:19,3
DA:20,1
DA:22,1
DA:23,1
DA:24,1
DA:25,1
DA:26,1
DA:27,1
DA:28,1
DA:29,1
DA:31,1
DA:32,1
DA:33,1
DA:34,1
DA:35,1
DA:36,1
DA:37,1
DA:38,1
DA:40,1
DA:41,1
DA:42,1
DA:43,1
DA:45,1
DA:46,1
DA:48,1
DA:49,1
DA:51,0
DA:53,0
DA:55,0
DA:57,1
DA:61,1
DA:62,0
DA:63,0
DA:71,1
DA:72,0
DA:73,0
DA:74,0
DA:76,0
DA:77,0
DA:78,0
DA:80,0
DA:81,0
DA:82,0
DA:85,0
DA:86,0
DA:88,0
DA:90,0
DA:91,0
DA:92,0
DA:93,0
DA:94,0
DA:97,0
DA:98,0
DA:99,0
DA:100,0
DA:101,0
DA:104,0
DA:105,0
DA:106,0
DA:107,0
DA:108,0
DA:109,0
DA:110,0
DA:111,0
DA:113,0
DA:116,0
DA:119,0
DA:122,1
DA:123,0
DA:124,0
DA:125,0
DA:127,0
DA:128,0
DA:129,0
DA:131,0
DA:132,0
DA:133,0
DA:135,0
DA:136,0
DA:137,0
DA:139,0
DA:140,0
DA:141,0
DA:143,0
DA:144,0
DA:145,0
DA:148,0
DA:149,0
DA:151,0
DA:154,0
DA:161,0
DA:162,0
DA:163,0
DA:164,0
DA:165,0
DA:166,0
DA:167,0
DA:169,0
DA:172,0
DA:175,0
DA:178,1
DA:179,0
DA:180,0
DA:182,0
DA:186,1
DA:187,0
DA:188,0
DA:190,0
DA:194,1
DA:199,1
DA:200,0
DA:201,0
DA:204,1
DA:214,0
DA:241,0
DA:250,0
DA:288,0
DA:295,0
DA:307,0
DA:314,0
DA:319,0
DA:330,0
DA:331,0
DA:332,0
DA:333,0
DA:334,0
DA:335,0
DA:337,0
DA:364,0
DA:378,0
DA:383,0
DA:395,0
DA:402,0
DA:414,0
DA:419,0
DA:421,0
DA:434,0
DA:441,0
DA:464,0
DA:483,9
LF:144
LH:40
BRDA:46,0,0,0
BRDA:46,0,1,1
BRDA:49,1,0,0
BRDA:49,1,1,0
BRDA:49,1,2,0
BRDA:49,1,3,1
BRDA:64,2,0,0
BRDA:64,2,1,0
BRDA:72,3,0,0
BRDA:72,3,1,0
BRDA:76,4,0,0
BRDA:76,4,1,0
BRDA:80,5,0,0
BRDA:80,5,1,0
BRDA:90,6,0,0
BRDA:90,6,1,0
BRDA:91,7,0,0
BRDA:91,7,1,0
BRDA:91,8,0,0
BRDA:91,8,1,0
BRDA:92,9,0,0
BRDA:92,9,1,0
BRDA:97,10,0,0
BRDA:97,10,1,0
BRDA:99,11,0,0
BRDA:99,11,1,0
BRDA:104,12,0,0
BRDA:104,12,1,0
BRDA:104,13,0,0
BRDA:104,13,1,0
BRDA:106,14,0,0
BRDA:106,14,1,0
BRDA:108,15,0,0
BRDA:108,15,1,0
BRDA:110,16,0,0
BRDA:110,16,1,0
BRDA:116,17,0,0
BRDA:116,17,1,0
BRDA:123,18,0,0
BRDA:123,18,1,0
BRDA:127,19,0,0
BRDA:127,19,1,0
BRDA:131,20,0,0
BRDA:131,20,1,0
BRDA:135,21,0,0
BRDA:135,21,1,0
BRDA:139,22,0,0
BRDA:139,22,1,0
BRDA:143,23,0,0
BRDA:143,23,1,0
BRDA:151,24,0,0
BRDA:151,24,1,0
BRDA:151,25,0,0
BRDA:151,25,1,0
BRDA:161,26,0,0
BRDA:161,26,1,0
BRDA:161,27,0,0
BRDA:161,27,1,0
BRDA:162,28,0,0
BRDA:162,28,1,0
BRDA:164,29,0,0
BRDA:164,29,1,0
BRDA:166,30,0,0
BRDA:166,30,1,0
BRDA:172,31,0,0
BRDA:172,31,1,0
BRDA:179,32,0,0
BRDA:179,32,1,0
BRDA:187,33,0,0
BRDA:187,33,1,0
BRDA:207,34,0,1
BRDA:207,34,1,0
BRDA:228,35,0,1
BRDA:228,35,1,0
BRDA:244,36,0,1
BRDA:244,36,1,1
BRDA:253,37,0,1
BRDA:253,37,1,0
BRDA:279,38,0,1
BRDA:279,38,1,0
BRDA:315,39,0,0
BRDA:315,39,1,1
BRDA:323,40,0,0
BRDA:323,40,1,1
BRDA:325,41,0,0
BRDA:325,41,1,1
BRDA:334,42,0,0
BRDA:334,42,1,0
BRDA:337,43,0,0
BRDA:337,43,1,0
BRDA:343,44,0,0
BRDA:343,44,1,0
BRDA:346,45,0,0
BRDA:346,45,1,0
BRDA:351,46,0,1
BRDA:351,46,1,0
BRDA:355,47,0,0
BRDA:355,47,1,1
BRDA:422,48,0,0
BRDA:422,48,1,0
BRDA:442,49,0,0
BRDA:442,49,1,0
BRDA:448,50,0,0
BRDA:448,50,1,0
BRDA:451,51,0,0
BRDA:451,51,1,0
BRDA:455,52,0,0
BRDA:455,52,1,0
BRF:108
BRH:13
end_of_record
TN:
SF:app\onboarding\reset-password.tsx
FN:8,ResetPasswordScreen
FN:15,(anonymous_1)
FN:17,(anonymous_2)
FN:35,(anonymous_3)
FN:47,(anonymous_4)
FN:61,(anonymous_5)
FNF:6
FNH:1
FNDA:3,ResetPasswordScreen
FNDA:0,(anonymous_1)
FNDA:0,(anonymous_2)
FNDA:0,(anonymous_3)
FNDA:0,(anonymous_4)
FNDA:0,(anonymous_5)
DA:9,3
DA:10,2
DA:11,2
DA:12,2
DA:13,2
DA:15,2
DA:17,2
DA:18,0
DA:19,0
DA:20,0
DA:21,0
DA:22,0
DA:23,0
DA:24,0
DA:25,0
DA:26,0
DA:28,0
DA:32,2
DA:35,0
DA:47,0
DA:61,0
DA:69,6
LF:22
LH:9
BRDA:20,0,0,0
BRDA:20,0,1,0
BRDA:21,1,0,0
BRDA:21,1,1,0
BRDA:25,2,0,0
BRDA:25,2,1,0
BRDA:28,3,0,0
BRDA:28,3,1,0
BRDA:33,4,0,0
BRDA:33,4,1,2
BRDA:54,5,0,0
BRDA:54,5,1,2
BRDA:55,6,0,0
BRDA:55,6,1,2
BRDA:57,7,0,2
BRDA:57,7,1,0
BRDA:58,8,0,0
BRDA:58,8,1,2
BRF:18
BRH:5
end_of_record
TN:
SF:app\onboarding\role-select.tsx
FN:8,RoleSelectScreen
FN:11,(anonymous_1)
FN:29,(anonymous_2)
FN:43,(anonymous_3)
FN:63,(anonymous_4)
FNF:5
FNH:1
FNDA:1,RoleSelectScreen
FNDA:0,(anonymous_1)
FNDA:0,(anonymous_2)
FNDA:0,(anonymous_3)
FNDA:0,(anonymous_4)
DA:9,1
DA:11,0
DA:29,0
DA:43,0
DA:63,0
DA:71,6
LF:6
LH:2
BRF:0
BRH:0
end_of_record
TN:
SF:app\onboarding\signup.tsx
FN:11,SignUpScreen
FN:25,(anonymous_1)
FN:28,(anonymous_2)
FN:39,(anonymous_3)
FN:52,(anonymous_4)
FN:89,(anonymous_5)
FN:105,(anonymous_6)
FN:109,(anonymous_7)
FN:123,(anonymous_8)
FN:160,(anonymous_9)
FN:208,(anonymous_10)
FN:218,(anonymous_11)
FNF:12
FNH:2
FNDA:4,SignUpScreen
FNDA:0,(anonymous_1)
FNDA:3,(anonymous_2)
FNDA:0,(anonymous_3)
FNDA:0,(anonymous_4)
FNDA:0,(anonymous_5)
FNDA:0,(anonymous_6)
FNDA:0,(anonymous_7)
FNDA:0,(anonymous_8)
FNDA:0,(anonymous_9)
FNDA:0,(anonymous_10)
FNDA:0,(anonymous_11)
DA:12,4
DA:13,4
DA:14,4
DA:15,3
DA:16,3
DA:17,3
DA:18,3
DA:19,3
DA:20,3
DA:21,3
DA:22,3
DA:23,3
DA:25,3
DA:26,3
DA:28,3
DA:29,3
DA:31,0
DA:33,0
DA:35,3
DA:39,3
DA:40,0
DA:41,0
DA:42,0
DA:44,0
DA:45,0
DA:46,0
DA:48,0
DA:49,0
DA:52,3
DA:53,0
DA:54,0
DA:55,0
DA:57,0
DA:58,0
DA:59,0
DA:62,0
DA:63,0
DA:65,0
DA:68,0
DA:70,0
DA:71,0
DA:72,0
DA:73,0
DA:74,0
DA:75,0
DA:76,0
DA:77,0
DA:78,0
DA:80,0
DA:83,0
DA:86,0
DA:89,3
DA:90,0
DA:91,0
DA:92,0
DA:94,0
DA:95,0
DA:96,0
DA:99,0
DA:101,0
DA:105,3
DA:106,0
DA:109,3
DA:110,0
DA:113,3
DA:124,0
DA:125,0
DA:127,0
DA:160,0
DA:208,0
DA:218,0
DA:277,8
LF:72
LH:24
BRDA:15,0,0,3
BRDA:15,0,1,3
BRDA:26,1,0,0
BRDA:26,1,1,3
BRDA:29,2,0,0
BRDA:29,2,1,0
BRDA:29,2,2,3
BRDA:40,3,0,0
BRDA:40,3,1,0
BRDA:44,4,0,0
BRDA:44,4,1,0
BRDA:53,5,0,0
BRDA:53,5,1,0
BRDA:53,6,0,0
BRDA:53,6,1,0
BRDA:57,7,0,0
BRDA:57,7,1,0
BRDA:65,8,0,0
BRDA:65,8,1,0
BRDA:65,9,0,0
BRDA:65,9,1,0
BRDA:70,10,0,0
BRDA:70,10,1,0
BRDA:70,11,0,0
BRDA:70,11,1,0
BRDA:72,12,0,0
BRDA:72,12,1,0
BRDA:72,13,0,0
BRDA:72,13,1,0
BRDA:73,14,0,0
BRDA:73,14,1,0
BRDA:75,15,0,0
BRDA:75,15,1,0
BRDA:77,16,0,0
BRDA:77,16,1,0
BRDA:83,17,0,0
BRDA:83,17,1,0
BRDA:95,18,0,0
BRDA:95,18,1,0
BRDA:116,19,0,1
BRDA:116,19,1,2
BRDA:124,20,0,0
BRDA:124,20,1,0
BRDA:143,21,0,0
BRDA:143,21,1,3
BRDA:151,22,0,0
BRDA:151,22,1,0
BRDA:156,23,0,0
BRDA:156,23,1,0
BRDA:159,24,0,0
BRDA:159,24,1,0
BRDA:164,25,0,3
BRDA:164,25,1,0
BRDA:204,26,0,0
BRDA:204,26,1,3
BRDA:251,27,0,0
BRDA:251,27,1,0
BRDA:254,28,0,0
BRDA:254,28,1,0
BRDA:259,29,0,0
BRDA:259,29,1,0
BRF:61
BRH:9
end_of_record
TN:
SF:app\tradie\_layout.tsx
FN:7,FindJobsFAB
FN:48,TradieLayout
FN:75,(anonymous_2)
FN:82,(anonymous_3)
FN:89,(anonymous_4)
FN:96,(anonymous_5)
FN:103,(anonymous_6)
FNF:7
FNH:1
FNDA:0,FindJobsFAB
FNDA:3,TradieLayout
FNDA:0,(anonymous_2)
FNDA:0,(anonymous_3)
FNDA:0,(anonymous_4)
FNDA:0,(anonymous_5)
FNDA:0,(anonymous_6)
DA:8,0
DA:18,4
DA:49,3
DA:75,0
DA:82,0
DA:89,0
DA:96,0
DA:103,0
LF:8
LH:2
BRF:0
BRH:0
end_of_record
TN:
SF:app\tradie\current-jobs.tsx
FN:57,(anonymous_0)
FN:90,TradieCurrentJobsScreen
FN:97,(anonymous_2)
FN:98,(anonymous_3)
FN:99,(anonymous_4)
FN:100,(anonymous_5)
FN:102,(anonymous_6)
FN:106,(anonymous_7)
FN:112,(anonymous_8)
FN:116,(anonymous_9)
FN:128,(anonymous_10)
FN:131,(anonymous_11)
FN:144,(anonymous_12)
FN:147,(anonymous_13)
FN:169,(anonymous_14)
FN:172,(anonymous_15)
FN:194,(anonymous_16)
FN:203,(anonymous_17)
FN:256,(anonymous_18)
FN:282,(anonymous_19)
FN:285,(anonymous_20)
FN:304,(anonymous_21)
FN:307,(anonymous_22)
FN:356,(anonymous_23)
FN:372,(anonymous_24)
FNF:25
FNH:2
FNDA:0,(anonymous_0)
FNDA:2,TradieCurrentJobsScreen
FNDA:0,(anonymous_2)
FNDA:0,(anonymous_3)
FNDA:0,(anonymous_4)
FNDA:0,(anonymous_5)
FNDA:1,(anonymous_6)
FNDA:0,(anonymous_7)
FNDA:0,(anonymous_8)
FNDA:0,(anonymous_9)
FNDA:0,(anonymous_10)
FNDA:0,(anonymous_11)
FNDA:0,(anonymous_12)
FNDA:0,(anonymous_13)
FNDA:0,(anonymous_14)
FNDA:0,(anonymous_15)
FNDA:0,(anonymous_16)
FNDA:0,(anonymous_17)
FNDA:0,(anonymous_18)
FNDA:0,(anonymous_19)
FNDA:0,(anonymous_20)
FNDA:0,(anonymous_21)
FNDA:0,(anonymous_22)
FNDA:0,(anonymous_23)
FNDA:0,(anonymous_24)
DA:10,5
DA:29,5
DA:57,5
DA:58,0
DA:60,0
DA:62,0
DA:63,0
DA:65,0
DA:67,0
DA:69,0
DA:71,0
DA:72,0
DA:74,0
DA:76,0
DA:78,0
DA:80,0
DA:82,0
DA:84,0
DA:86,0
DA:92,2
DA:93,1
DA:94,1
DA:95,1
DA:97,1
DA:98,1
DA:99,1
DA:100,1
DA:102,1
DA:103,1
DA:106,1
DA:107,0
DA:108,0
DA:109,0
DA:112,1
DA:113,0
DA:116,1
DA:117,0
DA:119,0
DA:121,0
DA:122,0
DA:124,0
DA:128,0
DA:132,0
DA:133,0
DA:138,0
DA:140,0
DA:144,0
DA:148,0
DA:149,0
DA:154,0
DA:156,0
DA:157,0
DA:159,0
DA:160,0
DA:162,0
DA:163,0
DA:165,0
DA:169,0
DA:173,0
DA:174,0
DA:175,0
DA:176,0
DA:178,0
DA:184,0
DA:186,0
DA:187,0
DA:190,0
DA:194,1
DA:195,0
DA:196,0
DA:197,0
DA:200,0
DA:203,0
DA:256,0
DA:282,1
DA:283,0
DA:285,0
DA:304,1
DA:305,0
DA:307,0
DA:333,1
DA:334,0
DA:341,1
DA:357,0
DA:358,0
DA:359,0
DA:360,0
DA:372,0
DA:397,5
LF:89
LH:22
BRDA:60,0,0,0
BRDA:60,0,1,0
BRDA:60,0,2,0
BRDA:60,0,3,0
BRDA:60,0,4,0
BRDA:60,0,5,0
BRDA:60,0,6,0
BRDA:60,0,7,0
BRDA:60,0,8,0
BRDA:60,0,9,0
BRDA:62,1,0,0
BRDA:62,1,1,0
BRDA:71,2,0,0
BRDA:71,2,1,0
BRDA:100,3,0,0
BRDA:100,3,1,0
BRDA:117,4,0,0
BRDA:117,4,1,0
BRDA:122,5,0,0
BRDA:122,5,1,0
BRDA:122,5,2,0
BRDA:122,5,3,0
BRDA:122,5,4,0
BRDA:122,5,5,0
BRDA:122,5,6,0
BRDA:175,6,0,0
BRDA:175,6,1,0
BRDA:196,7,0,0
BRDA:196,7,1,0
BRDA:202,8,0,0
BRDA:202,8,1,0
BRDA:211,9,0,0
BRDA:211,9,1,0
BRDA:212,10,0,0
BRDA:212,10,1,0
BRDA:228,11,0,0
BRDA:228,11,1,0
BRDA:242,12,0,0
BRDA:242,12,1,0
BRDA:249,13,0,0
BRDA:249,13,1,0
BRDA:254,14,0,0
BRDA:254,14,1,0
BRDA:257,15,0,0
BRDA:257,15,1,0
BRDA:260,16,0,0
BRDA:260,16,1,0
BRDA:266,17,0,0
BRDA:266,17,1,0
BRDA:292,18,0,0
BRDA:292,18,1,0
BRDA:296,19,0,0
BRDA:296,19,1,0
BRDA:298,20,0,0
BRDA:298,20,1,0
BRDA:318,21,0,0
BRDA:318,21,1,0
BRDA:322,22,0,0
BRDA:322,22,1,0
BRDA:324,23,0,0
BRDA:324,23,1,0
BRDA:325,24,0,0
BRDA:325,24,1,0
BRDA:333,25,0,0
BRDA:333,25,1,1
BRDA:333,26,0,1
BRDA:333,26,1,0
BRDA:345,27,0,1
BRDA:345,27,1,0
BRDA:357,28,0,0
BRDA:357,28,1,0
BRDA:358,29,0,0
BRDA:358,29,1,0
BRDA:359,30,0,0
BRDA:359,30,1,0
BRDA:362,31,0,0
BRDA:362,31,1,0
BRDA:383,32,0,0
BRDA:383,32,1,0
BRDA:390,33,0,0
BRDA:390,33,1,0
BRF:81
BRH:3
end_of_record
TN:
SF:app\tradie\dashboard.tsx
FN:24,TradieDashboardScreen
FN:28,(anonymous_1)
FN:29,(anonymous_2)
FN:30,(anonymous_3)
FN:32,(anonymous_4)
FN:38,(anonymous_5)
FN:68,(anonymous_6)
FN:72,(anonymous_7)
FN:86,(anonymous_8)
FN:104,(anonymous_9)
FN:112,(anonymous_10)
FN:133,(anonymous_11)
FN:137,(anonymous_12)
FNF:13
FNH:1
FNDA:3,TradieDashboardScreen
FNDA:0,(anonymous_1)
FNDA:0,(anonymous_2)
FNDA:0,(anonymous_3)
FNDA:0,(anonymous_4)
FNDA:0,(anonymous_5)
FNDA:0,(anonymous_6)
FNDA:0,(anonymous_7)
FNDA:0,(anonymous_8)
FNDA:0,(anonymous_9)
FNDA:0,(anonymous_10)
FNDA:0,(anonymous_11)
FNDA:0,(anonymous_12)
DA:8,6
DA:14,6
DA:25,3
DA:26,2
DA:28,2
DA:29,2
DA:30,2
DA:32,2
DA:33,0
DA:34,0
DA:35,0
DA:38,2
DA:39,0
DA:40,0
DA:41,0
DA:44,2
DA:69,0
DA:72,0
DA:86,0
DA:105,0
DA:106,0
DA:107,0
DA:108,0
DA:113,0
DA:133,0
DA:137,0
DA:148,6
LF:27
LH:11
BRDA:33,0,0,0
BRDA:33,0,1,0
BRDA:33,1,0,0
BRDA:33,1,1,0
BRDA:34,2,0,0
BRDA:34,2,1,0
BRDA:39,3,0,0
BRDA:39,3,1,0
BRDA:40,4,0,0
BRDA:40,4,1,0
BRDA:65,5,0,2
BRDA:65,5,1,0
BRDA:80,6,0,0
BRDA:80,6,1,0
BRDA:85,7,0,0
BRDA:85,7,1,0
BRDA:97,8,0,2
BRDA:97,8,1,0
BRDA:105,9,0,0
BRDA:105,9,1,0
BRDA:105,10,0,0
BRDA:105,10,1,0
BRDA:106,11,0,0
BRDA:106,11,1,0
BRF:24
BRH:2
end_of_record
TN:
SF:app\tradie\home.tsx
FN:8,TradieHomeScreen
FN:13,(anonymous_1)
FN:45,(anonymous_2)
FN:60,(anonymous_3)
FN:71,(anonymous_4)
FN:84,(anonymous_5)
FNF:6
FNH:1
FNDA:4,TradieHomeScreen
FNDA:0,(anonymous_1)
FNDA:0,(anonymous_2)
FNDA:0,(anonymous_3)
FNDA:0,(anonymous_4)
FNDA:0,(anonymous_5)
DA:9,4
DA:10,3
DA:12,3
DA:13,0
DA:16,3
DA:45,0
DA:60,0
DA:71,0
DA:84,0
DA:99,8
LF:10
LH:5
BRDA:13,0,0,0
BRDA:13,0,1,0
BRDA:19,1,0,3
BRDA:19,1,1,0
BRDA:33,2,0,0
BRDA:33,2,1,3
BRDA:37,3,0,3
BRDA:37,3,1,3
BRDA:52,4,0,0
BRDA:52,4,1,3
BRDA:53,5,0,0
BRDA:53,5,1,0
BRDA:83,6,0,3
BRDA:83,6,1,0
BRDA:83,6,2,3
BRF:15
BRH:7
end_of_record
TN:
SF:app\tradie\index.tsx
FN:17,JobDetailModal
FN:49,(anonymous_1)
FN:127,JobCard
FN:160,(anonymous_3)
FN:161,(anonymous_4)
FN:164,(anonymous_5)
FN:279,TradieSwipeScreen
FN:291,(anonymous_7)
FN:308,(anonymous_8)
FN:312,(anonymous_9)
FN:313,(anonymous_10)
FN:316,(anonymous_11)
FN:325,(anonymous_12)
FN:341,(anonymous_13)
FN:350,(anonymous_14)
FN:355,(anonymous_15)
FN:362,(anonymous_16)
FN:404,(anonymous_17)
FN:419,(anonymous_18)
FN:433,(anonymous_19)
FN:448,(anonymous_20)
FNF:21
FNH:4
FNDA:1,JobDetailModal
FNDA:0,(anonymous_1)
FNDA:0,JobCard
FNDA:0,(anonymous_3)
FNDA:0,(anonymous_4)
FNDA:0,(anonymous_5)
FNDA:5,TradieSwipeScreen
FNDA:1,(anonymous_7)
FNDA:1,(anonymous_8)
FNDA:0,(anonymous_9)
FNDA:0,(anonymous_10)
FNDA:0,(anonymous_11)
FNDA:0,(anonymous_12)
FNDA:0,(anonymous_13)
FNDA:0,(anonymous_14)
FNDA:0,(anonymous_15)
FNDA:0,(anonymous_16)
FNDA:0,(anonymous_17)
FNDA:0,(anonymous_18)
FNDA:0,(anonymous_19)
FNDA:0,(anonymous_20)
DA:14,8
DA:15,8
DA:32,1
DA:34,0
DA:50,0
DA:140,0
DA:141,0
DA:146,0
DA:152,0
DA:158,0
DA:160,0
DA:162,0
DA:165,0
DA:166,0
DA:167,0
DA:170,0
DA:171,0
DA:175,0
DA:176,0
DA:177,0
DA:182,0
DA:191,0
DA:193,0
DA:280,5
DA:281,5
DA:282,4
DA:283,4
DA:284,4
DA:285,4
DA:286,4
DA:287,4
DA:288,4
DA:289,4
DA:291,4
DA:292,1
DA:293,1
DA:299,1
DA:300,1
DA:302,0
DA:304,1
DA:308,4
DA:309,1
DA:312,4
DA:313,0
DA:316,4
DA:317,0
DA:318,0
DA:320,0
DA:321,0
DA:322,0
DA:325,4
DA:326,0
DA:328,0
DA:329,0
DA:331,0
DA:332,0
DA:334,0
DA:336,0
DA:341,0
DA:342,0
DA:343,0
DA:345,0
DA:346,0
DA:350,4
DA:351,0
DA:352,0
DA:355,4
DA:356,0
DA:357,0
DA:358,0
DA:362,4
DA:363,0
DA:364,0
DA:366,0
DA:370,4
DA:371,3
DA:378,1
DA:405,0
DA:419,0
DA:433,0
DA:448,0
DA:466,8
DA:613,8
LF:83
LH:32
BRDA:32,0,0,1
BRDA:32,0,1,0
BRDA:47,1,0,0
BRDA:47,1,1,0
BRDA:47,1,2,0
BRDA:62,2,0,0
BRDA:62,2,1,0
BRDA:92,3,0,0
BRDA:92,3,1,0
BRDA:97,4,0,0
BRDA:97,4,1,0
BRDA:165,5,0,0
BRDA:165,5,1,0
BRDA:165,6,0,0
BRDA:165,6,1,0
BRDA:170,7,0,0
BRDA:170,7,1,0
BRDA:176,8,0,0
BRDA:176,8,1,0
BRDA:191,9,0,0
BRDA:191,9,1,0
BRDA:195,10,0,0
BRDA:195,10,1,0
BRDA:198,11,0,0
BRDA:198,11,1,0
BRDA:205,12,0,0
BRDA:205,12,1,0
BRDA:208,13,0,0
BRDA:208,13,1,0
BRDA:223,14,0,0
BRDA:223,14,1,0
BRDA:234,15,0,0
BRDA:234,15,1,0
BRDA:234,15,2,0
BRDA:244,16,0,0
BRDA:244,16,1,0
BRDA:265,17,0,0
BRDA:265,17,1,0
BRDA:270,18,0,0
BRDA:270,18,1,0
BRDA:299,19,0,0
BRDA:299,19,1,1
BRDA:300,20,0,1
BRDA:300,20,1,0
BRDA:318,21,0,0
BRDA:318,21,1,0
BRDA:318,22,0,0
BRDA:318,22,1,0
BRDA:326,23,0,0
BRDA:326,23,1,0
BRDA:326,24,0,0
BRDA:326,24,1,0
BRDA:329,25,0,0
BRDA:329,25,1,0
BRDA:331,26,0,0
BRDA:331,26,1,0
BRDA:334,27,0,0
BRDA:334,27,1,0
BRDA:356,28,0,0
BRDA:356,28,1,0
BRDA:363,29,0,0
BRDA:363,29,1,0
BRDA:370,30,0,3
BRDA:370,30,1,1
BRDA:389,31,0,1
BRDA:389,31,1,0
BRF:66
BRH:6
end_of_record
TN:
SF:app\tradie\messages.tsx
FN:15,TradieMessagesScreen
FN:22,(anonymous_1)
FN:60,(anonymous_2)
FN:64,(anonymous_3)
FN:69,(anonymous_4)
FN:80,(anonymous_5)
FN:81,(anonymous_6)
FN:127,(anonymous_7)
FNF:8
FNH:1
FNDA:3,TradieMessagesScreen
FNDA:0,(anonymous_1)
FNDA:0,(anonymous_2)
FNDA:0,(anonymous_3)
FNDA:0,(anonymous_4)
FNDA:0,(anonymous_5)
FNDA:0,(anonymous_6)
FNDA:0,(anonymous_7)
DA:17,3
DA:18,2
DA:19,2
DA:20,2
DA:22,2
DA:23,0
DA:25,0
DA:26,0
DA:32,0
DA:34,0
DA:36,0
DA:37,0
DA:44,0
DA:51,0
DA:53,0
DA:55,0
DA:56,0
DA:60,2
DA:61,0
DA:64,2
DA:65,0
DA:66,0
DA:69,2
DA:70,0
DA:80,2
DA:81,0
DA:103,2
DA:104,2
DA:111,0
DA:127,0
DA:143,5
LF:31
LH:12
BRDA:23,0,0,0
BRDA:23,0,1,0
BRDA:32,1,0,0
BRDA:32,1,1,0
BRDA:36,2,0,0
BRDA:36,2,1,0
BRDA:46,3,0,0
BRDA:46,3,1,0
BRDA:89,4,0,0
BRDA:89,4,1,0
BRDA:96,5,0,0
BRDA:96,5,1,0
BRDA:103,6,0,2
BRDA:103,6,1,0
BRDA:115,7,0,0
BRDA:115,7,1,0
BRF:16
BRH:1
end_of_record
TN:
SF:app\tradie\payout.tsx
FN:8,PayoutScreen
FN:14,(anonymous_1)
FN:39,(anonymous_2)
FN:203,(anonymous_3)
FNF:4
FNH:1
FNDA:1,PayoutScreen
FNDA:0,(anonymous_1)
FNDA:0,(anonymous_2)
FNDA:0,(anonymous_3)
DA:9,1
DA:10,1
DA:11,1
DA:12,1
DA:14,1
DA:16,1
DA:17,1
DA:24,0
DA:25,0
DA:26,0
DA:27,0
DA:28,0
DA:30,0
DA:32,0
DA:33,0
DA:34,0
DA:36,0
DA:39,0
DA:203,0
DA:213,5
LF:20
LH:8
BRDA:16,0,0,1
BRDA:16,0,1,0
BRDA:24,1,0,0
BRDA:24,1,1,0
BRDA:25,2,0,0
BRDA:25,2,1,0
BRDA:32,3,0,0
BRDA:32,3,1,0
BRDA:33,4,0,0
BRDA:33,4,1,0
BRDA:34,5,0,0
BRDA:34,5,1,0
BRDA:67,6,0,0
BRDA:67,6,1,0
BRDA:130,7,0,0
BRDA:130,7,1,0
BRDA:139,8,0,0
BRDA:139,8,1,0
BRDA:148,9,0,0
BRDA:148,9,1,0
BRDA:148,10,0,0
BRDA:148,10,1,0
BRDA:159,11,0,0
BRDA:159,11,1,0
BRDA:162,12,0,0
BRDA:162,12,1,0
BRDA:172,13,0,0
BRDA:172,13,1,0
BRDA:172,14,0,0
BRDA:172,14,1,0
BRDA:176,15,0,0
BRDA:176,15,1,0
BRDA:183,16,0,0
BRDA:183,16,1,0
BRF:34
BRH:1
end_of_record
TN:
SF:app\tradie\pricing.tsx
FN:9,PricingHomeScreen
FN:13,(anonymous_1)
FN:17,(anonymous_2)
FN:21,(anonymous_3)
FN:25,(anonymous_4)
FNF:5
FNH:1
FNDA:3,PricingHomeScreen
FNDA:0,(anonymous_1)
FNDA:0,(anonymous_2)
FNDA:0,(anonymous_3)
FNDA:0,(anonymous_4)
DA:10,3
DA:11,3
DA:13,3
DA:14,0
DA:17,0
DA:21,3
DA:22,0
DA:25,0
DA:29,3
DA:86,5
LF:10
LH:6
BRF:0
BRH:0
end_of_record
TN:
SF:app\tradie\profile.tsx
FN:24,TradieProfileScreen
FN:48,(anonymous_1)
FN:62,(anonymous_2)
FN:78,(anonymous_3)
FN:98,(anonymous_4)
FN:117,(anonymous_5)
FN:118,(anonymous_6)
FN:119,(anonymous_7)
FN:123,(anonymous_8)
FN:143,(anonymous_9)
FN:163,(anonymous_10)
FN:169,(anonymous_11)
FN:170,(anonymous_12)
FN:178,(anonymous_13)
FN:196,(anonymous_14)
FN:202,(anonymous_15)
FN:300,(anonymous_16)
FN:316,(anonymous_17)
FN:320,(anonymous_18)
FN:321,(anonymous_19)
FN:334,(anonymous_20)
FN:344,(anonymous_21)
FN:350,(anonymous_22)
FN:378,(anonymous_23)
FN:382,(anonymous_24)
FN:388,(anonymous_25)
FN:428,(anonymous_26)
FN:451,(anonymous_27)
FN:504,(anonymous_28)
FNF:29
FNH:1
FNDA:3,TradieProfileScreen
FNDA:0,(anonymous_1)
FNDA:0,(anonymous_2)
FNDA:0,(anonymous_3)
FNDA:0,(anonymous_4)
FNDA:0,(anonymous_5)
FNDA:0,(anonymous_6)
FNDA:0,(anonymous_7)
FNDA:0,(anonymous_8)
FNDA:0,(anonymous_9)
FNDA:0,(anonymous_10)
FNDA:0,(anonymous_11)
FNDA:0,(anonymous_12)
FNDA:0,(anonymous_13)
FNDA:0,(anonymous_14)
FNDA:0,(anonymous_15)
FNDA:0,(anonymous_16)
FNDA:0,(anonymous_17)
FNDA:0,(anonymous_18)
FNDA:0,(anonymous_19)
FNDA:0,(anonymous_20)
FNDA:0,(anonymous_21)
FNDA:0,(anonymous_22)
FNDA:0,(anonymous_23)
FNDA:0,(anonymous_24)
FNDA:0,(anonymous_25)
FNDA:0,(anonymous_26)
FNDA:0,(anonymous_27)
FNDA:0,(anonymous_28)
DA:21,6
DA:22,5
DA:26,3
DA:28,2
DA:29,2
DA:30,2
DA:31,2
DA:34,2
DA:35,2
DA:38,2
DA:39,2
DA:40,2
DA:43,2
DA:44,2
DA:48,2
DA:49,0
DA:55,0
DA:56,0
DA:62,2
DA:63,0
DA:64,0
DA:65,0
DA:66,0
DA:70,0
DA:72,0
DA:74,0
DA:78,2
DA:79,0
DA:80,0
DA:81,0
DA:82,0
DA:86,0
DA:87,0
DA:89,0
DA:90,0
DA:92,0
DA:98,2
DA:99,0
DA:100,0
DA:101,0
DA:105,0
DA:106,0
DA:108,0
DA:109,0
DA:111,0
DA:117,2
DA:118,0
DA:119,0
DA:123,2
DA:124,0
DA:125,0
DA:126,0
DA:130,0
DA:131,0
DA:132,0
DA:134,0
DA:135,0
DA:137,0
DA:143,2
DA:144,0
DA:145,0
DA:146,0
DA:149,0
DA:156,0
DA:157,0
DA:158,0
DA:159,0
DA:163,2
DA:164,0
DA:170,0
DA:171,0
DA:172,0
DA:178,2
DA:179,0
DA:180,0
DA:181,0
DA:185,0
DA:187,0
DA:188,0
DA:190,0
DA:196,2
DA:197,0
DA:203,0
DA:204,0
DA:212,2
DA:301,0
DA:317,0
DA:321,0
DA:334,0
DA:345,0
DA:346,0
DA:350,0
DA:379,0
DA:382,0
DA:388,0
DA:428,0
DA:451,0
DA:504,0
DA:547,5
LF:99
LH:26
BRDA:29,0,0,2
BRDA:29,0,1,2
BRDA:30,1,0,2
BRDA:30,1,1,2
BRDA:34,2,0,2
BRDA:34,2,1,2
BRDA:38,3,0,2
BRDA:38,3,1,2
BRDA:43,4,0,2
BRDA:43,4,1,2
BRDA:55,5,0,0
BRDA:55,5,1,0
BRDA:55,6,0,0
BRDA:55,6,1,0
BRDA:79,7,0,0
BRDA:79,7,1,0
BRDA:103,8,0,0
BRDA:103,8,1,0
BRDA:119,9,0,0
BRDA:119,9,1,0
BRDA:128,10,0,0
BRDA:128,10,1,0
BRDA:144,11,0,0
BRDA:144,11,1,0
BRDA:156,12,0,0
BRDA:156,12,1,0
BRDA:156,13,0,0
BRDA:156,13,1,0
BRDA:183,14,0,0
BRDA:183,14,1,0
BRDA:222,15,0,0
BRDA:222,15,1,2
BRDA:253,16,0,2
BRDA:253,16,1,2
BRDA:259,17,0,2
BRDA:259,17,1,2
BRDA:285,18,0,2
BRDA:285,18,1,0
BRDA:289,19,0,0
BRDA:289,19,1,2
BRDA:296,20,0,2
BRDA:296,20,1,0
BRDA:296,20,2,0
BRDA:314,21,0,2
BRDA:314,21,1,0
BRDA:336,22,0,0
BRDA:336,22,1,2
BRDA:338,23,0,0
BRDA:338,23,1,2
BRDA:342,24,0,2
BRDA:342,24,1,0
BRDA:349,25,0,0
BRDA:349,25,1,0
BRDA:352,26,0,0
BRDA:352,26,1,0
BRDA:355,27,0,0
BRDA:355,27,1,0
BRDA:360,28,0,0
BRDA:360,28,1,0
BRDA:364,29,0,0
BRDA:364,29,1,0
BRDA:395,30,0,2
BRDA:395,30,1,2
BRDA:407,31,0,2
BRDA:407,31,1,2
BRDA:426,32,0,2
BRDA:426,32,1,2
BRDA:434,33,0,2
BRDA:434,33,1,0
BRDA:438,34,0,2
BRDA:438,34,1,2
BRDA:442,35,0,2
BRDA:442,35,1,2
BRDA:449,36,0,2
BRDA:449,36,1,0
BRDA:457,37,0,0
BRDA:457,37,1,2
BRDA:461,38,0,2
BRDA:461,38,1,0
BRDA:465,39,0,2
BRDA:465,39,1,0
BRDA:470,40,0,2
BRDA:470,40,1,0
BRDA:488,41,0,0
BRDA:488,41,1,0
BRDA:491,42,0,0
BRDA:491,42,1,0
BRF:87
BRH:38
end_of_record
TN:
SF:app\tradie\review-customer.tsx
FN:11,StarRatingInput
FN:14,(anonymous_1)
FN:15,(anonymous_2)
FN:27,ReviewCustomerScreen
FN:38,(anonymous_4)
FN:48,(anonymous_5)
FN:74,(anonymous_6)
FN:89,(anonymous_7)
FN:103,(anonymous_8)
FN:164,(anonymous_9)
FNF:10
FNH:1
FNDA:0,StarRatingInput
FNDA:0,(anonymous_1)
FNDA:0,(anonymous_2)
FNDA:1,ReviewCustomerScreen
FNDA:0,(anonymous_4)
FNDA:0,(anonymous_5)
FNDA:0,(anonymous_6)
FNDA:0,(anonymous_7)
FNDA:0,(anonymous_8)
FNDA:0,(anonymous_9)
DA:12,0
DA:15,0
DA:28,1
DA:29,1
DA:30,1
DA:31,1
DA:32,1
DA:34,1
DA:35,1
DA:36,1
DA:38,1
DA:40,1
DA:41,1
DA:48,0
DA:49,0
DA:50,0
DA:51,0
DA:54,0
DA:55,0
DA:56,0
DA:65,0
DA:66,0
DA:67,0
DA:68,0
DA:71,0
DA:74,0
DA:77,0
DA:78,0
DA:79,0
DA:80,0
DA:82,0
DA:85,0
DA:89,0
DA:90,0
DA:91,0
DA:92,0
DA:93,0
DA:94,0
DA:95,0
DA:96,0
DA:100,0
DA:103,0
DA:164,0
DA:172,5
LF:44
LH:12
BRDA:17,0,0,0
BRDA:17,0,1,0
BRDA:40,1,0,1
BRDA:40,1,1,0
BRDA:49,2,0,0
BRDA:49,2,1,0
BRDA:61,3,0,0
BRDA:61,3,1,0
BRDA:65,4,0,0
BRDA:65,4,1,0
BRDA:79,5,0,0
BRDA:79,5,1,0
BRDA:90,6,0,0
BRDA:90,6,1,0
BRDA:90,6,2,0
BRDA:90,6,3,0
BRDA:90,6,4,0
BRDA:90,6,5,0
BRDA:154,7,0,0
BRDA:154,7,1,0
BRDA:156,8,0,0
BRDA:156,8,1,0
BRDA:160,9,0,0
BRDA:160,9,1,0
BRF:24
BRH:1
end_of_record
TN:
SF:assets\fonts\SpaceMono-Regular.ttf
FNF:0
FNH:0
DA:1,1
LF:1
LH:1
BRF:0
BRH:0
end_of_record
TN:
SF:assets\images\hero-handyman.png
FNF:0
FNH:0
DA:1,3
LF:1
LH:1
BRF:0
BRH:0
end_of_record
TN:
SF:assets\images\weejobs-logo.png
FNF:0
FNH:0
DA:1,3
LF:1
LH:1
BRF:0
BRH:0
end_of_record
TN:
SF:components\Collapsible.tsx
FN:10,Collapsible
FN:18,(anonymous_1)
FN:18,(anonymous_2)
FNF:3
FNH:3
FNDA:2,Collapsible
FNDA:1,(anonymous_1)
FNDA:1,(anonymous_2)
DA:11,2
DA:12,2
DA:14,2
DA:18,1
DA:35,3
LF:5
LH:5
BRDA:12,0,0,2
BRDA:12,0,1,0
BRDA:24,1,0,2
BRDA:24,1,1,0
BRDA:25,2,0,1
BRDA:25,2,1,1
BRDA:30,3,0,2
BRDA:30,3,1,1
BRF:8
BRH:6
end_of_record
TN:
SF:components\ExternalLink.tsx
FN:8,ExternalLink
FN:14,(anonymous_1)
FNF:2
FNH:2
FNDA:4,ExternalLink
FNDA:3,(anonymous_1)
DA:9,4
DA:15,3
DA:17,2
DA:19,2
LF:4
LH:4
BRDA:15,0,0,2
BRDA:15,0,1,1
BRF:2
BRH:2
end_of_record
TN:
SF:components\HapticTab.tsx
FN:5,HapticTab
FN:9,(anonymous_1)
FNF:2
FNH:0
FNDA:0,HapticTab
FNDA:0,(anonymous_1)
DA:6,0
DA:10,0
DA:12,0
DA:14,0
LF:4
LH:0
BRDA:10,0,0,0
BRDA:10,0,1,0
BRF:2
BRH:0
end_of_record
TN:
SF:components\HelloWave.tsx
FN:13,HelloWave
FN:16,(anonymous_1)
FN:23,(anonymous_2)
FNF:3
FNH:0
FNDA:0,HelloWave
FNDA:0,(anonymous_1)
FNDA:0,(anonymous_2)
DA:14,0
DA:16,0
DA:17,0
DA:23,0
DA:27,0
DA:34,1
LF:6
LH:1
BRF:0
BRH:0
end_of_record
TN:
SF:components\JobStatusTimeline.tsx
FN:42,JobStatusTimeline
FN:45,(anonymous_1)
FN:58,(anonymous_2)
FNF:3
FNH:3
FNDA:1,JobStatusTimeline
FNDA:6,(anonymous_1)
FNDA:6,(anonymous_2)
DA:15,7
DA:24,7
DA:43,1
DA:45,1
DA:46,6
DA:47,6
DA:48,6
DA:51,1
DA:53,5
DA:56,1
DA:59,6
DA:60,6
DA:62,6
DA:101,7
LF:14
LH:14
BRDA:47,0,0,0
BRDA:47,0,1,6
BRDA:48,1,0,1
BRDA:48,1,1,5
BRDA:48,2,0,6
BRDA:48,2,1,5
BRDA:48,2,2,1
BRDA:48,2,3,5
BRDA:48,2,4,1
BRDA:48,2,5,1
BRDA:67,3,0,6
BRDA:67,3,1,0
BRDA:68,4,0,6
BRDA:68,4,1,1
BRDA:70,5,0,0
BRDA:70,5,1,6
BRDA:76,6,0,1
BRDA:76,6,1,5
BRDA:82,7,0,6
BRDA:82,7,1,1
BRDA:83,8,0,6
BRDA:83,8,1,0
BRDA:88,9,0,6
BRDA:88,9,1,5
BRDA:91,10,0,5
BRDA:91,10,1,0
BRF:26
BRH:21
end_of_record
TN:
SF:components\LeadUnlockModal.tsx
FN:32,LeadUnlockModal
FN:47,(anonymous_1)
FN:139,(anonymous_2)
FN:163,(anonymous_3)
FN:167,(anonymous_4)
FN:193,(anonymous_5)
FN:223,(anonymous_6)
FNF:7
FNH:1
FNDA:3,LeadUnlockModal
FNDA:0,(anonymous_1)
FNDA:0,(anonymous_2)
FNDA:0,(anonymous_3)
FNDA:0,(anonymous_4)
FNDA:0,(anonymous_5)
FNDA:0,(anonymous_6)
DA:12,10
DA:41,3
DA:43,3
DA:44,3
DA:45,3
DA:47,3
DA:48,0
DA:49,0
DA:50,0
DA:51,0
DA:56,0
DA:57,0
DA:58,0
DA:59,0
DA:61,0
DA:62,0
DA:64,0
DA:68,3
DA:70,2
DA:71,1
DA:91,1
DA:140,0
DA:164,0
DA:167,0
DA:193,0
DA:223,0
DA:243,10
LF:27
LH:11
BRDA:37,0,0,1
BRDA:38,1,0,1
BRDA:48,2,0,0
BRDA:48,2,1,0
BRDA:48,3,0,0
BRDA:48,3,1,0
BRDA:48,3,2,0
BRDA:56,4,0,0
BRDA:56,4,1,0
BRDA:68,5,0,1
BRDA:68,5,1,2
BRDA:70,6,0,1
BRDA:70,6,1,1
BRDA:100,7,0,1
BRDA:100,7,1,1
BRDA:124,8,0,1
BRDA:124,8,1,1
BRDA:131,9,0,1
BRDA:131,9,1,1
BRDA:137,10,0,1
BRDA:137,10,1,1
BRDA:137,10,2,0
BRDA:142,11,0,0
BRDA:142,11,1,0
BRDA:142,11,2,0
BRDA:160,12,0,0
BRDA:160,12,1,1
BRDA:166,13,0,0
BRDA:166,13,1,0
BRDA:170,14,0,0
BRDA:170,14,1,0
BRDA:171,15,0,0
BRDA:171,15,1,0
BRDA:173,16,0,0
BRDA:173,16,1,0
BRDA:180,17,0,0
BRDA:180,17,1,0
BRDA:182,18,0,0
BRDA:182,18,1,0
BRDA:185,19,0,0
BRDA:185,19,1,0
BRDA:220,20,0,1
BRDA:220,20,1,0
BRF:43
BRH:16
end_of_record
TN:
SF:components\ParallaxScrollView.tsx
FN:21,ParallaxScrollView
FN:30,(anonymous_1)
FNF:2
FNH:0
FNDA:0,ParallaxScrollView
FNDA:0,(anonymous_1)
DA:14,1
DA:26,0
DA:27,0
DA:28,0
DA:29,0
DA:30,0
DA:31,0
DA:47,0
DA:68,1
LF:9
LH:2
BRDA:26,0,0,0
BRDA:26,0,1,0
BRF:2
BRH:0
end_of_record
TN:
SF:components\PasswordStrength.tsx
FN:6,scorePassword
FN:16,PasswordStrength
FN:17,(anonymous_2)
FNF:3
FNH:3
FNDA:20,scorePassword
FNDA:3,PasswordStrength
FNDA:3,(anonymous_2)
DA:7,20
DA:8,20
DA:9,15
DA:10,15
DA:11,15
DA:12,15
DA:13,15
DA:17,3
DA:18,3
DA:19,3
DA:20,3
DA:22,3
DA:33,13
LF:13
LH:13
BRDA:8,0,0,5
BRDA:8,0,1,15
BRDA:9,1,0,12
BRDA:9,1,1,3
BRDA:10,2,0,8
BRDA:10,2,1,7
BRDA:10,3,0,15
BRDA:10,3,1,8
BRDA:11,4,0,10
BRDA:11,4,1,5
BRDA:12,5,0,5
BRDA:12,5,1,10
BRDA:19,6,0,1
BRDA:19,6,1,2
BRDA:19,7,0,1
BRDA:19,7,1,1
BRDA:19,8,0,0
BRDA:19,8,1,1
BRDA:20,9,0,1
BRDA:20,9,1,2
BRDA:20,10,0,1
BRDA:20,10,1,1
BRDA:20,11,0,0
BRDA:20,11,1,1
BRDA:28,12,0,2
BRDA:28,12,1,1
BRF:26
BRH:24
end_of_record
TN:
SF:components\PricingCard.tsx
FN:19,PricingCard
FN:30,(anonymous_1)
FN:79,(anonymous_2)
FNF:3
FNH:3
FNDA:1,PricingCard
FNDA:1,(anonymous_1)
FNDA:2,(anonymous_2)
DA:30,1
DA:31,1
DA:32,0
DA:43,1
DA:46,1
DA:80,2
DA:104,6
LF:7
LH:6
BRDA:26,0,0,1
BRDA:28,1,0,1
BRDA:31,2,0,0
BRDA:31,2,1,1
BRDA:47,3,0,1
BRDA:47,3,1,0
BRDA:48,4,0,1
BRDA:48,4,1,0
BRDA:56,5,0,1
BRDA:56,5,1,1
BRDA:62,6,0,1
BRDA:62,6,1,0
BRDA:68,7,0,1
BRDA:68,7,1,0
BRDA:71,8,0,1
BRDA:71,8,1,1
BRDA:81,9,0,2
BRDA:81,9,1,0
BRDA:82,10,0,0
BRDA:82,10,1,2
BRDA:90,11,0,1
BRDA:90,11,1,0
BRDA:94,12,0,1
BRDA:94,12,1,0
BRF:24
BRH:15
end_of_record
TN:
SF:components\StripeCheckoutStub.tsx
FN:15,StripeCheckoutStub
FN:25,(anonymous_1)
FN:27,(anonymous_2)
FNF:3
FNH:3
FNDA:3,StripeCheckoutStub
FNDA:1,(anonymous_1)
FNDA:1,(anonymous_2)
DA:22,3
DA:23,3
DA:25,3
DA:26,1
DA:27,1
DA:28,1
DA:29,1
DA:32,3
DA:93,8
LF:9
LH:9
BRDA:65,0,0,3
BRDA:65,0,1,0
BRDA:69,1,0,0
BRDA:69,1,1,3
BRF:4
BRH:2
end_of_record
TN:
SF:components\ThemedText.tsx
FN:11,ThemedText
FNF:1
FNH:1
FNDA:3,ThemedText
DA:18,3
DA:20,3
DA:36,8
LF:3
LH:3
BRDA:15,0,0,1
BRDA:24,1,0,1
BRDA:24,1,1,2
BRDA:25,2,0,0
BRDA:25,2,1,3
BRDA:26,3,0,2
BRDA:26,3,1,1
BRDA:27,4,0,0
BRDA:27,4,1,3
BRDA:28,5,0,0
BRDA:28,5,1,3
BRF:11
BRH:8
end_of_record
TN:
SF:components\ThemedView.tsx
FN:10,ThemedView
FNF:1
FNH:1
FNDA:4,ThemedView
DA:11,4
DA:13,4
LF:2
LH:2
BRF:0
BRH:0
end_of_record
TN:
SF:components\TopBar.tsx
FN:10,TopBar
FN:14,(anonymous_1)
FN:28,(anonymous_2)
FNF:3
FNH:1
FNDA:1,TopBar
FNDA:0,(anonymous_1)
FNDA:0,(anonymous_2)
DA:8,8
DA:11,1
DA:12,1
DA:14,1
DA:15,0
DA:16,0
DA:18,0
DA:22,1
DA:28,0
DA:66,8
LF:10
LH:6
BRDA:15,0,0,0
BRDA:15,0,1,0
BRF:2
BRH:0
end_of_record
TN:
SF:components\VerifiedProBadge.tsx
FN:10,VerifiedProBadge
FNF:1
FNH:1
FNDA:3,VerifiedProBadge
DA:11,3
DA:12,3
DA:13,3
DA:15,3
DA:27,21
LF:5
LH:5
BRDA:10,0,0,0
BRDA:10,1,0,1
BRDA:20,2,0,3
BRDA:20,2,1,2
BRF:4
BRH:3
end_of_record
TN:
SF:components\icons\Icon.tsx
FN:12,Icon
FNF:1
FNH:1
FNDA:1,Icon
DA:14,1
LF:1
LH:1
BRDA:12,0,0,1
BRDA:12,1,0,1
BRDA:14,2,0,1
BRDA:14,2,1,0
BRF:4
BRH:3
end_of_record
TN:
SF:components\icons\SpriteIcon.tsx
FN:14,SpriteIcon
FNF:1
FNH:1
FNDA:1,SpriteIcon
DA:15,1
LF:1
LH:1
BRDA:14,0,0,1
BRDA:15,1,0,1
BRDA:15,1,1,1
BRF:3
BRH:3
end_of_record
TN:
SF:components\ui\IconSymbol.ios.tsx
FN:4,IconSymbol
FNF:1
FNH:1
FNDA:3,IconSymbol
DA:17,3
LF:1
LH:1
BRDA:6,0,0,1
BRDA:9,1,0,1
BRF:2
BRH:2
end_of_record
TN:
SF:components\ui\TabBarBackground.ios.tsx
FN:5,BlurTabBarBackground
FN:17,useBottomTabOverflow
FNF:2
FNH:0
FNDA:0,BlurTabBarBackground
FNDA:0,useBottomTabOverflow
DA:6,0
DA:18,0
LF:2
LH:0
BRF:0
BRH:0
end_of_record
TN:
SF:components\ui\TabBarBackground.tsx
FN:4,useBottomTabOverflow
FNF:1
FNH:1
FNDA:1,useBottomTabOverflow
DA:5,1
LF:1
LH:1
BRF:0
BRH:0
end_of_record
TN:
SF:constants\Colors.ts
FNF:0
FNH:0
DA:6,10
DA:7,10
DA:9,10
LF:3
LH:3
BRF:0
BRH:0
end_of_record
TN:
SF:constants\data.ts
FNF:0
FNH:0
DA:1,79
DA:15,79
DA:31,79
DA:39,79
DA:46,79
DA:62,79
LF:6
LH:6
BRF:0
BRH:0
end_of_record
TN:
SF:constants\design-tokens.ts
FNF:0
FNH:0
DA:2,2
DA:14,2
DA:23,2
LF:3
LH:3
BRF:0
BRH:0
end_of_record
TN:
SF:constants\theme.ts
FN:34,setThemeMode
FN:36,(anonymous_1)
FNF:2
FNH:2
FNDA:10,setThemeMode
FNDA:120,(anonymous_1)
DA:1,102
DA:16,102
DA:32,102
DA:35,10
DA:36,10
DA:38,120
DA:43,102
DA:56,102
DA:65,102
LF:9
LH:9
BRDA:35,0,0,5
BRDA:35,0,1,5
BRF:2
BRH:2
end_of_record
TN:
SF:context\AuthContext.tsx
FN:29,(anonymous_0)
FN:32,(anonymous_1)
FN:57,AuthProvider
FN:64,(anonymous_3)
FN:71,(anonymous_4)
FN:75,(anonymous_5)
FN:99,(anonymous_6)
FN:178,(anonymous_7)
FN:216,(anonymous_8)
FN:242,(anonymous_9)
FN:358,(anonymous_10)
FN:363,(anonymous_11)
FN:368,(anonymous_12)
FN:387,(anonymous_13)
FN:404,(anonymous_14)
FN:420,(anonymous_15)
FN:450,useAuth
FNF:17
FNH:13
FNDA:24,(anonymous_0)
FNDA:10,(anonymous_1)
FNDA:29,AuthProvider
FNDA:160,(anonymous_3)
FNDA:13,(anonymous_4)
FNDA:13,(anonymous_5)
FNDA:11,(anonymous_6)
FNDA:3,(anonymous_7)
FNDA:5,(anonymous_8)
FNDA:5,(anonymous_9)
FNDA:0,(anonymous_10)
FNDA:0,(anonymous_11)
FNDA:0,(anonymous_12)
FNDA:2,(anonymous_13)
FNDA:4,(anonymous_14)
FNDA:0,(anonymous_15)
FNDA:108,useAuth
DA:27,72
DA:29,72
DA:30,24
DA:32,72
DA:33,10
DA:34,10
DA:58,29
DA:59,29
DA:60,29
DA:63,29
DA:64,29
DA:65,160
DA:67,0
DA:71,29
DA:72,13
DA:75,29
DA:76,13
DA:77,13
DA:78,0
DA:79,0
DA:82,13
DA:87,13
DA:88,0
DA:89,0
DA:91,13
DA:93,0
DA:95,13
DA:99,29
DA:100,11
DA:106,11
DA:107,11
DA:111,11
DA:113,0
DA:115,11
DA:116,11
DA:118,11
DA:119,11
DA:120,11
DA:121,11
DA:122,11
DA:123,11
DA:126,11
DA:127,11
DA:131,11
DA:132,11
DA:133,11
DA:135,0
DA:137,11
DA:138,11
DA:139,11
DA:140,11
DA:142,0
DA:146,11
DA:148,6
DA:149,0
DA:151,6
DA:152,6
DA:154,6
DA:155,6
DA:157,6
DA:158,6
DA:160,6
DA:161,4
DA:162,1
DA:163,1
DA:166,3
DA:167,2
DA:168,2
DA:171,1
DA:172,0
DA:173,0
DA:177,1
DA:178,3
DA:181,1
DA:182,0
DA:183,0
DA:184,0
DA:185,0
DA:186,0
DA:189,1
DA:192,2
DA:193,0
DA:194,0
DA:195,0
DA:198,2
DA:204,2
DA:205,0
DA:206,0
DA:209,2
DA:210,2
DA:211,2
DA:212,2
DA:213,2
DA:215,5
DA:216,5
DA:218,5
DA:219,5
DA:220,5
DA:221,5
DA:222,5
DA:225,0
DA:226,0
DA:227,0
DA:228,0
DA:231,0
DA:232,0
DA:233,0
DA:234,0
DA:237,0
DA:238,0
DA:242,29
DA:248,5
DA:250,5
DA:254,5
DA:255,5
DA:258,5
DA:260,0
DA:262,5
DA:263,5
DA:265,5
DA:266,5
DA:267,5
DA:268,5
DA:269,5
DA:270,5
DA:271,5
DA:272,5
DA:274,0
DA:276,5
DA:277,5
DA:278,5
DA:279,5
DA:281,0
DA:286,5
DA:287,5
DA:288,5
DA:289,5
DA:291,5
DA:292,0
DA:294,5
DA:295,5
DA:297,5
DA:298,5
DA:300,5
DA:301,2
DA:303,2
DA:304,2
DA:305,2
DA:308,0
DA:309,0
DA:310,0
DA:313,0
DA:314,0
DA:318,3
DA:319,3
DA:320,3
DA:324,0
DA:333,0
DA:334,0
DA:335,0
DA:336,0
DA:339,0
DA:348,0
DA:349,0
DA:350,0
DA:351,0
DA:353,0
DA:354,0
DA:358,29
DA:359,0
DA:360,0
DA:363,29
DA:364,0
DA:365,0
DA:368,29
DA:369,0
DA:370,0
DA:371,0
DA:377,0
DA:378,0
DA:379,0
DA:380,0
DA:383,0
DA:387,29
DA:388,2
DA:390,2
DA:391,2
DA:392,2
DA:393,2
DA:394,2
DA:398,0
DA:400,0
DA:404,29
DA:405,4
DA:408,4
DA:409,4
DA:410,2
DA:413,2
DA:419,2
DA:420,0
DA:421,0
DA:424,2
DA:426,0
DA:430,29
DA:451,108
DA:452,89
DA:456,60
DA:457,58
DA:459,2
DA:461,29
LF:210
LH:140
BRDA:30,0,0,6
BRDA:30,0,1,18
BRDA:33,1,0,10
BRDA:33,1,1,5
BRDA:35,2,0,10
BRDA:35,2,1,0
BRDA:36,3,0,10
BRDA:36,3,1,0
BRDA:37,4,0,10
BRDA:37,4,1,1
BRDA:52,5,0,10
BRDA:52,5,1,9
BRDA:53,6,0,10
BRDA:53,6,1,9
BRDA:63,7,0,29
BRDA:63,7,1,29
BRDA:63,7,2,29
BRDA:65,8,0,0
BRDA:65,8,1,160
BRDA:77,9,0,0
BRDA:77,9,1,13
BRDA:87,10,0,0
BRDA:87,10,1,13
BRDA:111,11,0,11
BRDA:111,11,1,0
BRDA:111,12,0,11
BRDA:111,12,1,11
BRDA:111,13,0,0
BRDA:111,13,1,0
BRDA:115,14,0,11
BRDA:115,14,1,0
BRDA:115,15,0,11
BRDA:115,15,1,11
BRDA:118,16,0,11
BRDA:118,16,1,0
BRDA:118,17,0,11
BRDA:118,17,1,11
BRDA:120,18,0,11
BRDA:120,18,1,0
BRDA:131,19,0,11
BRDA:131,19,1,0
BRDA:133,20,0,11
BRDA:133,20,1,0
BRDA:148,21,0,0
BRDA:148,21,1,6
BRDA:148,22,0,6
BRDA:148,22,1,0
BRDA:151,23,0,6
BRDA:151,23,1,0
BRDA:151,24,0,6
BRDA:151,24,1,6
BRDA:157,25,0,6
BRDA:157,25,1,2
BRDA:160,26,0,4
BRDA:160,26,1,2
BRDA:160,27,0,6
BRDA:160,27,1,2
BRDA:161,28,0,1
BRDA:161,28,1,3
BRDA:161,29,0,4
BRDA:161,29,1,3
BRDA:161,29,2,3
BRDA:166,30,0,2
BRDA:166,30,1,1
BRDA:166,31,0,3
BRDA:166,31,1,1
BRDA:166,31,2,1
BRDA:171,32,0,0
BRDA:171,32,1,1
BRDA:171,33,0,1
BRDA:171,33,1,1
BRDA:171,33,2,1
BRDA:178,34,0,3
BRDA:178,34,1,0
BRDA:181,35,0,0
BRDA:181,35,1,1
BRDA:189,36,0,1
BRDA:189,36,1,0
BRDA:192,37,0,0
BRDA:192,37,1,2
BRDA:204,38,0,0
BRDA:204,38,1,2
BRDA:204,39,0,2
BRDA:204,39,1,2
BRDA:216,40,0,5
BRDA:216,40,1,5
BRDA:218,41,0,5
BRDA:218,41,1,0
BRDA:226,42,0,0
BRDA:226,42,1,0
BRDA:228,43,0,0
BRDA:228,43,1,0
BRDA:231,44,0,0
BRDA:231,44,1,0
BRDA:231,44,2,0
BRDA:232,45,0,0
BRDA:232,45,1,0
BRDA:232,46,0,0
BRDA:232,46,1,0
BRDA:233,47,0,0
BRDA:233,47,1,0
BRDA:237,48,0,0
BRDA:237,48,1,0
BRDA:238,49,0,0
BRDA:238,49,1,0
BRDA:238,49,2,0
BRDA:258,50,0,5
BRDA:258,50,1,0
BRDA:258,51,0,5
BRDA:258,51,1,5
BRDA:258,52,0,0
BRDA:258,52,1,0
BRDA:262,53,0,5
BRDA:262,53,1,0
BRDA:262,54,0,5
BRDA:262,54,1,5
BRDA:265,55,0,5
BRDA:265,55,1,0
BRDA:265,56,0,5
BRDA:265,56,1,5
BRDA:267,57,0,5
BRDA:267,57,1,0
BRDA:270,58,0,5
BRDA:270,58,1,0
BRDA:272,59,0,5
BRDA:272,59,1,0
BRDA:289,60,0,5
BRDA:289,60,1,0
BRDA:289,61,0,5
BRDA:289,61,1,5
BRDA:291,62,0,0
BRDA:291,62,1,5
BRDA:291,63,0,5
BRDA:291,63,1,0
BRDA:294,64,0,5
BRDA:294,64,1,0
BRDA:294,65,0,5
BRDA:294,65,1,5
BRDA:300,66,0,2
BRDA:300,66,1,3
BRDA:300,67,0,5
BRDA:300,67,1,3
BRDA:300,67,2,3
BRDA:301,68,0,2
BRDA:301,68,1,0
BRDA:303,69,0,2
BRDA:303,69,1,0
BRDA:303,70,0,2
BRDA:303,70,1,0
BRDA:308,71,0,0
BRDA:308,71,1,0
BRDA:318,72,0,3
BRDA:318,72,1,0
BRDA:333,73,0,0
BRDA:333,73,1,0
BRDA:369,74,0,0
BRDA:369,74,1,0
BRDA:377,75,0,0
BRDA:377,75,1,0
BRDA:377,76,0,0
BRDA:377,76,1,0
BRDA:390,77,0,2
BRDA:390,77,1,0
BRDA:391,78,0,2
BRDA:391,78,1,0
BRDA:393,79,0,0
BRDA:393,79,1,2
BRDA:393,80,0,0
BRDA:393,80,1,0
BRDA:400,81,0,0
BRDA:400,81,1,0
BRDA:408,82,0,4
BRDA:408,82,1,4
BRDA:408,82,2,2
BRDA:409,83,0,2
BRDA:409,83,1,2
BRDA:419,84,0,0
BRDA:419,84,1,2
BRDA:421,85,0,0
BRDA:421,85,1,0
BRDA:426,86,0,0
BRDA:426,86,1,0
BRDA:452,87,0,60
BRDA:452,87,1,29
BRDA:456,88,0,58
BRDA:456,88,1,2
BRDA:456,89,0,60
BRDA:456,89,1,60
BRDA:456,89,2,60
BRF:189
BRH:110
end_of_record
TN:
SF:context\JobsContext.tsx
FN:62,(anonymous_0)
FN:62,(anonymous_1)
FN:64,mockStripePayFinal
FN:74,JobsProvider
FN:78,(anonymous_4)
FN:94,(anonymous_5)
FN:95,(anonymous_6)
FN:106,(anonymous_7)
FN:213,(anonymous_8)
FN:215,loadFromCacheFirst
FN:261,(anonymous_10)
FN:264,(anonymous_11)
FN:286,(anonymous_12)
FN:334,(anonymous_13)
FN:352,(anonymous_14)
FN:380,(anonymous_15)
FN:408,(anonymous_16)
FN:423,(anonymous_17)
FN:444,(anonymous_18)
FN:462,(anonymous_19)
FN:484,(anonymous_20)
FN:499,(anonymous_21)
FN:514,(anonymous_22)
FN:537,(anonymous_23)
FN:557,(anonymous_24)
FN:577,(anonymous_25)
FN:618,(anonymous_26)
FN:624,(anonymous_27)
FN:649,(anonymous_28)
FN:758,(anonymous_29)
FN:803,useJobs
FNF:31
FNH:11
FNDA:0,(anonymous_0)
FNDA:0,(anonymous_1)
FNDA:0,mockStripePayFinal
FNDA:11,JobsProvider
FNDA:21,(anonymous_4)
FNDA:0,(anonymous_5)
FNDA:0,(anonymous_6)
FNDA:0,(anonymous_7)
FNDA:7,(anonymous_8)
FNDA:7,loadFromCacheFirst
FNDA:7,(anonymous_10)
FNDA:0,(anonymous_11)
FNDA:1,(anonymous_12)
FNDA:0,(anonymous_13)
FNDA:1,(anonymous_14)
FNDA:0,(anonymous_15)
FNDA:0,(anonymous_16)
FNDA:0,(anonymous_17)
FNDA:0,(anonymous_18)
FNDA:0,(anonymous_19)
FNDA:0,(anonymous_20)
FNDA:0,(anonymous_21)
FNDA:0,(anonymous_22)
FNDA:0,(anonymous_23)
FNDA:0,(anonymous_24)
FNDA:0,(anonymous_25)
FNDA:1,(anonymous_26)
FNDA:0,(anonymous_27)
FNDA:16,(anonymous_28)
FNDA:23,(anonymous_29)
FNDA:18,useJobs
DA:60,36
DA:62,36
DA:65,0
DA:67,0
DA:69,0
DA:71,0
DA:75,11
DA:77,11
DA:78,11
DA:79,21
DA:81,0
DA:84,11
DA:87,11
DA:88,11
DA:89,11
DA:90,11
DA:91,11
DA:92,11
DA:94,11
DA:95,0
DA:100,11
DA:103,11
DA:106,11
DA:107,0
DA:109,0
DA:110,0
DA:111,0
DA:112,0
DA:113,0
DA:118,0
DA:119,0
DA:121,0
DA:122,0
DA:123,0
DA:124,0
DA:126,0
DA:128,0
DA:129,0
DA:132,0
DA:134,0
DA:136,0
DA:137,0
DA:138,0
DA:139,0
DA:140,0
DA:141,0
DA:142,0
DA:151,0
DA:152,0
DA:153,0
DA:154,0
DA:156,0
DA:158,0
DA:159,0
DA:160,0
DA:161,0
DA:163,0
DA:168,0
DA:169,0
DA:170,0
DA:171,0
DA:172,0
DA:173,0
DA:174,0
DA:175,0
DA:176,0
DA:177,0
DA:178,0
DA:186,0
DA:187,0
DA:188,0
DA:189,0
DA:190,0
DA:191,0
DA:192,0
DA:199,0
DA:200,0
DA:201,0
DA:202,0
DA:205,0
DA:208,0
DA:213,11
DA:214,7
DA:216,7
DA:217,5
DA:218,5
DA:220,5
DA:221,5
DA:222,3
DA:223,3
DA:224,3
DA:225,3
DA:228,3
DA:235,2
DA:236,2
DA:237,2
DA:238,2
DA:240,0
DA:242,2
DA:243,2
DA:244,0
DA:245,0
DA:252,2
DA:253,2
DA:254,2
DA:255,2
DA:256,0
DA:260,7
DA:261,7
DA:264,11
DA:265,0
DA:266,0
DA:275,0
DA:276,0
DA:277,0
DA:278,0
DA:279,0
DA:281,0
DA:282,0
DA:286,11
DA:291,1
DA:292,1
DA:293,1
DA:295,1
DA:306,1
DA:307,1
DA:309,1
DA:311,1
DA:317,1
DA:319,1
DA:320,1
DA:326,1
DA:327,1
DA:329,0
DA:330,0
DA:334,11
DA:335,0
DA:336,0
DA:342,0
DA:344,0
DA:345,0
DA:347,0
DA:348,0
DA:352,11
DA:353,1
DA:354,1
DA:360,1
DA:366,1
DA:371,1
DA:372,1
DA:374,0
DA:375,0
DA:379,11
DA:386,0
DA:390,0
DA:391,0
DA:394,0
DA:395,0
DA:398,0
DA:408,11
DA:409,0
DA:410,0
DA:415,0
DA:416,0
DA:418,0
DA:419,0
DA:423,11
DA:424,0
DA:425,0
DA:436,0
DA:437,0
DA:439,0
DA:440,0
DA:444,11
DA:445,0
DA:446,0
DA:454,0
DA:455,0
DA:457,0
DA:458,0
DA:462,11
DA:463,0
DA:464,0
DA:476,0
DA:477,0
DA:479,0
DA:480,0
DA:484,11
DA:485,0
DA:486,0
DA:491,0
DA:492,0
DA:494,0
DA:495,0
DA:499,11
DA:500,0
DA:501,0
DA:506,0
DA:507,0
DA:509,0
DA:510,0
DA:514,11
DA:515,0
DA:516,0
DA:529,0
DA:530,0
DA:532,0
DA:533,0
DA:537,11
DA:538,0
DA:540,0
DA:541,0
DA:551,0
DA:554,0
DA:557,11
DA:558,0
DA:560,0
DA:561,0
DA:571,0
DA:574,0
DA:577,11
DA:581,0
DA:582,0
DA:584,0
DA:589,0
DA:595,0
DA:596,0
DA:604,0
DA:610,0
DA:611,0
DA:613,0
DA:614,0
DA:618,11
DA:623,1
DA:624,1
DA:628,1
DA:629,1
DA:631,1
DA:641,1
DA:642,1
DA:644,0
DA:645,0
DA:649,11
DA:654,16
DA:656,16
DA:657,9
DA:660,0
DA:662,5
DA:668,0
DA:673,0
DA:679,0
DA:684,0
DA:689,0
DA:691,0
DA:693,2
DA:695,0
DA:697,0
DA:699,2
DA:702,7
DA:704,3
DA:705,2
DA:711,1
DA:717,0
DA:722,0
DA:727,2
DA:728,2
DA:733,0
DA:738,0
DA:740,0
DA:742,0
DA:744,0
DA:746,0
DA:748,2
DA:753,0
DA:758,11
DA:759,23
DA:761,18
DA:762,18
DA:764,16
DA:765,16
DA:767,16
DA:769,16
DA:772,11
DA:804,18
DA:805,18
DA:809,7
DA:810,7
DA:812,0
DA:814,11
LF:289
LH:111
BRDA:67,0,0,0
BRDA:67,0,1,0
BRDA:67,1,0,0
BRDA:67,1,1,0
BRDA:67,1,2,0
BRDA:77,2,0,11
BRDA:77,2,1,11
BRDA:77,2,2,11
BRDA:79,3,0,0
BRDA:79,3,1,21
BRDA:100,4,0,11
BRDA:100,4,1,11
BRDA:100,4,2,11
BRDA:107,5,0,0
BRDA:107,5,1,0
BRDA:118,6,0,0
BRDA:118,6,1,0
BRDA:119,7,0,0
BRDA:119,7,1,0
BRDA:124,8,0,0
BRDA:124,8,1,0
BRDA:124,9,0,0
BRDA:124,9,1,0
BRDA:128,10,0,0
BRDA:128,10,1,0
BRDA:128,11,0,0
BRDA:128,11,1,0
BRDA:129,12,0,0
BRDA:129,12,1,0
BRDA:136,13,0,0
BRDA:136,13,1,0
BRDA:137,14,0,0
BRDA:137,14,1,0
BRDA:139,15,0,0
BRDA:139,15,1,0
BRDA:154,16,0,0
BRDA:154,16,1,0
BRDA:154,17,0,0
BRDA:154,17,1,0
BRDA:160,18,0,0
BRDA:160,18,1,0
BRDA:160,19,0,0
BRDA:160,19,1,0
BRDA:161,20,0,0
BRDA:161,20,1,0
BRDA:161,20,2,0
BRDA:168,21,0,0
BRDA:168,21,1,0
BRDA:168,22,0,0
BRDA:168,22,1,0
BRDA:168,22,2,0
BRDA:170,23,0,0
BRDA:170,23,1,0
BRDA:174,24,0,0
BRDA:174,24,1,0
BRDA:176,25,0,0
BRDA:176,25,1,0
BRDA:176,26,0,0
BRDA:176,26,1,0
BRDA:178,27,0,0
BRDA:178,27,1,0
BRDA:188,28,0,0
BRDA:188,28,1,0
BRDA:188,29,0,0
BRDA:188,29,1,0
BRDA:188,29,2,0
BRDA:188,29,3,0
BRDA:190,30,0,0
BRDA:190,30,1,0
BRDA:190,31,0,0
BRDA:190,31,1,0
BRDA:192,32,0,0
BRDA:192,32,1,0
BRDA:199,33,0,0
BRDA:199,33,1,0
BRDA:216,34,0,2
BRDA:216,34,1,5
BRDA:220,35,0,5
BRDA:220,35,1,5
BRDA:221,36,0,3
BRDA:221,36,1,2
BRDA:221,37,0,5
BRDA:221,37,1,3
BRDA:223,38,0,0
BRDA:223,38,1,3
BRDA:238,39,0,2
BRDA:238,39,1,0
BRDA:238,40,0,2
BRDA:238,40,1,2
BRDA:242,41,0,2
BRDA:242,41,1,0
BRDA:242,42,0,2
BRDA:242,42,1,2
BRDA:243,43,0,0
BRDA:243,43,1,2
BRDA:243,44,0,2
BRDA:243,44,1,0
BRDA:253,45,0,2
BRDA:253,45,1,0
BRDA:254,46,0,2
BRDA:254,46,1,2
BRDA:254,46,2,2
BRDA:255,47,0,0
BRDA:255,47,1,2
BRDA:275,48,0,0
BRDA:275,48,1,0
BRDA:276,49,0,0
BRDA:276,49,1,0
BRDA:277,50,0,0
BRDA:277,50,1,0
BRDA:278,51,0,0
BRDA:278,51,1,0
BRDA:279,52,0,0
BRDA:279,52,1,0
BRDA:291,53,0,0
BRDA:291,53,1,1
BRDA:306,54,0,1
BRDA:306,54,1,0
BRDA:307,55,0,0
BRDA:307,55,1,1
BRDA:317,56,0,1
BRDA:317,56,1,1
BRDA:319,57,0,1
BRDA:319,57,1,0
BRDA:319,58,0,1
BRDA:319,58,1,1
BRDA:326,59,0,0
BRDA:326,59,1,1
BRDA:342,60,0,0
BRDA:342,60,1,0
BRDA:344,61,0,0
BRDA:344,61,1,0
BRDA:371,62,0,0
BRDA:371,62,1,1
BRDA:390,63,0,0
BRDA:390,63,1,0
BRDA:391,64,0,0
BRDA:391,64,1,0
BRDA:394,65,0,0
BRDA:394,65,1,0
BRDA:394,66,0,0
BRDA:394,66,1,0
BRDA:394,66,2,0
BRDA:402,67,0,0
BRDA:402,67,1,0
BRDA:415,68,0,0
BRDA:415,68,1,0
BRDA:436,69,0,0
BRDA:436,69,1,0
BRDA:454,70,0,0
BRDA:454,70,1,0
BRDA:476,71,0,0
BRDA:476,71,1,0
BRDA:491,72,0,0
BRDA:491,72,1,0
BRDA:506,73,0,0
BRDA:506,73,1,0
BRDA:529,74,0,0
BRDA:529,74,1,0
BRDA:540,75,0,0
BRDA:540,75,1,0
BRDA:551,76,0,0
BRDA:551,76,1,0
BRDA:560,77,0,0
BRDA:560,77,1,0
BRDA:571,78,0,0
BRDA:571,78,1,0
BRDA:582,79,0,0
BRDA:582,79,1,0
BRDA:595,80,0,0
BRDA:595,80,1,0
BRDA:595,81,0,0
BRDA:595,81,1,0
BRDA:610,82,0,0
BRDA:610,82,1,0
BRDA:628,83,0,0
BRDA:628,83,1,1
BRDA:629,84,0,1
BRDA:629,84,1,0
BRDA:641,85,0,0
BRDA:641,85,1,1
BRDA:656,86,0,9
BRDA:656,86,1,7
BRDA:657,87,0,0
BRDA:657,87,1,0
BRDA:657,87,2,5
BRDA:657,87,3,0
BRDA:657,87,4,0
BRDA:657,87,5,0
BRDA:657,87,6,0
BRDA:657,87,7,0
BRDA:657,87,8,0
BRDA:657,87,9,2
BRDA:657,87,10,0
BRDA:657,87,11,0
BRDA:657,87,12,2
BRDA:663,88,0,4
BRDA:663,88,1,1
BRDA:702,89,0,3
BRDA:702,89,1,0
BRDA:702,89,2,0
BRDA:702,89,3,2
BRDA:702,89,4,0
BRDA:702,89,5,0
BRDA:702,89,6,0
BRDA:702,89,7,0
BRDA:702,89,8,0
BRDA:702,89,9,2
BRDA:702,89,10,0
BRDA:704,90,0,2
BRDA:704,90,1,1
BRDA:727,91,0,2
BRDA:727,91,1,0
BRDA:759,92,0,5
BRDA:759,92,1,18
BRDA:762,93,0,2
BRDA:762,93,1,16
BRDA:805,94,0,7
BRDA:805,94,1,11
BRDA:809,95,0,7
BRDA:809,95,1,0
BRDA:809,96,0,7
BRDA:809,96,1,7
BRDA:809,96,2,7
BRF:224
BRH:65
end_of_record
TN:
SF:context\ThemeContext.tsx
FN:13,ThemeProvider
FN:17,(anonymous_1)
FN:18,(anonymous_2)
FN:33,(anonymous_3)
FN:47,useTheme
FNF:5
FNH:5
FNDA:5,ThemeProvider
FNDA:2,(anonymous_1)
FNDA:2,(anonymous_2)
FNDA:1,(anonymous_3)
FNDA:3,useTheme
DA:11,8
DA:14,5
DA:15,5
DA:17,5
DA:18,2
DA:19,2
DA:20,2
DA:21,2
DA:22,2
DA:23,2
DA:26,0
DA:28,2
DA:33,5
DA:34,1
DA:35,1
DA:36,1
DA:37,1
DA:40,5
DA:48,3
DA:49,3
DA:50,3
LF:21
LH:20
BRDA:21,0,0,1
BRDA:21,0,1,1
BRDA:34,1,0,1
BRDA:34,1,1,0
BRDA:42,2,0,3
BRDA:42,2,1,2
BRDA:49,3,0,0
BRDA:49,3,1,3
BRF:8
BRH:6
end_of_record
TN:
SF:hooks\useColorScheme.ts
FNF:0
FNH:0
LF:0
LH:0
BRF:0
BRH:0
end_of_record
TN:
SF:hooks\useColorScheme.web.ts
FN:7,useColorScheme
FN:10,(anonymous_1)
FNF:2
FNH:2
FNDA:4,useColorScheme
FNDA:2,(anonymous_1)
DA:8,4
DA:10,4
DA:11,2
DA:14,4
DA:16,4
DA:17,2
DA:20,2
LF:7
LH:7
BRDA:16,0,0,2
BRDA:16,0,1,2
BRF:2
BRH:2
end_of_record
TN:
SF:hooks\useThemeColor.ts
FN:9,useThemeColor
FNF:1
FNH:1
FNDA:9,useThemeColor
DA:13,9
DA:14,9
DA:16,9
DA:17,2
DA:19,7
LF:5
LH:5
BRDA:13,0,0,9
BRDA:13,0,1,0
BRDA:16,1,0,2
BRDA:16,1,1,7
BRF:4
BRH:3
end_of_record
TN:
SF:lib\analytics.ts
FN:6,track
FN:16,(anonymous_1)
FNF:2
FNH:1
FNDA:19,track
FNDA:0,(anonymous_1)
DA:7,19
DA:8,19
DA:9,19
DA:10,19
DA:12,4
DA:20,15
LF:6
LH:6
BRDA:7,0,0,19
BRDA:7,0,1,19
BRDA:7,0,2,15
BRDA:8,1,0,19
BRDA:8,1,1,0
BRDA:10,2,0,4
BRDA:10,2,1,15
BRF:7
BRH:6
end_of_record
TN:
SF:lib\error.ts
FN:7,parseServerError
FNF:1
FNH:1
FNDA:27,parseServerError
DA:8,27
DA:11,18
DA:12,6
DA:13,6
DA:14,6
DA:15,6
DA:16,6
DA:18,0
DA:19,0
DA:23,12
DA:24,8
DA:25,8
DA:26,8
DA:27,4
DA:29,4
DA:33,4
LF:16
LH:14
BRDA:8,0,0,9
BRDA:8,0,1,18
BRDA:11,1,0,6
BRDA:11,1,1,12
BRDA:11,2,0,18
BRDA:11,2,1,14
BRDA:13,3,0,6
BRDA:13,3,1,0
BRDA:14,4,0,6
BRDA:14,4,1,6
BRDA:14,5,0,4
BRDA:14,5,1,2
BRDA:15,6,0,6
BRDA:15,6,1,0
BRDA:15,7,0,6
BRDA:15,7,1,0
BRDA:18,8,0,0
BRDA:18,8,1,0
BRDA:18,8,2,0
BRDA:23,9,0,8
BRDA:23,9,1,4
BRDA:23,10,0,12
BRDA:23,10,1,12
BRDA:23,10,2,8
BRDA:24,11,0,8
BRDA:24,11,1,0
BRDA:24,11,2,0
BRDA:26,12,0,4
BRDA:26,12,1,4
BRDA:26,13,0,8
BRDA:26,13,1,6
BRDA:26,13,2,4
BRF:32
BRH:24
end_of_record
TN:
SF:lib\sentry.ts
FN:20,(anonymous_0)
FN:21,(anonymous_1)
FN:22,(anonymous_2)
FN:23,(anonymous_3)
FN:29,(anonymous_4)
FN:30,(anonymous_5)
FN:31,(anonymous_6)
FN:32,(anonymous_7)
FNF:8
FNH:0
FNDA:0,(anonymous_0)
FNDA:0,(anonymous_1)
FNDA:0,(anonymous_2)
FNDA:0,(anonymous_3)
FNDA:0,(anonymous_4)
FNDA:0,(anonymous_5)
FNDA:0,(anonymous_6)
FNDA:0,(anonymous_7)
DA:2,20
DA:3,20
DA:4,20
DA:6,20
DA:9,1
DA:10,1
DA:16,1
DA:19,19
DA:28,0
LF:9
LH:8
BRDA:3,0,0,20
BRDA:3,0,1,0
BRDA:3,1,0,0
BRDA:3,1,1,0
BRDA:4,2,0,20
BRDA:4,2,1,20
BRDA:4,2,2,20
BRDA:4,2,3,19
BRDA:4,2,4,19
BRDA:6,3,0,1
BRDA:6,3,1,19
BRDA:12,4,0,1
BRDA:12,4,1,1
BRDA:12,4,2,1
BRDA:12,4,3,0
BRF:15
BRH:11
end_of_record
TN:
SF:lib\supabase.ts
FN:25,(anonymous_0)
FN:26,(anonymous_1)
FN:30,(anonymous_2)
FN:31,(anonymous_3)
FN:32,(anonymous_4)
FN:33,(anonymous_5)
FN:34,(anonymous_6)
FN:35,(anonymous_7)
FN:36,(anonymous_8)
FN:37,(anonymous_9)
FN:38,(anonymous_10)
FN:39,(anonymous_11)
FN:45,(anonymous_12)
FN:47,(anonymous_13)
FN:48,(anonymous_14)
FN:49,(anonymous_15)
FN:50,(anonymous_16)
FN:52,(anonymous_17)
FN:61,(anonymous_18)
FN:68,(anonymous_19)
FN:88,(anonymous_20)
FN:94,(anonymous_21)
FN:157,(anonymous_22)
FN:160,(anonymous_23)
FN:175,(anonymous_24)
FN:182,(anonymous_25)
FN:187,(anonymous_26)
FN:191,(anonymous_27)
FN:195,(anonymous_28)
FN:199,(anonymous_29)
FN:205,(anonymous_30)
FNF:31
FNH:17
FNDA:77,(anonymous_0)
FNDA:1,(anonymous_1)
FNDA:1,(anonymous_2)
FNDA:1,(anonymous_3)
FNDA:0,(anonymous_4)
FNDA:0,(anonymous_5)
FNDA:0,(anonymous_6)
FNDA:0,(anonymous_7)
FNDA:0,(anonymous_8)
FNDA:0,(anonymous_9)
FNDA:1,(anonymous_10)
FNDA:0,(anonymous_11)
FNDA:1,(anonymous_12)
FNDA:0,(anonymous_13)
FNDA:0,(anonymous_14)
FNDA:0,(anonymous_15)
FNDA:0,(anonymous_16)
FNDA:0,(anonymous_17)
FNDA:26,(anonymous_18)
FNDA:67,(anonymous_19)
FNDA:94,(anonymous_20)
FNDA:43,(anonymous_21)
FNDA:4,(anonymous_22)
FNDA:5,(anonymous_23)
FNDA:3,(anonymous_24)
FNDA:17,(anonymous_25)
FNDA:3,(anonymous_26)
FNDA:2,(anonymous_27)
FNDA:0,(anonymous_28)
FNDA:0,(anonymous_29)
FNDA:1,(anonymous_30)
DA:4,77
DA:5,77
DA:7,77
DA:9,77
DA:10,77
DA:11,77
DA:12,77
DA:18,77
DA:19,0
DA:25,77
DA:26,77
DA:27,1
DA:29,1
DA:30,1
DA:31,1
DA:32,0
DA:33,0
DA:34,0
DA:35,0
DA:36,0
DA:37,0
DA:38,1
DA:39,0
DA:41,1
DA:44,77
DA:45,1
DA:47,0
DA:48,0
DA:49,0
DA:50,0
DA:52,0
DA:60,77
DA:61,77
DA:62,26
DA:64,26
DA:65,26
DA:68,25
DA:69,67
DA:70,67
DA:71,67
DA:72,67
DA:73,173
DA:74,173
DA:75,173
DA:76,19
DA:77,154
DA:78,42
DA:80,112
DA:83,67
DA:88,25
DA:89,94
DA:90,94
DA:91,94
DA:92,242
DA:93,242
DA:94,191
DA:95,43
DA:96,43
DA:97,41
DA:98,19
DA:100,2
DA:102,191
DA:104,51
DA:105,50
DA:106,50
DA:108,1
DA:110,94
DA:113,25
DA:114,25
DA:121,1
DA:125,1
DA:126,1
DA:127,1
DA:128,1
DA:129,1
DA:130,1
DA:131,1
DA:137,1
DA:138,0
DA:146,0
DA:151,1
DA:157,77
DA:158,4
DA:159,4
DA:161,5
DA:162,5
DA:164,4
DA:165,4
DA:167,1
DA:168,0
DA:175,77
DA:181,77
DA:183,17
DA:184,17
DA:188,3
DA:189,3
DA:192,2
DA:193,2
DA:196,0
DA:197,0
DA:200,0
DA:201,0
DA:206,1
DA:207,1
LF:104
LH:84
BRDA:9,0,0,77
BRDA:9,0,1,0
BRDA:10,1,0,77
BRDA:10,1,1,0
BRDA:10,2,0,77
BRDA:10,2,1,77
BRDA:11,3,0,77
BRDA:11,3,1,77
BRDA:12,4,0,77
BRDA:12,4,1,77
BRDA:18,5,0,0
BRDA:18,5,1,77
BRDA:18,6,0,77
BRDA:18,6,1,0
BRDA:18,6,2,0
BRDA:26,7,0,0
BRDA:27,8,0,0
BRDA:27,8,1,1
BRDA:64,9,0,26
BRDA:64,9,1,0
BRDA:65,10,0,25
BRDA:65,10,1,1
BRDA:65,11,0,26
BRDA:65,11,1,26
BRDA:69,12,0,0
BRDA:69,12,1,67
BRDA:69,13,0,67
BRDA:69,13,1,67
BRDA:70,14,0,0
BRDA:70,14,1,67
BRDA:71,15,0,67
BRDA:71,15,1,0
BRDA:71,16,0,67
BRDA:71,16,1,0
BRDA:74,17,0,173
BRDA:74,17,1,173
BRDA:75,18,0,19
BRDA:75,18,1,154
BRDA:77,19,0,42
BRDA:77,19,1,112
BRDA:77,20,0,154
BRDA:77,20,1,154
BRDA:77,20,2,42
BRDA:77,20,3,42
BRDA:77,20,4,42
BRDA:89,21,0,0
BRDA:89,21,1,94
BRDA:89,22,0,94
BRDA:89,22,1,94
BRDA:90,23,0,0
BRDA:90,23,1,94
BRDA:93,24,0,191
BRDA:93,24,1,51
BRDA:96,25,0,41
BRDA:96,25,1,2
BRDA:96,26,0,43
BRDA:96,26,1,42
BRDA:97,27,0,22
BRDA:97,27,1,19
BRDA:104,28,0,50
BRDA:104,28,1,1
BRDA:104,29,0,51
BRDA:104,29,1,51
BRDA:121,30,0,0
BRDA:121,30,1,1
BRDA:128,31,0,1
BRDA:128,31,1,0
BRDA:129,32,0,1
BRDA:129,32,1,0
BRDA:129,33,0,1
BRDA:129,33,1,1
BRDA:130,34,0,1
BRDA:130,34,1,1
BRDA:131,35,0,1
BRDA:131,35,1,1
BRDA:137,36,0,0
BRDA:137,36,1,1
BRDA:137,37,0,1
BRDA:137,37,1,0
BRDA:158,38,0,0
BRDA:158,38,1,4
BRDA:158,39,0,4
BRDA:158,39,1,4
BRDA:162,40,0,4
BRDA:162,40,1,1
BRDA:164,41,0,0
BRDA:164,41,1,4
BRDA:167,42,0,1
BRDA:167,42,1,0
BRDA:167,43,0,1
BRDA:167,43,1,1
BRF:91
BRH:69
end_of_record
TN:
SF:scripts\optimize-assets.js
FN:4,collectFiles
FN:16,checkAssets
FN:33,(anonymous_2)
FN:42,(anonymous_3)
FNF:4
FNH:2
FNDA:2,collectFiles
FNDA:1,checkAssets
FNDA:0,(anonymous_2)
FNDA:0,(anonymous_3)
DA:1,1
DA:2,1
DA:5,2
DA:6,2
DA:7,2
DA:8,2
DA:9,12
DA:10,12
DA:11,11
DA:13,2
DA:17,1
DA:18,1
DA:19,1
DA:20,1
DA:21,1
DA:22,11
DA:23,11
DA:24,11
DA:29,1
DA:32,1
DA:33,0
DA:34,0
DA:35,0
DA:36,0
DA:37,0
DA:38,0
DA:39,0
DA:40,0
DA:41,0
DA:42,0
DA:43,0
DA:44,0
DA:46,0
DA:47,0
DA:52,1
LF:35
LH:21
BRDA:4,0,0,1
BRDA:6,1,0,0
BRDA:6,1,1,2
BRDA:10,2,0,1
BRDA:10,2,1,11
BRDA:11,3,0,11
BRDA:11,3,1,0
BRDA:16,4,0,0
BRDA:17,5,0,1
BRDA:17,5,1,1
BRDA:18,6,0,1
BRDA:18,6,1,0
BRDA:24,7,0,0
BRDA:24,7,1,11
BRDA:32,8,0,0
BRDA:32,8,1,1
BRDA:36,9,0,0
BRDA:36,9,1,0
BRDA:40,10,0,0
BRDA:40,10,1,0
BRF:20
BRH:10
end_of_record
TN:
SF:scripts\stripe-webhook.js
FN:39,(anonymous_0)
FN:71,(anonymous_1)
FN:101,processStripeEvent
FN:185,(anonymous_3)
FN:218,(anonymous_4)
FN:220,(anonymous_5)
FNF:6
FNH:3
FNDA:1,(anonymous_0)
FNDA:1,(anonymous_1)
FNDA:6,processStripeEvent
FNDA:0,(anonymous_3)
FNDA:0,(anonymous_4)
FNDA:0,(anonymous_5)
DA:9,1
DA:10,1
DA:12,1
DA:15,1
DA:16,1
DA:18,0
DA:21,1
DA:22,1
DA:23,1
DA:24,1
DA:25,1
DA:26,1
DA:28,1
DA:29,1
DA:31,1
DA:32,1
DA:35,1
DA:36,1
DA:37,1
DA:39,1
DA:40,1
DA:41,1
DA:42,1
DA:43,1
DA:44,0
DA:47,1
DA:51,1
DA:52,0
DA:53,0
DA:54,0
DA:55,1
DA:56,1
DA:57,1
DA:58,1
DA:59,1
DA:60,1
DA:64,1
DA:65,1
DA:66,0
DA:68,1
DA:71,1
DA:72,1
DA:73,0
DA:76,1
DA:77,1
DA:79,1
DA:80,0
DA:81,0
DA:82,0
DA:85,1
DA:86,0
DA:89,1
DA:94,1
DA:95,1
DA:96,0
DA:98,1
DA:102,6
DA:103,0
DA:106,6
DA:108,1
DA:109,1
DA:110,0
DA:111,0
DA:113,1
DA:117,1
DA:118,1
DA:119,0
DA:120,0
DA:123,1
DA:124,1
DA:130,1
DA:131,1
DA:132,0
DA:134,1
DA:138,1
DA:139,1
DA:143,1
DA:144,1
DA:145,0
DA:146,0
DA:149,1
DA:150,1
DA:155,1
DA:156,1
DA:157,1
DA:161,1
DA:162,1
DA:163,0
DA:164,0
DA:167,1
DA:168,1
DA:173,1
DA:174,1
DA:175,1
DA:179,1
DA:180,1
DA:184,1
DA:185,0
DA:186,0
DA:187,0
DA:189,0
DA:191,0
DA:192,0
DA:194,0
DA:195,0
DA:197,0
DA:198,0
DA:199,0
DA:200,0
DA:202,0
DA:203,0
DA:208,0
DA:209,0
DA:210,0
DA:211,0
DA:213,0
DA:214,0
DA:218,0
DA:220,0
DA:223,1
LF:120
LH:76
BRDA:21,0,0,1
BRDA:21,0,1,0
BRDA:21,1,0,1
BRDA:21,1,1,1
BRDA:22,2,0,1
BRDA:22,2,1,1
BRDA:23,3,0,1
BRDA:23,3,1,1
BRDA:24,4,0,1
BRDA:24,4,1,1
BRDA:26,5,0,1
BRDA:26,5,1,1
BRDA:28,6,0,1
BRDA:28,6,1,0
BRDA:31,7,0,1
BRDA:31,7,1,0
BRDA:31,8,0,1
BRDA:31,8,1,0
BRDA:35,9,0,0
BRDA:35,9,1,1
BRDA:35,10,0,1
BRDA:35,10,1,1
BRDA:36,11,0,0
BRDA:36,11,1,1
BRDA:36,12,0,1
BRDA:36,12,1,0
BRDA:37,13,0,0
BRDA:37,13,1,1
BRDA:39,14,0,0
BRDA:40,15,0,1
BRDA:40,15,1,0
BRDA:42,16,0,1
BRDA:42,16,1,0
BRDA:43,17,0,0
BRDA:43,17,1,1
BRDA:43,18,0,1
BRDA:43,18,1,1
BRDA:51,19,0,0
BRDA:51,19,1,1
BRDA:55,20,0,1
BRDA:55,20,1,0
BRDA:59,21,0,1
BRDA:59,21,1,0
BRDA:65,22,0,0
BRDA:65,22,1,1
BRDA:71,23,0,0
BRDA:72,24,0,0
BRDA:72,24,1,1
BRDA:77,25,0,1
BRDA:77,25,1,1
BRDA:79,26,0,0
BRDA:79,26,1,1
BRDA:79,27,0,1
BRDA:79,27,1,0
BRDA:79,27,2,0
BRDA:82,28,0,0
BRDA:82,28,1,0
BRDA:85,29,0,0
BRDA:85,29,1,1
BRDA:95,30,0,0
BRDA:95,30,1,1
BRDA:102,31,0,0
BRDA:102,31,1,6
BRDA:102,32,0,6
BRDA:102,32,1,6
BRDA:106,33,0,1
BRDA:106,33,1,1
BRDA:106,33,2,1
BRDA:106,33,3,1
BRDA:106,33,4,1
BRDA:106,33,5,1
BRDA:109,34,0,0
BRDA:109,34,1,1
BRDA:109,35,0,1
BRDA:109,35,1,1
BRDA:113,36,0,1
BRDA:113,36,1,0
BRDA:118,37,0,0
BRDA:118,37,1,1
BRDA:118,38,0,1
BRDA:118,38,1,1
BRDA:118,38,2,1
BRDA:127,39,0,1
BRDA:127,39,1,0
BRDA:131,40,0,0
BRDA:131,40,1,1
BRDA:139,41,0,1
BRDA:139,41,1,0
BRDA:144,42,0,0
BRDA:144,42,1,1
BRDA:144,43,0,1
BRDA:144,43,1,1
BRDA:144,43,2,1
BRDA:156,44,0,0
BRDA:156,44,1,1
BRDA:162,45,0,0
BRDA:162,45,1,1
BRDA:162,46,0,1
BRDA:162,46,1,1
BRDA:162,46,2,1
BRDA:170,47,0,1
BRDA:170,47,1,0
BRDA:170,48,0,0
BRDA:170,48,1,0
BRDA:174,49,0,0
BRDA:174,49,1,1
BRDA:184,50,0,0
BRDA:184,50,1,1
BRDA:184,51,0,1
BRDA:184,51,1,0
BRDA:189,52,0,0
BRDA:189,52,1,0
BRDA:189,53,0,0
BRDA:189,53,1,0
BRDA:189,53,2,0
BRDA:210,54,0,0
BRDA:210,54,1,0
BRF:117
BRH:69
end_of_record
TN:
SF:utils\safeStyle.ts
FN:2,safeStyleCreate
FNF:1
FNH:1
FNDA:29,safeStyleCreate
DA:3,29
DA:5,29
DA:6,29
DA:7,29
DA:8,21
DA:13,8
LF:6
LH:6
BRDA:6,0,0,29
BRDA:6,0,1,29
BRDA:7,1,0,21
BRDA:7,1,1,8
BRDA:7,2,0,29
BRDA:7,2,1,21
BRF:6
BRH:6
end_of_record
